2022-01-19 13:49:01   Arguments: Namespace(attention_lr=0.001, augment_input='None', backbone='vgg16', cache_refresh_rate=1000, datasets_folder='./Dataset_pitts30k', device='cuda', downscale_input=False, epochs_num=20, exp_name='default', gem_eps=1e-06, gem_p=3, infer_batch_size=16, lr=1e-05, margin=0.1, momentum=0.9, neg_samples_num=1000, negs_num_per_query=10, netvlad_clusters=64, num_workers=4, output_folder='runs/default/2022-01-19_13-49-01', patience=3, queries_per_epoch=5000, recall_values=[1, 5, 10, 20], save_attention_mask=None, seed=0, test_dataset_name=None, test_model_path=None, train_batch_size=4, train_positives_dist_threshold=10, upscale_input=False, use_adagrad=None, use_attention=None, use_gem=None, use_netvlad=True, use_sgd=None, val_positive_dist_threshold=25)
2022-01-19 13:49:01   The outputs are being saved in runs/default/2022-01-19_13-49-01
2022-01-19 13:49:02   Using 1 GPUs and 4 CPUs
2022-01-19 13:49:02   Loading dataset Pitts30k from folder ./Dataset_pitts30k
2022-01-19 13:49:02   There are 96 queries without any positives within the training set. They won't be considered as they're useless for training.
2022-01-19 13:49:02   Train query set: < TripletsDataset, pitts30k - #database: 10000; #queries: 7320 >
2022-01-19 13:49:02   Val set: < BaseDataset, pitts30k - #database: 10000; #queries: 7608 >
2022-01-19 13:49:02   Test set: < BaseDataset, pitts30k - #database: 10000; #queries: 6816 >
2022-01-19 13:49:04   Train only conv5_1, conv5_2, conv5_3 of the VGG16, freeze the previous ones
2022-01-19 13:49:07   Output dimension of the model is 32768
2022-01-19 13:49:07   Start training epoch: 00
2022-01-19 13:49:07   Cache: 0 / 5
2022-01-19 14:05:09   Epoch[00](0/5): current batch triplet loss = 0.0283, average epoch triplet loss = 0.0292
2022-01-19 14:05:09   Cache: 1 / 5
2022-01-19 14:21:11   Epoch[00](1/5): current batch triplet loss = 0.0383, average epoch triplet loss = 0.0281
2022-01-19 14:21:11   Cache: 2 / 5
2022-01-19 14:37:13   Epoch[00](2/5): current batch triplet loss = 0.0175, average epoch triplet loss = 0.0267
2022-01-19 14:37:13   Cache: 3 / 5
2022-01-19 14:53:15   Epoch[00](3/5): current batch triplet loss = 0.0385, average epoch triplet loss = 0.0258
2022-01-19 14:53:15   Cache: 4 / 5
2022-01-19 15:09:18   Epoch[00](4/5): current batch triplet loss = 0.0272, average epoch triplet loss = 0.0251
2022-01-19 15:09:18   Finished epoch 00 in 1:20:10, average epoch triplet loss = 0.0251
2022-01-19 15:09:18   Extracting database features for evaluation/testing
2022-01-19 15:14:50   Extracting queries features for evaluation/testing
2022-01-19 15:19:04   Calculating recalls
2022-01-19 15:20:07   Recalls on val set < BaseDataset, pitts30k - #database: 10000; #queries: 7608 >: R@1: 87.0, R@5: 95.7, R@10: 97.5, R@20: 98.5
2022-01-19 15:20:07   Improved: previous best R@5 = 0.0, current R@5 = 95.7
2022-01-19 15:20:07   Start training epoch: 01
2022-01-19 15:20:07   Cache: 0 / 5
2022-01-19 15:36:22   Epoch[01](0/5): current batch triplet loss = 0.0415, average epoch triplet loss = 0.0195
2022-01-19 15:36:22   Cache: 1 / 5
2022-01-19 15:52:37   Epoch[01](1/5): current batch triplet loss = 0.0135, average epoch triplet loss = 0.0192
2022-01-19 15:52:37   Cache: 2 / 5
2022-01-19 16:08:53   Epoch[01](2/5): current batch triplet loss = 0.0214, average epoch triplet loss = 0.0187
2022-01-19 16:08:53   Cache: 3 / 5
2022-01-19 16:25:10   Epoch[01](3/5): current batch triplet loss = 0.0382, average epoch triplet loss = 0.0186
2022-01-19 16:25:10   Cache: 4 / 5
2022-01-19 16:41:27   Epoch[01](4/5): current batch triplet loss = 0.0159, average epoch triplet loss = 0.0184
2022-01-19 16:41:27   Finished epoch 01 in 1:21:19, average epoch triplet loss = 0.0184
2022-01-19 16:41:27   Extracting database features for evaluation/testing
2022-01-19 16:46:57   Extracting queries features for evaluation/testing
2022-01-19 16:51:08   Calculating recalls
2022-01-19 16:52:11   Recalls on val set < BaseDataset, pitts30k - #database: 10000; #queries: 7608 >: R@1: 87.6, R@5: 96.1, R@10: 97.6, R@20: 98.7
2022-01-19 16:52:11   Improved: previous best R@5 = 95.7, current R@5 = 96.1
2022-01-19 16:52:11   Start training epoch: 02
2022-01-19 16:52:11   Cache: 0 / 5
2022-01-19 17:08:26   Epoch[02](0/5): current batch triplet loss = 0.0212, average epoch triplet loss = 0.0155
2022-01-19 17:08:26   Cache: 1 / 5
2022-01-19 17:24:41   Epoch[02](1/5): current batch triplet loss = 0.0101, average epoch triplet loss = 0.0154
2022-01-19 17:24:41   Cache: 2 / 5
2022-01-19 17:40:57   Epoch[02](2/5): current batch triplet loss = 0.0013, average epoch triplet loss = 0.0149
2022-01-19 17:40:57   Cache: 3 / 5
2022-01-19 17:57:13   Epoch[02](3/5): current batch triplet loss = 0.0097, average epoch triplet loss = 0.0145
2022-01-19 17:57:13   Cache: 4 / 5
2022-01-19 18:13:30   Epoch[02](4/5): current batch triplet loss = 0.0091, average epoch triplet loss = 0.0143
2022-01-19 18:13:30   Finished epoch 02 in 1:21:18, average epoch triplet loss = 0.0143
2022-01-19 18:13:30   Extracting database features for evaluation/testing
2022-01-19 18:19:00   Extracting queries features for evaluation/testing
2022-01-19 18:23:11   Calculating recalls
2022-01-19 18:24:15   Recalls on val set < BaseDataset, pitts30k - #database: 10000; #queries: 7608 >: R@1: 87.6, R@5: 96.1, R@10: 97.8, R@20: 98.8
2022-01-19 18:24:15   Improved: previous best R@5 = 96.1, current R@5 = 96.1
2022-01-19 18:24:15   Start training epoch: 03
2022-01-19 18:24:15   Cache: 0 / 5
2022-01-19 18:40:31   Epoch[03](0/5): current batch triplet loss = 0.0048, average epoch triplet loss = 0.0124
2022-01-19 18:40:31   Cache: 1 / 5
2022-01-19 18:56:47   Epoch[03](1/5): current batch triplet loss = 0.0065, average epoch triplet loss = 0.0126
2022-01-19 18:56:47   Cache: 2 / 5
2022-01-19 19:13:03   Epoch[03](2/5): current batch triplet loss = 0.0076, average epoch triplet loss = 0.0130
2022-01-19 19:13:03   Cache: 3 / 5
2022-01-19 19:29:20   Epoch[03](3/5): current batch triplet loss = 0.0410, average epoch triplet loss = 0.0129
2022-01-19 19:29:20   Cache: 4 / 5
2022-01-19 19:45:37   Epoch[03](4/5): current batch triplet loss = 0.0191, average epoch triplet loss = 0.0127
2022-01-19 19:45:37   Finished epoch 03 in 1:21:21, average epoch triplet loss = 0.0127
2022-01-19 19:45:37   Extracting database features for evaluation/testing
2022-01-19 19:51:07   Extracting queries features for evaluation/testing
2022-01-19 19:55:18   Calculating recalls
2022-01-19 19:56:22   Recalls on val set < BaseDataset, pitts30k - #database: 10000; #queries: 7608 >: R@1: 87.8, R@5: 96.1, R@10: 97.7, R@20: 98.8
2022-01-19 19:56:23   Not improved: 1 / 3: best R@5 = 96.1, current R@5 = 96.1
2022-01-19 19:56:23   Start training epoch: 04
2022-01-19 19:56:23   Cache: 0 / 5
2022-01-19 20:12:37   Epoch[04](0/5): current batch triplet loss = 0.0010, average epoch triplet loss = 0.0113
2022-01-19 20:12:37   Cache: 1 / 5
2022-01-19 20:28:52   Epoch[04](1/5): current batch triplet loss = 0.0120, average epoch triplet loss = 0.0111
2022-01-19 20:28:52   Cache: 2 / 5
2022-01-19 20:45:08   Epoch[04](2/5): current batch triplet loss = 0.0033, average epoch triplet loss = 0.0109
2022-01-19 20:45:08   Cache: 3 / 5
2022-01-19 21:01:24   Epoch[04](3/5): current batch triplet loss = 0.0154, average epoch triplet loss = 0.0110
2022-01-19 21:01:24   Cache: 4 / 5
2022-01-19 21:17:41   Epoch[04](4/5): current batch triplet loss = 0.0007, average epoch triplet loss = 0.0109
2022-01-19 21:17:41   Finished epoch 04 in 1:21:17, average epoch triplet loss = 0.0109
2022-01-19 21:17:41   Extracting database features for evaluation/testing
2022-01-19 21:23:10   Extracting queries features for evaluation/testing
2022-01-19 21:27:22   Calculating recalls
2022-01-19 21:28:26   Recalls on val set < BaseDataset, pitts30k - #database: 10000; #queries: 7608 >: R@1: 87.7, R@5: 96.1, R@10: 97.8, R@20: 98.8
2022-01-19 21:28:26   Not improved: 2 / 3: best R@5 = 96.1, current R@5 = 96.1
2022-01-19 21:28:26   Start training epoch: 05
2022-01-19 21:28:26   Cache: 0 / 5
2022-01-19 21:44:41   Epoch[05](0/5): current batch triplet loss = 0.0064, average epoch triplet loss = 0.0106
2022-01-19 21:44:41   Cache: 1 / 5
2022-01-19 22:00:58   Epoch[05](1/5): current batch triplet loss = 0.0113, average epoch triplet loss = 0.0098
2022-01-19 22:00:58   Cache: 2 / 5
2022-01-19 22:17:15   Epoch[05](2/5): current batch triplet loss = 0.0014, average epoch triplet loss = 0.0098
2022-01-19 22:17:15   Cache: 3 / 5
2022-01-19 22:33:31   Epoch[05](3/5): current batch triplet loss = 0.0002, average epoch triplet loss = 0.0097
2022-01-19 22:33:31   Cache: 4 / 5
2022-01-19 22:49:47   Epoch[05](4/5): current batch triplet loss = 0.0132, average epoch triplet loss = 0.0098
2022-01-19 22:49:47   Finished epoch 05 in 1:21:21, average epoch triplet loss = 0.0098
2022-01-19 22:49:47   Extracting database features for evaluation/testing
2022-01-19 22:55:17   Extracting queries features for evaluation/testing
2022-01-19 22:59:28   Calculating recalls
2022-01-19 23:00:31   Recalls on val set < BaseDataset, pitts30k - #database: 10000; #queries: 7608 >: R@1: 87.7, R@5: 96.2, R@10: 97.9, R@20: 98.8
2022-01-19 23:00:32   Improved: previous best R@5 = 96.1, current R@5 = 96.2
2022-01-19 23:00:32   Start training epoch: 06
2022-01-19 23:00:32   Cache: 0 / 5
2022-01-19 23:16:45   Epoch[06](0/5): current batch triplet loss = 0.0209, average epoch triplet loss = 0.0095
2022-01-19 23:16:45   Cache: 1 / 5
2022-01-19 23:32:59   Epoch[06](1/5): current batch triplet loss = 0.0001, average epoch triplet loss = 0.0089
2022-01-19 23:32:59   Cache: 2 / 5
2022-01-19 23:49:13   Epoch[06](2/5): current batch triplet loss = 0.0037, average epoch triplet loss = 0.0088
2022-01-19 23:49:13   Cache: 3 / 5
2022-01-20 00:05:27   Epoch[06](3/5): current batch triplet loss = 0.0094, average epoch triplet loss = 0.0088
2022-01-20 00:05:27   Cache: 4 / 5
2022-01-20 00:21:42   Epoch[06](4/5): current batch triplet loss = 0.0039, average epoch triplet loss = 0.0088
2022-01-20 00:21:42   Finished epoch 06 in 1:21:10, average epoch triplet loss = 0.0088
2022-01-20 00:21:42   Extracting database features for evaluation/testing
2022-01-20 00:27:12   Extracting queries features for evaluation/testing
2022-01-20 00:31:23   Calculating recalls
2022-01-20 00:32:26   Recalls on val set < BaseDataset, pitts30k - #database: 10000; #queries: 7608 >: R@1: 87.5, R@5: 95.9, R@10: 97.8, R@20: 98.7
2022-01-20 00:32:27   Not improved: 1 / 3: best R@5 = 96.2, current R@5 = 95.9
2022-01-20 00:32:27   Start training epoch: 07
2022-01-20 00:32:27   Cache: 0 / 5
2022-01-20 00:48:40   Epoch[07](0/5): current batch triplet loss = 0.0054, average epoch triplet loss = 0.0086
2022-01-20 00:48:40   Cache: 1 / 5
2022-01-20 01:04:55   Epoch[07](1/5): current batch triplet loss = 0.0085, average epoch triplet loss = 0.0080
2022-01-20 01:04:55   Cache: 2 / 5
2022-01-20 01:21:10   Epoch[07](2/5): current batch triplet loss = 0.0127, average epoch triplet loss = 0.0080
2022-01-20 01:21:10   Cache: 3 / 5
2022-01-20 01:37:24   Epoch[07](3/5): current batch triplet loss = 0.0066, average epoch triplet loss = 0.0078
2022-01-20 01:37:24   Cache: 4 / 5
2022-01-20 01:53:39   Epoch[07](4/5): current batch triplet loss = 0.0002, average epoch triplet loss = 0.0076
2022-01-20 01:53:39   Finished epoch 07 in 1:21:12, average epoch triplet loss = 0.0076
2022-01-20 01:53:39   Extracting database features for evaluation/testing
2022-01-20 01:59:08   Extracting queries features for evaluation/testing
2022-01-20 02:03:19   Calculating recalls
2022-01-20 02:04:21   Recalls on val set < BaseDataset, pitts30k - #database: 10000; #queries: 7608 >: R@1: 87.5, R@5: 96.0, R@10: 97.8, R@20: 98.7
2022-01-20 02:04:21   Not improved: 2 / 3: best R@5 = 96.2, current R@5 = 96.0
2022-01-20 02:04:21   Start training epoch: 08
2022-01-20 02:04:21   Cache: 0 / 5
2022-01-20 02:20:36   Epoch[08](0/5): current batch triplet loss = 0.0016, average epoch triplet loss = 0.0075
2022-01-20 02:20:36   Cache: 1 / 5
2022-01-20 02:36:50   Epoch[08](1/5): current batch triplet loss = 0.0068, average epoch triplet loss = 0.0074
2022-01-20 02:36:50   Cache: 2 / 5
2022-01-20 02:53:05   Epoch[08](2/5): current batch triplet loss = 0.0094, average epoch triplet loss = 0.0074
2022-01-20 02:53:05   Cache: 3 / 5
2022-01-20 03:09:20   Epoch[08](3/5): current batch triplet loss = 0.0084, average epoch triplet loss = 0.0074
2022-01-20 03:09:20   Cache: 4 / 5
2022-01-20 03:25:36   Epoch[08](4/5): current batch triplet loss = 0.0025, average epoch triplet loss = 0.0074
2022-01-20 03:25:36   Finished epoch 08 in 1:21:14, average epoch triplet loss = 0.0074
2022-01-20 03:25:36   Extracting database features for evaluation/testing
2022-01-20 03:31:05   Extracting queries features for evaluation/testing
2022-01-20 03:35:16   Calculating recalls
2022-01-20 03:36:18   Recalls on val set < BaseDataset, pitts30k - #database: 10000; #queries: 7608 >: R@1: 87.4, R@5: 96.0, R@10: 97.6, R@20: 98.7
2022-01-20 03:36:18   Not improved: 3 / 3: best R@5 = 96.2, current R@5 = 96.0
2022-01-20 03:36:18   Performance did not improve for 3 epochs. Stop training.
2022-01-20 03:36:18   Best R@5: 96.2
2022-01-20 03:36:18   Trained for 09 epochs, in total in 13:47:16
2022-01-20 03:36:18   Extracting database features for evaluation/testing
2022-01-20 03:41:47   Extracting queries features for evaluation/testing
2022-01-20 03:45:33   Calculating recalls
2022-01-20 03:46:28   Recalls on < BaseDataset, pitts30k - #database: 10000; #queries: 6816 >: R@1: 84.3, R@5: 92.4, R@10: 94.8, R@20: 96.6
