2022-01-15 23:09:38   Arguments: Namespace(upscale_input=False, downscale_input=False, augment_input='None', backbone='resnet18', use_netvlad=True, netvlad_clusters=64, use_gem=None, gem_p=3, gem_eps=1e-06, use_sgd=None, use_adagrad=None, momentum=0.9, train_batch_size=4, infer_batch_size=16, margin=0.1, epochs_num=20, patience=3, lr=1e-05, cache_refresh_rate=1000, queries_per_epoch=5000, negs_num_per_query=10, neg_samples_num=1000, seed=0, device='cuda', num_workers=8, val_positive_dist_threshold=25, train_positives_dist_threshold=15, recall_values=[1, 5, 10, 20], datasets_folder='./Dataset_pitts30k', exp_name='default', test_dataset_name=None, test_model_path=None, output_folder='runs/default/2022-01-15_23-09-38')
2022-01-15 23:09:38   The outputs are being saved in runs/default/2022-01-15_23-09-38
2022-01-15 23:09:38   Using 1 GPUs and 12 CPUs
2022-01-15 23:09:38   Loading dataset Pitts30k from folder ./Dataset_pitts30k
2022-01-15 23:09:38   There are 48 queries without any positives within the training set. They won't be considered as they're useless for training.
2022-01-15 23:09:38   Train query set: < TripletsDataset, pitts30k - #database: 10000; #queries: 7368 >
2022-01-15 23:09:38   Val set: < BaseDataset, pitts30k - #database: 10000; #queries: 7608 >
2022-01-15 23:09:38   Test set: < BaseDataset, pitts30k - #database: 10000; #queries: 6816 >
2022-01-15 23:09:38   Train only conv4 of the ResNet-18 (remove conv5), freeze the previous ones
2022-01-15 23:09:44   Output dimension of the model is 16384
2022-01-15 23:09:44   Start training epoch: 00
2022-01-15 23:09:44   Cache: 0 / 5
2022-01-15 23:12:35   Epoch[00](0/5): current batch triplet loss = 0.0249, average epoch triplet loss = 0.0312
2022-01-15 23:12:35   Cache: 1 / 5
2022-01-15 23:15:35   Epoch[00](1/5): current batch triplet loss = 0.0290, average epoch triplet loss = 0.0295
2022-01-15 23:15:35   Cache: 2 / 5
2022-01-15 23:18:28   Epoch[00](2/5): current batch triplet loss = 0.0080, average epoch triplet loss = 0.0280
2022-01-15 23:18:28   Cache: 3 / 5
2022-01-15 23:21:20   Epoch[00](3/5): current batch triplet loss = 0.0418, average epoch triplet loss = 0.0270
2022-01-15 23:21:20   Cache: 4 / 5
2022-01-15 23:24:13   Epoch[00](4/5): current batch triplet loss = 0.0438, average epoch triplet loss = 0.0261
2022-01-15 23:24:13   Finished epoch 00 in 0:14:28, average epoch triplet loss = 0.0261
2022-01-15 23:24:13   Extracting database features for evaluation/testing
2022-01-15 23:24:56   Extracting queries features for evaluation/testing
2022-01-15 23:25:37   Calculating recalls
2022-01-15 23:26:02   Recalls on val set < BaseDataset, pitts30k - #database: 10000; #queries: 7608 >: R@1: 85.9, R@5: 95.0, R@10: 96.8, R@20: 98.2
2022-01-15 23:26:02   Improved: previous best R@5 = 0.0, current R@5 = 95.0
2022-01-15 23:26:02   Start training epoch: 01
2022-01-15 23:26:02   Cache: 0 / 5
2022-01-15 23:28:55   Epoch[01](0/5): current batch triplet loss = 0.0123, average epoch triplet loss = 0.0210
2022-01-15 23:28:55   Cache: 1 / 5
2022-01-15 23:31:48   Epoch[01](1/5): current batch triplet loss = 0.0367, average epoch triplet loss = 0.0208
2022-01-15 23:31:48   Cache: 2 / 5
2022-01-15 23:34:40   Epoch[01](2/5): current batch triplet loss = 0.0091, average epoch triplet loss = 0.0210
2022-01-15 23:34:40   Cache: 3 / 5
2022-01-15 23:37:32   Epoch[01](3/5): current batch triplet loss = 0.0131, average epoch triplet loss = 0.0207
2022-01-15 23:37:32   Cache: 4 / 5
2022-01-15 23:40:25   Epoch[01](4/5): current batch triplet loss = 0.0078, average epoch triplet loss = 0.0201
2022-01-15 23:40:25   Finished epoch 01 in 0:14:22, average epoch triplet loss = 0.0201
2022-01-15 23:40:25   Extracting database features for evaluation/testing
2022-01-15 23:41:06   Extracting queries features for evaluation/testing
2022-01-15 23:42:04   Calculating recalls
2022-01-15 23:42:26   Recalls on val set < BaseDataset, pitts30k - #database: 10000; #queries: 7608 >: R@1: 87.5, R@5: 95.4, R@10: 97.4, R@20: 98.5
2022-01-15 23:42:27   Improved: previous best R@5 = 95.0, current R@5 = 95.4
2022-01-15 23:42:27   Start training epoch: 02
2022-01-15 23:42:27   Cache: 0 / 5
2022-01-15 23:45:19   Epoch[02](0/5): current batch triplet loss = 0.0125, average epoch triplet loss = 0.0189
2022-01-15 23:45:19   Cache: 1 / 5
2022-01-15 23:48:12   Epoch[02](1/5): current batch triplet loss = 0.0301, average epoch triplet loss = 0.0189
2022-01-15 23:48:12   Cache: 2 / 5
2022-01-15 23:51:04   Epoch[02](2/5): current batch triplet loss = 0.0087, average epoch triplet loss = 0.0182
2022-01-15 23:51:04   Cache: 3 / 5
2022-01-15 23:53:57   Epoch[02](3/5): current batch triplet loss = 0.0199, average epoch triplet loss = 0.0181
2022-01-15 23:53:57   Cache: 4 / 5
2022-01-15 23:56:50   Epoch[02](4/5): current batch triplet loss = 0.0032, average epoch triplet loss = 0.0180
2022-01-15 23:56:50   Finished epoch 02 in 0:14:23, average epoch triplet loss = 0.0180
2022-01-15 23:56:50   Extracting database features for evaluation/testing
2022-01-15 23:57:30   Extracting queries features for evaluation/testing
2022-01-15 23:58:32   Calculating recalls
2022-01-15 23:58:54   Recalls on val set < BaseDataset, pitts30k - #database: 10000; #queries: 7608 >: R@1: 87.7, R@5: 95.8, R@10: 97.5, R@20: 98.5
2022-01-15 23:58:55   Improved: previous best R@5 = 95.4, current R@5 = 95.8
2022-01-15 23:58:55   Start training epoch: 03
2022-01-15 23:58:55   Cache: 0 / 5
2022-01-16 00:01:47   Epoch[03](0/5): current batch triplet loss = 0.0174, average epoch triplet loss = 0.0182
2022-01-16 00:01:47   Cache: 1 / 5
2022-01-16 00:04:39   Epoch[03](1/5): current batch triplet loss = 0.0047, average epoch triplet loss = 0.0178
2022-01-16 00:04:39   Cache: 2 / 5
2022-01-16 00:07:32   Epoch[03](2/5): current batch triplet loss = 0.0345, average epoch triplet loss = 0.0175
2022-01-16 00:07:32   Cache: 3 / 5
2022-01-16 00:10:24   Epoch[03](3/5): current batch triplet loss = 0.0060, average epoch triplet loss = 0.0174
2022-01-16 00:10:24   Cache: 4 / 5
2022-01-16 00:13:17   Epoch[03](4/5): current batch triplet loss = 0.0081, average epoch triplet loss = 0.0170
2022-01-16 00:13:17   Finished epoch 03 in 0:14:22, average epoch triplet loss = 0.0170
2022-01-16 00:13:17   Extracting database features for evaluation/testing
2022-01-16 00:13:52   Extracting queries features for evaluation/testing
2022-01-16 00:14:50   Calculating recalls
2022-01-16 00:15:16   Recalls on val set < BaseDataset, pitts30k - #database: 10000; #queries: 7608 >: R@1: 87.9, R@5: 95.8, R@10: 97.6, R@20: 98.5
2022-01-16 00:15:16   Not improved: 1 / 3: best R@5 = 95.8, current R@5 = 95.8
2022-01-16 00:15:16   Start training epoch: 04
2022-01-16 00:15:16   Cache: 0 / 5
2022-01-16 00:18:08   Epoch[04](0/5): current batch triplet loss = 0.0072, average epoch triplet loss = 0.0158
2022-01-16 00:18:08   Cache: 1 / 5
2022-01-16 00:21:01   Epoch[04](1/5): current batch triplet loss = 0.0291, average epoch triplet loss = 0.0151
2022-01-16 00:21:01   Cache: 2 / 5
2022-01-16 00:23:54   Epoch[04](2/5): current batch triplet loss = 0.0099, average epoch triplet loss = 0.0148
2022-01-16 00:23:54   Cache: 3 / 5
2022-01-16 00:26:46   Epoch[04](3/5): current batch triplet loss = 0.0065, average epoch triplet loss = 0.0149
2022-01-16 00:26:46   Cache: 4 / 5
2022-01-16 00:29:39   Epoch[04](4/5): current batch triplet loss = 0.0034, average epoch triplet loss = 0.0148
2022-01-16 00:29:39   Finished epoch 04 in 0:14:22, average epoch triplet loss = 0.0148
2022-01-16 00:29:39   Extracting database features for evaluation/testing
2022-01-16 00:30:14   Extracting queries features for evaluation/testing
2022-01-16 00:31:10   Calculating recalls
2022-01-16 00:31:35   Recalls on val set < BaseDataset, pitts30k - #database: 10000; #queries: 7608 >: R@1: 87.9, R@5: 95.9, R@10: 97.5, R@20: 98.4
2022-01-16 00:31:35   Improved: previous best R@5 = 95.8, current R@5 = 95.9
2022-01-16 00:31:35   Start training epoch: 05
2022-01-16 00:31:35   Cache: 0 / 5
2022-01-16 00:34:28   Epoch[05](0/5): current batch triplet loss = 0.0097, average epoch triplet loss = 0.0138
2022-01-16 00:34:28   Cache: 1 / 5
2022-01-16 00:37:20   Epoch[05](1/5): current batch triplet loss = 0.0101, average epoch triplet loss = 0.0146
2022-01-16 00:37:20   Cache: 2 / 5
2022-01-16 00:40:13   Epoch[05](2/5): current batch triplet loss = 0.0176, average epoch triplet loss = 0.0147
2022-01-16 00:40:13   Cache: 3 / 5
2022-01-16 00:43:06   Epoch[05](3/5): current batch triplet loss = 0.0407, average epoch triplet loss = 0.0148
2022-01-16 00:43:06   Cache: 4 / 5
2022-01-16 00:45:58   Epoch[05](4/5): current batch triplet loss = 0.0032, average epoch triplet loss = 0.0147
2022-01-16 00:45:58   Finished epoch 05 in 0:14:22, average epoch triplet loss = 0.0147
2022-01-16 00:45:58   Extracting database features for evaluation/testing
2022-01-16 00:46:33   Extracting queries features for evaluation/testing
2022-01-16 00:47:27   Calculating recalls
2022-01-16 00:47:57   Recalls on val set < BaseDataset, pitts30k - #database: 10000; #queries: 7608 >: R@1: 88.6, R@5: 96.0, R@10: 97.7, R@20: 98.5
2022-01-16 00:47:57   Improved: previous best R@5 = 95.9, current R@5 = 96.0
2022-01-16 00:47:57   Start training epoch: 06
2022-01-16 00:47:57   Cache: 0 / 5
2022-01-16 00:50:49   Epoch[06](0/5): current batch triplet loss = 0.0109, average epoch triplet loss = 0.0146
2022-01-16 00:50:49   Cache: 1 / 5
2022-01-16 00:53:42   Epoch[06](1/5): current batch triplet loss = 0.0460, average epoch triplet loss = 0.0148
2022-01-16 00:53:42   Cache: 2 / 5
2022-01-16 00:56:34   Epoch[06](2/5): current batch triplet loss = 0.0067, average epoch triplet loss = 0.0143
2022-01-16 00:56:34   Cache: 3 / 5
2022-01-16 00:59:27   Epoch[06](3/5): current batch triplet loss = 0.0023, average epoch triplet loss = 0.0142
2022-01-16 00:59:27   Cache: 4 / 5
2022-01-16 01:02:19   Epoch[06](4/5): current batch triplet loss = 0.0040, average epoch triplet loss = 0.0139
2022-01-16 01:02:19   Finished epoch 06 in 0:14:21, average epoch triplet loss = 0.0139
2022-01-16 01:02:19   Extracting database features for evaluation/testing
2022-01-16 01:02:54   Extracting queries features for evaluation/testing
2022-01-16 01:03:47   Calculating recalls
2022-01-16 01:04:14   Recalls on val set < BaseDataset, pitts30k - #database: 10000; #queries: 7608 >: R@1: 88.5, R@5: 95.9, R@10: 97.6, R@20: 98.5
2022-01-16 01:04:14   Not improved: 1 / 3: best R@5 = 96.0, current R@5 = 95.9
2022-01-16 01:04:14   Start training epoch: 07
2022-01-16 01:04:14   Cache: 0 / 5
2022-01-16 01:07:06   Epoch[07](0/5): current batch triplet loss = 0.0031, average epoch triplet loss = 0.0131
2022-01-16 01:07:06   Cache: 1 / 5
2022-01-16 01:09:58   Epoch[07](1/5): current batch triplet loss = 0.0180, average epoch triplet loss = 0.0128
2022-01-16 01:09:58   Cache: 2 / 5
2022-01-16 01:12:51   Epoch[07](2/5): current batch triplet loss = 0.0207, average epoch triplet loss = 0.0129
2022-01-16 01:12:51   Cache: 3 / 5
2022-01-16 01:15:43   Epoch[07](3/5): current batch triplet loss = 0.0370, average epoch triplet loss = 0.0127
2022-01-16 01:15:43   Cache: 4 / 5
2022-01-16 01:18:36   Epoch[07](4/5): current batch triplet loss = 0.0177, average epoch triplet loss = 0.0125
2022-01-16 01:18:36   Finished epoch 07 in 0:14:21, average epoch triplet loss = 0.0125
2022-01-16 01:18:36   Extracting database features for evaluation/testing
2022-01-16 01:19:11   Extracting queries features for evaluation/testing
2022-01-16 01:19:59   Calculating recalls
2022-01-16 01:20:21   Recalls on val set < BaseDataset, pitts30k - #database: 10000; #queries: 7608 >: R@1: 88.4, R@5: 95.9, R@10: 97.5, R@20: 98.4
2022-01-16 01:20:21   Not improved: 2 / 3: best R@5 = 96.0, current R@5 = 95.9
2022-01-16 01:20:21   Start training epoch: 08
2022-01-16 01:20:21   Cache: 0 / 5
2022-01-16 01:23:13   Epoch[08](0/5): current batch triplet loss = 0.0055, average epoch triplet loss = 0.0119
2022-01-16 01:23:13   Cache: 1 / 5
2022-01-16 01:26:06   Epoch[08](1/5): current batch triplet loss = 0.0144, average epoch triplet loss = 0.0119
2022-01-16 01:26:06   Cache: 2 / 5
2022-01-16 01:28:58   Epoch[08](2/5): current batch triplet loss = 0.0036, average epoch triplet loss = 0.0119
2022-01-16 01:28:58   Cache: 3 / 5
2022-01-16 01:31:51   Epoch[08](3/5): current batch triplet loss = 0.0053, average epoch triplet loss = 0.0118
2022-01-16 01:31:51   Cache: 4 / 5
2022-01-16 01:34:44   Epoch[08](4/5): current batch triplet loss = 0.0400, average epoch triplet loss = 0.0119
2022-01-16 01:34:44   Finished epoch 08 in 0:14:22, average epoch triplet loss = 0.0119
2022-01-16 01:34:44   Extracting database features for evaluation/testing
2022-01-16 01:35:19   Extracting queries features for evaluation/testing
2022-01-16 01:36:01   Calculating recalls
2022-01-16 01:36:23   Recalls on val set < BaseDataset, pitts30k - #database: 10000; #queries: 7608 >: R@1: 88.4, R@5: 96.0, R@10: 97.5, R@20: 98.4
2022-01-16 01:36:23   Not improved: 3 / 3: best R@5 = 96.0, current R@5 = 96.0
2022-01-16 01:36:23   Performance did not improve for 3 epochs. Stop training.
2022-01-16 01:36:23   Best R@5: 96.0
2022-01-16 01:36:23   Trained for 09 epochs, in total in 2:26:44
2022-01-16 01:36:23   Extracting database features for evaluation/testing
2022-01-16 01:36:58   Extracting queries features for evaluation/testing
2022-01-16 01:37:33   Calculating recalls
2022-01-16 01:37:56   Recalls on < BaseDataset, pitts30k - #database: 10000; #queries: 6816 >: R@1: 86.6, R@5: 93.1, R@10: 95.0, R@20: 96.7
