2022-01-15 23:09:38   Arguments: Namespace(upscale_input=False, downscale_input=False, augment_input='None', backbone='resnet18', use_netvlad=True, netvlad_clusters=64, use_gem=None, gem_p=3, gem_eps=1e-06, use_sgd=None, use_adagrad=None, momentum=0.9, train_batch_size=4, infer_batch_size=16, margin=0.1, epochs_num=20, patience=3, lr=1e-05, cache_refresh_rate=1000, queries_per_epoch=5000, negs_num_per_query=10, neg_samples_num=1000, seed=0, device='cuda', num_workers=8, val_positive_dist_threshold=25, train_positives_dist_threshold=15, recall_values=[1, 5, 10, 20], datasets_folder='./Dataset_pitts30k', exp_name='default', test_dataset_name=None, test_model_path=None, output_folder='runs/default/2022-01-15_23-09-38')
2022-01-15 23:09:38   The outputs are being saved in runs/default/2022-01-15_23-09-38
2022-01-15 23:09:38   Using 1 GPUs and 12 CPUs
2022-01-15 23:09:38   There are 48 queries without any positives within the training set. They won't be considered as they're useless for training.
2022-01-15 23:09:38   Train query set: < TripletsDataset, pitts30k - #database: 10000; #queries: 7368 >
2022-01-15 23:09:38   Val set: < BaseDataset, pitts30k - #database: 10000; #queries: 7608 >
2022-01-15 23:09:38   Test set: < BaseDataset, pitts30k - #database: 10000; #queries: 6816 >
2022-01-15 23:09:44   Output dimension of the model is 16384
2022-01-15 23:09:44   Start training epoch: 00
2022-01-15 23:24:13   Finished epoch 00 in 0:14:28, average epoch triplet loss = 0.0261
2022-01-15 23:26:02   Recalls on val set < BaseDataset, pitts30k - #database: 10000; #queries: 7608 >: R@1: 85.9, R@5: 95.0, R@10: 96.8, R@20: 98.2
2022-01-15 23:26:02   Improved: previous best R@5 = 0.0, current R@5 = 95.0
2022-01-15 23:26:02   Start training epoch: 01
2022-01-15 23:40:25   Finished epoch 01 in 0:14:22, average epoch triplet loss = 0.0201
2022-01-15 23:42:26   Recalls on val set < BaseDataset, pitts30k - #database: 10000; #queries: 7608 >: R@1: 87.5, R@5: 95.4, R@10: 97.4, R@20: 98.5
2022-01-15 23:42:27   Improved: previous best R@5 = 95.0, current R@5 = 95.4
2022-01-15 23:42:27   Start training epoch: 02
2022-01-15 23:56:50   Finished epoch 02 in 0:14:23, average epoch triplet loss = 0.0180
2022-01-15 23:58:54   Recalls on val set < BaseDataset, pitts30k - #database: 10000; #queries: 7608 >: R@1: 87.7, R@5: 95.8, R@10: 97.5, R@20: 98.5
2022-01-15 23:58:55   Improved: previous best R@5 = 95.4, current R@5 = 95.8
2022-01-15 23:58:55   Start training epoch: 03
2022-01-16 00:13:17   Finished epoch 03 in 0:14:22, average epoch triplet loss = 0.0170
2022-01-16 00:15:16   Recalls on val set < BaseDataset, pitts30k - #database: 10000; #queries: 7608 >: R@1: 87.9, R@5: 95.8, R@10: 97.6, R@20: 98.5
2022-01-16 00:15:16   Not improved: 1 / 3: best R@5 = 95.8, current R@5 = 95.8
2022-01-16 00:15:16   Start training epoch: 04
2022-01-16 00:29:39   Finished epoch 04 in 0:14:22, average epoch triplet loss = 0.0148
2022-01-16 00:31:35   Recalls on val set < BaseDataset, pitts30k - #database: 10000; #queries: 7608 >: R@1: 87.9, R@5: 95.9, R@10: 97.5, R@20: 98.4
2022-01-16 00:31:35   Improved: previous best R@5 = 95.8, current R@5 = 95.9
2022-01-16 00:31:35   Start training epoch: 05
2022-01-16 00:45:58   Finished epoch 05 in 0:14:22, average epoch triplet loss = 0.0147
2022-01-16 00:47:57   Recalls on val set < BaseDataset, pitts30k - #database: 10000; #queries: 7608 >: R@1: 88.6, R@5: 96.0, R@10: 97.7, R@20: 98.5
2022-01-16 00:47:57   Improved: previous best R@5 = 95.9, current R@5 = 96.0
2022-01-16 00:47:57   Start training epoch: 06
2022-01-16 01:02:19   Finished epoch 06 in 0:14:21, average epoch triplet loss = 0.0139
2022-01-16 01:04:14   Recalls on val set < BaseDataset, pitts30k - #database: 10000; #queries: 7608 >: R@1: 88.5, R@5: 95.9, R@10: 97.6, R@20: 98.5
2022-01-16 01:04:14   Not improved: 1 / 3: best R@5 = 96.0, current R@5 = 95.9
2022-01-16 01:04:14   Start training epoch: 07
2022-01-16 01:18:36   Finished epoch 07 in 0:14:21, average epoch triplet loss = 0.0125
2022-01-16 01:20:21   Recalls on val set < BaseDataset, pitts30k - #database: 10000; #queries: 7608 >: R@1: 88.4, R@5: 95.9, R@10: 97.5, R@20: 98.4
2022-01-16 01:20:21   Not improved: 2 / 3: best R@5 = 96.0, current R@5 = 95.9
2022-01-16 01:20:21   Start training epoch: 08
2022-01-16 01:34:44   Finished epoch 08 in 0:14:22, average epoch triplet loss = 0.0119
2022-01-16 01:36:23   Recalls on val set < BaseDataset, pitts30k - #database: 10000; #queries: 7608 >: R@1: 88.4, R@5: 96.0, R@10: 97.5, R@20: 98.4
2022-01-16 01:36:23   Not improved: 3 / 3: best R@5 = 96.0, current R@5 = 96.0
2022-01-16 01:36:23   Performance did not improve for 3 epochs. Stop training.
2022-01-16 01:36:23   Best R@5: 96.0
2022-01-16 01:36:23   Trained for 09 epochs, in total in 2:26:44
2022-01-16 01:37:56   Recalls on < BaseDataset, pitts30k - #database: 10000; #queries: 6816 >: R@1: 86.6, R@5: 93.1, R@10: 95.0, R@20: 96.7
