2022-01-11 04:08:51   Arguments: Namespace(use_netvlad=True, netvlad_clusters=64, use_gem=None, gem_p=3, gem_eps=1e-06, use_sgd=None, use_adagrad=True, momentum=0.9, train_batch_size=4, infer_batch_size=16, margin=0.1, epochs_num=10, patience=3, lr=1e-05, cache_refresh_rate=1000, queries_per_epoch=5000, negs_num_per_query=10, neg_samples_num=1000, seed=0, device='cuda', num_workers=8, val_positive_dist_threshold=25, train_positives_dist_threshold=10, recall_values=[1, 5, 10, 20], datasets_folder='./Data', exp_name='default', output_folder='runs/default/2022-01-11_04-08-51')
2022-01-11 04:08:51   The outputs are being saved in runs/default/2022-01-11_04-08-51
2022-01-11 04:08:51   Using 1 GPUs and 12 CPUs
2022-01-11 04:08:52   There are 96 queries without any positives within the training set. They won't be considered as they're useless for training.
2022-01-11 04:08:52   Train query set: < TripletsDataset, pitts30k - #database: 10000; #queries: 7320 >
2022-01-11 04:08:52   Val set: < BaseDataset, pitts30k - #database: 10000; #queries: 7608 >
2022-01-11 04:08:52   Test set: < BaseDataset, pitts30k - #database: 10000; #queries: 6816 >
2022-01-11 04:08:56   Output dimension of the model is 16384
2022-01-11 04:08:56   Start training epoch: 00
2022-01-11 04:23:14   Finished epoch 00 in 0:14:17, average epoch triplet loss = 0.0981
2022-01-11 04:24:48   Recalls on val set < BaseDataset, pitts30k - #database: 10000; #queries: 7608 >: R@1: 28.9, R@5: 46.0, R@10: 55.3, R@20: 64.9
2022-01-11 04:24:48   Improved: previous best R@5 = 0.0, current R@5 = 46.0
2022-01-11 04:24:48   Start training epoch: 01
2022-01-11 04:39:07   Finished epoch 01 in 0:14:19, average epoch triplet loss = 0.0982
2022-01-11 04:40:44   Recalls on val set < BaseDataset, pitts30k - #database: 10000; #queries: 7608 >: R@1: 30.7, R@5: 49.4, R@10: 58.8, R@20: 68.2
2022-01-11 04:40:44   Improved: previous best R@5 = 46.0, current R@5 = 49.4
2022-01-11 04:40:44   Start training epoch: 02
2022-01-11 04:55:03   Finished epoch 02 in 0:14:18, average epoch triplet loss = 0.0983
2022-01-11 04:56:40   Recalls on val set < BaseDataset, pitts30k - #database: 10000; #queries: 7608 >: R@1: 32.3, R@5: 52.2, R@10: 61.2, R@20: 71.2
2022-01-11 04:56:40   Improved: previous best R@5 = 49.4, current R@5 = 52.2
2022-01-11 04:56:40   Start training epoch: 03
2022-01-11 05:10:58   Finished epoch 03 in 0:14:18, average epoch triplet loss = 0.0984
2022-01-11 05:12:32   Recalls on val set < BaseDataset, pitts30k - #database: 10000; #queries: 7608 >: R@1: 34.0, R@5: 54.5, R@10: 63.4, R@20: 73.4
2022-01-11 05:12:32   Improved: previous best R@5 = 52.2, current R@5 = 54.5
2022-01-11 05:12:32   Start training epoch: 04
2022-01-11 05:26:51   Finished epoch 04 in 0:14:18, average epoch triplet loss = 0.0986
2022-01-11 05:28:27   Recalls on val set < BaseDataset, pitts30k - #database: 10000; #queries: 7608 >: R@1: 34.8, R@5: 55.8, R@10: 64.9, R@20: 74.7
2022-01-11 05:28:27   Improved: previous best R@5 = 54.5, current R@5 = 55.8
2022-01-11 05:28:27   Start training epoch: 05
2022-01-11 05:42:45   Finished epoch 05 in 0:14:17, average epoch triplet loss = 0.0986
2022-01-11 05:44:19   Recalls on val set < BaseDataset, pitts30k - #database: 10000; #queries: 7608 >: R@1: 36.4, R@5: 57.5, R@10: 66.9, R@20: 76.4
2022-01-11 05:44:20   Improved: previous best R@5 = 55.8, current R@5 = 57.5
2022-01-11 05:44:20   Start training epoch: 06
2022-01-11 05:58:38   Finished epoch 06 in 0:14:17, average epoch triplet loss = 0.0985
2022-01-11 06:00:16   Recalls on val set < BaseDataset, pitts30k - #database: 10000; #queries: 7608 >: R@1: 37.4, R@5: 58.8, R@10: 68.3, R@20: 77.9
2022-01-11 06:00:16   Improved: previous best R@5 = 57.5, current R@5 = 58.8
2022-01-11 06:00:16   Start training epoch: 07
2022-01-11 06:14:36   Finished epoch 07 in 0:14:20, average epoch triplet loss = 0.0986
2022-01-11 06:16:08   Recalls on val set < BaseDataset, pitts30k - #database: 10000; #queries: 7608 >: R@1: 38.0, R@5: 59.5, R@10: 69.0, R@20: 78.4
2022-01-11 06:16:08   Improved: previous best R@5 = 58.8, current R@5 = 59.5
2022-01-11 06:16:08   Start training epoch: 08
2022-01-11 06:30:29   Finished epoch 08 in 0:14:21, average epoch triplet loss = 0.0986
2022-01-11 06:32:13   Recalls on val set < BaseDataset, pitts30k - #database: 10000; #queries: 7608 >: R@1: 39.3, R@5: 60.7, R@10: 70.4, R@20: 79.1
2022-01-11 06:32:13   Improved: previous best R@5 = 59.5, current R@5 = 60.7
2022-01-11 06:32:13   Start training epoch: 09
2022-01-11 06:46:33   Finished epoch 09 in 0:14:20, average epoch triplet loss = 0.0986
2022-01-11 06:48:10   Recalls on val set < BaseDataset, pitts30k - #database: 10000; #queries: 7608 >: R@1: 39.0, R@5: 60.6, R@10: 70.3, R@20: 79.1
2022-01-11 06:48:11   Not improved: 1 / 3: best R@5 = 60.7, current R@5 = 60.6
2022-01-11 06:48:11   Best R@5: 60.7
2022-01-11 06:48:11   Trained for 10 epochs, in total in 2:39:19
2022-01-11 06:49:34   Recalls on < BaseDataset, pitts30k - #database: 10000; #queries: 6816 >: R@1: 45.0, R@5: 67.0, R@10: 75.7, R@20: 83.0
