2022-01-18 15:33:04   Arguments: Namespace(upscale_input=False, downscale_input=True, augment_input='None', backbone='resnet18', use_netvlad=True, netvlad_clusters=64, use_gem=None, gem_p=3, gem_eps=1e-06, use_attention='crn', crn_lr=0.001, use_sgd=None, use_adagrad=None, momentum=0.9, train_batch_size=4, infer_batch_size=16, margin=0.1, epochs_num=20, patience=3, lr=1e-05, cache_refresh_rate=1000, queries_per_epoch=5000, negs_num_per_query=10, neg_samples_num=1000, seed=0, device='cuda', num_workers=8, val_positive_dist_threshold=25, train_positives_dist_threshold=10, recall_values=[1, 5, 10, 20], datasets_folder='./Dataset_pitts30k', exp_name='default', test_dataset_name=None, test_model_path=None, output_folder='runs/default/2022-01-18_15-33-04')
2022-01-18 15:33:04   The outputs are being saved in runs/default/2022-01-18_15-33-04
2022-01-18 15:33:04   Using 1 GPUs and 12 CPUs
2022-01-18 15:33:04   Loading dataset Pitts30k from folder ./Dataset_pitts30k
2022-01-18 15:33:04   There are 96 queries without any positives within the training set. They won't be considered as they're useless for training.
2022-01-18 15:33:04   Train query set: < TripletsDataset, pitts30k - #database: 10000; #queries: 7320 >
2022-01-18 15:33:04   Val set: < BaseDataset, pitts30k - #database: 10000; #queries: 7608 >
2022-01-18 15:33:04   Test set: < BaseDataset, pitts30k - #database: 10000; #queries: 6816 >
2022-01-18 15:33:04   Train only conv4 of the ResNet-18 (remove conv5), freeze the previous ones
2022-01-18 15:33:08   Output dimension of the model is 16384
2022-01-18 15:33:08   Start training epoch: 00
2022-01-18 15:33:08   Cache: 0 / 5
2022-01-18 15:35:11   Epoch[00](0/5): current batch triplet loss = 0.0231, average epoch triplet loss = 0.0312
2022-01-18 15:35:11   Cache: 1 / 5
2022-01-18 15:37:15   Epoch[00](1/5): current batch triplet loss = 0.0526, average epoch triplet loss = 0.0298
2022-01-18 15:37:15   Cache: 2 / 5
2022-01-18 15:39:22   Epoch[00](2/5): current batch triplet loss = 0.1000, average epoch triplet loss = 0.0299
2022-01-18 15:39:22   Cache: 3 / 5
2022-01-18 15:41:31   Epoch[00](3/5): current batch triplet loss = 0.1000, average epoch triplet loss = 0.0474
2022-01-18 15:41:31   Cache: 4 / 5
2022-01-18 15:43:38   Epoch[00](4/5): current batch triplet loss = 0.1000, average epoch triplet loss = 0.0580
2022-01-18 15:43:38   Finished epoch 00 in 0:10:30, average epoch triplet loss = 0.0580
2022-01-18 15:43:38   Extracting database features for evaluation/testing
2022-01-18 15:44:11   Extracting queries features for evaluation/testing
2022-01-18 15:44:33   Calculating recalls
2022-01-18 15:44:57   Recalls on val set < BaseDataset, pitts30k - #database: 10000; #queries: 7608 >: R@1: 0.0, R@5: 0.0, R@10: 0.0, R@20: 0.0
2022-01-18 15:44:57   Not improved: 1 / 3: best R@5 = 0.0, current R@5 = 0.0
2022-01-18 15:44:57   Start training epoch: 01
2022-01-18 15:44:57   Cache: 0 / 5
2022-01-18 15:47:09   Epoch[01](0/5): current batch triplet loss = 0.1000, average epoch triplet loss = 0.1000
2022-01-18 15:47:09   Cache: 1 / 5
2022-01-18 15:49:33   Epoch[01](1/5): current batch triplet loss = 0.1000, average epoch triplet loss = 0.1000
2022-01-18 15:49:33   Cache: 2 / 5
2022-01-18 15:51:54   Epoch[01](2/5): current batch triplet loss = 0.1000, average epoch triplet loss = 0.1000
2022-01-18 15:51:54   Cache: 3 / 5
2022-01-18 15:54:10   Epoch[01](3/5): current batch triplet loss = 0.1000, average epoch triplet loss = 0.1000
2022-01-18 15:54:10   Cache: 4 / 5
2022-01-18 15:56:20   Epoch[01](4/5): current batch triplet loss = 0.1000, average epoch triplet loss = 0.1000
2022-01-18 15:56:20   Finished epoch 01 in 0:11:23, average epoch triplet loss = 0.1000
2022-01-18 15:56:20   Extracting database features for evaluation/testing
2022-01-18 15:57:07   Extracting queries features for evaluation/testing
2022-01-18 15:57:26   Calculating recalls
2022-01-18 15:57:49   Recalls on val set < BaseDataset, pitts30k - #database: 10000; #queries: 7608 >: R@1: 0.0, R@5: 0.0, R@10: 0.0, R@20: 0.0
2022-01-18 15:57:49   Not improved: 2 / 3: best R@5 = 0.0, current R@5 = 0.0
2022-01-18 15:57:49   Start training epoch: 02
2022-01-18 15:57:49   Cache: 0 / 5
2022-01-18 15:58:09   
Traceback (most recent call last):
  File "/home/franzhd/Aml_project/project_vg/run_train.py", line 96, in <module>
    triplets_ds.compute_triplets(args, model)
  File "/home/franzhd/Aml_project/project_vg/datasets_ws.py", line 239, in compute_triplets
    cache = self.compute_cache(args, model, subset_ds, (len(self), args.features_dim))
  File "/home/franzhd/Aml_project/project_vg/datasets_ws.py", line 200, in compute_cache
    cache[indexes.numpy()] = features.cpu().numpy()
KeyboardInterrupt

