2022-01-18 15:33:04   Arguments: Namespace(upscale_input=False, downscale_input=True, augment_input='None', backbone='resnet18', use_netvlad=True, netvlad_clusters=64, use_gem=None, gem_p=3, gem_eps=1e-06, use_attention='crn', crn_lr=0.001, use_sgd=None, use_adagrad=None, momentum=0.9, train_batch_size=4, infer_batch_size=16, margin=0.1, epochs_num=20, patience=3, lr=1e-05, cache_refresh_rate=1000, queries_per_epoch=5000, negs_num_per_query=10, neg_samples_num=1000, seed=0, device='cuda', num_workers=8, val_positive_dist_threshold=25, train_positives_dist_threshold=10, recall_values=[1, 5, 10, 20], datasets_folder='./Dataset_pitts30k', exp_name='default', test_dataset_name=None, test_model_path=None, output_folder='runs/default/2022-01-18_15-33-04')
2022-01-18 15:33:04   The outputs are being saved in runs/default/2022-01-18_15-33-04
2022-01-18 15:33:04   Using 1 GPUs and 12 CPUs
2022-01-18 15:33:04   There are 96 queries without any positives within the training set. They won't be considered as they're useless for training.
2022-01-18 15:33:04   Train query set: < TripletsDataset, pitts30k - #database: 10000; #queries: 7320 >
2022-01-18 15:33:04   Val set: < BaseDataset, pitts30k - #database: 10000; #queries: 7608 >
2022-01-18 15:33:04   Test set: < BaseDataset, pitts30k - #database: 10000; #queries: 6816 >
2022-01-18 15:33:08   Output dimension of the model is 16384
2022-01-18 15:33:08   Start training epoch: 00
2022-01-18 15:43:38   Finished epoch 00 in 0:10:30, average epoch triplet loss = 0.0580
2022-01-18 15:44:57   Recalls on val set < BaseDataset, pitts30k - #database: 10000; #queries: 7608 >: R@1: 0.0, R@5: 0.0, R@10: 0.0, R@20: 0.0
2022-01-18 15:44:57   Not improved: 1 / 3: best R@5 = 0.0, current R@5 = 0.0
2022-01-18 15:44:57   Start training epoch: 01
2022-01-18 15:56:20   Finished epoch 01 in 0:11:23, average epoch triplet loss = 0.1000
2022-01-18 15:57:49   Recalls on val set < BaseDataset, pitts30k - #database: 10000; #queries: 7608 >: R@1: 0.0, R@5: 0.0, R@10: 0.0, R@20: 0.0
2022-01-18 15:57:49   Not improved: 2 / 3: best R@5 = 0.0, current R@5 = 0.0
2022-01-18 15:57:49   Start training epoch: 02
2022-01-18 15:58:09   
Traceback (most recent call last):
  File "/home/franzhd/Aml_project/project_vg/run_train.py", line 96, in <module>
    triplets_ds.compute_triplets(args, model)
  File "/home/franzhd/Aml_project/project_vg/datasets_ws.py", line 239, in compute_triplets
    cache = self.compute_cache(args, model, subset_ds, (len(self), args.features_dim))
  File "/home/franzhd/Aml_project/project_vg/datasets_ws.py", line 200, in compute_cache
    cache[indexes.numpy()] = features.cpu().numpy()
KeyboardInterrupt

