2022-01-06 12:42:12   Arguments: Namespace(cache_refresh_rate=1000, datasets_folder='./project_vg/Data', device='cuda', epochs_num=10, exp_name='default', infer_batch_size=16, lr=0.1, margin=0.1, neg_samples_num=1000, negs_num_per_query=10, netvlad_clusters=64, num_workers=8, output_folder='runs/default/2022-01-06_12-42-12', patience=3, queries_per_epoch=5000, recall_values=[1, 5, 10, 20], seed=0, train_batch_size=4, train_positives_dist_threshold=10, use_netvlad=None, val_positive_dist_threshold=25)
2022-01-06 12:42:12   The outputs are being saved in runs/default/2022-01-06_12-42-12
2022-01-06 12:42:12   Using 1 GPUs and 6 CPUs
2022-01-06 12:42:13   There are 96 queries without any positives within the training set. They won't be considered as they're useless for training.
2022-01-06 12:42:13   Train query set: < TripletsDataset, pitts30k - #database: 10000; #queries: 7320 >
2022-01-06 12:42:14   Val set: < BaseDataset, pitts30k - #database: 10000; #queries: 7608 >
2022-01-06 12:42:15   Test set: < BaseDataset, pitts30k - #database: 10000; #queries: 6816 >
2022-01-06 12:42:17   Output dimension of the model is 256
2022-01-06 12:42:17   Start training epoch: 00
2022-01-06 13:02:51   Finished epoch 00 in 0:20:33, average epoch triplet loss = 0.0595
2022-01-06 13:05:21   Recalls on val set < BaseDataset, pitts30k - #database: 10000; #queries: 7608 >: R@1: 31.0, R@5: 55.5, R@10: 67.6, R@20: 79.4
2022-01-06 13:05:24   Improved: previous best R@5 = 0.0, current R@5 = 55.5
2022-01-06 13:05:24   Start training epoch: 01
2022-01-06 13:26:01   Finished epoch 01 in 0:20:37, average epoch triplet loss = 0.0489
2022-01-06 13:28:32   Recalls on val set < BaseDataset, pitts30k - #database: 10000; #queries: 7608 >: R@1: 38.5, R@5: 62.0, R@10: 72.0, R@20: 81.1
2022-01-06 13:28:33   Improved: previous best R@5 = 55.5, current R@5 = 62.0
2022-01-06 13:28:33   Start training epoch: 02
2022-01-06 13:49:08   Finished epoch 02 in 0:20:34, average epoch triplet loss = 0.0407
2022-01-06 13:51:38   Recalls on val set < BaseDataset, pitts30k - #database: 10000; #queries: 7608 >: R@1: 36.0, R@5: 61.4, R@10: 71.8, R@20: 81.0
2022-01-06 13:51:40   Not improved: 1 / 3: best R@5 = 62.0, current R@5 = 61.4
2022-01-06 13:51:40   Start training epoch: 03
2022-01-06 14:12:14   Finished epoch 03 in 0:20:34, average epoch triplet loss = 0.0389
2022-01-06 14:14:45   Recalls on val set < BaseDataset, pitts30k - #database: 10000; #queries: 7608 >: R@1: 38.6, R@5: 62.8, R@10: 72.9, R@20: 81.9
2022-01-06 14:14:47   Improved: previous best R@5 = 62.0, current R@5 = 62.8
2022-01-06 14:14:47   Start training epoch: 04
2022-01-06 14:35:16   Finished epoch 04 in 0:20:29, average epoch triplet loss = 0.0374
2022-01-06 14:37:46   Recalls on val set < BaseDataset, pitts30k - #database: 10000; #queries: 7608 >: R@1: 45.5, R@5: 71.1, R@10: 80.1, R@20: 87.4
2022-01-06 14:37:47   Improved: previous best R@5 = 62.8, current R@5 = 71.1
2022-01-06 14:37:47   Start training epoch: 05
2022-01-06 14:58:15   Finished epoch 05 in 0:20:27, average epoch triplet loss = 0.0343
2022-01-06 15:00:45   Recalls on val set < BaseDataset, pitts30k - #database: 10000; #queries: 7608 >: R@1: 42.8, R@5: 66.5, R@10: 76.0, R@20: 84.0
2022-01-06 15:00:46   Not improved: 1 / 3: best R@5 = 71.1, current R@5 = 66.5
2022-01-06 15:00:46   Start training epoch: 06
2022-01-06 15:21:16   Finished epoch 06 in 0:20:29, average epoch triplet loss = 0.0320
2022-01-06 15:23:49   Recalls on val set < BaseDataset, pitts30k - #database: 10000; #queries: 7608 >: R@1: 47.0, R@5: 71.7, R@10: 80.5, R@20: 87.4
2022-01-06 15:23:51   Improved: previous best R@5 = 71.1, current R@5 = 71.7
2022-01-06 15:23:51   Start training epoch: 07
2022-01-06 15:44:23   Finished epoch 07 in 0:20:31, average epoch triplet loss = 0.0303
2022-01-06 15:46:53   Recalls on val set < BaseDataset, pitts30k - #database: 10000; #queries: 7608 >: R@1: 43.8, R@5: 69.2, R@10: 78.4, R@20: 86.0
2022-01-06 15:46:53   Not improved: 1 / 3: best R@5 = 71.7, current R@5 = 69.2
2022-01-06 15:46:53   Start training epoch: 08
2022-01-06 16:07:20   Finished epoch 08 in 0:20:26, average epoch triplet loss = 0.0285
2022-01-06 16:09:54   Recalls on val set < BaseDataset, pitts30k - #database: 10000; #queries: 7608 >: R@1: 45.6, R@5: 70.9, R@10: 79.4, R@20: 86.6
2022-01-06 16:09:55   Not improved: 2 / 3: best R@5 = 71.7, current R@5 = 70.9
2022-01-06 16:09:55   Start training epoch: 09
2022-01-06 16:30:23   Finished epoch 09 in 0:20:28, average epoch triplet loss = 0.0265
2022-01-06 16:32:54   Recalls on val set < BaseDataset, pitts30k - #database: 10000; #queries: 7608 >: R@1: 43.2, R@5: 66.9, R@10: 76.5, R@20: 84.9
2022-01-06 16:32:55   Not improved: 3 / 3: best R@5 = 71.7, current R@5 = 66.9
2022-01-06 16:32:55   Performance did not improve for 3 epochs. Stop training.
2022-01-06 16:32:55   Best R@5: 71.7
2022-01-06 16:32:55   Trained for 10 epochs, in total in 3:50:43
2022-01-06 16:35:20   Recalls on < BaseDataset, pitts30k - #database: 10000; #queries: 6816 >: R@1: 43.3, R@5: 70.2, R@10: 79.8, R@20: 87.5
