2022-01-18 10:15:40   Arguments: Namespace(augment_input='None', backbone='alexnet', cache_refresh_rate=1000, crn_lr=0.001, datasets_folder='./Dataset_pitts30k', device='cuda', downscale_input=False, epochs_num=20, exp_name='default', gem_eps=1e-06, gem_p=3, infer_batch_size=16, lr=1e-05, margin=0.1, momentum=0.9, neg_samples_num=1000, negs_num_per_query=10, netvlad_clusters=64, num_workers=4, output_folder='runs/default/2022-01-18_10-15-40', patience=3, queries_per_epoch=5000, recall_values=[1, 5, 10, 20], seed=0, test_dataset_name=None, test_model_path=None, train_batch_size=4, train_positives_dist_threshold=10, upscale_input=False, use_adagrad=None, use_attention=None, use_gem=None, use_netvlad=True, use_sgd=None, val_positive_dist_threshold=25)
2022-01-18 10:15:40   The outputs are being saved in runs/default/2022-01-18_10-15-40
2022-01-18 10:15:40   Using 1 GPUs and 4 CPUs
2022-01-18 10:15:40   There are 96 queries without any positives within the training set. They won't be considered as they're useless for training.
2022-01-18 10:15:40   Train query set: < TripletsDataset, pitts30k - #database: 10000; #queries: 7320 >
2022-01-18 10:15:41   Val set: < BaseDataset, pitts30k - #database: 10000; #queries: 7608 >
2022-01-18 10:15:41   Test set: < BaseDataset, pitts30k - #database: 10000; #queries: 6816 >
2022-01-18 10:15:45   Output dimension of the model is 16384
2022-01-18 10:15:45   Start training epoch: 00
2022-01-18 10:35:27   Finished epoch 00 in 0:19:41, average epoch triplet loss = 0.0431
2022-01-18 10:38:10   Recalls on val set < BaseDataset, pitts30k - #database: 10000; #queries: 7608 >: R@1: 73.4, R@5: 88.2, R@10: 92.4, R@20: 95.5
2022-01-18 10:38:10   Improved: previous best R@5 = 0.0, current R@5 = 88.2
2022-01-18 10:38:10   Start training epoch: 01
2022-01-18 11:00:19   Finished epoch 01 in 0:22:08, average epoch triplet loss = 0.0407
2022-01-18 11:03:02   Recalls on val set < BaseDataset, pitts30k - #database: 10000; #queries: 7608 >: R@1: 76.1, R@5: 89.6, R@10: 93.7, R@20: 96.3
2022-01-18 11:03:02   Improved: previous best R@5 = 88.2, current R@5 = 89.6
2022-01-18 11:03:02   Start training epoch: 02
2022-01-18 11:28:23   Finished epoch 02 in 0:25:21, average epoch triplet loss = 0.0394
2022-01-18 11:31:17   Recalls on val set < BaseDataset, pitts30k - #database: 10000; #queries: 7608 >: R@1: 77.6, R@5: 90.9, R@10: 94.5, R@20: 96.6
2022-01-18 11:31:17   Improved: previous best R@5 = 89.6, current R@5 = 90.9
2022-01-18 11:31:17   Start training epoch: 03
2022-01-18 11:55:25   Finished epoch 03 in 0:24:08, average epoch triplet loss = 0.0393
2022-01-18 11:58:20   Recalls on val set < BaseDataset, pitts30k - #database: 10000; #queries: 7608 >: R@1: 78.5, R@5: 91.8, R@10: 95.0, R@20: 96.9
2022-01-18 11:58:20   Improved: previous best R@5 = 90.9, current R@5 = 91.8
2022-01-18 11:58:20   Start training epoch: 04
2022-01-18 12:23:27   Finished epoch 04 in 0:25:06, average epoch triplet loss = 0.0387
2022-01-18 12:26:17   Recalls on val set < BaseDataset, pitts30k - #database: 10000; #queries: 7608 >: R@1: 78.9, R@5: 91.8, R@10: 95.0, R@20: 96.9
2022-01-18 12:26:17   Not improved: 1 / 3: best R@5 = 91.8, current R@5 = 91.8
2022-01-18 12:26:17   Start training epoch: 05
2022-01-18 12:51:21   Finished epoch 05 in 0:25:04, average epoch triplet loss = 0.0382
2022-01-18 12:54:11   Recalls on val set < BaseDataset, pitts30k - #database: 10000; #queries: 7608 >: R@1: 79.3, R@5: 92.1, R@10: 95.2, R@20: 97.1
2022-01-18 12:54:11   Improved: previous best R@5 = 91.8, current R@5 = 92.1
2022-01-18 12:54:11   Start training epoch: 06
2022-01-18 13:19:05   Finished epoch 06 in 0:24:53, average epoch triplet loss = 0.0378
2022-01-18 13:22:00   Recalls on val set < BaseDataset, pitts30k - #database: 10000; #queries: 7608 >: R@1: 79.9, R@5: 92.6, R@10: 95.5, R@20: 97.2
2022-01-18 13:22:00   Improved: previous best R@5 = 92.1, current R@5 = 92.6
2022-01-18 13:22:00   Start training epoch: 07
2022-01-18 13:47:03   Finished epoch 07 in 0:25:03, average epoch triplet loss = 0.0373
2022-01-18 13:49:58   Recalls on val set < BaseDataset, pitts30k - #database: 10000; #queries: 7608 >: R@1: 80.3, R@5: 92.7, R@10: 95.7, R@20: 97.3
2022-01-18 13:49:58   Improved: previous best R@5 = 92.6, current R@5 = 92.7
2022-01-18 13:49:58   Start training epoch: 08
2022-01-18 14:14:57   Finished epoch 08 in 0:24:58, average epoch triplet loss = 0.0369
2022-01-18 14:17:50   Recalls on val set < BaseDataset, pitts30k - #database: 10000; #queries: 7608 >: R@1: 80.7, R@5: 92.9, R@10: 95.8, R@20: 97.3
2022-01-18 14:17:50   Improved: previous best R@5 = 92.7, current R@5 = 92.9
2022-01-18 14:17:50   Start training epoch: 09
2022-01-18 14:42:46   Finished epoch 09 in 0:24:55, average epoch triplet loss = 0.0368
2022-01-18 14:45:40   Recalls on val set < BaseDataset, pitts30k - #database: 10000; #queries: 7608 >: R@1: 80.7, R@5: 93.1, R@10: 95.8, R@20: 97.3
2022-01-18 14:45:40   Improved: previous best R@5 = 92.9, current R@5 = 93.1
2022-01-18 14:45:40   Start training epoch: 10
2022-01-18 15:10:35   Finished epoch 10 in 0:24:54, average epoch triplet loss = 0.0359
2022-01-18 15:13:29   Recalls on val set < BaseDataset, pitts30k - #database: 10000; #queries: 7608 >: R@1: 81.0, R@5: 93.1, R@10: 95.9, R@20: 97.4
2022-01-18 15:13:29   Not improved: 1 / 3: best R@5 = 93.1, current R@5 = 93.1
2022-01-18 15:13:29   Start training epoch: 11
2022-01-18 15:37:59   Finished epoch 11 in 0:24:30, average epoch triplet loss = 0.0357
2022-01-18 15:40:50   Recalls on val set < BaseDataset, pitts30k - #database: 10000; #queries: 7608 >: R@1: 81.1, R@5: 93.1, R@10: 95.9, R@20: 97.4
2022-01-18 15:40:50   Improved: previous best R@5 = 93.1, current R@5 = 93.1
2022-01-18 15:40:50   Start training epoch: 12
2022-01-18 16:04:55   Finished epoch 12 in 0:24:04, average epoch triplet loss = 0.0353
2022-01-18 16:07:51   Recalls on val set < BaseDataset, pitts30k - #database: 10000; #queries: 7608 >: R@1: 81.3, R@5: 93.2, R@10: 96.0, R@20: 97.5
2022-01-18 16:07:51   Improved: previous best R@5 = 93.1, current R@5 = 93.2
2022-01-18 16:07:51   Start training epoch: 13
2022-01-18 16:33:11   Finished epoch 13 in 0:25:20, average epoch triplet loss = 0.0346
2022-01-18 16:36:09   Recalls on val set < BaseDataset, pitts30k - #database: 10000; #queries: 7608 >: R@1: 81.4, R@5: 93.3, R@10: 96.0, R@20: 97.5
2022-01-18 16:36:09   Improved: previous best R@5 = 93.2, current R@5 = 93.3
2022-01-18 16:36:09   Start training epoch: 14
2022-01-18 17:01:27   Finished epoch 14 in 0:25:18, average epoch triplet loss = 0.0351
2022-01-18 17:04:26   Recalls on val set < BaseDataset, pitts30k - #database: 10000; #queries: 7608 >: R@1: 81.6, R@5: 93.3, R@10: 96.0, R@20: 97.5
2022-01-18 17:04:26   Not improved: 1 / 3: best R@5 = 93.3, current R@5 = 93.3
2022-01-18 17:04:26   Start training epoch: 15
2022-01-18 17:29:52   Finished epoch 15 in 0:25:25, average epoch triplet loss = 0.0339
2022-01-18 17:32:52   Recalls on val set < BaseDataset, pitts30k - #database: 10000; #queries: 7608 >: R@1: 81.5, R@5: 93.3, R@10: 96.0, R@20: 97.6
2022-01-18 17:32:52   Improved: previous best R@5 = 93.3, current R@5 = 93.3
2022-01-18 17:32:52   Start training epoch: 16
2022-01-18 17:58:20   Finished epoch 16 in 0:25:27, average epoch triplet loss = 0.0342
2022-01-18 18:01:24   Recalls on val set < BaseDataset, pitts30k - #database: 10000; #queries: 7608 >: R@1: 81.5, R@5: 93.5, R@10: 96.0, R@20: 97.7
2022-01-18 18:01:24   Improved: previous best R@5 = 93.3, current R@5 = 93.5
2022-01-18 18:01:24   Start training epoch: 17
2022-01-18 18:26:56   Finished epoch 17 in 0:25:32, average epoch triplet loss = 0.0337
2022-01-18 18:29:59   Recalls on val set < BaseDataset, pitts30k - #database: 10000; #queries: 7608 >: R@1: 81.8, R@5: 93.4, R@10: 95.9, R@20: 97.6
2022-01-18 18:29:59   Not improved: 1 / 3: best R@5 = 93.5, current R@5 = 93.4
2022-01-18 18:29:59   Start training epoch: 18
2022-01-18 18:55:13   Finished epoch 18 in 0:25:14, average epoch triplet loss = 0.0330
2022-01-18 18:58:14   Recalls on val set < BaseDataset, pitts30k - #database: 10000; #queries: 7608 >: R@1: 81.7, R@5: 93.5, R@10: 95.9, R@20: 97.6
2022-01-18 18:58:14   Not improved: 2 / 3: best R@5 = 93.5, current R@5 = 93.5
2022-01-18 18:58:14   Start training epoch: 19
2022-01-18 19:23:22   Finished epoch 19 in 0:25:07, average epoch triplet loss = 0.0335
2022-01-18 19:26:18   Recalls on val set < BaseDataset, pitts30k - #database: 10000; #queries: 7608 >: R@1: 81.9, R@5: 93.4, R@10: 96.0, R@20: 97.6
2022-01-18 19:26:18   Not improved: 3 / 3: best R@5 = 93.5, current R@5 = 93.4
2022-01-18 19:26:18   Performance did not improve for 3 epochs. Stop training.
2022-01-18 19:26:18   Best R@5: 93.5
2022-01-18 19:26:18   Trained for 20 epochs, in total in 9:10:38
2022-01-18 19:29:15   Recalls on < BaseDataset, pitts30k - #database: 10000; #queries: 6816 >: R@1: 79.4, R@5: 90.0, R@10: 93.0, R@20: 95.3
