2022-01-18 19:41:25   Arguments: Namespace(attention_lr=0.001, augment_input='None', backbone='resnet50moco-conv4', cache_refresh_rate=1000, datasets_folder='./Dataset_pitts30k', device='cuda', downscale_input=True, epochs_num=20, exp_name='default', gem_eps=1e-06, gem_p=3, infer_batch_size=16, lr=1e-05, margin=0.1, momentum=0.9, neg_samples_num=1000, negs_num_per_query=10, netvlad_clusters=64, num_workers=4, output_folder='runs/default/2022-01-18_19-41-25', patience=3, queries_per_epoch=5000, recall_values=[1, 5, 10, 20], save_attention_mask=None, seed=0, test_dataset_name=None, test_model_path=None, train_batch_size=4, train_positives_dist_threshold=10, upscale_input=False, use_adagrad=None, use_attention=None, use_gem=None, use_netvlad=True, use_sgd=None, val_positive_dist_threshold=25)
2022-01-18 19:41:25   The outputs are being saved in runs/default/2022-01-18_19-41-25
2022-01-18 19:41:25   Using 1 GPUs and 4 CPUs
2022-01-18 19:41:25   There are 96 queries without any positives within the training set. They won't be considered as they're useless for training.
2022-01-18 19:41:25   Train query set: < TripletsDataset, pitts30k - #database: 10000; #queries: 7320 >
2022-01-18 19:41:26   Val set: < BaseDataset, pitts30k - #database: 10000; #queries: 7608 >
2022-01-18 19:41:26   Test set: < BaseDataset, pitts30k - #database: 10000; #queries: 6816 >
2022-01-18 19:41:30   Output dimension of the model is 65536
2022-01-18 19:41:30   Start training epoch: 00
2022-01-18 20:27:16   Finished epoch 00 in 0:45:46, average epoch triplet loss = 0.0210
2022-01-18 20:32:36   Recalls on val set < BaseDataset, pitts30k - #database: 10000; #queries: 7608 >: R@1: 87.1, R@5: 95.2, R@10: 96.8, R@20: 98.0
2022-01-18 20:32:36   Improved: previous best R@5 = 0.0, current R@5 = 95.2
2022-01-18 20:32:36   Start training epoch: 01
2022-01-18 21:24:30   Finished epoch 01 in 0:51:53, average epoch triplet loss = 0.0125
2022-01-18 21:29:51   Recalls on val set < BaseDataset, pitts30k - #database: 10000; #queries: 7608 >: R@1: 87.9, R@5: 95.7, R@10: 97.2, R@20: 98.2
2022-01-18 21:29:51   Improved: previous best R@5 = 95.2, current R@5 = 95.7
2022-01-18 21:29:51   Start training epoch: 02
2022-01-18 22:20:47   Finished epoch 02 in 0:50:56, average epoch triplet loss = 0.0084
2022-01-18 22:26:01   Recalls on val set < BaseDataset, pitts30k - #database: 10000; #queries: 7608 >: R@1: 88.0, R@5: 95.4, R@10: 97.1, R@20: 98.1
2022-01-18 22:26:01   Not improved: 1 / 3: best R@5 = 95.7, current R@5 = 95.4
2022-01-18 22:26:01   Start training epoch: 03
2022-01-18 23:17:20   Finished epoch 03 in 0:51:19, average epoch triplet loss = 0.0071
2022-01-18 23:22:31   Recalls on val set < BaseDataset, pitts30k - #database: 10000; #queries: 7608 >: R@1: 88.2, R@5: 95.4, R@10: 97.0, R@20: 98.1
2022-01-18 23:22:31   Not improved: 2 / 3: best R@5 = 95.7, current R@5 = 95.4
2022-01-18 23:22:31   Start training epoch: 04
2022-01-19 00:13:11   Finished epoch 04 in 0:50:39, average epoch triplet loss = 0.0062
2022-01-19 00:18:24   Recalls on val set < BaseDataset, pitts30k - #database: 10000; #queries: 7608 >: R@1: 87.8, R@5: 95.2, R@10: 96.8, R@20: 98.1
2022-01-19 00:18:25   Not improved: 3 / 3: best R@5 = 95.7, current R@5 = 95.2
2022-01-19 00:18:25   Performance did not improve for 3 epochs. Stop training.
2022-01-19 00:18:25   Best R@5: 95.7
2022-01-19 00:18:25   Trained for 05 epochs, in total in 4:36:59
2022-01-19 00:23:11   Recalls on < BaseDataset, pitts30k - #database: 10000; #queries: 6816 >: R@1: 84.9, R@5: 92.4, R@10: 94.5, R@20: 96.0
