2022-01-16 19:22:27   Arguments: Namespace(augment_input='None', backbone='resnet18', cache_refresh_rate=1000, datasets_folder='./Dataset_pitts30k', device='cuda', downscale_input=False, epochs_num=20, exp_name='default', gem_eps=1e-06, gem_p=3, infer_batch_size=16, lr=1e-06, margin=0.1, momentum=0.9, neg_samples_num=1000, negs_num_per_query=10, netvlad_clusters=64, num_workers=8, output_folder='runs/default/2022-01-16_19-22-27', patience=3, queries_per_epoch=5000, recall_values=[1, 5, 10, 20], seed=0, test_dataset_name=None, test_model_path=None, train_batch_size=4, train_positives_dist_threshold=10, upscale_input=False, use_adagrad=None, use_gem=True, use_netvlad=None, use_sgd=True, val_positive_dist_threshold=25)
2022-01-16 19:22:27   The outputs are being saved in runs/default/2022-01-16_19-22-27
2022-01-16 19:22:27   Using 1 GPUs and 6 CPUs
2022-01-16 19:22:29   There are 96 queries without any positives within the training set. They won't be considered as they're useless for training.
2022-01-16 19:22:29   Train query set: < TripletsDataset, pitts30k - #database: 10000; #queries: 7320 >
2022-01-16 19:22:30   Val set: < BaseDataset, pitts30k - #database: 10000; #queries: 7608 >
2022-01-16 19:22:32   Test set: < BaseDataset, pitts30k - #database: 10000; #queries: 6816 >
2022-01-16 19:23:06   Output dimension of the model is 256
2022-01-16 19:23:06   Start training epoch: 00
2022-01-16 20:03:59   Finished epoch 00 in 0:40:53, average epoch triplet loss = 0.0852
2022-01-16 20:09:05   Recalls on val set < BaseDataset, pitts30k - #database: 10000; #queries: 7608 >: R@1: 30.5, R@5: 48.3, R@10: 56.9, R@20: 67.0
2022-01-16 20:09:07   Improved: previous best R@5 = 0.0, current R@5 = 48.3
2022-01-16 20:09:07   Start training epoch: 01
2022-01-16 20:50:01   Finished epoch 01 in 0:40:54, average epoch triplet loss = 0.0888
2022-01-16 20:55:06   Recalls on val set < BaseDataset, pitts30k - #database: 10000; #queries: 7608 >: R@1: 29.9, R@5: 47.9, R@10: 56.2, R@20: 66.3
2022-01-16 20:55:07   Not improved: 1 / 3: best R@5 = 48.3, current R@5 = 47.9
2022-01-16 20:55:07   Start training epoch: 02
2022-01-16 21:36:01   Finished epoch 02 in 0:40:53, average epoch triplet loss = 0.0911
2022-01-16 21:41:06   Recalls on val set < BaseDataset, pitts30k - #database: 10000; #queries: 7608 >: R@1: 30.2, R@5: 48.1, R@10: 56.5, R@20: 66.4
2022-01-16 21:41:07   Not improved: 2 / 3: best R@5 = 48.3, current R@5 = 48.1
2022-01-16 21:41:07   Start training epoch: 03
2022-01-16 22:22:02   Finished epoch 03 in 0:40:55, average epoch triplet loss = 0.0933
2022-01-16 22:27:07   Recalls on val set < BaseDataset, pitts30k - #database: 10000; #queries: 7608 >: R@1: 30.2, R@5: 48.4, R@10: 56.5, R@20: 66.5
2022-01-16 22:27:08   Improved: previous best R@5 = 48.3, current R@5 = 48.4
2022-01-16 22:27:08   Start training epoch: 04
2022-01-16 23:08:03   Finished epoch 04 in 0:40:54, average epoch triplet loss = 0.0944
2022-01-16 23:13:08   Recalls on val set < BaseDataset, pitts30k - #database: 10000; #queries: 7608 >: R@1: 29.9, R@5: 47.9, R@10: 56.5, R@20: 66.5
2022-01-16 23:13:09   Not improved: 1 / 3: best R@5 = 48.4, current R@5 = 47.9
2022-01-16 23:13:09   Start training epoch: 05
2022-01-16 23:54:03   Finished epoch 05 in 0:40:54, average epoch triplet loss = 0.0955
2022-01-16 23:59:09   Recalls on val set < BaseDataset, pitts30k - #database: 10000; #queries: 7608 >: R@1: 30.2, R@5: 48.7, R@10: 57.3, R@20: 66.8
2022-01-16 23:59:10   Improved: previous best R@5 = 48.4, current R@5 = 48.7
2022-01-16 23:59:10   Start training epoch: 06
2022-01-17 00:40:06   Finished epoch 06 in 0:40:55, average epoch triplet loss = 0.0959
2022-01-17 00:45:11   Recalls on val set < BaseDataset, pitts30k - #database: 10000; #queries: 7608 >: R@1: 30.9, R@5: 48.9, R@10: 57.8, R@20: 67.4
2022-01-17 00:45:13   Improved: previous best R@5 = 48.7, current R@5 = 48.9
2022-01-17 00:45:13   Start training epoch: 07
2022-01-17 01:26:10   Finished epoch 07 in 0:40:57, average epoch triplet loss = 0.0972
2022-01-17 01:31:16   Recalls on val set < BaseDataset, pitts30k - #database: 10000; #queries: 7608 >: R@1: 30.6, R@5: 48.4, R@10: 57.2, R@20: 66.8
2022-01-17 01:31:17   Not improved: 1 / 3: best R@5 = 48.9, current R@5 = 48.4
2022-01-17 01:31:17   Start training epoch: 08
2022-01-17 02:12:11   Finished epoch 08 in 0:40:54, average epoch triplet loss = 0.0976
2022-01-17 02:17:16   Recalls on val set < BaseDataset, pitts30k - #database: 10000; #queries: 7608 >: R@1: 30.1, R@5: 47.6, R@10: 56.4, R@20: 66.7
2022-01-17 02:17:17   Not improved: 2 / 3: best R@5 = 48.9, current R@5 = 47.6
2022-01-17 02:17:17   Start training epoch: 09
2022-01-17 02:58:13   Finished epoch 09 in 0:40:56, average epoch triplet loss = 0.0981
2022-01-17 03:03:19   Recalls on val set < BaseDataset, pitts30k - #database: 10000; #queries: 7608 >: R@1: 29.1, R@5: 47.0, R@10: 55.7, R@20: 65.4
2022-01-17 03:03:20   Not improved: 3 / 3: best R@5 = 48.9, current R@5 = 47.0
2022-01-17 03:03:20   Performance did not improve for 3 epochs. Stop training.
2022-01-17 03:03:20   Best R@5: 48.9
2022-01-17 03:03:20   Trained for 10 epochs, in total in 7:40:53
2022-01-17 03:08:15   Recalls on < BaseDataset, pitts30k - #database: 10000; #queries: 6816 >: R@1: 38.6, R@5: 57.4, R@10: 66.3, R@20: 76.0
