2022-01-11 01:27:07   Arguments: Namespace(use_netvlad=True, netvlad_clusters=64, use_gem=None, gem_p=3, gem_eps=1e-06, use_sgd=True, use_adagrad=None, momentum=0.99, train_batch_size=4, infer_batch_size=16, margin=0.1, epochs_num=10, patience=3, lr=1e-05, cache_refresh_rate=1000, queries_per_epoch=5000, negs_num_per_query=10, neg_samples_num=1000, seed=0, device='cuda', num_workers=8, val_positive_dist_threshold=25, train_positives_dist_threshold=10, recall_values=[1, 5, 10, 20], datasets_folder='./Data', exp_name='default', output_folder='runs/default/2022-01-11_01-27-07')
2022-01-11 01:27:07   The outputs are being saved in runs/default/2022-01-11_01-27-07
2022-01-11 01:27:07   Using 1 GPUs and 12 CPUs
2022-01-11 01:27:07   Loading dataset Pitts30k from folder ./Data
2022-01-11 01:27:07   There are 96 queries without any positives within the training set. They won't be considered as they're useless for training.
2022-01-11 01:27:07   Train query set: < TripletsDataset, pitts30k - #database: 10000; #queries: 7320 >
2022-01-11 01:27:07   Val set: < BaseDataset, pitts30k - #database: 10000; #queries: 7608 >
2022-01-11 01:27:07   Test set: < BaseDataset, pitts30k - #database: 10000; #queries: 6816 >
2022-01-11 01:27:07   Train only conv4 of the ResNet-18 (remove conv5), freeze the previous ones
2022-01-11 01:27:11   Output dimension of the model is 16384
2022-01-11 01:27:11   Start training epoch: 00
2022-01-11 01:27:11   Cache: 0 / 5
2022-01-11 01:30:00   Epoch[00](0/5): current batch triplet loss = 0.0972, average epoch triplet loss = 0.0981
2022-01-11 01:30:00   Cache: 1 / 5
2022-01-11 01:32:54   Epoch[00](1/5): current batch triplet loss = 0.1027, average epoch triplet loss = 0.0983
2022-01-11 01:32:54   Cache: 2 / 5
2022-01-11 01:35:45   Epoch[00](2/5): current batch triplet loss = 0.0999, average epoch triplet loss = 0.0984
2022-01-11 01:35:45   Cache: 3 / 5
2022-01-11 01:38:36   Epoch[00](3/5): current batch triplet loss = 0.1018, average epoch triplet loss = 0.0984
2022-01-11 01:38:36   Cache: 4 / 5
2022-01-11 01:41:27   Epoch[00](4/5): current batch triplet loss = 0.1001, average epoch triplet loss = 0.0985
2022-01-11 01:41:27   Finished epoch 00 in 0:14:15, average epoch triplet loss = 0.0985
2022-01-11 01:41:27   Extracting database features for evaluation/testing
2022-01-11 01:42:02   Extracting queries features for evaluation/testing
2022-01-11 01:42:54   Calculating recalls
2022-01-11 01:43:19   Recalls on val set < BaseDataset, pitts30k - #database: 10000; #queries: 7608 >: R@1: 24.3, R@5: 38.9, R@10: 46.7, R@20: 55.7
2022-01-11 01:43:19   Improved: previous best R@5 = 0.0, current R@5 = 38.9
2022-01-11 01:43:19   Start training epoch: 01
2022-01-11 01:43:19   Cache: 0 / 5
2022-01-11 01:46:11   Epoch[01](0/5): current batch triplet loss = 0.1001, average epoch triplet loss = 0.0988
2022-01-11 01:46:11   Cache: 1 / 5
2022-01-11 01:49:02   Epoch[01](1/5): current batch triplet loss = 0.0983, average epoch triplet loss = 0.0988
2022-01-11 01:49:02   Cache: 2 / 5
2022-01-11 01:51:53   Epoch[01](2/5): current batch triplet loss = 0.1005, average epoch triplet loss = 0.0989
2022-01-11 01:51:53   Cache: 3 / 5
2022-01-11 01:54:46   Epoch[01](3/5): current batch triplet loss = 0.0951, average epoch triplet loss = 0.0989
2022-01-11 01:54:46   Cache: 4 / 5
2022-01-11 01:57:38   Epoch[01](4/5): current batch triplet loss = 0.1002, average epoch triplet loss = 0.0990
2022-01-11 01:57:38   Finished epoch 01 in 0:14:18, average epoch triplet loss = 0.0990
2022-01-11 01:57:38   Extracting database features for evaluation/testing
2022-01-11 01:58:13   Extracting queries features for evaluation/testing
2022-01-11 01:59:02   Calculating recalls
2022-01-11 01:59:28   Recalls on val set < BaseDataset, pitts30k - #database: 10000; #queries: 7608 >: R@1: 24.4, R@5: 38.8, R@10: 46.7, R@20: 55.6
2022-01-11 01:59:28   Not improved: 1 / 3: best R@5 = 38.9, current R@5 = 38.8
2022-01-11 01:59:28   Start training epoch: 02
2022-01-11 01:59:28   Cache: 0 / 5
2022-01-11 02:02:20   Epoch[02](0/5): current batch triplet loss = 0.0998, average epoch triplet loss = 0.0991
2022-01-11 02:02:20   Cache: 1 / 5
2022-01-11 02:05:12   Epoch[02](1/5): current batch triplet loss = 0.0989, average epoch triplet loss = 0.0993
2022-01-11 02:05:12   Cache: 2 / 5
2022-01-11 02:08:03   Epoch[02](2/5): current batch triplet loss = 0.0941, average epoch triplet loss = 0.0993
2022-01-11 02:08:03   Cache: 3 / 5
2022-01-11 02:10:55   Epoch[02](3/5): current batch triplet loss = 0.0992, average epoch triplet loss = 0.0992
2022-01-11 02:10:55   Cache: 4 / 5
2022-01-11 02:13:47   Epoch[02](4/5): current batch triplet loss = 0.1002, average epoch triplet loss = 0.0993
2022-01-11 02:13:47   Finished epoch 02 in 0:14:18, average epoch triplet loss = 0.0993
2022-01-11 02:13:47   Extracting database features for evaluation/testing
2022-01-11 02:14:22   Extracting queries features for evaluation/testing
2022-01-11 02:15:08   Calculating recalls
2022-01-11 02:15:29   Recalls on val set < BaseDataset, pitts30k - #database: 10000; #queries: 7608 >: R@1: 24.6, R@5: 39.2, R@10: 47.1, R@20: 56.2
2022-01-11 02:15:30   Improved: previous best R@5 = 38.9, current R@5 = 39.2
2022-01-11 02:15:30   Start training epoch: 03
2022-01-11 02:15:30   Cache: 0 / 5
2022-01-11 02:18:22   Epoch[03](0/5): current batch triplet loss = 0.1016, average epoch triplet loss = 0.0991
2022-01-11 02:18:22   Cache: 1 / 5
2022-01-11 02:21:13   Epoch[03](1/5): current batch triplet loss = 0.0983, average epoch triplet loss = 0.0993
2022-01-11 02:21:13   Cache: 2 / 5
2022-01-11 02:24:05   Epoch[03](2/5): current batch triplet loss = 0.0948, average epoch triplet loss = 0.0994
2022-01-11 02:24:05   Cache: 3 / 5
2022-01-11 02:26:57   Epoch[03](3/5): current batch triplet loss = 0.1006, average epoch triplet loss = 0.0994
2022-01-11 02:26:57   Cache: 4 / 5
2022-01-11 02:29:49   Epoch[03](4/5): current batch triplet loss = 0.1007, average epoch triplet loss = 0.0994
2022-01-11 02:29:49   Finished epoch 03 in 0:14:19, average epoch triplet loss = 0.0994
2022-01-11 02:29:49   Extracting database features for evaluation/testing
2022-01-11 02:30:24   Extracting queries features for evaluation/testing
2022-01-11 02:31:20   Calculating recalls
2022-01-11 02:31:46   Recalls on val set < BaseDataset, pitts30k - #database: 10000; #queries: 7608 >: R@1: 25.4, R@5: 40.7, R@10: 48.8, R@20: 58.0
2022-01-11 02:31:46   Improved: previous best R@5 = 39.2, current R@5 = 40.7
2022-01-11 02:31:46   Start training epoch: 04
2022-01-11 02:31:46   Cache: 0 / 5
2022-01-11 02:34:38   Epoch[04](0/5): current batch triplet loss = 0.0984, average epoch triplet loss = 0.0999
2022-01-11 02:34:38   Cache: 1 / 5
2022-01-11 02:37:29   Epoch[04](1/5): current batch triplet loss = 0.0990, average epoch triplet loss = 0.0996
2022-01-11 02:37:29   Cache: 2 / 5
2022-01-11 02:40:22   Epoch[04](2/5): current batch triplet loss = 0.1024, average epoch triplet loss = 0.0997
2022-01-11 02:40:22   Cache: 3 / 5
2022-01-11 02:43:14   Epoch[04](3/5): current batch triplet loss = 0.1004, average epoch triplet loss = 0.0997
2022-01-11 02:43:14   Cache: 4 / 5
2022-01-11 02:46:05   Epoch[04](4/5): current batch triplet loss = 0.1025, average epoch triplet loss = 0.0997
2022-01-11 02:46:05   Finished epoch 04 in 0:14:18, average epoch triplet loss = 0.0997
2022-01-11 02:46:05   Extracting database features for evaluation/testing
2022-01-11 02:46:41   Extracting queries features for evaluation/testing
2022-01-11 02:47:26   Calculating recalls
2022-01-11 02:47:47   Recalls on val set < BaseDataset, pitts30k - #database: 10000; #queries: 7608 >: R@1: 25.6, R@5: 40.6, R@10: 49.0, R@20: 58.4
2022-01-11 02:47:48   Not improved: 1 / 3: best R@5 = 40.7, current R@5 = 40.6
2022-01-11 02:47:48   Start training epoch: 05
2022-01-11 02:47:48   Cache: 0 / 5
2022-01-11 02:50:39   Epoch[05](0/5): current batch triplet loss = 0.1001, average epoch triplet loss = 0.0998
2022-01-11 02:50:39   Cache: 1 / 5
2022-01-11 02:53:31   Epoch[05](1/5): current batch triplet loss = 0.0969, average epoch triplet loss = 0.0997
2022-01-11 02:53:31   Cache: 2 / 5
2022-01-11 02:56:23   Epoch[05](2/5): current batch triplet loss = 0.0989, average epoch triplet loss = 0.0997
2022-01-11 02:56:23   Cache: 3 / 5
2022-01-11 02:59:15   Epoch[05](3/5): current batch triplet loss = 0.0930, average epoch triplet loss = 0.0997
2022-01-11 02:59:15   Cache: 4 / 5
2022-01-11 03:02:06   Epoch[05](4/5): current batch triplet loss = 0.1019, average epoch triplet loss = 0.0997
2022-01-11 03:02:06   Finished epoch 05 in 0:14:18, average epoch triplet loss = 0.0997
2022-01-11 03:02:06   Extracting database features for evaluation/testing
2022-01-11 03:02:41   Extracting queries features for evaluation/testing
2022-01-11 03:03:25   Calculating recalls
2022-01-11 03:03:46   Recalls on val set < BaseDataset, pitts30k - #database: 10000; #queries: 7608 >: R@1: 26.0, R@5: 41.4, R@10: 50.2, R@20: 59.5
2022-01-11 03:03:47   Improved: previous best R@5 = 40.7, current R@5 = 41.4
2022-01-11 03:03:47   Start training epoch: 06
2022-01-11 03:03:47   Cache: 0 / 5
2022-01-11 03:06:39   Epoch[06](0/5): current batch triplet loss = 0.1006, average epoch triplet loss = 0.0997
2022-01-11 03:06:39   Cache: 1 / 5
2022-01-11 03:09:30   Epoch[06](1/5): current batch triplet loss = 0.0976, average epoch triplet loss = 0.0997
2022-01-11 03:09:30   Cache: 2 / 5
2022-01-11 03:12:22   Epoch[06](2/5): current batch triplet loss = 0.0941, average epoch triplet loss = 0.0997
2022-01-11 03:12:22   Cache: 3 / 5
2022-01-11 03:15:14   Epoch[06](3/5): current batch triplet loss = 0.0997, average epoch triplet loss = 0.0997
2022-01-11 03:15:14   Cache: 4 / 5
2022-01-11 03:18:05   Epoch[06](4/5): current batch triplet loss = 0.1003, average epoch triplet loss = 0.0997
2022-01-11 03:18:05   Finished epoch 06 in 0:14:18, average epoch triplet loss = 0.0997
2022-01-11 03:18:05   Extracting database features for evaluation/testing
2022-01-11 03:18:41   Extracting queries features for evaluation/testing
2022-01-11 03:19:08   Calculating recalls
2022-01-11 03:19:31   Recalls on val set < BaseDataset, pitts30k - #database: 10000; #queries: 7608 >: R@1: 26.6, R@5: 42.3, R@10: 51.0, R@20: 60.6
2022-01-11 03:19:31   Improved: previous best R@5 = 41.4, current R@5 = 42.3
2022-01-11 03:19:31   Start training epoch: 07
2022-01-11 03:19:31   Cache: 0 / 5
2022-01-11 03:22:23   Epoch[07](0/5): current batch triplet loss = 0.0984, average epoch triplet loss = 0.1000
2022-01-11 03:22:23   Cache: 1 / 5
2022-01-11 03:25:15   Epoch[07](1/5): current batch triplet loss = 0.0936, average epoch triplet loss = 0.0997
2022-01-11 03:25:15   Cache: 2 / 5
2022-01-11 03:28:07   Epoch[07](2/5): current batch triplet loss = 0.1024, average epoch triplet loss = 0.0997
2022-01-11 03:28:07   Cache: 3 / 5
2022-01-11 03:30:59   Epoch[07](3/5): current batch triplet loss = 0.1001, average epoch triplet loss = 0.0998
2022-01-11 03:30:59   Cache: 4 / 5
2022-01-11 03:33:50   Epoch[07](4/5): current batch triplet loss = 0.0941, average epoch triplet loss = 0.0998
2022-01-11 03:33:50   Finished epoch 07 in 0:14:18, average epoch triplet loss = 0.0998
2022-01-11 03:33:50   Extracting database features for evaluation/testing
2022-01-11 03:34:25   Extracting queries features for evaluation/testing
2022-01-11 03:35:00   Calculating recalls
2022-01-11 03:35:34   Recalls on val set < BaseDataset, pitts30k - #database: 10000; #queries: 7608 >: R@1: 26.7, R@5: 42.6, R@10: 51.4, R@20: 60.8
2022-01-11 03:35:34   Improved: previous best R@5 = 42.3, current R@5 = 42.6
2022-01-11 03:35:34   Start training epoch: 08
2022-01-11 03:35:34   Cache: 0 / 5
2022-01-11 03:38:26   Epoch[08](0/5): current batch triplet loss = 0.1009, average epoch triplet loss = 0.1000
2022-01-11 03:38:26   Cache: 1 / 5
2022-01-11 03:41:17   Epoch[08](1/5): current batch triplet loss = 0.1013, average epoch triplet loss = 0.0999
2022-01-11 03:41:17   Cache: 2 / 5
2022-01-11 03:44:09   Epoch[08](2/5): current batch triplet loss = 0.0995, average epoch triplet loss = 0.0999
2022-01-11 03:44:09   Cache: 3 / 5
2022-01-11 03:47:00   Epoch[08](3/5): current batch triplet loss = 0.0996, average epoch triplet loss = 0.0998
2022-01-11 03:47:00   Cache: 4 / 5
2022-01-11 03:49:51   Epoch[08](4/5): current batch triplet loss = 0.1002, average epoch triplet loss = 0.0998
2022-01-11 03:49:51   Finished epoch 08 in 0:14:17, average epoch triplet loss = 0.0998
2022-01-11 03:49:51   Extracting database features for evaluation/testing
2022-01-11 03:50:26   Extracting queries features for evaluation/testing
2022-01-11 03:51:05   Calculating recalls
2022-01-11 03:51:36   Recalls on val set < BaseDataset, pitts30k - #database: 10000; #queries: 7608 >: R@1: 27.4, R@5: 43.7, R@10: 52.5, R@20: 62.0
2022-01-11 03:51:37   Improved: previous best R@5 = 42.6, current R@5 = 43.7
2022-01-11 03:51:37   Start training epoch: 09
2022-01-11 03:51:37   Cache: 0 / 5
2022-01-11 03:54:28   Epoch[09](0/5): current batch triplet loss = 0.0984, average epoch triplet loss = 0.0999
2022-01-11 03:54:28   Cache: 1 / 5
2022-01-11 03:57:20   Epoch[09](1/5): current batch triplet loss = 0.0991, average epoch triplet loss = 0.0998
2022-01-11 03:57:20   Cache: 2 / 5
2022-01-11 04:00:12   Epoch[09](2/5): current batch triplet loss = 0.1017, average epoch triplet loss = 0.0999
2022-01-11 04:00:12   Cache: 3 / 5
2022-01-11 04:03:03   Epoch[09](3/5): current batch triplet loss = 0.0994, average epoch triplet loss = 0.0998
2022-01-11 04:03:03   Cache: 4 / 5
2022-01-11 04:05:55   Epoch[09](4/5): current batch triplet loss = 0.1002, average epoch triplet loss = 0.0998
2022-01-11 04:05:55   Finished epoch 09 in 0:14:18, average epoch triplet loss = 0.0998
2022-01-11 04:05:55   Extracting database features for evaluation/testing
2022-01-11 04:06:30   Extracting queries features for evaluation/testing
2022-01-11 04:07:04   Calculating recalls
2022-01-11 04:07:30   Recalls on val set < BaseDataset, pitts30k - #database: 10000; #queries: 7608 >: R@1: 26.6, R@5: 42.8, R@10: 51.6, R@20: 61.2
2022-01-11 04:07:30   Not improved: 1 / 3: best R@5 = 43.7, current R@5 = 42.8
2022-01-11 04:07:30   Best R@5: 43.7
2022-01-11 04:07:30   Trained for 10 epochs, in total in 2:40:22
2022-01-11 04:07:30   Extracting database features for evaluation/testing
2022-01-11 04:08:05   Extracting queries features for evaluation/testing
2022-01-11 04:08:29   Calculating recalls
2022-01-11 04:08:48   Recalls on < BaseDataset, pitts30k - #database: 10000; #queries: 6816 >: R@1: 33.3, R@5: 52.8, R@10: 63.0, R@20: 73.2
