2022-01-11 01:27:07   Arguments: Namespace(use_netvlad=True, netvlad_clusters=64, use_gem=None, gem_p=3, gem_eps=1e-06, use_sgd=True, use_adagrad=None, momentum=0.99, train_batch_size=4, infer_batch_size=16, margin=0.1, epochs_num=10, patience=3, lr=1e-05, cache_refresh_rate=1000, queries_per_epoch=5000, negs_num_per_query=10, neg_samples_num=1000, seed=0, device='cuda', num_workers=8, val_positive_dist_threshold=25, train_positives_dist_threshold=10, recall_values=[1, 5, 10, 20], datasets_folder='./Data', exp_name='default', output_folder='runs/default/2022-01-11_01-27-07')
2022-01-11 01:27:07   The outputs are being saved in runs/default/2022-01-11_01-27-07
2022-01-11 01:27:07   Using 1 GPUs and 12 CPUs
2022-01-11 01:27:07   There are 96 queries without any positives within the training set. They won't be considered as they're useless for training.
2022-01-11 01:27:07   Train query set: < TripletsDataset, pitts30k - #database: 10000; #queries: 7320 >
2022-01-11 01:27:07   Val set: < BaseDataset, pitts30k - #database: 10000; #queries: 7608 >
2022-01-11 01:27:07   Test set: < BaseDataset, pitts30k - #database: 10000; #queries: 6816 >
2022-01-11 01:27:11   Output dimension of the model is 16384
2022-01-11 01:27:11   Start training epoch: 00
2022-01-11 01:41:27   Finished epoch 00 in 0:14:15, average epoch triplet loss = 0.0985
2022-01-11 01:43:19   Recalls on val set < BaseDataset, pitts30k - #database: 10000; #queries: 7608 >: R@1: 24.3, R@5: 38.9, R@10: 46.7, R@20: 55.7
2022-01-11 01:43:19   Improved: previous best R@5 = 0.0, current R@5 = 38.9
2022-01-11 01:43:19   Start training epoch: 01
2022-01-11 01:57:38   Finished epoch 01 in 0:14:18, average epoch triplet loss = 0.0990
2022-01-11 01:59:28   Recalls on val set < BaseDataset, pitts30k - #database: 10000; #queries: 7608 >: R@1: 24.4, R@5: 38.8, R@10: 46.7, R@20: 55.6
2022-01-11 01:59:28   Not improved: 1 / 3: best R@5 = 38.9, current R@5 = 38.8
2022-01-11 01:59:28   Start training epoch: 02
2022-01-11 02:13:47   Finished epoch 02 in 0:14:18, average epoch triplet loss = 0.0993
2022-01-11 02:15:29   Recalls on val set < BaseDataset, pitts30k - #database: 10000; #queries: 7608 >: R@1: 24.6, R@5: 39.2, R@10: 47.1, R@20: 56.2
2022-01-11 02:15:30   Improved: previous best R@5 = 38.9, current R@5 = 39.2
2022-01-11 02:15:30   Start training epoch: 03
2022-01-11 02:29:49   Finished epoch 03 in 0:14:19, average epoch triplet loss = 0.0994
2022-01-11 02:31:46   Recalls on val set < BaseDataset, pitts30k - #database: 10000; #queries: 7608 >: R@1: 25.4, R@5: 40.7, R@10: 48.8, R@20: 58.0
2022-01-11 02:31:46   Improved: previous best R@5 = 39.2, current R@5 = 40.7
2022-01-11 02:31:46   Start training epoch: 04
2022-01-11 02:46:05   Finished epoch 04 in 0:14:18, average epoch triplet loss = 0.0997
2022-01-11 02:47:47   Recalls on val set < BaseDataset, pitts30k - #database: 10000; #queries: 7608 >: R@1: 25.6, R@5: 40.6, R@10: 49.0, R@20: 58.4
2022-01-11 02:47:48   Not improved: 1 / 3: best R@5 = 40.7, current R@5 = 40.6
2022-01-11 02:47:48   Start training epoch: 05
2022-01-11 03:02:06   Finished epoch 05 in 0:14:18, average epoch triplet loss = 0.0997
2022-01-11 03:03:46   Recalls on val set < BaseDataset, pitts30k - #database: 10000; #queries: 7608 >: R@1: 26.0, R@5: 41.4, R@10: 50.2, R@20: 59.5
2022-01-11 03:03:47   Improved: previous best R@5 = 40.7, current R@5 = 41.4
2022-01-11 03:03:47   Start training epoch: 06
2022-01-11 03:18:05   Finished epoch 06 in 0:14:18, average epoch triplet loss = 0.0997
2022-01-11 03:19:31   Recalls on val set < BaseDataset, pitts30k - #database: 10000; #queries: 7608 >: R@1: 26.6, R@5: 42.3, R@10: 51.0, R@20: 60.6
2022-01-11 03:19:31   Improved: previous best R@5 = 41.4, current R@5 = 42.3
2022-01-11 03:19:31   Start training epoch: 07
2022-01-11 03:33:50   Finished epoch 07 in 0:14:18, average epoch triplet loss = 0.0998
2022-01-11 03:35:34   Recalls on val set < BaseDataset, pitts30k - #database: 10000; #queries: 7608 >: R@1: 26.7, R@5: 42.6, R@10: 51.4, R@20: 60.8
2022-01-11 03:35:34   Improved: previous best R@5 = 42.3, current R@5 = 42.6
2022-01-11 03:35:34   Start training epoch: 08
2022-01-11 03:49:51   Finished epoch 08 in 0:14:17, average epoch triplet loss = 0.0998
2022-01-11 03:51:36   Recalls on val set < BaseDataset, pitts30k - #database: 10000; #queries: 7608 >: R@1: 27.4, R@5: 43.7, R@10: 52.5, R@20: 62.0
2022-01-11 03:51:37   Improved: previous best R@5 = 42.6, current R@5 = 43.7
2022-01-11 03:51:37   Start training epoch: 09
2022-01-11 04:05:55   Finished epoch 09 in 0:14:18, average epoch triplet loss = 0.0998
2022-01-11 04:07:30   Recalls on val set < BaseDataset, pitts30k - #database: 10000; #queries: 7608 >: R@1: 26.6, R@5: 42.8, R@10: 51.6, R@20: 61.2
2022-01-11 04:07:30   Not improved: 1 / 3: best R@5 = 43.7, current R@5 = 42.8
2022-01-11 04:07:30   Best R@5: 43.7
2022-01-11 04:07:30   Trained for 10 epochs, in total in 2:40:22
2022-01-11 04:08:48   Recalls on < BaseDataset, pitts30k - #database: 10000; #queries: 6816 >: R@1: 33.3, R@5: 52.8, R@10: 63.0, R@20: 73.2
