2022-01-05 20:29:08   Arguments: Namespace(use_netvlad=None, train_batch_size=4, infer_batch_size=16, margin=0.1, epochs_num=50, patience=3, lr=1e-05, cache_refresh_rate=1000, queries_per_epoch=5000, negs_num_per_query=10, neg_samples_num=1000, seed=0, device='cuda', num_workers=8, val_positive_dist_threshold=25, train_positives_dist_threshold=10, recall_values=[1, 5, 10, 20], datasets_folder='Data/', exp_name='default', output_folder='runs/default/2022-01-05_20-29-08')
2022-01-05 20:29:08   The outputs are being saved in runs/default/2022-01-05_20-29-08
2022-01-05 20:29:08   Using 1 GPUs and 12 CPUs
2022-01-05 20:29:08   Loading dataset Pitts30k from folder Data/
2022-01-05 20:29:08   There are 96 queries without any positives within the training set. They won't be considered as they're useless for training.
2022-01-05 20:29:08   Train query set: < TripletsDataset, pitts30k - #database: 10000; #queries: 7320 >
2022-01-05 20:29:08   Val set: < BaseDataset, pitts30k - #database: 10000; #queries: 7608 >
2022-01-05 20:29:08   Test set: < BaseDataset, pitts30k - #database: 10000; #queries: 6816 >
2022-01-05 20:29:08   Train only conv4 of the ResNet-18 (remove conv5), freeze the previous ones
2022-01-05 20:29:11   Output dimension of the model is 256
2022-01-05 20:29:11   Start training epoch: 00
2022-01-05 20:29:11   Cache: 0 / 5
2022-01-05 20:30:43   Epoch[00](0/5): current batch triplet loss = 0.0695, average epoch triplet loss = 0.0793
2022-01-05 20:30:43   Cache: 1 / 5
2022-01-05 20:32:12   Epoch[00](1/5): current batch triplet loss = 0.0921, average epoch triplet loss = 0.0765
2022-01-05 20:32:12   Cache: 2 / 5
2022-01-05 20:33:39   Epoch[00](2/5): current batch triplet loss = 0.0745, average epoch triplet loss = 0.0742
2022-01-05 20:33:39   Cache: 3 / 5
2022-01-05 20:35:07   Epoch[00](3/5): current batch triplet loss = 0.0798, average epoch triplet loss = 0.0725
2022-01-05 20:35:07   Cache: 4 / 5
2022-01-05 20:36:35   Epoch[00](4/5): current batch triplet loss = 0.0731, average epoch triplet loss = 0.0712
2022-01-05 20:36:35   Finished epoch 00 in 0:07:24, average epoch triplet loss = 0.0712
2022-01-05 20:36:35   Extracting database features for evaluation/testing
2022-01-05 20:37:06   Extracting queries features for evaluation/testing
2022-01-05 20:37:29   Calculating recalls
2022-01-05 20:37:30   Recalls on val set < BaseDataset, pitts30k - #database: 10000; #queries: 7608 >: R@1: 57.0, R@5: 77.4, R@10: 84.6, R@20: 90.0
2022-01-05 20:37:30   Improved: previous best R@5 = 0.0, current R@5 = 77.4
2022-01-05 20:37:30   Start training epoch: 01
2022-01-05 20:37:30   Cache: 0 / 5
2022-01-05 20:38:57   Epoch[01](0/5): current batch triplet loss = 0.0689, average epoch triplet loss = 0.0630
2022-01-05 20:38:57   Cache: 1 / 5
2022-01-05 20:40:24   Epoch[01](1/5): current batch triplet loss = 0.0534, average epoch triplet loss = 0.0624
2022-01-05 20:40:24   Cache: 2 / 5
2022-01-05 19:41:52   Epoch[01](2/5): current batch triplet loss = 0.0644, average epoch triplet loss = 0.0616
2022-01-05 19:41:52   Cache: 3 / 5
2022-01-05 19:43:18   Epoch[01](3/5): current batch triplet loss = 0.0616, average epoch triplet loss = 0.0613
2022-01-05 19:43:18   Cache: 4 / 5
2022-01-05 19:44:43   Epoch[01](4/5): current batch triplet loss = 0.0532, average epoch triplet loss = 0.0609
2022-01-05 19:44:43   Finished epoch 01 in -1 day, 23:07:13, average epoch triplet loss = 0.0609
2022-01-05 19:44:43   Extracting database features for evaluation/testing
2022-01-05 19:45:13   Extracting queries features for evaluation/testing
2022-01-05 19:45:36   Calculating recalls
2022-01-05 19:45:37   Recalls on val set < BaseDataset, pitts30k - #database: 10000; #queries: 7608 >: R@1: 59.6, R@5: 78.9, R@10: 85.1, R@20: 90.4
2022-01-05 19:45:37   Improved: previous best R@5 = 77.4, current R@5 = 78.9
2022-01-05 19:45:37   Start training epoch: 02
2022-01-05 19:45:37   Cache: 0 / 5
2022-01-05 19:47:01   Epoch[02](0/5): current batch triplet loss = 0.0614, average epoch triplet loss = 0.0566
2022-01-05 19:47:01   Cache: 1 / 5
2022-01-05 19:48:20   Epoch[02](1/5): current batch triplet loss = 0.0438, average epoch triplet loss = 0.0564
2022-01-05 19:48:20   Cache: 2 / 5
2022-01-05 19:49:48   Epoch[02](2/5): current batch triplet loss = 0.0351, average epoch triplet loss = 0.0560
2022-01-05 19:49:48   Cache: 3 / 5
2022-01-05 19:51:19   Epoch[02](3/5): current batch triplet loss = 0.0400, average epoch triplet loss = 0.0552
2022-01-05 19:51:19   Cache: 4 / 5
2022-01-05 19:52:49   Epoch[02](4/5): current batch triplet loss = 0.0436, average epoch triplet loss = 0.0549
2022-01-05 19:52:49   Finished epoch 02 in 0:07:12, average epoch triplet loss = 0.0549
2022-01-05 19:52:49   Extracting database features for evaluation/testing
2022-01-05 19:53:21   Extracting queries features for evaluation/testing
2022-01-05 19:53:45   Calculating recalls
2022-01-05 19:53:46   Recalls on val set < BaseDataset, pitts30k - #database: 10000; #queries: 7608 >: R@1: 60.5, R@5: 80.1, R@10: 86.1, R@20: 91.0
2022-01-05 19:53:46   Improved: previous best R@5 = 78.9, current R@5 = 80.1
2022-01-05 19:53:46   Start training epoch: 03
2022-01-05 19:53:46   Cache: 0 / 5
2022-01-05 19:55:16   Epoch[03](0/5): current batch triplet loss = 0.0298, average epoch triplet loss = 0.0514
2022-01-05 19:55:16   Cache: 1 / 5
2022-01-05 19:56:48   Epoch[03](1/5): current batch triplet loss = 0.0467, average epoch triplet loss = 0.0520
2022-01-05 19:56:48   Cache: 2 / 5
2022-01-05 19:58:18   Epoch[03](2/5): current batch triplet loss = 0.0541, average epoch triplet loss = 0.0517
2022-01-05 19:58:18   Cache: 3 / 5
2022-01-05 19:59:49   Epoch[03](3/5): current batch triplet loss = 0.0663, average epoch triplet loss = 0.0516
2022-01-05 19:59:49   Cache: 4 / 5
2022-01-05 20:01:19   Epoch[03](4/5): current batch triplet loss = 0.0787, average epoch triplet loss = 0.0513
2022-01-05 20:01:19   Finished epoch 03 in 0:07:33, average epoch triplet loss = 0.0513
2022-01-05 20:01:19   Extracting database features for evaluation/testing
2022-01-05 20:01:51   Extracting queries features for evaluation/testing
2022-01-05 20:02:15   Calculating recalls
2022-01-05 20:02:16   Recalls on val set < BaseDataset, pitts30k - #database: 10000; #queries: 7608 >: R@1: 61.8, R@5: 80.9, R@10: 86.6, R@20: 91.8
2022-01-05 20:02:16   Improved: previous best R@5 = 80.1, current R@5 = 80.9
2022-01-05 20:02:16   Start training epoch: 04
2022-01-05 20:02:16   Cache: 0 / 5
2022-01-05 20:03:46   Epoch[04](0/5): current batch triplet loss = 0.0285, average epoch triplet loss = 0.0492
2022-01-05 20:03:46   Cache: 1 / 5
2022-01-05 20:05:16   Epoch[04](1/5): current batch triplet loss = 0.0568, average epoch triplet loss = 0.0485
2022-01-05 20:05:16   Cache: 2 / 5
2022-01-05 20:06:46   Epoch[04](2/5): current batch triplet loss = 0.0443, average epoch triplet loss = 0.0486
2022-01-05 20:06:46   Cache: 3 / 5
2022-01-05 20:08:15   Epoch[04](3/5): current batch triplet loss = 0.0504, average epoch triplet loss = 0.0488
2022-01-05 20:08:15   Cache: 4 / 5
2022-01-05 20:09:44   Epoch[04](4/5): current batch triplet loss = 0.0381, average epoch triplet loss = 0.0487
2022-01-05 20:09:44   Finished epoch 04 in 0:07:28, average epoch triplet loss = 0.0487
2022-01-05 20:09:44   Extracting database features for evaluation/testing
2022-01-05 20:10:16   Extracting queries features for evaluation/testing
2022-01-05 20:10:40   Calculating recalls
2022-01-05 20:10:41   Recalls on val set < BaseDataset, pitts30k - #database: 10000; #queries: 7608 >: R@1: 61.8, R@5: 81.0, R@10: 87.1, R@20: 91.9
2022-01-05 20:10:41   Improved: previous best R@5 = 80.9, current R@5 = 81.0
2022-01-05 20:10:41   Start training epoch: 05
2022-01-05 20:10:41   Cache: 0 / 5
2022-01-05 20:11:33   
Traceback (most recent call last):
  File "/home/franzhd/Aml_project/project_vg/train.py", line 104, in <module>
    batch_loss = loss_triplet.item()
KeyboardInterrupt

