2022-01-06 13:12:21   Arguments: Namespace(cache_refresh_rate=1000, datasets_folder='./', device='cuda', epochs_num=10, exp_name='default', infer_batch_size=16, lr=0.001, margin=0.1, neg_samples_num=1000, negs_num_per_query=10, netvlad_clusters=64, num_workers=8, output_folder='runs/default/2022-01-06_13-12-21', patience=3, queries_per_epoch=5000, recall_values=[1, 5, 10, 20], seed=0, train_batch_size=4, train_positives_dist_threshold=10, use_netvlad=None, val_positive_dist_threshold=25)
2022-01-06 13:12:21   The outputs are being saved in runs/default/2022-01-06_13-12-21
2022-01-06 13:12:21   Using 1 GPUs and 6 CPUs
2022-01-06 13:12:23   There are 96 queries without any positives within the training set. They won't be considered as they're useless for training.
2022-01-06 13:12:23   Train query set: < TripletsDataset, pitts30k - #database: 10000; #queries: 7320 >
2022-01-06 13:12:25   Val set: < BaseDataset, pitts30k - #database: 10000; #queries: 7608 >
2022-01-06 13:12:28   Test set: < BaseDataset, pitts30k - #database: 10000; #queries: 6816 >
2022-01-06 13:12:30   Output dimension of the model is 256
2022-01-06 13:12:30   Start training epoch: 00
2022-01-06 13:52:37   Finished epoch 00 in 0:40:07, average epoch triplet loss = 0.0404
2022-01-06 13:57:37   Recalls on val set < BaseDataset, pitts30k - #database: 10000; #queries: 7608 >: R@1: 48.8, R@5: 72.8, R@10: 81.3, R@20: 88.0
2022-01-06 13:57:39   Improved: previous best R@5 = 0.0, current R@5 = 72.8
2022-01-06 13:57:39   Start training epoch: 01
2022-01-06 14:37:50   Finished epoch 01 in 0:40:10, average epoch triplet loss = 0.0305
2022-01-06 14:42:49   Recalls on val set < BaseDataset, pitts30k - #database: 10000; #queries: 7608 >: R@1: 50.9, R@5: 72.8, R@10: 80.6, R@20: 87.2
2022-01-06 14:42:50   Not improved: 1 / 3: best R@5 = 72.8, current R@5 = 72.8
2022-01-06 14:42:50   Start training epoch: 02
2022-01-06 15:23:00   Finished epoch 02 in 0:40:09, average epoch triplet loss = 0.0246
2022-01-06 15:27:58   Recalls on val set < BaseDataset, pitts30k - #database: 10000; #queries: 7608 >: R@1: 53.1, R@5: 74.7, R@10: 82.8, R@20: 89.1
2022-01-06 15:28:00   Improved: previous best R@5 = 72.8, current R@5 = 74.7
2022-01-06 15:28:00   Start training epoch: 03
2022-01-06 16:08:09   Finished epoch 03 in 0:40:08, average epoch triplet loss = 0.0211
2022-01-06 16:13:08   Recalls on val set < BaseDataset, pitts30k - #database: 10000; #queries: 7608 >: R@1: 52.3, R@5: 75.4, R@10: 83.3, R@20: 89.3
2022-01-06 16:13:09   Improved: previous best R@5 = 74.7, current R@5 = 75.4
2022-01-06 16:13:10   Start training epoch: 04
2022-01-06 16:53:20   Finished epoch 04 in 0:40:10, average epoch triplet loss = 0.0187
2022-01-06 16:58:19   Recalls on val set < BaseDataset, pitts30k - #database: 10000; #queries: 7608 >: R@1: 54.0, R@5: 76.9, R@10: 84.4, R@20: 90.6
2022-01-06 16:58:20   Improved: previous best R@5 = 75.4, current R@5 = 76.9
2022-01-06 16:58:20   Start training epoch: 05
2022-01-06 17:38:27   Finished epoch 05 in 0:40:06, average epoch triplet loss = 0.0164
2022-01-06 17:43:25   Recalls on val set < BaseDataset, pitts30k - #database: 10000; #queries: 7608 >: R@1: 53.0, R@5: 76.1, R@10: 84.1, R@20: 90.0
2022-01-06 17:43:25   Not improved: 1 / 3: best R@5 = 76.9, current R@5 = 76.1
2022-01-06 17:43:25   Start training epoch: 06
2022-01-06 18:23:30   Finished epoch 06 in 0:40:04, average epoch triplet loss = 0.0143
2022-01-06 18:28:28   Recalls on val set < BaseDataset, pitts30k - #database: 10000; #queries: 7608 >: R@1: 49.3, R@5: 73.0, R@10: 81.9, R@20: 88.7
2022-01-06 18:28:29   Not improved: 2 / 3: best R@5 = 76.9, current R@5 = 73.0
2022-01-06 18:28:29   Start training epoch: 07
2022-01-06 19:08:37   Finished epoch 07 in 0:40:07, average epoch triplet loss = 0.0135
2022-01-06 19:13:35   Recalls on val set < BaseDataset, pitts30k - #database: 10000; #queries: 7608 >: R@1: 49.0, R@5: 72.8, R@10: 81.4, R@20: 88.4
2022-01-06 19:13:35   Not improved: 3 / 3: best R@5 = 76.9, current R@5 = 72.8
2022-01-06 19:13:35   Performance did not improve for 3 epochs. Stop training.
2022-01-06 19:13:35   Best R@5: 76.9
2022-01-06 19:13:35   Trained for 08 epochs, in total in 6:01:14
2022-01-06 19:18:22   Recalls on < BaseDataset, pitts30k - #database: 10000; #queries: 6816 >: R@1: 52.9, R@5: 77.8, R@10: 85.6, R@20: 90.7
