2022-01-06 13:12:21   Arguments: Namespace(cache_refresh_rate=1000, datasets_folder='./', device='cuda', epochs_num=10, exp_name='default', infer_batch_size=16, lr=0.001, margin=0.1, neg_samples_num=1000, negs_num_per_query=10, netvlad_clusters=64, num_workers=8, output_folder='runs/default/2022-01-06_13-12-21', patience=3, queries_per_epoch=5000, recall_values=[1, 5, 10, 20], seed=0, train_batch_size=4, train_positives_dist_threshold=10, use_netvlad=None, val_positive_dist_threshold=25)
2022-01-06 13:12:21   The outputs are being saved in runs/default/2022-01-06_13-12-21
2022-01-06 13:12:21   Using 1 GPUs and 6 CPUs
2022-01-06 13:12:21   Loading dataset Pitts30k from folder ./
2022-01-06 13:12:23   There are 96 queries without any positives within the training set. They won't be considered as they're useless for training.
2022-01-06 13:12:23   Train query set: < TripletsDataset, pitts30k - #database: 10000; #queries: 7320 >
2022-01-06 13:12:25   Val set: < BaseDataset, pitts30k - #database: 10000; #queries: 7608 >
2022-01-06 13:12:28   Test set: < BaseDataset, pitts30k - #database: 10000; #queries: 6816 >
2022-01-06 13:12:28   Train only conv4 of the ResNet-18 (remove conv5), freeze the previous ones
2022-01-06 13:12:30   Output dimension of the model is 256
2022-01-06 13:12:30   Start training epoch: 00
2022-01-06 13:12:30   Cache: 0 / 5
2022-01-06 13:20:29   Epoch[00](0/5): current batch triplet loss = 0.0493, average epoch triplet loss = 0.0465
2022-01-06 13:20:29   Cache: 1 / 5
2022-01-06 13:28:31   Epoch[00](1/5): current batch triplet loss = 0.0549, average epoch triplet loss = 0.0457
2022-01-06 13:28:31   Cache: 2 / 5
2022-01-06 13:36:33   Epoch[00](2/5): current batch triplet loss = 0.0345, average epoch triplet loss = 0.0434
2022-01-06 13:36:33   Cache: 3 / 5
2022-01-06 13:44:35   Epoch[00](3/5): current batch triplet loss = 0.0541, average epoch triplet loss = 0.0417
2022-01-06 13:44:35   Cache: 4 / 5
2022-01-06 13:52:37   Epoch[00](4/5): current batch triplet loss = 0.0506, average epoch triplet loss = 0.0404
2022-01-06 13:52:37   Finished epoch 00 in 0:40:07, average epoch triplet loss = 0.0404
2022-01-06 13:52:37   Extracting database features for evaluation/testing
2022-01-06 13:55:27   Extracting queries features for evaluation/testing
2022-01-06 13:57:35   Calculating recalls
2022-01-06 13:57:37   Recalls on val set < BaseDataset, pitts30k - #database: 10000; #queries: 7608 >: R@1: 48.8, R@5: 72.8, R@10: 81.3, R@20: 88.0
2022-01-06 13:57:39   Improved: previous best R@5 = 0.0, current R@5 = 72.8
2022-01-06 13:57:39   Start training epoch: 01
2022-01-06 13:57:39   Cache: 0 / 5
2022-01-06 14:05:42   Epoch[01](0/5): current batch triplet loss = 0.0289, average epoch triplet loss = 0.0335
2022-01-06 14:05:42   Cache: 1 / 5
2022-01-06 14:13:43   Epoch[01](1/5): current batch triplet loss = 0.0303, average epoch triplet loss = 0.0327
2022-01-06 14:13:43   Cache: 2 / 5
2022-01-06 14:21:46   Epoch[01](2/5): current batch triplet loss = 0.0601, average epoch triplet loss = 0.0315
2022-01-06 14:21:46   Cache: 3 / 5
2022-01-06 14:29:48   Epoch[01](3/5): current batch triplet loss = 0.0334, average epoch triplet loss = 0.0311
2022-01-06 14:29:48   Cache: 4 / 5
2022-01-06 14:37:50   Epoch[01](4/5): current batch triplet loss = 0.0326, average epoch triplet loss = 0.0305
2022-01-06 14:37:50   Finished epoch 01 in 0:40:10, average epoch triplet loss = 0.0305
2022-01-06 14:37:50   Extracting database features for evaluation/testing
2022-01-06 14:40:38   Extracting queries features for evaluation/testing
2022-01-06 14:42:48   Calculating recalls
2022-01-06 14:42:49   Recalls on val set < BaseDataset, pitts30k - #database: 10000; #queries: 7608 >: R@1: 50.9, R@5: 72.8, R@10: 80.6, R@20: 87.2
2022-01-06 14:42:50   Not improved: 1 / 3: best R@5 = 72.8, current R@5 = 72.8
2022-01-06 14:42:50   Start training epoch: 02
2022-01-06 14:42:50   Cache: 0 / 5
2022-01-06 14:50:52   Epoch[02](0/5): current batch triplet loss = 0.0333, average epoch triplet loss = 0.0261
2022-01-06 14:50:52   Cache: 1 / 5
2022-01-06 14:58:54   Epoch[02](1/5): current batch triplet loss = 0.0130, average epoch triplet loss = 0.0252
2022-01-06 14:58:54   Cache: 2 / 5
2022-01-06 15:06:56   Epoch[02](2/5): current batch triplet loss = 0.0068, average epoch triplet loss = 0.0254
2022-01-06 15:06:56   Cache: 3 / 5
2022-01-06 15:14:58   Epoch[02](3/5): current batch triplet loss = 0.0495, average epoch triplet loss = 0.0249
2022-01-06 15:14:58   Cache: 4 / 5
2022-01-06 15:23:00   Epoch[02](4/5): current batch triplet loss = 0.0099, average epoch triplet loss = 0.0246
2022-01-06 15:23:00   Finished epoch 02 in 0:40:09, average epoch triplet loss = 0.0246
2022-01-06 15:23:00   Extracting database features for evaluation/testing
2022-01-06 15:25:48   Extracting queries features for evaluation/testing
2022-01-06 15:27:57   Calculating recalls
2022-01-06 15:27:58   Recalls on val set < BaseDataset, pitts30k - #database: 10000; #queries: 7608 >: R@1: 53.1, R@5: 74.7, R@10: 82.8, R@20: 89.1
2022-01-06 15:28:00   Improved: previous best R@5 = 72.8, current R@5 = 74.7
2022-01-06 15:28:00   Start training epoch: 03
2022-01-06 15:28:00   Cache: 0 / 5
2022-01-06 15:36:02   Epoch[03](0/5): current batch triplet loss = 0.0039, average epoch triplet loss = 0.0213
2022-01-06 15:36:02   Cache: 1 / 5
2022-01-06 15:44:04   Epoch[03](1/5): current batch triplet loss = 0.0128, average epoch triplet loss = 0.0220
2022-01-06 15:44:04   Cache: 2 / 5
2022-01-06 15:52:06   Epoch[03](2/5): current batch triplet loss = 0.0071, average epoch triplet loss = 0.0215
2022-01-06 15:52:06   Cache: 3 / 5
2022-01-06 16:00:07   Epoch[03](3/5): current batch triplet loss = 0.0514, average epoch triplet loss = 0.0214
2022-01-06 16:00:08   Cache: 4 / 5
2022-01-06 16:08:09   Epoch[03](4/5): current batch triplet loss = 0.0197, average epoch triplet loss = 0.0211
2022-01-06 16:08:09   Finished epoch 03 in 0:40:08, average epoch triplet loss = 0.0211
2022-01-06 16:08:09   Extracting database features for evaluation/testing
2022-01-06 16:10:58   Extracting queries features for evaluation/testing
2022-01-06 16:13:06   Calculating recalls
2022-01-06 16:13:08   Recalls on val set < BaseDataset, pitts30k - #database: 10000; #queries: 7608 >: R@1: 52.3, R@5: 75.4, R@10: 83.3, R@20: 89.3
2022-01-06 16:13:09   Improved: previous best R@5 = 74.7, current R@5 = 75.4
2022-01-06 16:13:10   Start training epoch: 04
2022-01-06 16:13:10   Cache: 0 / 5
2022-01-06 16:21:12   Epoch[04](0/5): current batch triplet loss = 0.0038, average epoch triplet loss = 0.0196
2022-01-06 16:21:12   Cache: 1 / 5
2022-01-06 16:29:15   Epoch[04](1/5): current batch triplet loss = 0.0158, average epoch triplet loss = 0.0191
2022-01-06 16:29:15   Cache: 2 / 5
2022-01-06 16:37:17   Epoch[04](2/5): current batch triplet loss = 0.0409, average epoch triplet loss = 0.0190
2022-01-06 16:37:17   Cache: 3 / 5
2022-01-06 16:45:18   Epoch[04](3/5): current batch triplet loss = 0.0150, average epoch triplet loss = 0.0189
2022-01-06 16:45:18   Cache: 4 / 5
2022-01-06 16:53:20   Epoch[04](4/5): current batch triplet loss = 0.0130, average epoch triplet loss = 0.0187
2022-01-06 16:53:20   Finished epoch 04 in 0:40:10, average epoch triplet loss = 0.0187
2022-01-06 16:53:20   Extracting database features for evaluation/testing
2022-01-06 16:56:08   Extracting queries features for evaluation/testing
2022-01-06 16:58:17   Calculating recalls
2022-01-06 16:58:19   Recalls on val set < BaseDataset, pitts30k - #database: 10000; #queries: 7608 >: R@1: 54.0, R@5: 76.9, R@10: 84.4, R@20: 90.6
2022-01-06 16:58:20   Improved: previous best R@5 = 75.4, current R@5 = 76.9
2022-01-06 16:58:20   Start training epoch: 05
2022-01-06 16:58:20   Cache: 0 / 5
2022-01-06 17:06:21   Epoch[05](0/5): current batch triplet loss = 0.0218, average epoch triplet loss = 0.0171
2022-01-06 17:06:21   Cache: 1 / 5
2022-01-06 17:14:22   Epoch[05](1/5): current batch triplet loss = 0.0077, average epoch triplet loss = 0.0164
2022-01-06 17:14:22   Cache: 2 / 5
2022-01-06 17:22:23   Epoch[05](2/5): current batch triplet loss = 0.0022, average epoch triplet loss = 0.0168
2022-01-06 17:22:24   Cache: 3 / 5
2022-01-06 17:30:25   Epoch[05](3/5): current batch triplet loss = 0.0071, average epoch triplet loss = 0.0166
2022-01-06 17:30:25   Cache: 4 / 5
2022-01-06 17:38:27   Epoch[05](4/5): current batch triplet loss = 0.0157, average epoch triplet loss = 0.0164
2022-01-06 17:38:27   Finished epoch 05 in 0:40:06, average epoch triplet loss = 0.0164
2022-01-06 17:38:27   Extracting database features for evaluation/testing
2022-01-06 17:41:15   Extracting queries features for evaluation/testing
2022-01-06 17:43:23   Calculating recalls
2022-01-06 17:43:25   Recalls on val set < BaseDataset, pitts30k - #database: 10000; #queries: 7608 >: R@1: 53.0, R@5: 76.1, R@10: 84.1, R@20: 90.0
2022-01-06 17:43:25   Not improved: 1 / 3: best R@5 = 76.9, current R@5 = 76.1
2022-01-06 17:43:25   Start training epoch: 06
2022-01-06 17:43:25   Cache: 0 / 5
2022-01-06 17:51:26   Epoch[06](0/5): current batch triplet loss = 0.0243, average epoch triplet loss = 0.0153
2022-01-06 17:51:26   Cache: 1 / 5
2022-01-06 17:59:27   Epoch[06](1/5): current batch triplet loss = 0.0042, average epoch triplet loss = 0.0149
2022-01-06 17:59:27   Cache: 2 / 5
2022-01-06 18:07:28   Epoch[06](2/5): current batch triplet loss = 0.0044, average epoch triplet loss = 0.0147
2022-01-06 18:07:28   Cache: 3 / 5
2022-01-06 18:15:29   Epoch[06](3/5): current batch triplet loss = 0.0250, average epoch triplet loss = 0.0146
2022-01-06 18:15:29   Cache: 4 / 5
2022-01-06 18:23:30   Epoch[06](4/5): current batch triplet loss = 0.0090, average epoch triplet loss = 0.0143
2022-01-06 18:23:30   Finished epoch 06 in 0:40:04, average epoch triplet loss = 0.0143
2022-01-06 18:23:30   Extracting database features for evaluation/testing
2022-01-06 18:26:18   Extracting queries features for evaluation/testing
2022-01-06 18:28:27   Calculating recalls
2022-01-06 18:28:28   Recalls on val set < BaseDataset, pitts30k - #database: 10000; #queries: 7608 >: R@1: 49.3, R@5: 73.0, R@10: 81.9, R@20: 88.7
2022-01-06 18:28:29   Not improved: 2 / 3: best R@5 = 76.9, current R@5 = 73.0
2022-01-06 18:28:29   Start training epoch: 07
2022-01-06 18:28:29   Cache: 0 / 5
2022-01-06 18:36:30   Epoch[07](0/5): current batch triplet loss = 0.0164, average epoch triplet loss = 0.0156
2022-01-06 18:36:30   Cache: 1 / 5
2022-01-06 18:44:34   Epoch[07](1/5): current batch triplet loss = 0.0056, average epoch triplet loss = 0.0146
2022-01-06 18:44:34   Cache: 2 / 5
2022-01-06 18:52:34   Epoch[07](2/5): current batch triplet loss = 0.0163, average epoch triplet loss = 0.0142
2022-01-06 18:52:34   Cache: 3 / 5
2022-01-06 19:00:35   Epoch[07](3/5): current batch triplet loss = 0.0113, average epoch triplet loss = 0.0139
2022-01-06 19:00:35   Cache: 4 / 5
2022-01-06 19:08:37   Epoch[07](4/5): current batch triplet loss = 0.0047, average epoch triplet loss = 0.0135
2022-01-06 19:08:37   Finished epoch 07 in 0:40:07, average epoch triplet loss = 0.0135
2022-01-06 19:08:37   Extracting database features for evaluation/testing
2022-01-06 19:11:25   Extracting queries features for evaluation/testing
2022-01-06 19:13:33   Calculating recalls
2022-01-06 19:13:35   Recalls on val set < BaseDataset, pitts30k - #database: 10000; #queries: 7608 >: R@1: 49.0, R@5: 72.8, R@10: 81.4, R@20: 88.4
2022-01-06 19:13:35   Not improved: 3 / 3: best R@5 = 76.9, current R@5 = 72.8
2022-01-06 19:13:35   Performance did not improve for 3 epochs. Stop training.
2022-01-06 19:13:35   Best R@5: 76.9
2022-01-06 19:13:35   Trained for 08 epochs, in total in 6:01:14
2022-01-06 19:13:36   Extracting database features for evaluation/testing
2022-01-06 19:16:25   Extracting queries features for evaluation/testing
2022-01-06 19:18:21   Calculating recalls
2022-01-06 19:18:22   Recalls on < BaseDataset, pitts30k - #database: 10000; #queries: 6816 >: R@1: 52.9, R@5: 77.8, R@10: 85.6, R@20: 90.7
