2022-01-05 20:41:58   Arguments: Namespace(cache_refresh_rate=1000, datasets_folder='./project_vg/', device='cuda', epochs_num=7, exp_name='default', infer_batch_size=16, lr=0.0001, margin=0.1, neg_samples_num=1000, negs_num_per_query=10, netvlad_clusters=16, num_workers=8, output_folder='runs/default/2022-01-05_20-41-58', patience=3, queries_per_epoch=5000, recall_values=[1, 5, 10, 20], seed=0, train_batch_size=4, train_positives_dist_threshold=10, use_netvlad=True, val_positive_dist_threshold=25)
2022-01-05 20:41:58   The outputs are being saved in runs/default/2022-01-05_20-41-58
2022-01-05 20:41:58   Using 1 GPUs and 6 CPUs
2022-01-05 20:42:02   There are 96 queries without any positives within the training set. They won't be considered as they're useless for training.
2022-01-05 20:42:02   Train query set: < TripletsDataset, pitts30k - #database: 10000; #queries: 7320 >
2022-01-05 20:42:04   Val set: < BaseDataset, pitts30k - #database: 10000; #queries: 7608 >
2022-01-05 20:42:05   Test set: < BaseDataset, pitts30k - #database: 10000; #queries: 6816 >
2022-01-05 20:42:08   Output dimension of the model is 4096
2022-01-05 20:42:08   Start training epoch: 00
2022-01-05 21:07:45   Finished epoch 00 in 0:25:37, average epoch triplet loss = 0.0867
2022-01-05 21:10:40   Recalls on val set < BaseDataset, pitts30k - #database: 10000; #queries: 7608 >: R@1: 37.8, R@5: 61.0, R@10: 71.4, R@20: 80.5
2022-01-05 21:10:41   Improved: previous best R@5 = 0.0, current R@5 = 61.0
2022-01-05 21:10:41   Start training epoch: 01
2022-01-05 21:36:21   Finished epoch 01 in 0:25:39, average epoch triplet loss = 0.0727
2022-01-05 21:39:15   Recalls on val set < BaseDataset, pitts30k - #database: 10000; #queries: 7608 >: R@1: 30.3, R@5: 49.7, R@10: 59.3, R@20: 68.8
2022-01-05 21:39:16   Not improved: 1 / 3: best R@5 = 61.0, current R@5 = 49.7
2022-01-05 21:39:16   Start training epoch: 02
2022-01-05 22:06:11   Finished epoch 02 in 0:26:55, average epoch triplet loss = 0.0552
2022-01-05 22:09:06   Recalls on val set < BaseDataset, pitts30k - #database: 10000; #queries: 7608 >: R@1: 41.2, R@5: 64.7, R@10: 73.4, R@20: 81.9
2022-01-05 22:09:07   Improved: previous best R@5 = 61.0, current R@5 = 64.7
2022-01-05 22:09:07   Start training epoch: 03
2022-01-05 22:34:49   Finished epoch 03 in 0:25:42, average epoch triplet loss = 0.0372
2022-01-05 22:37:44   Recalls on val set < BaseDataset, pitts30k - #database: 10000; #queries: 7608 >: R@1: 49.6, R@5: 71.8, R@10: 80.2, R@20: 86.8
2022-01-05 22:37:45   Improved: previous best R@5 = 64.7, current R@5 = 71.8
2022-01-05 22:37:45   Start training epoch: 04
2022-01-05 23:03:23   Finished epoch 04 in 0:25:37, average epoch triplet loss = 0.0221
2022-01-05 23:06:18   Recalls on val set < BaseDataset, pitts30k - #database: 10000; #queries: 7608 >: R@1: 47.4, R@5: 70.3, R@10: 78.7, R@20: 85.8
2022-01-05 23:06:18   Not improved: 1 / 3: best R@5 = 71.8, current R@5 = 70.3
2022-01-05 23:06:18   Start training epoch: 05
2022-01-05 23:31:56   Finished epoch 05 in 0:25:37, average epoch triplet loss = 0.0130
2022-01-05 23:34:50   Recalls on val set < BaseDataset, pitts30k - #database: 10000; #queries: 7608 >: R@1: 50.6, R@5: 73.6, R@10: 81.9, R@20: 88.4
2022-01-05 23:34:53   Improved: previous best R@5 = 71.8, current R@5 = 73.6
2022-01-05 23:34:53   Start training epoch: 06
2022-01-06 00:00:30   Finished epoch 06 in 0:25:36, average epoch triplet loss = 0.0102
2022-01-06 00:03:25   Recalls on val set < BaseDataset, pitts30k - #database: 10000; #queries: 7608 >: R@1: 53.2, R@5: 74.9, R@10: 82.6, R@20: 89.2
2022-01-06 00:03:27   Improved: previous best R@5 = 73.6, current R@5 = 74.9
2022-01-06 00:03:27   Best R@5: 74.9
2022-01-06 00:03:27   Trained for 07 epochs, in total in 3:21:29
2022-01-06 00:06:30   Recalls on < BaseDataset, pitts30k - #database: 10000; #queries: 6816 >: R@1: 52.6, R@5: 75.7, R@10: 83.8, R@20: 90.0
