2022-01-15 02:35:58   Arguments: Namespace(backbone='resnet18', use_netvlad=True, netvlad_clusters=64, use_gem=None, gem_p=3, gem_eps=1e-06, use_sgd=None, use_adagrad=None, momentum=0.9, train_batch_size=4, infer_batch_size=16, margin=0.1, epochs_num=20, patience=3, lr=1e-05, cache_refresh_rate=1000, queries_per_epoch=5000, negs_num_per_query=10, neg_samples_num=1000, seed=0, device='cuda', num_workers=8, val_positive_dist_threshold=25, train_positives_dist_threshold=10, recall_values=[1, 5, 10, 20], datasets_folder='./Dataset_pitts30k', exp_name='default', test_dataset_name=None, test_model_path=None, output_folder='runs/default/2022-01-15_02-35-58')
2022-01-15 02:35:58   The outputs are being saved in runs/default/2022-01-15_02-35-58
2022-01-15 02:35:58   Using 1 GPUs and 12 CPUs
2022-01-15 02:35:58   Loading dataset Pitts30k from folder ./Dataset_pitts30k
2022-01-15 02:35:58   There are 96 queries without any positives within the training set. They won't be considered as they're useless for training.
2022-01-15 02:35:58   Train query set: < TripletsDataset, pitts30k - #database: 10000; #queries: 7320 >
2022-01-15 02:35:58   Val set: < BaseDataset, pitts30k - #database: 10000; #queries: 7608 >
2022-01-15 02:35:58   Test set: < BaseDataset, pitts30k - #database: 10000; #queries: 6816 >
2022-01-15 02:35:59   Train only conv4 of the ResNet-18 (remove conv5), freeze the previous ones
2022-01-15 02:36:04   Output dimension of the model is 16384
2022-01-15 02:36:04   Start training epoch: 00
2022-01-15 02:36:04   Cache: 0 / 5
2022-01-15 02:39:01   Epoch[00](0/5): current batch triplet loss = 0.0376, average epoch triplet loss = 0.0368
2022-01-15 02:39:01   Cache: 1 / 5
2022-01-15 02:41:56   Epoch[00](1/5): current batch triplet loss = 0.0415, average epoch triplet loss = 0.0338
2022-01-15 02:41:56   Cache: 2 / 5
2022-01-15 02:44:48   Epoch[00](2/5): current batch triplet loss = 0.0116, average epoch triplet loss = 0.0314
2022-01-15 02:44:48   Cache: 3 / 5
2022-01-15 02:47:40   Epoch[00](3/5): current batch triplet loss = 0.0357, average epoch triplet loss = 0.0301
2022-01-15 02:47:40   Cache: 4 / 5
2022-01-15 02:50:32   Epoch[00](4/5): current batch triplet loss = 0.0554, average epoch triplet loss = 0.0294
2022-01-15 02:50:32   Finished epoch 00 in 0:14:28, average epoch triplet loss = 0.0294
2022-01-15 02:50:32   Extracting database features for evaluation/testing
2022-01-15 02:51:07   Extracting queries features for evaluation/testing
2022-01-15 02:51:39   Calculating recalls
2022-01-15 02:52:03   Recalls on val set < BaseDataset, pitts30k - #database: 10000; #queries: 7608 >: R@1: 86.2, R@5: 94.9, R@10: 96.8, R@20: 98.1
2022-01-15 02:52:03   Improved: previous best R@5 = 0.0, current R@5 = 94.9
2022-01-15 02:52:03   Start training epoch: 01
2022-01-15 02:52:03   Cache: 0 / 5
2022-01-15 02:54:55   Epoch[01](0/5): current batch triplet loss = 0.0477, average epoch triplet loss = 0.0244
2022-01-15 02:54:55   Cache: 1 / 5
2022-01-15 02:57:47   Epoch[01](1/5): current batch triplet loss = 0.0266, average epoch triplet loss = 0.0242
2022-01-15 02:57:47   Cache: 2 / 5
2022-01-15 03:00:38   Epoch[01](2/5): current batch triplet loss = 0.0348, average epoch triplet loss = 0.0236
2022-01-15 03:00:38   Cache: 3 / 5
2022-01-15 03:03:30   Epoch[01](3/5): current batch triplet loss = 0.0265, average epoch triplet loss = 0.0235
2022-01-15 03:03:30   Cache: 4 / 5
2022-01-15 03:06:21   Epoch[01](4/5): current batch triplet loss = 0.0516, average epoch triplet loss = 0.0236
2022-01-15 03:06:21   Finished epoch 01 in 0:14:18, average epoch triplet loss = 0.0236
2022-01-15 03:06:21   Extracting database features for evaluation/testing
2022-01-15 03:06:56   Extracting queries features for evaluation/testing
2022-01-15 03:07:28   Calculating recalls
2022-01-15 03:07:53   Recalls on val set < BaseDataset, pitts30k - #database: 10000; #queries: 7608 >: R@1: 88.1, R@5: 95.9, R@10: 97.4, R@20: 98.4
2022-01-15 03:07:53   Improved: previous best R@5 = 94.9, current R@5 = 95.9
2022-01-15 03:07:53   Start training epoch: 02
2022-01-15 03:07:53   Cache: 0 / 5
2022-01-15 03:10:45   Epoch[02](0/5): current batch triplet loss = 0.0160, average epoch triplet loss = 0.0215
2022-01-15 03:10:45   Cache: 1 / 5
2022-01-15 03:13:37   Epoch[02](1/5): current batch triplet loss = 0.0083, average epoch triplet loss = 0.0217
2022-01-15 03:13:37   Cache: 2 / 5
2022-01-15 03:16:29   Epoch[02](2/5): current batch triplet loss = 0.0094, average epoch triplet loss = 0.0214
2022-01-15 03:16:29   Cache: 3 / 5
2022-01-15 03:19:21   Epoch[02](3/5): current batch triplet loss = 0.0122, average epoch triplet loss = 0.0210
2022-01-15 03:19:21   Cache: 4 / 5
2022-01-15 03:22:14   Epoch[02](4/5): current batch triplet loss = 0.0074, average epoch triplet loss = 0.0208
2022-01-15 03:22:14   Finished epoch 02 in 0:14:21, average epoch triplet loss = 0.0208
2022-01-15 03:22:14   Extracting database features for evaluation/testing
2022-01-15 03:22:49   Extracting queries features for evaluation/testing
2022-01-15 03:23:16   Calculating recalls
2022-01-15 03:23:38   Recalls on val set < BaseDataset, pitts30k - #database: 10000; #queries: 7608 >: R@1: 88.1, R@5: 95.8, R@10: 97.5, R@20: 98.5
2022-01-15 03:23:38   Not improved: 1 / 3: best R@5 = 95.9, current R@5 = 95.8
2022-01-15 03:23:38   Start training epoch: 03
2022-01-15 03:23:38   Cache: 0 / 5
2022-01-15 03:26:30   Epoch[03](0/5): current batch triplet loss = 0.0038, average epoch triplet loss = 0.0180
2022-01-15 03:26:30   Cache: 1 / 5
2022-01-15 03:29:22   Epoch[03](1/5): current batch triplet loss = 0.0220, average epoch triplet loss = 0.0190
2022-01-15 03:29:22   Cache: 2 / 5
2022-01-15 03:32:14   Epoch[03](2/5): current batch triplet loss = 0.0171, average epoch triplet loss = 0.0195
2022-01-15 03:32:14   Cache: 3 / 5
2022-01-15 03:35:06   Epoch[03](3/5): current batch triplet loss = 0.0747, average epoch triplet loss = 0.0193
2022-01-15 03:35:06   Cache: 4 / 5
2022-01-15 03:37:58   Epoch[03](4/5): current batch triplet loss = 0.0211, average epoch triplet loss = 0.0195
2022-01-15 03:37:58   Finished epoch 03 in 0:14:20, average epoch triplet loss = 0.0195
2022-01-15 03:37:58   Extracting database features for evaluation/testing
2022-01-15 03:38:33   Extracting queries features for evaluation/testing
2022-01-15 03:39:00   Calculating recalls
2022-01-15 03:39:22   Recalls on val set < BaseDataset, pitts30k - #database: 10000; #queries: 7608 >: R@1: 87.9, R@5: 96.1, R@10: 97.6, R@20: 98.4
2022-01-15 03:39:22   Improved: previous best R@5 = 95.9, current R@5 = 96.1
2022-01-15 03:39:22   Start training epoch: 04
2022-01-15 03:39:22   Cache: 0 / 5
2022-01-15 03:42:14   Epoch[04](0/5): current batch triplet loss = 0.0016, average epoch triplet loss = 0.0182
2022-01-15 03:42:14   Cache: 1 / 5
2022-01-15 03:45:06   Epoch[04](1/5): current batch triplet loss = 0.0246, average epoch triplet loss = 0.0181
2022-01-15 03:45:06   Cache: 2 / 5
2022-01-15 03:47:58   Epoch[04](2/5): current batch triplet loss = 0.0176, average epoch triplet loss = 0.0179
2022-01-15 03:47:58   Cache: 3 / 5
2022-01-15 03:50:50   Epoch[04](3/5): current batch triplet loss = 0.0176, average epoch triplet loss = 0.0183
2022-01-15 03:50:50   Cache: 4 / 5
2022-01-15 03:53:42   Epoch[04](4/5): current batch triplet loss = 0.0071, average epoch triplet loss = 0.0184
2022-01-15 03:53:42   Finished epoch 04 in 0:14:20, average epoch triplet loss = 0.0184
2022-01-15 03:53:42   Extracting database features for evaluation/testing
2022-01-15 03:54:17   Extracting queries features for evaluation/testing
2022-01-15 03:54:44   Calculating recalls
2022-01-15 03:55:06   Recalls on val set < BaseDataset, pitts30k - #database: 10000; #queries: 7608 >: R@1: 88.4, R@5: 96.0, R@10: 97.7, R@20: 98.4
2022-01-15 03:55:06   Not improved: 1 / 3: best R@5 = 96.1, current R@5 = 96.0
2022-01-15 03:55:06   Start training epoch: 05
2022-01-15 03:55:06   Cache: 0 / 5
2022-01-15 03:57:58   Epoch[05](0/5): current batch triplet loss = 0.0100, average epoch triplet loss = 0.0178
2022-01-15 03:57:58   Cache: 1 / 5
2022-01-15 04:00:50   Epoch[05](1/5): current batch triplet loss = 0.0190, average epoch triplet loss = 0.0170
2022-01-15 04:00:50   Cache: 2 / 5
2022-01-15 04:03:42   Epoch[05](2/5): current batch triplet loss = 0.0029, average epoch triplet loss = 0.0173
2022-01-15 04:03:42   Cache: 3 / 5
2022-01-15 04:06:34   Epoch[05](3/5): current batch triplet loss = 0.0110, average epoch triplet loss = 0.0172
2022-01-15 04:06:34   Cache: 4 / 5
2022-01-15 04:09:27   Epoch[05](4/5): current batch triplet loss = 0.0229, average epoch triplet loss = 0.0171
2022-01-15 04:09:27   Finished epoch 05 in 0:14:20, average epoch triplet loss = 0.0171
2022-01-15 04:09:27   Extracting database features for evaluation/testing
2022-01-15 04:10:02   Extracting queries features for evaluation/testing
2022-01-15 04:10:29   Calculating recalls
2022-01-15 04:10:50   Recalls on val set < BaseDataset, pitts30k - #database: 10000; #queries: 7608 >: R@1: 88.4, R@5: 96.1, R@10: 97.6, R@20: 98.5
2022-01-15 04:10:50   Improved: previous best R@5 = 96.1, current R@5 = 96.1
2022-01-15 04:10:50   Start training epoch: 06
2022-01-15 04:10:50   Cache: 0 / 5
2022-01-15 04:13:43   Epoch[06](0/5): current batch triplet loss = 0.0343, average epoch triplet loss = 0.0185
2022-01-15 04:13:43   Cache: 1 / 5
2022-01-15 04:16:35   Epoch[06](1/5): current batch triplet loss = 0.0046, average epoch triplet loss = 0.0175
2022-01-15 04:16:35   Cache: 2 / 5
2022-01-15 04:19:27   Epoch[06](2/5): current batch triplet loss = 0.0032, average epoch triplet loss = 0.0170
2022-01-15 04:19:27   Cache: 3 / 5
2022-01-15 04:22:19   Epoch[06](3/5): current batch triplet loss = 0.0239, average epoch triplet loss = 0.0172
2022-01-15 04:22:19   Cache: 4 / 5
2022-01-15 04:25:11   Epoch[06](4/5): current batch triplet loss = 0.0047, average epoch triplet loss = 0.0172
2022-01-15 04:25:11   Finished epoch 06 in 0:14:20, average epoch triplet loss = 0.0172
2022-01-15 04:25:11   Extracting database features for evaluation/testing
2022-01-15 04:25:46   Extracting queries features for evaluation/testing
2022-01-15 04:26:13   Calculating recalls
2022-01-15 04:26:34   Recalls on val set < BaseDataset, pitts30k - #database: 10000; #queries: 7608 >: R@1: 88.7, R@5: 96.0, R@10: 97.7, R@20: 98.4
2022-01-15 04:26:35   Not improved: 1 / 3: best R@5 = 96.1, current R@5 = 96.0
2022-01-15 04:26:35   Start training epoch: 07
2022-01-15 04:26:35   Cache: 0 / 5
2022-01-15 04:29:27   Epoch[07](0/5): current batch triplet loss = 0.0087, average epoch triplet loss = 0.0170
2022-01-15 04:29:27   Cache: 1 / 5
2022-01-15 04:32:20   Epoch[07](1/5): current batch triplet loss = 0.0052, average epoch triplet loss = 0.0162
2022-01-15 04:32:20   Cache: 2 / 5
2022-01-15 04:35:12   Epoch[07](2/5): current batch triplet loss = 0.0388, average epoch triplet loss = 0.0161
2022-01-15 04:35:12   Cache: 3 / 5
2022-01-15 04:38:04   Epoch[07](3/5): current batch triplet loss = 0.0105, average epoch triplet loss = 0.0162
2022-01-15 04:38:04   Cache: 4 / 5
2022-01-15 04:40:57   Epoch[07](4/5): current batch triplet loss = 0.0098, average epoch triplet loss = 0.0160
2022-01-15 04:40:57   Finished epoch 07 in 0:14:22, average epoch triplet loss = 0.0160
2022-01-15 04:40:57   Extracting database features for evaluation/testing
2022-01-15 04:41:32   Extracting queries features for evaluation/testing
2022-01-15 04:41:59   Calculating recalls
2022-01-15 04:42:20   Recalls on val set < BaseDataset, pitts30k - #database: 10000; #queries: 7608 >: R@1: 88.8, R@5: 96.2, R@10: 97.6, R@20: 98.5
2022-01-15 04:42:21   Improved: previous best R@5 = 96.1, current R@5 = 96.2
2022-01-15 04:42:21   Start training epoch: 08
2022-01-15 04:42:21   Cache: 0 / 5
2022-01-15 04:45:13   Epoch[08](0/5): current batch triplet loss = 0.0044, average epoch triplet loss = 0.0155
2022-01-15 04:45:13   Cache: 1 / 5
2022-01-15 04:48:05   Epoch[08](1/5): current batch triplet loss = 0.0221, average epoch triplet loss = 0.0158
2022-01-15 04:48:05   Cache: 2 / 5
2022-01-15 04:50:58   Epoch[08](2/5): current batch triplet loss = 0.0059, average epoch triplet loss = 0.0158
2022-01-15 04:50:58   Cache: 3 / 5
2022-01-15 04:53:49   Epoch[08](3/5): current batch triplet loss = 0.0046, average epoch triplet loss = 0.0159
2022-01-15 04:53:49   Cache: 4 / 5
2022-01-15 04:56:42   Epoch[08](4/5): current batch triplet loss = 0.0070, average epoch triplet loss = 0.0158
2022-01-15 04:56:42   Finished epoch 08 in 0:14:21, average epoch triplet loss = 0.0158
2022-01-15 04:56:42   Extracting database features for evaluation/testing
2022-01-15 04:57:17   Extracting queries features for evaluation/testing
2022-01-15 04:57:44   Calculating recalls
2022-01-15 04:58:06   Recalls on val set < BaseDataset, pitts30k - #database: 10000; #queries: 7608 >: R@1: 88.6, R@5: 96.3, R@10: 97.6, R@20: 98.5
2022-01-15 04:58:06   Improved: previous best R@5 = 96.2, current R@5 = 96.3
2022-01-15 04:58:06   Start training epoch: 09
2022-01-15 04:58:06   Cache: 0 / 5
2022-01-15 05:00:58   Epoch[09](0/5): current batch triplet loss = 0.0166, average epoch triplet loss = 0.0152
2022-01-15 05:00:58   Cache: 1 / 5
2022-01-15 05:03:51   Epoch[09](1/5): current batch triplet loss = 0.0028, average epoch triplet loss = 0.0148
2022-01-15 05:03:51   Cache: 2 / 5
2022-01-15 05:06:43   Epoch[09](2/5): current batch triplet loss = 0.0066, average epoch triplet loss = 0.0149
2022-01-15 05:06:43   Cache: 3 / 5
2022-01-15 05:09:34   Epoch[09](3/5): current batch triplet loss = 0.0228, average epoch triplet loss = 0.0150
2022-01-15 05:09:34   Cache: 4 / 5
2022-01-15 05:12:27   Epoch[09](4/5): current batch triplet loss = 0.0130, average epoch triplet loss = 0.0150
2022-01-15 05:12:27   Finished epoch 09 in 0:14:21, average epoch triplet loss = 0.0150
2022-01-15 05:12:27   Extracting database features for evaluation/testing
2022-01-15 05:13:02   Extracting queries features for evaluation/testing
2022-01-15 05:13:29   Calculating recalls
2022-01-15 05:13:51   Recalls on val set < BaseDataset, pitts30k - #database: 10000; #queries: 7608 >: R@1: 88.8, R@5: 96.3, R@10: 97.5, R@20: 98.4
2022-01-15 05:13:51   Improved: previous best R@5 = 96.3, current R@5 = 96.3
2022-01-15 05:13:51   Start training epoch: 10
2022-01-15 05:13:51   Cache: 0 / 5
2022-01-15 05:16:43   Epoch[10](0/5): current batch triplet loss = 0.0014, average epoch triplet loss = 0.0133
2022-01-15 05:16:43   Cache: 1 / 5
2022-01-15 05:19:35   Epoch[10](1/5): current batch triplet loss = 0.0354, average epoch triplet loss = 0.0135
2022-01-15 05:19:35   Cache: 2 / 5
2022-01-15 05:22:28   Epoch[10](2/5): current batch triplet loss = 0.0550, average epoch triplet loss = 0.0139
2022-01-15 05:22:28   Cache: 3 / 5
2022-01-15 05:25:21   Epoch[10](3/5): current batch triplet loss = 0.0067, average epoch triplet loss = 0.0139
2022-01-15 05:25:21   Cache: 4 / 5
2022-01-15 05:28:12   Epoch[10](4/5): current batch triplet loss = 0.0175, average epoch triplet loss = 0.0141
2022-01-15 05:28:12   Finished epoch 10 in 0:14:21, average epoch triplet loss = 0.0141
2022-01-15 05:28:12   Extracting database features for evaluation/testing
2022-01-15 05:28:48   Extracting queries features for evaluation/testing
2022-01-15 05:29:15   Calculating recalls
2022-01-15 05:29:36   Recalls on val set < BaseDataset, pitts30k - #database: 10000; #queries: 7608 >: R@1: 88.8, R@5: 96.2, R@10: 97.5, R@20: 98.3
2022-01-15 05:29:36   Not improved: 1 / 3: best R@5 = 96.3, current R@5 = 96.2
2022-01-15 05:29:36   Start training epoch: 11
2022-01-15 05:29:36   Cache: 0 / 5
2022-01-15 05:32:29   Epoch[11](0/5): current batch triplet loss = 0.0168, average epoch triplet loss = 0.0133
2022-01-15 05:32:29   Cache: 1 / 5
2022-01-15 05:35:21   Epoch[11](1/5): current batch triplet loss = 0.0145, average epoch triplet loss = 0.0133
2022-01-15 05:35:21   Cache: 2 / 5
2022-01-15 05:38:13   Epoch[11](2/5): current batch triplet loss = 0.0211, average epoch triplet loss = 0.0135
2022-01-15 05:38:13   Cache: 3 / 5
2022-01-15 05:41:06   Epoch[11](3/5): current batch triplet loss = 0.0045, average epoch triplet loss = 0.0135
2022-01-15 05:41:06   Cache: 4 / 5
2022-01-15 05:43:58   Epoch[11](4/5): current batch triplet loss = 0.0106, average epoch triplet loss = 0.0136
2022-01-15 05:43:58   Finished epoch 11 in 0:14:21, average epoch triplet loss = 0.0136
2022-01-15 05:43:58   Extracting database features for evaluation/testing
2022-01-15 05:44:33   Extracting queries features for evaluation/testing
2022-01-15 05:45:00   Calculating recalls
2022-01-15 05:45:22   Recalls on val set < BaseDataset, pitts30k - #database: 10000; #queries: 7608 >: R@1: 88.6, R@5: 96.3, R@10: 97.6, R@20: 98.5
2022-01-15 05:45:22   Not improved: 2 / 3: best R@5 = 96.3, current R@5 = 96.3
2022-01-15 05:45:22   Start training epoch: 12
2022-01-15 05:45:22   Cache: 0 / 5
2022-01-15 05:48:14   Epoch[12](0/5): current batch triplet loss = 0.0166, average epoch triplet loss = 0.0129
2022-01-15 05:48:14   Cache: 1 / 5
2022-01-15 05:51:06   Epoch[12](1/5): current batch triplet loss = 0.0138, average epoch triplet loss = 0.0131
2022-01-15 05:51:06   Cache: 2 / 5
2022-01-15 05:53:59   Epoch[12](2/5): current batch triplet loss = 0.0025, average epoch triplet loss = 0.0129
2022-01-15 05:53:59   Cache: 3 / 5
2022-01-15 05:56:52   Epoch[12](3/5): current batch triplet loss = 0.0113, average epoch triplet loss = 0.0131
2022-01-15 05:56:52   Cache: 4 / 5
2022-01-15 05:59:44   Epoch[12](4/5): current batch triplet loss = 0.0179, average epoch triplet loss = 0.0132
2022-01-15 05:59:44   Finished epoch 12 in 0:14:22, average epoch triplet loss = 0.0132
2022-01-15 05:59:44   Extracting database features for evaluation/testing
2022-01-15 06:00:19   Extracting queries features for evaluation/testing
2022-01-15 06:00:46   Calculating recalls
2022-01-15 06:01:07   Recalls on val set < BaseDataset, pitts30k - #database: 10000; #queries: 7608 >: R@1: 88.6, R@5: 96.1, R@10: 97.4, R@20: 98.5
2022-01-15 06:01:08   Not improved: 3 / 3: best R@5 = 96.3, current R@5 = 96.1
2022-01-15 06:01:08   Performance did not improve for 3 epochs. Stop training.
2022-01-15 06:01:08   Best R@5: 96.3
2022-01-15 06:01:08   Trained for 13 epochs, in total in 3:25:09
2022-01-15 06:01:08   Extracting database features for evaluation/testing
2022-01-15 06:01:43   Extracting queries features for evaluation/testing
2022-01-15 06:02:07   Calculating recalls
2022-01-15 06:02:26   Recalls on < BaseDataset, pitts30k - #database: 10000; #queries: 6816 >: R@1: 86.7, R@5: 93.2, R@10: 95.1, R@20: 96.5
