2022-01-15 02:35:58   Arguments: Namespace(backbone='resnet18', use_netvlad=True, netvlad_clusters=64, use_gem=None, gem_p=3, gem_eps=1e-06, use_sgd=None, use_adagrad=None, momentum=0.9, train_batch_size=4, infer_batch_size=16, margin=0.1, epochs_num=20, patience=3, lr=1e-05, cache_refresh_rate=1000, queries_per_epoch=5000, negs_num_per_query=10, neg_samples_num=1000, seed=0, device='cuda', num_workers=8, val_positive_dist_threshold=25, train_positives_dist_threshold=10, recall_values=[1, 5, 10, 20], datasets_folder='./Dataset_pitts30k', exp_name='default', test_dataset_name=None, test_model_path=None, output_folder='runs/default/2022-01-15_02-35-58')
2022-01-15 02:35:58   The outputs are being saved in runs/default/2022-01-15_02-35-58
2022-01-15 02:35:58   Using 1 GPUs and 12 CPUs
2022-01-15 02:35:58   There are 96 queries without any positives within the training set. They won't be considered as they're useless for training.
2022-01-15 02:35:58   Train query set: < TripletsDataset, pitts30k - #database: 10000; #queries: 7320 >
2022-01-15 02:35:58   Val set: < BaseDataset, pitts30k - #database: 10000; #queries: 7608 >
2022-01-15 02:35:58   Test set: < BaseDataset, pitts30k - #database: 10000; #queries: 6816 >
2022-01-15 02:36:04   Output dimension of the model is 16384
2022-01-15 02:36:04   Start training epoch: 00
2022-01-15 02:50:32   Finished epoch 00 in 0:14:28, average epoch triplet loss = 0.0294
2022-01-15 02:52:03   Recalls on val set < BaseDataset, pitts30k - #database: 10000; #queries: 7608 >: R@1: 86.2, R@5: 94.9, R@10: 96.8, R@20: 98.1
2022-01-15 02:52:03   Improved: previous best R@5 = 0.0, current R@5 = 94.9
2022-01-15 02:52:03   Start training epoch: 01
2022-01-15 03:06:21   Finished epoch 01 in 0:14:18, average epoch triplet loss = 0.0236
2022-01-15 03:07:53   Recalls on val set < BaseDataset, pitts30k - #database: 10000; #queries: 7608 >: R@1: 88.1, R@5: 95.9, R@10: 97.4, R@20: 98.4
2022-01-15 03:07:53   Improved: previous best R@5 = 94.9, current R@5 = 95.9
2022-01-15 03:07:53   Start training epoch: 02
2022-01-15 03:22:14   Finished epoch 02 in 0:14:21, average epoch triplet loss = 0.0208
2022-01-15 03:23:38   Recalls on val set < BaseDataset, pitts30k - #database: 10000; #queries: 7608 >: R@1: 88.1, R@5: 95.8, R@10: 97.5, R@20: 98.5
2022-01-15 03:23:38   Not improved: 1 / 3: best R@5 = 95.9, current R@5 = 95.8
2022-01-15 03:23:38   Start training epoch: 03
2022-01-15 03:37:58   Finished epoch 03 in 0:14:20, average epoch triplet loss = 0.0195
2022-01-15 03:39:22   Recalls on val set < BaseDataset, pitts30k - #database: 10000; #queries: 7608 >: R@1: 87.9, R@5: 96.1, R@10: 97.6, R@20: 98.4
2022-01-15 03:39:22   Improved: previous best R@5 = 95.9, current R@5 = 96.1
2022-01-15 03:39:22   Start training epoch: 04
2022-01-15 03:53:42   Finished epoch 04 in 0:14:20, average epoch triplet loss = 0.0184
2022-01-15 03:55:06   Recalls on val set < BaseDataset, pitts30k - #database: 10000; #queries: 7608 >: R@1: 88.4, R@5: 96.0, R@10: 97.7, R@20: 98.4
2022-01-15 03:55:06   Not improved: 1 / 3: best R@5 = 96.1, current R@5 = 96.0
2022-01-15 03:55:06   Start training epoch: 05
2022-01-15 04:09:27   Finished epoch 05 in 0:14:20, average epoch triplet loss = 0.0171
2022-01-15 04:10:50   Recalls on val set < BaseDataset, pitts30k - #database: 10000; #queries: 7608 >: R@1: 88.4, R@5: 96.1, R@10: 97.6, R@20: 98.5
2022-01-15 04:10:50   Improved: previous best R@5 = 96.1, current R@5 = 96.1
2022-01-15 04:10:50   Start training epoch: 06
2022-01-15 04:25:11   Finished epoch 06 in 0:14:20, average epoch triplet loss = 0.0172
2022-01-15 04:26:34   Recalls on val set < BaseDataset, pitts30k - #database: 10000; #queries: 7608 >: R@1: 88.7, R@5: 96.0, R@10: 97.7, R@20: 98.4
2022-01-15 04:26:35   Not improved: 1 / 3: best R@5 = 96.1, current R@5 = 96.0
2022-01-15 04:26:35   Start training epoch: 07
2022-01-15 04:40:57   Finished epoch 07 in 0:14:22, average epoch triplet loss = 0.0160
2022-01-15 04:42:20   Recalls on val set < BaseDataset, pitts30k - #database: 10000; #queries: 7608 >: R@1: 88.8, R@5: 96.2, R@10: 97.6, R@20: 98.5
2022-01-15 04:42:21   Improved: previous best R@5 = 96.1, current R@5 = 96.2
2022-01-15 04:42:21   Start training epoch: 08
2022-01-15 04:56:42   Finished epoch 08 in 0:14:21, average epoch triplet loss = 0.0158
2022-01-15 04:58:06   Recalls on val set < BaseDataset, pitts30k - #database: 10000; #queries: 7608 >: R@1: 88.6, R@5: 96.3, R@10: 97.6, R@20: 98.5
2022-01-15 04:58:06   Improved: previous best R@5 = 96.2, current R@5 = 96.3
2022-01-15 04:58:06   Start training epoch: 09
2022-01-15 05:12:27   Finished epoch 09 in 0:14:21, average epoch triplet loss = 0.0150
2022-01-15 05:13:51   Recalls on val set < BaseDataset, pitts30k - #database: 10000; #queries: 7608 >: R@1: 88.8, R@5: 96.3, R@10: 97.5, R@20: 98.4
2022-01-15 05:13:51   Improved: previous best R@5 = 96.3, current R@5 = 96.3
2022-01-15 05:13:51   Start training epoch: 10
2022-01-15 05:28:12   Finished epoch 10 in 0:14:21, average epoch triplet loss = 0.0141
2022-01-15 05:29:36   Recalls on val set < BaseDataset, pitts30k - #database: 10000; #queries: 7608 >: R@1: 88.8, R@5: 96.2, R@10: 97.5, R@20: 98.3
2022-01-15 05:29:36   Not improved: 1 / 3: best R@5 = 96.3, current R@5 = 96.2
2022-01-15 05:29:36   Start training epoch: 11
2022-01-15 05:43:58   Finished epoch 11 in 0:14:21, average epoch triplet loss = 0.0136
2022-01-15 05:45:22   Recalls on val set < BaseDataset, pitts30k - #database: 10000; #queries: 7608 >: R@1: 88.6, R@5: 96.3, R@10: 97.6, R@20: 98.5
2022-01-15 05:45:22   Not improved: 2 / 3: best R@5 = 96.3, current R@5 = 96.3
2022-01-15 05:45:22   Start training epoch: 12
2022-01-15 05:59:44   Finished epoch 12 in 0:14:22, average epoch triplet loss = 0.0132
2022-01-15 06:01:07   Recalls on val set < BaseDataset, pitts30k - #database: 10000; #queries: 7608 >: R@1: 88.6, R@5: 96.1, R@10: 97.4, R@20: 98.5
2022-01-15 06:01:08   Not improved: 3 / 3: best R@5 = 96.3, current R@5 = 96.1
2022-01-15 06:01:08   Performance did not improve for 3 epochs. Stop training.
2022-01-15 06:01:08   Best R@5: 96.3
2022-01-15 06:01:08   Trained for 13 epochs, in total in 3:25:09
2022-01-15 06:02:26   Recalls on < BaseDataset, pitts30k - #database: 10000; #queries: 6816 >: R@1: 86.7, R@5: 93.2, R@10: 95.1, R@20: 96.5
