2022-01-16 01:37:59   Arguments: Namespace(upscale_input=False, downscale_input=False, augment_input='None', backbone='resnet18', use_netvlad=True, netvlad_clusters=64, use_gem=None, gem_p=3, gem_eps=1e-06, use_sgd=True, use_adagrad=None, momentum=0.99, train_batch_size=4, infer_batch_size=16, margin=0.1, epochs_num=20, patience=3, lr=1e-05, cache_refresh_rate=1000, queries_per_epoch=5000, negs_num_per_query=10, neg_samples_num=1000, seed=0, device='cuda', num_workers=8, val_positive_dist_threshold=25, train_positives_dist_threshold=10, recall_values=[1, 5, 10, 20], datasets_folder='./Dataset_pitts30k', exp_name='default', test_dataset_name=None, test_model_path=None, output_folder='runs/default/2022-01-16_01-37-59')
2022-01-16 01:37:59   The outputs are being saved in runs/default/2022-01-16_01-37-59
2022-01-16 01:37:59   Using 1 GPUs and 12 CPUs
2022-01-16 01:37:59   There are 96 queries without any positives within the training set. They won't be considered as they're useless for training.
2022-01-16 01:37:59   Train query set: < TripletsDataset, pitts30k - #database: 10000; #queries: 7320 >
2022-01-16 01:38:00   Val set: < BaseDataset, pitts30k - #database: 10000; #queries: 7608 >
2022-01-16 01:38:00   Test set: < BaseDataset, pitts30k - #database: 10000; #queries: 6816 >
2022-01-16 01:38:05   Output dimension of the model is 16384
2022-01-16 01:38:05   Start training epoch: 00
2022-01-16 01:52:37   Finished epoch 00 in 0:14:32, average epoch triplet loss = 0.0457
2022-01-16 01:54:27   Recalls on val set < BaseDataset, pitts30k - #database: 10000; #queries: 7608 >: R@1: 72.1, R@5: 86.5, R@10: 90.8, R@20: 94.2
2022-01-16 01:54:27   Improved: previous best R@5 = 0.0, current R@5 = 86.5
2022-01-16 01:54:27   Start training epoch: 01
2022-01-16 02:08:50   Finished epoch 01 in 0:14:22, average epoch triplet loss = 0.0436
2022-01-16 02:10:47   Recalls on val set < BaseDataset, pitts30k - #database: 10000; #queries: 7608 >: R@1: 76.6, R@5: 89.5, R@10: 93.2, R@20: 95.8
2022-01-16 02:10:48   Improved: previous best R@5 = 86.5, current R@5 = 89.5
2022-01-16 02:10:48   Start training epoch: 02
2022-01-16 02:25:18   Finished epoch 02 in 0:14:30, average epoch triplet loss = 0.0429
2022-01-16 02:27:15   Recalls on val set < BaseDataset, pitts30k - #database: 10000; #queries: 7608 >: R@1: 79.1, R@5: 91.0, R@10: 94.2, R@20: 96.5
2022-01-16 02:27:16   Improved: previous best R@5 = 89.5, current R@5 = 91.0
2022-01-16 02:27:16   Start training epoch: 03
2022-01-16 02:41:37   Finished epoch 03 in 0:14:21, average epoch triplet loss = 0.0423
2022-01-16 02:43:17   Recalls on val set < BaseDataset, pitts30k - #database: 10000; #queries: 7608 >: R@1: 81.1, R@5: 92.5, R@10: 95.2, R@20: 97.1
2022-01-16 02:43:17   Improved: previous best R@5 = 91.0, current R@5 = 92.5
2022-01-16 02:43:17   Start training epoch: 04
2022-01-16 02:57:39   Finished epoch 04 in 0:14:21, average epoch triplet loss = 0.0425
2022-01-16 02:59:46   Recalls on val set < BaseDataset, pitts30k - #database: 10000; #queries: 7608 >: R@1: 82.6, R@5: 93.0, R@10: 95.6, R@20: 97.5
2022-01-16 02:59:46   Improved: previous best R@5 = 92.5, current R@5 = 93.0
2022-01-16 02:59:46   Start training epoch: 05
2022-01-16 03:14:10   Finished epoch 05 in 0:14:23, average epoch triplet loss = 0.0428
2022-01-16 03:16:09   Recalls on val set < BaseDataset, pitts30k - #database: 10000; #queries: 7608 >: R@1: 83.2, R@5: 93.6, R@10: 96.0, R@20: 97.8
2022-01-16 03:16:10   Improved: previous best R@5 = 93.0, current R@5 = 93.6
2022-01-16 03:16:10   Start training epoch: 06
2022-01-16 03:30:33   Finished epoch 06 in 0:14:23, average epoch triplet loss = 0.0430
2022-01-16 03:32:28   Recalls on val set < BaseDataset, pitts30k - #database: 10000; #queries: 7608 >: R@1: 83.9, R@5: 93.9, R@10: 96.3, R@20: 97.9
2022-01-16 03:32:28   Improved: previous best R@5 = 93.6, current R@5 = 93.9
2022-01-16 03:32:28   Start training epoch: 07
2022-01-16 03:46:52   Finished epoch 07 in 0:14:24, average epoch triplet loss = 0.0425
2022-01-16 03:48:39   Recalls on val set < BaseDataset, pitts30k - #database: 10000; #queries: 7608 >: R@1: 84.1, R@5: 94.2, R@10: 96.3, R@20: 97.9
2022-01-16 03:48:39   Improved: previous best R@5 = 93.9, current R@5 = 94.2
2022-01-16 03:48:39   Start training epoch: 08
2022-01-16 04:03:02   Finished epoch 08 in 0:14:23, average epoch triplet loss = 0.0429
2022-01-16 04:04:52   Recalls on val set < BaseDataset, pitts30k - #database: 10000; #queries: 7608 >: R@1: 85.3, R@5: 94.5, R@10: 96.7, R@20: 98.3
2022-01-16 04:04:52   Improved: previous best R@5 = 94.2, current R@5 = 94.5
2022-01-16 04:04:52   Start training epoch: 09
2022-01-16 04:19:14   Finished epoch 09 in 0:14:21, average epoch triplet loss = 0.0428
2022-01-16 04:21:03   Recalls on val set < BaseDataset, pitts30k - #database: 10000; #queries: 7608 >: R@1: 85.2, R@5: 94.4, R@10: 96.6, R@20: 98.2
2022-01-16 04:21:04   Not improved: 1 / 3: best R@5 = 94.5, current R@5 = 94.4
2022-01-16 04:21:04   Start training epoch: 10
2022-01-16 04:35:27   Finished epoch 10 in 0:14:23, average epoch triplet loss = 0.0416
2022-01-16 04:37:26   Recalls on val set < BaseDataset, pitts30k - #database: 10000; #queries: 7608 >: R@1: 85.7, R@5: 94.7, R@10: 96.7, R@20: 98.2
2022-01-16 04:37:26   Improved: previous best R@5 = 94.5, current R@5 = 94.7
2022-01-16 04:37:26   Start training epoch: 11
2022-01-16 04:51:47   Finished epoch 11 in 0:14:21, average epoch triplet loss = 0.0417
2022-01-16 04:53:38   Recalls on val set < BaseDataset, pitts30k - #database: 10000; #queries: 7608 >: R@1: 85.3, R@5: 94.6, R@10: 96.8, R@20: 98.2
2022-01-16 04:53:38   Not improved: 1 / 3: best R@5 = 94.7, current R@5 = 94.6
2022-01-16 04:53:38   Start training epoch: 12
2022-01-16 05:08:00   Finished epoch 12 in 0:14:21, average epoch triplet loss = 0.0424
2022-01-16 05:09:40   Recalls on val set < BaseDataset, pitts30k - #database: 10000; #queries: 7608 >: R@1: 86.1, R@5: 94.7, R@10: 96.8, R@20: 98.2
2022-01-16 05:09:40   Improved: previous best R@5 = 94.7, current R@5 = 94.7
2022-01-16 05:09:40   Start training epoch: 13
2022-01-16 05:24:03   Finished epoch 13 in 0:14:22, average epoch triplet loss = 0.0420
2022-01-16 05:25:50   Recalls on val set < BaseDataset, pitts30k - #database: 10000; #queries: 7608 >: R@1: 86.6, R@5: 95.1, R@10: 97.1, R@20: 98.3
2022-01-16 05:25:50   Improved: previous best R@5 = 94.7, current R@5 = 95.1
2022-01-16 05:25:50   Start training epoch: 14
2022-01-16 05:40:13   Finished epoch 14 in 0:14:22, average epoch triplet loss = 0.0427
2022-01-16 05:42:12   Recalls on val set < BaseDataset, pitts30k - #database: 10000; #queries: 7608 >: R@1: 86.2, R@5: 95.0, R@10: 97.0, R@20: 98.2
2022-01-16 05:42:12   Not improved: 1 / 3: best R@5 = 95.1, current R@5 = 95.0
2022-01-16 05:42:12   Start training epoch: 15
2022-01-16 05:56:35   Finished epoch 15 in 0:14:23, average epoch triplet loss = 0.0414
2022-01-16 05:58:22   Recalls on val set < BaseDataset, pitts30k - #database: 10000; #queries: 7608 >: R@1: 86.4, R@5: 95.0, R@10: 97.0, R@20: 98.2
2022-01-16 05:58:22   Not improved: 2 / 3: best R@5 = 95.1, current R@5 = 95.0
2022-01-16 05:58:22   Start training epoch: 16
2022-01-16 06:12:45   Finished epoch 16 in 0:14:22, average epoch triplet loss = 0.0424
2022-01-16 06:14:23   Recalls on val set < BaseDataset, pitts30k - #database: 10000; #queries: 7608 >: R@1: 86.5, R@5: 95.1, R@10: 97.1, R@20: 98.3
2022-01-16 06:14:23   Improved: previous best R@5 = 95.1, current R@5 = 95.1
2022-01-16 06:14:23   Start training epoch: 17
2022-01-16 06:28:47   Finished epoch 17 in 0:14:23, average epoch triplet loss = 0.0419
2022-01-16 06:30:33   Recalls on val set < BaseDataset, pitts30k - #database: 10000; #queries: 7608 >: R@1: 86.6, R@5: 95.1, R@10: 97.1, R@20: 98.3
2022-01-16 06:30:33   Not improved: 1 / 3: best R@5 = 95.1, current R@5 = 95.1
2022-01-16 06:30:33   Start training epoch: 18
2022-01-16 06:44:57   Finished epoch 18 in 0:14:23, average epoch triplet loss = 0.0414
2022-01-16 06:46:43   Recalls on val set < BaseDataset, pitts30k - #database: 10000; #queries: 7608 >: R@1: 86.7, R@5: 95.4, R@10: 97.2, R@20: 98.4
2022-01-16 06:46:43   Improved: previous best R@5 = 95.1, current R@5 = 95.4
2022-01-16 06:46:43   Start training epoch: 19
2022-01-16 07:01:07   Finished epoch 19 in 0:14:23, average epoch triplet loss = 0.0421
2022-01-16 07:02:52   Recalls on val set < BaseDataset, pitts30k - #database: 10000; #queries: 7608 >: R@1: 87.2, R@5: 95.6, R@10: 97.4, R@20: 98.4
2022-01-16 07:02:52   Improved: previous best R@5 = 95.4, current R@5 = 95.6
2022-01-16 07:02:52   Best R@5: 95.6
2022-01-16 07:02:52   Trained for 20 epochs, in total in 5:24:52
2022-01-16 07:04:18   Recalls on < BaseDataset, pitts30k - #database: 10000; #queries: 6816 >: R@1: 84.9, R@5: 92.8, R@10: 94.8, R@20: 96.3
