2022-01-11 06:49:37   Arguments: Namespace(use_netvlad=None, netvlad_clusters=64, use_gem=True, gem_p=3, gem_eps=1e-06, use_sgd=None, use_adagrad=None, momentum=0.9, train_batch_size=4, infer_batch_size=16, margin=0.1, epochs_num=10, patience=3, lr=1e-05, cache_refresh_rate=1000, queries_per_epoch=5000, negs_num_per_query=10, neg_samples_num=1000, seed=0, device='cuda', num_workers=8, val_positive_dist_threshold=25, train_positives_dist_threshold=10, recall_values=[1, 5, 10, 20], datasets_folder='./Data', exp_name='default', output_folder='runs/default/2022-01-11_06-49-37')
2022-01-11 06:49:37   The outputs are being saved in runs/default/2022-01-11_06-49-37
2022-01-11 06:49:37   Using 1 GPUs and 12 CPUs
2022-01-11 06:49:37   Loading dataset Pitts30k from folder ./Data
2022-01-11 06:49:37   There are 96 queries without any positives within the training set. They won't be considered as they're useless for training.
2022-01-11 06:49:37   Train query set: < TripletsDataset, pitts30k - #database: 10000; #queries: 7320 >
2022-01-11 06:49:37   Val set: < BaseDataset, pitts30k - #database: 10000; #queries: 7608 >
2022-01-11 06:49:37   Test set: < BaseDataset, pitts30k - #database: 10000; #queries: 6816 >
2022-01-11 06:49:38   Train only conv4 of the ResNet-18 (remove conv5), freeze the previous ones
2022-01-11 06:49:42   Output dimension of the model is 256
2022-01-11 06:49:42   Start training epoch: 00
2022-01-11 06:49:42   Cache: 0 / 5
2022-01-11 06:50:54   Epoch[00](0/5): current batch triplet loss = 0.0695, average epoch triplet loss = 0.0793
2022-01-11 06:50:54   Cache: 1 / 5
2022-01-11 06:52:08   Epoch[00](1/5): current batch triplet loss = 0.0921, average epoch triplet loss = 0.0765
2022-01-11 06:52:08   Cache: 2 / 5
2022-01-11 06:53:21   Epoch[00](2/5): current batch triplet loss = 0.0745, average epoch triplet loss = 0.0742
2022-01-11 06:53:21   Cache: 3 / 5
2022-01-11 06:54:34   Epoch[00](3/5): current batch triplet loss = 0.0798, average epoch triplet loss = 0.0725
2022-01-11 06:54:34   Cache: 4 / 5
2022-01-11 06:55:48   Epoch[00](4/5): current batch triplet loss = 0.0731, average epoch triplet loss = 0.0712
2022-01-11 06:55:48   Finished epoch 00 in 0:06:05, average epoch triplet loss = 0.0712
2022-01-11 06:55:48   Extracting database features for evaluation/testing
2022-01-11 06:56:14   Extracting queries features for evaluation/testing
2022-01-11 06:56:33   Calculating recalls
2022-01-11 06:56:34   Recalls on val set < BaseDataset, pitts30k - #database: 10000; #queries: 7608 >: R@1: 57.0, R@5: 77.4, R@10: 84.6, R@20: 90.0
2022-01-11 06:56:34   Improved: previous best R@5 = 0.0, current R@5 = 77.4
2022-01-11 06:56:34   Start training epoch: 01
2022-01-11 06:56:34   Cache: 0 / 5
2022-01-11 06:57:49   Epoch[01](0/5): current batch triplet loss = 0.0689, average epoch triplet loss = 0.0630
2022-01-11 06:57:49   Cache: 1 / 5
2022-01-11 06:59:04   Epoch[01](1/5): current batch triplet loss = 0.0534, average epoch triplet loss = 0.0624
2022-01-11 06:59:04   Cache: 2 / 5
2022-01-11 07:00:17   Epoch[01](2/5): current batch triplet loss = 0.0644, average epoch triplet loss = 0.0616
2022-01-11 07:00:17   Cache: 3 / 5
2022-01-11 07:01:31   Epoch[01](3/5): current batch triplet loss = 0.0616, average epoch triplet loss = 0.0613
2022-01-11 07:01:31   Cache: 4 / 5
2022-01-11 07:02:44   Epoch[01](4/5): current batch triplet loss = 0.0532, average epoch triplet loss = 0.0609
2022-01-11 07:02:44   Finished epoch 01 in 0:06:09, average epoch triplet loss = 0.0609
2022-01-11 07:02:44   Extracting database features for evaluation/testing
2022-01-11 07:03:10   Extracting queries features for evaluation/testing
2022-01-11 07:03:30   Calculating recalls
2022-01-11 07:03:31   Recalls on val set < BaseDataset, pitts30k - #database: 10000; #queries: 7608 >: R@1: 59.6, R@5: 78.9, R@10: 85.1, R@20: 90.4
2022-01-11 07:03:31   Improved: previous best R@5 = 77.4, current R@5 = 78.9
2022-01-11 07:03:31   Start training epoch: 02
2022-01-11 07:03:31   Cache: 0 / 5
2022-01-11 07:04:46   Epoch[02](0/5): current batch triplet loss = 0.0614, average epoch triplet loss = 0.0566
2022-01-11 07:04:46   Cache: 1 / 5
2022-01-11 07:05:59   Epoch[02](1/5): current batch triplet loss = 0.0438, average epoch triplet loss = 0.0564
2022-01-11 07:05:59   Cache: 2 / 5
2022-01-11 07:07:15   Epoch[02](2/5): current batch triplet loss = 0.0351, average epoch triplet loss = 0.0560
2022-01-11 07:07:15   Cache: 3 / 5
2022-01-11 07:08:27   Epoch[02](3/5): current batch triplet loss = 0.0400, average epoch triplet loss = 0.0552
2022-01-11 07:08:27   Cache: 4 / 5
2022-01-11 07:09:42   Epoch[02](4/5): current batch triplet loss = 0.0436, average epoch triplet loss = 0.0549
2022-01-11 07:09:42   Finished epoch 02 in 0:06:10, average epoch triplet loss = 0.0549
2022-01-11 07:09:42   Extracting database features for evaluation/testing
2022-01-11 07:10:07   Extracting queries features for evaluation/testing
2022-01-11 07:10:27   Calculating recalls
2022-01-11 07:10:28   Recalls on val set < BaseDataset, pitts30k - #database: 10000; #queries: 7608 >: R@1: 60.5, R@5: 80.1, R@10: 86.1, R@20: 91.0
2022-01-11 07:10:28   Improved: previous best R@5 = 78.9, current R@5 = 80.1
2022-01-11 07:10:28   Start training epoch: 03
2022-01-11 07:10:28   Cache: 0 / 5
2022-01-11 07:11:42   Epoch[03](0/5): current batch triplet loss = 0.0298, average epoch triplet loss = 0.0514
2022-01-11 07:11:42   Cache: 1 / 5
2022-01-11 07:12:56   Epoch[03](1/5): current batch triplet loss = 0.0467, average epoch triplet loss = 0.0520
2022-01-11 07:12:56   Cache: 2 / 5
2022-01-11 07:14:10   Epoch[03](2/5): current batch triplet loss = 0.0541, average epoch triplet loss = 0.0517
2022-01-11 07:14:10   Cache: 3 / 5
2022-01-11 07:15:24   Epoch[03](3/5): current batch triplet loss = 0.0663, average epoch triplet loss = 0.0516
2022-01-11 07:15:24   Cache: 4 / 5
2022-01-11 07:16:38   Epoch[03](4/5): current batch triplet loss = 0.0787, average epoch triplet loss = 0.0513
2022-01-11 07:16:38   Finished epoch 03 in 0:06:10, average epoch triplet loss = 0.0513
2022-01-11 07:16:38   Extracting database features for evaluation/testing
2022-01-11 07:17:04   Extracting queries features for evaluation/testing
2022-01-11 07:17:24   Calculating recalls
2022-01-11 07:17:25   Recalls on val set < BaseDataset, pitts30k - #database: 10000; #queries: 7608 >: R@1: 61.8, R@5: 80.9, R@10: 86.6, R@20: 91.8
2022-01-11 07:17:25   Improved: previous best R@5 = 80.1, current R@5 = 80.9
2022-01-11 07:17:25   Start training epoch: 04
2022-01-11 07:17:25   Cache: 0 / 5
2022-01-11 07:18:40   Epoch[04](0/5): current batch triplet loss = 0.0285, average epoch triplet loss = 0.0492
2022-01-11 07:18:40   Cache: 1 / 5
2022-01-11 07:19:54   Epoch[04](1/5): current batch triplet loss = 0.0568, average epoch triplet loss = 0.0485
2022-01-11 07:19:54   Cache: 2 / 5
2022-01-11 07:21:08   Epoch[04](2/5): current batch triplet loss = 0.0443, average epoch triplet loss = 0.0486
2022-01-11 07:21:08   Cache: 3 / 5
2022-01-11 07:22:23   Epoch[04](3/5): current batch triplet loss = 0.0504, average epoch triplet loss = 0.0488
2022-01-11 07:22:23   Cache: 4 / 5
2022-01-11 07:23:36   Epoch[04](4/5): current batch triplet loss = 0.0381, average epoch triplet loss = 0.0487
2022-01-11 07:23:36   Finished epoch 04 in 0:06:11, average epoch triplet loss = 0.0487
2022-01-11 07:23:36   Extracting database features for evaluation/testing
2022-01-11 07:24:02   Extracting queries features for evaluation/testing
2022-01-11 07:24:22   Calculating recalls
2022-01-11 07:24:23   Recalls on val set < BaseDataset, pitts30k - #database: 10000; #queries: 7608 >: R@1: 61.8, R@5: 81.0, R@10: 87.1, R@20: 91.9
2022-01-11 07:24:23   Improved: previous best R@5 = 80.9, current R@5 = 81.0
2022-01-11 07:24:23   Start training epoch: 05
2022-01-11 07:24:23   Cache: 0 / 5
2022-01-11 07:25:37   Epoch[05](0/5): current batch triplet loss = 0.0411, average epoch triplet loss = 0.0477
2022-01-11 07:25:37   Cache: 1 / 5
2022-01-11 07:26:50   Epoch[05](1/5): current batch triplet loss = 0.0427, average epoch triplet loss = 0.0459
2022-01-11 07:26:50   Cache: 2 / 5
2022-01-11 07:28:04   Epoch[05](2/5): current batch triplet loss = 0.0283, average epoch triplet loss = 0.0460
2022-01-11 07:28:04   Cache: 3 / 5
2022-01-11 07:29:18   Epoch[05](3/5): current batch triplet loss = 0.0132, average epoch triplet loss = 0.0458
2022-01-11 07:29:18   Cache: 4 / 5
2022-01-11 07:30:33   Epoch[05](4/5): current batch triplet loss = 0.0402, average epoch triplet loss = 0.0456
2022-01-11 07:30:33   Finished epoch 05 in 0:06:09, average epoch triplet loss = 0.0456
2022-01-11 07:30:33   Extracting database features for evaluation/testing
2022-01-11 07:30:59   Extracting queries features for evaluation/testing
2022-01-11 07:31:18   Calculating recalls
2022-01-11 07:31:19   Recalls on val set < BaseDataset, pitts30k - #database: 10000; #queries: 7608 >: R@1: 60.8, R@5: 80.2, R@10: 86.3, R@20: 91.3
2022-01-11 07:31:19   Not improved: 1 / 3: best R@5 = 81.0, current R@5 = 80.2
2022-01-11 07:31:19   Start training epoch: 06
2022-01-11 07:31:19   Cache: 0 / 5
2022-01-11 07:32:34   Epoch[06](0/5): current batch triplet loss = 0.0586, average epoch triplet loss = 0.0445
2022-01-11 07:32:34   Cache: 1 / 5
2022-01-11 07:33:48   Epoch[06](1/5): current batch triplet loss = 0.0233, average epoch triplet loss = 0.0444
2022-01-11 07:33:48   Cache: 2 / 5
2022-01-11 07:35:01   Epoch[06](2/5): current batch triplet loss = 0.0353, average epoch triplet loss = 0.0436
2022-01-11 07:35:01   Cache: 3 / 5
2022-01-11 07:36:15   Epoch[06](3/5): current batch triplet loss = 0.0406, average epoch triplet loss = 0.0439
2022-01-11 07:36:15   Cache: 4 / 5
2022-01-11 07:37:29   Epoch[06](4/5): current batch triplet loss = 0.0326, average epoch triplet loss = 0.0438
2022-01-11 07:37:29   Finished epoch 06 in 0:06:09, average epoch triplet loss = 0.0438
2022-01-11 07:37:29   Extracting database features for evaluation/testing
2022-01-11 07:37:54   Extracting queries features for evaluation/testing
2022-01-11 07:38:14   Calculating recalls
2022-01-11 07:38:15   Recalls on val set < BaseDataset, pitts30k - #database: 10000; #queries: 7608 >: R@1: 61.8, R@5: 81.0, R@10: 87.0, R@20: 92.3
2022-01-11 07:38:15   Not improved: 2 / 3: best R@5 = 81.0, current R@5 = 81.0
2022-01-11 07:38:15   Start training epoch: 07
2022-01-11 07:38:15   Cache: 0 / 5
2022-01-11 07:39:28   Epoch[07](0/5): current batch triplet loss = 0.0376, average epoch triplet loss = 0.0438
2022-01-11 07:39:28   Cache: 1 / 5
2022-01-11 07:40:42   Epoch[07](1/5): current batch triplet loss = 0.0180, average epoch triplet loss = 0.0417
2022-01-11 07:40:42   Cache: 2 / 5
2022-01-11 07:41:54   Epoch[07](2/5): current batch triplet loss = 0.0596, average epoch triplet loss = 0.0420
2022-01-11 07:41:54   Cache: 3 / 5
2022-01-11 07:43:08   Epoch[07](3/5): current batch triplet loss = 0.0445, average epoch triplet loss = 0.0419
2022-01-11 07:43:08   Cache: 4 / 5
2022-01-11 07:44:22   Epoch[07](4/5): current batch triplet loss = 0.0324, average epoch triplet loss = 0.0417
2022-01-11 07:44:22   Finished epoch 07 in 0:06:07, average epoch triplet loss = 0.0417
2022-01-11 07:44:22   Extracting database features for evaluation/testing
2022-01-11 07:44:48   Extracting queries features for evaluation/testing
2022-01-11 07:45:07   Calculating recalls
2022-01-11 07:45:08   Recalls on val set < BaseDataset, pitts30k - #database: 10000; #queries: 7608 >: R@1: 61.6, R@5: 81.0, R@10: 87.2, R@20: 92.3
2022-01-11 07:45:08   Not improved: 3 / 3: best R@5 = 81.0, current R@5 = 81.0
2022-01-11 07:45:08   Performance did not improve for 3 epochs. Stop training.
2022-01-11 07:45:08   Best R@5: 81.0
2022-01-11 07:45:08   Trained for 08 epochs, in total in 0:55:31
2022-01-11 07:45:08   Extracting database features for evaluation/testing
2022-01-11 07:45:34   Extracting queries features for evaluation/testing
2022-01-11 07:45:52   Calculating recalls
2022-01-11 07:45:53   Recalls on < BaseDataset, pitts30k - #database: 10000; #queries: 6816 >: R@1: 60.5, R@5: 80.6, R@10: 86.4, R@20: 91.1
