2022-01-15 21:33:42   Arguments: Namespace(upscale_input=False, downscale_input=False, augment_input='None', backbone='resnet18', use_netvlad=True, netvlad_clusters=64, use_gem=None, gem_p=3, gem_eps=1e-06, use_sgd=None, use_adagrad=None, momentum=0.9, train_batch_size=4, infer_batch_size=16, margin=0.1, epochs_num=20, patience=3, lr=1e-05, cache_refresh_rate=1000, queries_per_epoch=5000, negs_num_per_query=10, neg_samples_num=1000, seed=0, device='cuda', num_workers=8, val_positive_dist_threshold=25, train_positives_dist_threshold=5, recall_values=[1, 5, 10, 20], datasets_folder='./Dataset_pitts30k', exp_name='default', test_dataset_name=None, test_model_path=None, output_folder='runs/default/2022-01-15_21-33-42')
2022-01-15 21:33:42   The outputs are being saved in runs/default/2022-01-15_21-33-42
2022-01-15 21:33:42   Using 1 GPUs and 12 CPUs
2022-01-15 21:33:42   Loading dataset Pitts30k from folder ./Dataset_pitts30k
2022-01-15 21:33:42   There are 2544 queries without any positives within the training set. They won't be considered as they're useless for training.
2022-01-15 21:33:42   Train query set: < TripletsDataset, pitts30k - #database: 10000; #queries: 4872 >
2022-01-15 21:33:42   Val set: < BaseDataset, pitts30k - #database: 10000; #queries: 7608 >
2022-01-15 21:33:42   Test set: < BaseDataset, pitts30k - #database: 10000; #queries: 6816 >
2022-01-15 21:33:42   Train only conv4 of the ResNet-18 (remove conv5), freeze the previous ones
2022-01-15 21:33:48   Output dimension of the model is 16384
2022-01-15 21:33:48   Start training epoch: 00
2022-01-15 21:33:48   Cache: 0 / 5
2022-01-15 21:36:49   Epoch[00](0/5): current batch triplet loss = 0.0570, average epoch triplet loss = 0.0363
2022-01-15 21:36:49   Cache: 1 / 5
2022-01-15 21:39:44   Epoch[00](1/5): current batch triplet loss = 0.0233, average epoch triplet loss = 0.0359
2022-01-15 21:39:44   Cache: 2 / 5
2022-01-15 21:42:38   Epoch[00](2/5): current batch triplet loss = 0.0248, average epoch triplet loss = 0.0340
2022-01-15 21:42:38   Cache: 3 / 5
2022-01-15 21:45:29   Epoch[00](3/5): current batch triplet loss = 0.0417, average epoch triplet loss = 0.0328
2022-01-15 21:45:29   Cache: 4 / 5
2022-01-15 21:48:20   Epoch[00](4/5): current batch triplet loss = 0.0280, average epoch triplet loss = 0.0320
2022-01-15 21:48:20   Finished epoch 00 in 0:14:32, average epoch triplet loss = 0.0320
2022-01-15 21:48:20   Extracting database features for evaluation/testing
2022-01-15 21:48:55   Extracting queries features for evaluation/testing
2022-01-15 21:49:22   Calculating recalls
2022-01-15 21:49:46   Recalls on val set < BaseDataset, pitts30k - #database: 10000; #queries: 7608 >: R@1: 86.4, R@5: 95.2, R@10: 97.1, R@20: 98.4
2022-01-15 21:49:46   Improved: previous best R@5 = 0.0, current R@5 = 95.2
2022-01-15 21:49:46   Start training epoch: 01
2022-01-15 21:49:46   Cache: 0 / 5
2022-01-15 21:52:38   Epoch[01](0/5): current batch triplet loss = 0.0551, average epoch triplet loss = 0.0264
2022-01-15 21:52:38   Cache: 1 / 5
2022-01-15 21:55:29   Epoch[01](1/5): current batch triplet loss = 0.0297, average epoch triplet loss = 0.0261
2022-01-15 21:55:29   Cache: 2 / 5
2022-01-15 21:58:20   Epoch[01](2/5): current batch triplet loss = 0.0282, average epoch triplet loss = 0.0257
2022-01-15 21:58:20   Cache: 3 / 5
2022-01-15 22:01:11   Epoch[01](3/5): current batch triplet loss = 0.0091, average epoch triplet loss = 0.0254
2022-01-15 22:01:11   Cache: 4 / 5
2022-01-15 22:04:03   Epoch[01](4/5): current batch triplet loss = 0.0077, average epoch triplet loss = 0.0255
2022-01-15 22:04:03   Finished epoch 01 in 0:14:16, average epoch triplet loss = 0.0255
2022-01-15 22:04:03   Extracting database features for evaluation/testing
2022-01-15 22:04:38   Extracting queries features for evaluation/testing
2022-01-15 22:05:07   Calculating recalls
2022-01-15 22:05:31   Recalls on val set < BaseDataset, pitts30k - #database: 10000; #queries: 7608 >: R@1: 88.1, R@5: 95.9, R@10: 97.6, R@20: 98.5
2022-01-15 22:05:32   Improved: previous best R@5 = 95.2, current R@5 = 95.9
2022-01-15 22:05:32   Start training epoch: 02
2022-01-15 22:05:32   Cache: 0 / 5
2022-01-15 22:08:23   Epoch[02](0/5): current batch triplet loss = 0.0226, average epoch triplet loss = 0.0248
2022-01-15 22:08:23   Cache: 1 / 5
2022-01-15 22:11:14   Epoch[02](1/5): current batch triplet loss = 0.0098, average epoch triplet loss = 0.0244
2022-01-15 22:11:14   Cache: 2 / 5
2022-01-15 22:14:05   Epoch[02](2/5): current batch triplet loss = 0.0025, average epoch triplet loss = 0.0248
2022-01-15 22:14:05   Cache: 3 / 5
2022-01-15 22:16:57   Epoch[02](3/5): current batch triplet loss = 0.0057, average epoch triplet loss = 0.0245
2022-01-15 22:16:57   Cache: 4 / 5
2022-01-15 22:19:48   Epoch[02](4/5): current batch triplet loss = 0.0242, average epoch triplet loss = 0.0245
2022-01-15 22:19:48   Finished epoch 02 in 0:14:16, average epoch triplet loss = 0.0245
2022-01-15 22:19:48   Extracting database features for evaluation/testing
2022-01-15 22:20:23   Extracting queries features for evaluation/testing
2022-01-15 22:20:50   Calculating recalls
2022-01-15 22:21:12   Recalls on val set < BaseDataset, pitts30k - #database: 10000; #queries: 7608 >: R@1: 88.5, R@5: 96.4, R@10: 97.8, R@20: 98.6
2022-01-15 22:21:12   Improved: previous best R@5 = 95.9, current R@5 = 96.4
2022-01-15 22:21:12   Start training epoch: 03
2022-01-15 22:21:12   Cache: 0 / 5
2022-01-15 22:24:03   Epoch[03](0/5): current batch triplet loss = 0.0182, average epoch triplet loss = 0.0228
2022-01-15 22:24:03   Cache: 1 / 5
2022-01-15 22:26:54   Epoch[03](1/5): current batch triplet loss = 0.0363, average epoch triplet loss = 0.0233
2022-01-15 22:26:54   Cache: 2 / 5
2022-01-15 22:29:46   Epoch[03](2/5): current batch triplet loss = 0.0131, average epoch triplet loss = 0.0231
2022-01-15 22:29:46   Cache: 3 / 5
2022-01-15 22:32:37   Epoch[03](3/5): current batch triplet loss = 0.0096, average epoch triplet loss = 0.0232
2022-01-15 22:32:37   Cache: 4 / 5
2022-01-15 22:35:29   Epoch[03](4/5): current batch triplet loss = 0.0282, average epoch triplet loss = 0.0231
2022-01-15 22:35:29   Finished epoch 03 in 0:14:16, average epoch triplet loss = 0.0231
2022-01-15 22:35:29   Extracting database features for evaluation/testing
2022-01-15 22:36:04   Extracting queries features for evaluation/testing
2022-01-15 22:36:31   Calculating recalls
2022-01-15 22:36:52   Recalls on val set < BaseDataset, pitts30k - #database: 10000; #queries: 7608 >: R@1: 88.6, R@5: 96.2, R@10: 97.7, R@20: 98.5
2022-01-15 22:36:52   Not improved: 1 / 3: best R@5 = 96.4, current R@5 = 96.2
2022-01-15 22:36:52   Start training epoch: 04
2022-01-15 22:36:52   Cache: 0 / 5
2022-01-15 22:39:44   Epoch[04](0/5): current batch triplet loss = 0.0276, average epoch triplet loss = 0.0225
2022-01-15 22:39:44   Cache: 1 / 5
2022-01-15 22:42:36   Epoch[04](1/5): current batch triplet loss = 0.0075, average epoch triplet loss = 0.0227
2022-01-15 22:42:36   Cache: 2 / 5
2022-01-15 22:45:27   Epoch[04](2/5): current batch triplet loss = 0.0439, average epoch triplet loss = 0.0226
2022-01-15 22:45:27   Cache: 3 / 5
2022-01-15 22:48:18   Epoch[04](3/5): current batch triplet loss = 0.0146, average epoch triplet loss = 0.0225
2022-01-15 22:48:18   Cache: 4 / 5
2022-01-15 22:51:11   Epoch[04](4/5): current batch triplet loss = 0.0085, average epoch triplet loss = 0.0224
2022-01-15 22:51:11   Finished epoch 04 in 0:14:18, average epoch triplet loss = 0.0224
2022-01-15 22:51:11   Extracting database features for evaluation/testing
2022-01-15 22:51:46   Extracting queries features for evaluation/testing
2022-01-15 22:52:13   Calculating recalls
2022-01-15 22:52:34   Recalls on val set < BaseDataset, pitts30k - #database: 10000; #queries: 7608 >: R@1: 88.7, R@5: 96.3, R@10: 97.9, R@20: 98.7
2022-01-15 22:52:34   Not improved: 2 / 3: best R@5 = 96.4, current R@5 = 96.3
2022-01-15 22:52:34   Start training epoch: 05
2022-01-15 22:52:34   Cache: 0 / 5
2022-01-15 22:55:26   Epoch[05](0/5): current batch triplet loss = 0.0062, average epoch triplet loss = 0.0230
2022-01-15 22:55:26   Cache: 1 / 5
2022-01-15 22:58:17   Epoch[05](1/5): current batch triplet loss = 0.0086, average epoch triplet loss = 0.0223
2022-01-15 22:58:17   Cache: 2 / 5
2022-01-15 23:01:10   Epoch[05](2/5): current batch triplet loss = 0.0106, average epoch triplet loss = 0.0225
2022-01-15 23:01:10   Cache: 3 / 5
2022-01-15 23:04:01   Epoch[05](3/5): current batch triplet loss = 0.0159, average epoch triplet loss = 0.0223
2022-01-15 23:04:01   Cache: 4 / 5
2022-01-15 23:06:52   Epoch[05](4/5): current batch triplet loss = 0.0122, average epoch triplet loss = 0.0220
2022-01-15 23:06:52   Finished epoch 05 in 0:14:18, average epoch triplet loss = 0.0220
2022-01-15 23:06:52   Extracting database features for evaluation/testing
2022-01-15 23:07:27   Extracting queries features for evaluation/testing
2022-01-15 23:07:55   Calculating recalls
2022-01-15 23:08:16   Recalls on val set < BaseDataset, pitts30k - #database: 10000; #queries: 7608 >: R@1: 89.1, R@5: 96.3, R@10: 97.8, R@20: 98.5
2022-01-15 23:08:16   Not improved: 3 / 3: best R@5 = 96.4, current R@5 = 96.3
2022-01-15 23:08:16   Performance did not improve for 3 epochs. Stop training.
2022-01-15 23:08:16   Best R@5: 96.4
2022-01-15 23:08:16   Trained for 06 epochs, in total in 1:34:34
2022-01-15 23:08:16   Extracting database features for evaluation/testing
2022-01-15 23:08:51   Extracting queries features for evaluation/testing
2022-01-15 23:09:16   Calculating recalls
2022-01-15 23:09:35   Recalls on < BaseDataset, pitts30k - #database: 10000; #queries: 6816 >: R@1: 86.5, R@5: 93.2, R@10: 95.2, R@20: 96.7
