2022-01-15 21:33:42   Arguments: Namespace(upscale_input=False, downscale_input=False, augment_input='None', backbone='resnet18', use_netvlad=True, netvlad_clusters=64, use_gem=None, gem_p=3, gem_eps=1e-06, use_sgd=None, use_adagrad=None, momentum=0.9, train_batch_size=4, infer_batch_size=16, margin=0.1, epochs_num=20, patience=3, lr=1e-05, cache_refresh_rate=1000, queries_per_epoch=5000, negs_num_per_query=10, neg_samples_num=1000, seed=0, device='cuda', num_workers=8, val_positive_dist_threshold=25, train_positives_dist_threshold=5, recall_values=[1, 5, 10, 20], datasets_folder='./Dataset_pitts30k', exp_name='default', test_dataset_name=None, test_model_path=None, output_folder='runs/default/2022-01-15_21-33-42')
2022-01-15 21:33:42   The outputs are being saved in runs/default/2022-01-15_21-33-42
2022-01-15 21:33:42   Using 1 GPUs and 12 CPUs
2022-01-15 21:33:42   There are 2544 queries without any positives within the training set. They won't be considered as they're useless for training.
2022-01-15 21:33:42   Train query set: < TripletsDataset, pitts30k - #database: 10000; #queries: 4872 >
2022-01-15 21:33:42   Val set: < BaseDataset, pitts30k - #database: 10000; #queries: 7608 >
2022-01-15 21:33:42   Test set: < BaseDataset, pitts30k - #database: 10000; #queries: 6816 >
2022-01-15 21:33:48   Output dimension of the model is 16384
2022-01-15 21:33:48   Start training epoch: 00
2022-01-15 21:48:20   Finished epoch 00 in 0:14:32, average epoch triplet loss = 0.0320
2022-01-15 21:49:46   Recalls on val set < BaseDataset, pitts30k - #database: 10000; #queries: 7608 >: R@1: 86.4, R@5: 95.2, R@10: 97.1, R@20: 98.4
2022-01-15 21:49:46   Improved: previous best R@5 = 0.0, current R@5 = 95.2
2022-01-15 21:49:46   Start training epoch: 01
2022-01-15 22:04:03   Finished epoch 01 in 0:14:16, average epoch triplet loss = 0.0255
2022-01-15 22:05:31   Recalls on val set < BaseDataset, pitts30k - #database: 10000; #queries: 7608 >: R@1: 88.1, R@5: 95.9, R@10: 97.6, R@20: 98.5
2022-01-15 22:05:32   Improved: previous best R@5 = 95.2, current R@5 = 95.9
2022-01-15 22:05:32   Start training epoch: 02
2022-01-15 22:19:48   Finished epoch 02 in 0:14:16, average epoch triplet loss = 0.0245
2022-01-15 22:21:12   Recalls on val set < BaseDataset, pitts30k - #database: 10000; #queries: 7608 >: R@1: 88.5, R@5: 96.4, R@10: 97.8, R@20: 98.6
2022-01-15 22:21:12   Improved: previous best R@5 = 95.9, current R@5 = 96.4
2022-01-15 22:21:12   Start training epoch: 03
2022-01-15 22:35:29   Finished epoch 03 in 0:14:16, average epoch triplet loss = 0.0231
2022-01-15 22:36:52   Recalls on val set < BaseDataset, pitts30k - #database: 10000; #queries: 7608 >: R@1: 88.6, R@5: 96.2, R@10: 97.7, R@20: 98.5
2022-01-15 22:36:52   Not improved: 1 / 3: best R@5 = 96.4, current R@5 = 96.2
2022-01-15 22:36:52   Start training epoch: 04
2022-01-15 22:51:11   Finished epoch 04 in 0:14:18, average epoch triplet loss = 0.0224
2022-01-15 22:52:34   Recalls on val set < BaseDataset, pitts30k - #database: 10000; #queries: 7608 >: R@1: 88.7, R@5: 96.3, R@10: 97.9, R@20: 98.7
2022-01-15 22:52:34   Not improved: 2 / 3: best R@5 = 96.4, current R@5 = 96.3
2022-01-15 22:52:34   Start training epoch: 05
2022-01-15 23:06:52   Finished epoch 05 in 0:14:18, average epoch triplet loss = 0.0220
2022-01-15 23:08:16   Recalls on val set < BaseDataset, pitts30k - #database: 10000; #queries: 7608 >: R@1: 89.1, R@5: 96.3, R@10: 97.8, R@20: 98.5
2022-01-15 23:08:16   Not improved: 3 / 3: best R@5 = 96.4, current R@5 = 96.3
2022-01-15 23:08:16   Performance did not improve for 3 epochs. Stop training.
2022-01-15 23:08:16   Best R@5: 96.4
2022-01-15 23:08:16   Trained for 06 epochs, in total in 1:34:34
2022-01-15 23:09:35   Recalls on < BaseDataset, pitts30k - #database: 10000; #queries: 6816 >: R@1: 86.5, R@5: 93.2, R@10: 95.2, R@20: 96.7
