2022-01-05 20:47:18   Arguments: Namespace(use_netvlad=True, netvlad_clusters=64, train_batch_size=4, infer_batch_size=16, margin=0.1, epochs_num=5, patience=3, lr=0.0001, cache_refresh_rate=1000, queries_per_epoch=5000, negs_num_per_query=10, neg_samples_num=1000, seed=0, device='cuda', num_workers=8, val_positive_dist_threshold=25, train_positives_dist_threshold=10, recall_values=[1, 5, 10, 20], datasets_folder='./Data', exp_name='default', output_folder='runs/default/2022-01-05_20-47-18')
2022-01-05 20:47:18   The outputs are being saved in runs/default/2022-01-05_20-47-18
2022-01-05 20:47:18   Using 1 GPUs and 12 CPUs
2022-01-05 20:47:18   There are 96 queries without any positives within the training set. They won't be considered as they're useless for training.
2022-01-05 20:47:18   Train query set: < TripletsDataset, pitts30k - #database: 10000; #queries: 7320 >
2022-01-05 20:47:18   Val set: < BaseDataset, pitts30k - #database: 10000; #queries: 7608 >
2022-01-05 20:47:18   Test set: < BaseDataset, pitts30k - #database: 10000; #queries: 6816 >
2022-01-05 20:47:21   Output dimension of the model is 16384
2022-01-05 20:47:21   Start training epoch: 00
2022-01-05 21:02:17   Finished epoch 00 in 0:14:55, average epoch triplet loss = 0.0867
2022-01-05 21:04:07   Recalls on val set < BaseDataset, pitts30k - #database: 10000; #queries: 7608 >: R@1: 38.2, R@5: 61.7, R@10: 71.8, R@20: 81.4
2022-01-05 21:04:07   Improved: previous best R@5 = 0.0, current R@5 = 61.7
2022-01-05 21:04:07   Start training epoch: 01
2022-01-05 21:18:31   Finished epoch 01 in 0:14:23, average epoch triplet loss = 0.0721
2022-01-05 21:20:09   Recalls on val set < BaseDataset, pitts30k - #database: 10000; #queries: 7608 >: R@1: 32.7, R@5: 53.0, R@10: 62.1, R@20: 71.5
2022-01-05 21:20:09   Not improved: 1 / 3: best R@5 = 61.7, current R@5 = 53.0
2022-01-05 21:20:09   Start training epoch: 02
2022-01-05 21:34:29   Finished epoch 02 in 0:14:19, average epoch triplet loss = 0.0532
2022-01-05 21:36:28   Recalls on val set < BaseDataset, pitts30k - #database: 10000; #queries: 7608 >: R@1: 37.6, R@5: 59.0, R@10: 68.4, R@20: 77.5
2022-01-05 21:36:28   Not improved: 2 / 3: best R@5 = 61.7, current R@5 = 59.0
2022-01-05 21:36:28   Start training epoch: 03
2022-01-05 21:50:48   Finished epoch 03 in 0:14:19, average epoch triplet loss = 0.0375
2022-01-05 21:53:06   Recalls on val set < BaseDataset, pitts30k - #database: 10000; #queries: 7608 >: R@1: 47.3, R@5: 71.1, R@10: 79.5, R@20: 86.4
2022-01-05 21:53:07   Improved: previous best R@5 = 61.7, current R@5 = 71.1
2022-01-05 21:53:07   Start training epoch: 04
2022-01-05 22:08:03   Finished epoch 04 in 0:14:56, average epoch triplet loss = 0.0231
2022-01-05 22:09:52   Recalls on val set < BaseDataset, pitts30k - #database: 10000; #queries: 7608 >: R@1: 48.9, R@5: 70.3, R@10: 77.9, R@20: 85.8
2022-01-05 22:09:52   Not improved: 1 / 3: best R@5 = 71.1, current R@5 = 70.3
2022-01-05 22:09:52   Best R@5: 71.1
2022-01-05 22:09:52   Trained for 05 epochs, in total in 1:22:34
2022-01-05 22:11:21   Recalls on < BaseDataset, pitts30k - #database: 10000; #queries: 6816 >: R@1: 46.0, R@5: 69.5, R@10: 78.9, R@20: 86.5
