2022-01-05 16:19:41   Arguments: Namespace(cache_refresh_rate=1000, datasets_folder='./', device='cuda', epochs_num=5, exp_name='default', infer_batch_size=16, lr=1e-05, margin=0.1, neg_samples_num=1000, negs_num_per_query=10, netvlad_clusters=64, num_workers=8, output_folder='runs/default/2022-01-05_16-19-41', patience=3, queries_per_epoch=5000, recall_values=[1, 5, 10, 20], seed=0, train_batch_size=4, train_positives_dist_threshold=10, use_netvlad=True, val_positive_dist_threshold=25)
2022-01-05 16:19:41   The outputs are being saved in runs/default/2022-01-05_16-19-41
2022-01-05 16:19:41   Using 1 GPUs and 6 CPUs
2022-01-05 16:19:41   Loading dataset Pitts30k from folder ./
2022-01-05 16:19:43   There are 96 queries without any positives within the training set. They won't be considered as they're useless for training.
2022-01-05 16:19:43   Train query set: < TripletsDataset, pitts30k - #database: 10000; #queries: 7320 >
2022-01-05 16:19:45   Val set: < BaseDataset, pitts30k - #database: 10000; #queries: 7608 >
2022-01-05 16:19:46   Test set: < BaseDataset, pitts30k - #database: 10000; #queries: 6816 >
2022-01-05 16:19:46   Train only conv4 of the ResNet-18 (remove conv5), freeze the previous ones
2022-01-05 16:19:49   Output dimension of the model is 16384
2022-01-05 16:19:49   Start training epoch: 00
2022-01-05 16:19:49   Cache: 0 / 5
2022-01-05 16:28:20   Epoch[00](0/5): current batch triplet loss = 0.0963, average epoch triplet loss = 0.0972
2022-01-05 16:28:20   Cache: 1 / 5
2022-01-05 16:36:52   Epoch[00](1/5): current batch triplet loss = 0.0993, average epoch triplet loss = 0.0969
2022-01-05 16:36:52   Cache: 2 / 5
2022-01-05 16:45:23   Epoch[00](2/5): current batch triplet loss = 0.0970, average epoch triplet loss = 0.0965
2022-01-05 16:45:24   Cache: 3 / 5
2022-01-05 16:53:55   Epoch[00](3/5): current batch triplet loss = 0.0978, average epoch triplet loss = 0.0963
2022-01-05 16:53:55   Cache: 4 / 5
2022-01-05 17:02:30   Epoch[00](4/5): current batch triplet loss = 0.0973, average epoch triplet loss = 0.0961
2022-01-05 17:02:30   Finished epoch 00 in 0:42:41, average epoch triplet loss = 0.0961
2022-01-05 17:02:30   Extracting database features for evaluation/testing
2022-01-05 17:04:28   Extracting queries features for evaluation/testing
2022-01-05 17:05:59   Calculating recalls
2022-01-05 17:06:35   Recalls on val set < BaseDataset, pitts30k - #database: 10000; #queries: 7608 >: R@1: 54.9, R@5: 76.0, R@10: 83.4, R@20: 89.3
2022-01-05 17:06:37   Improved: previous best R@5 = 0.0, current R@5 = 76.0
2022-01-05 17:06:37   Start training epoch: 01
2022-01-05 17:06:37   Cache: 0 / 5
2022-01-05 17:15:08   Epoch[01](0/5): current batch triplet loss = 0.0962, average epoch triplet loss = 0.0946
2022-01-05 17:15:08   Cache: 1 / 5
2022-01-05 17:23:41   Epoch[01](1/5): current batch triplet loss = 0.0944, average epoch triplet loss = 0.0945
2022-01-05 17:23:41   Cache: 2 / 5
2022-01-05 17:32:14   Epoch[01](2/5): current batch triplet loss = 0.0957, average epoch triplet loss = 0.0944
2022-01-05 17:32:14   Cache: 3 / 5
2022-01-05 17:40:50   Epoch[01](3/5): current batch triplet loss = 0.0859, average epoch triplet loss = 0.0943
2022-01-05 17:40:50   Cache: 4 / 5
2022-01-05 17:49:21   Epoch[01](4/5): current batch triplet loss = 0.0940, average epoch triplet loss = 0.0942
2022-01-05 17:49:21   Finished epoch 01 in 0:42:44, average epoch triplet loss = 0.0942
2022-01-05 17:49:21   Extracting database features for evaluation/testing
2022-01-05 17:51:18   Extracting queries features for evaluation/testing
2022-01-05 17:52:48   Calculating recalls
2022-01-05 17:53:24   Recalls on val set < BaseDataset, pitts30k - #database: 10000; #queries: 7608 >: R@1: 55.0, R@5: 75.9, R@10: 82.9, R@20: 88.3
2022-01-05 17:53:25   Not improved: 1 / 3: best R@5 = 76.0, current R@5 = 75.9
2022-01-05 17:53:25   Start training epoch: 02
2022-01-05 17:53:25   Cache: 0 / 5
2022-01-05 18:01:56   Epoch[02](0/5): current batch triplet loss = 0.0957, average epoch triplet loss = 0.0934
2022-01-05 18:01:56   Cache: 1 / 5
2022-01-05 18:10:27   Epoch[02](1/5): current batch triplet loss = 0.0927, average epoch triplet loss = 0.0934
2022-01-05 18:10:27   Cache: 2 / 5
2022-01-05 18:18:59   Epoch[02](2/5): current batch triplet loss = 0.0839, average epoch triplet loss = 0.0933
2022-01-05 18:18:59   Cache: 3 / 5
2022-01-05 18:27:32   Epoch[02](3/5): current batch triplet loss = 0.0888, average epoch triplet loss = 0.0931
2022-01-05 18:27:32   Cache: 4 / 5
2022-01-05 18:36:02   Epoch[02](4/5): current batch triplet loss = 0.0928, average epoch triplet loss = 0.0930
2022-01-05 18:36:02   Finished epoch 02 in 0:42:37, average epoch triplet loss = 0.0930
2022-01-05 18:36:02   Extracting database features for evaluation/testing
2022-01-05 18:37:59   Extracting queries features for evaluation/testing
2022-01-05 18:39:29   Calculating recalls
2022-01-05 18:40:05   Recalls on val set < BaseDataset, pitts30k - #database: 10000; #queries: 7608 >: R@1: 56.5, R@5: 77.5, R@10: 83.7, R@20: 89.1
2022-01-05 18:40:07   Improved: previous best R@5 = 76.0, current R@5 = 77.5
2022-01-05 18:40:07   Start training epoch: 03
2022-01-05 18:40:07   Cache: 0 / 5
2022-01-05 18:48:37   Epoch[03](0/5): current batch triplet loss = 0.0909, average epoch triplet loss = 0.0919
2022-01-05 18:48:37   Cache: 1 / 5
2022-01-05 18:57:06   Epoch[03](1/5): current batch triplet loss = 0.0924, average epoch triplet loss = 0.0921
2022-01-05 18:57:06   Cache: 2 / 5
2022-01-05 19:05:37   Epoch[03](2/5): current batch triplet loss = 0.0871, average epoch triplet loss = 0.0921
2022-01-05 19:05:37   Cache: 3 / 5
2022-01-05 19:14:09   Epoch[03](3/5): current batch triplet loss = 0.0939, average epoch triplet loss = 0.0920
2022-01-05 19:14:09   Cache: 4 / 5
2022-01-05 19:22:41   Epoch[03](4/5): current batch triplet loss = 0.0973, average epoch triplet loss = 0.0920
2022-01-05 19:22:41   Finished epoch 03 in 0:42:33, average epoch triplet loss = 0.0920
2022-01-05 19:22:41   Extracting database features for evaluation/testing
2022-01-05 19:24:38   Extracting queries features for evaluation/testing
2022-01-05 19:26:08   Calculating recalls
2022-01-05 19:26:44   Recalls on val set < BaseDataset, pitts30k - #database: 10000; #queries: 7608 >: R@1: 57.1, R@5: 78.0, R@10: 84.1, R@20: 89.3
2022-01-05 19:26:47   Improved: previous best R@5 = 77.5, current R@5 = 78.0
2022-01-05 19:26:47   Start training epoch: 04
2022-01-05 19:26:47   Cache: 0 / 5
2022-01-05 19:35:17   Epoch[04](0/5): current batch triplet loss = 0.0906, average epoch triplet loss = 0.0920
2022-01-05 19:35:17   Cache: 1 / 5
2022-01-05 19:43:48   Epoch[04](1/5): current batch triplet loss = 0.0933, average epoch triplet loss = 0.0915
2022-01-05 19:43:48   Cache: 2 / 5
2022-01-05 19:52:20   Epoch[04](2/5): current batch triplet loss = 0.0924, average epoch triplet loss = 0.0915
2022-01-05 19:52:20   Cache: 3 / 5
2022-01-05 20:00:51   Epoch[04](3/5): current batch triplet loss = 0.0938, average epoch triplet loss = 0.0914
2022-01-05 20:00:51   Cache: 4 / 5
2022-01-05 20:09:22   Epoch[04](4/5): current batch triplet loss = 0.0901, average epoch triplet loss = 0.0914
2022-01-05 20:09:22   Finished epoch 04 in 0:42:35, average epoch triplet loss = 0.0914
2022-01-05 20:09:22   Extracting database features for evaluation/testing
2022-01-05 20:11:22   Extracting queries features for evaluation/testing
2022-01-05 20:12:52   Calculating recalls
2022-01-05 20:13:28   Recalls on val set < BaseDataset, pitts30k - #database: 10000; #queries: 7608 >: R@1: 57.4, R@5: 78.0, R@10: 84.4, R@20: 89.5
2022-01-05 20:13:29   Improved: previous best R@5 = 78.0, current R@5 = 78.0
2022-01-05 20:13:29   Best R@5: 78.0
2022-01-05 20:13:29   Trained for 05 epochs, in total in 3:53:48
2022-01-05 20:13:30   Extracting database features for evaluation/testing
2022-01-05 20:15:26   Extracting queries features for evaluation/testing
2022-01-05 20:16:47   Calculating recalls
2022-01-05 20:17:20   Recalls on < BaseDataset, pitts30k - #database: 10000; #queries: 6816 >: R@1: 55.7, R@5: 77.4, R@10: 84.1, R@20: 89.8
