2022-01-14 19:59:01   Arguments: Namespace(backbone='resnet18', cache_refresh_rate=1000, datasets_folder='./Dataset_pitts30k', device='cuda', epochs_num=20, exp_name='default', gem_eps=1e-06, gem_p=3, infer_batch_size=16, lr=0.0001, margin=0.1, momentum=0.9, neg_samples_num=1000, negs_num_per_query=10, netvlad_clusters=64, num_workers=8, output_folder='runs/default/2022-01-14_19-59-01', patience=3, queries_per_epoch=5000, recall_values=[1, 5, 10, 20], seed=0, test_dataset_name=None, test_model_path=None, train_batch_size=4, train_positives_dist_threshold=10, use_adagrad=None, use_gem=True, use_netvlad=None, use_sgd=None, val_positive_dist_threshold=25)
2022-01-14 19:59:01   The outputs are being saved in runs/default/2022-01-14_19-59-01
2022-01-14 19:59:01   Using 1 GPUs and 6 CPUs
2022-01-14 19:59:02   There are 96 queries without any positives within the training set. They won't be considered as they're useless for training.
2022-01-14 19:59:02   Train query set: < TripletsDataset, pitts30k - #database: 10000; #queries: 7320 >
2022-01-14 19:59:03   Val set: < BaseDataset, pitts30k - #database: 10000; #queries: 7608 >
2022-01-14 19:59:04   Test set: < BaseDataset, pitts30k - #database: 10000; #queries: 6816 >
2022-01-14 19:59:07   Output dimension of the model is 256
2022-01-14 19:59:07   Start training epoch: 00
2022-01-14 20:20:25   Finished epoch 00 in 0:21:17, average epoch triplet loss = 0.0269
2022-01-14 20:23:01   Recalls on val set < BaseDataset, pitts30k - #database: 10000; #queries: 7608 >: R@1: 74.1, R@5: 88.5, R@10: 92.2, R@20: 95.5
2022-01-14 20:23:03   Improved: previous best R@5 = 0.0, current R@5 = 88.5
2022-01-14 20:23:03   Start training epoch: 01
2022-01-14 20:44:35   Finished epoch 01 in 0:21:31, average epoch triplet loss = 0.0108
2022-01-14 20:47:13   Recalls on val set < BaseDataset, pitts30k - #database: 10000; #queries: 7608 >: R@1: 75.1, R@5: 89.4, R@10: 93.3, R@20: 96.1
2022-01-14 20:47:14   Improved: previous best R@5 = 88.5, current R@5 = 89.4
2022-01-14 20:47:14   Start training epoch: 02
2022-01-14 21:08:45   Finished epoch 02 in 0:21:30, average epoch triplet loss = 0.0070
2022-01-14 21:11:22   Recalls on val set < BaseDataset, pitts30k - #database: 10000; #queries: 7608 >: R@1: 74.8, R@5: 88.4, R@10: 92.4, R@20: 95.7
2022-01-14 21:11:22   Not improved: 1 / 3: best R@5 = 89.4, current R@5 = 88.4
2022-01-14 21:11:22   Start training epoch: 03
2022-01-14 21:32:50   Finished epoch 03 in 0:21:27, average epoch triplet loss = 0.0057
2022-01-14 21:35:26   Recalls on val set < BaseDataset, pitts30k - #database: 10000; #queries: 7608 >: R@1: 75.7, R@5: 88.5, R@10: 92.5, R@20: 95.7
2022-01-14 21:35:26   Not improved: 2 / 3: best R@5 = 89.4, current R@5 = 88.5
2022-01-14 21:35:26   Start training epoch: 04
2022-01-14 21:56:54   Finished epoch 04 in 0:21:27, average epoch triplet loss = 0.0049
2022-01-14 21:59:30   Recalls on val set < BaseDataset, pitts30k - #database: 10000; #queries: 7608 >: R@1: 75.8, R@5: 89.6, R@10: 93.2, R@20: 96.1
2022-01-14 21:59:31   Improved: previous best R@5 = 89.4, current R@5 = 89.6
2022-01-14 21:59:31   Start training epoch: 05
2022-01-14 22:20:56   Finished epoch 05 in 0:21:24, average epoch triplet loss = 0.0045
2022-01-14 22:23:32   Recalls on val set < BaseDataset, pitts30k - #database: 10000; #queries: 7608 >: R@1: 73.2, R@5: 87.6, R@10: 91.6, R@20: 94.9
2022-01-14 22:23:33   Not improved: 1 / 3: best R@5 = 89.6, current R@5 = 87.6
2022-01-14 22:23:33   Start training epoch: 06
2022-01-14 22:45:00   Finished epoch 06 in 0:21:26, average epoch triplet loss = 0.0045
2022-01-14 22:47:37   Recalls on val set < BaseDataset, pitts30k - #database: 10000; #queries: 7608 >: R@1: 74.6, R@5: 89.2, R@10: 93.2, R@20: 96.0
2022-01-14 22:47:38   Not improved: 2 / 3: best R@5 = 89.6, current R@5 = 89.2
2022-01-14 22:47:38   Start training epoch: 07
2022-01-14 23:09:05   Finished epoch 07 in 0:21:26, average epoch triplet loss = 0.0039
2022-01-14 23:11:43   Recalls on val set < BaseDataset, pitts30k - #database: 10000; #queries: 7608 >: R@1: 75.4, R@5: 88.9, R@10: 93.0, R@20: 95.7
2022-01-14 23:11:44   Not improved: 3 / 3: best R@5 = 89.6, current R@5 = 88.9
2022-01-14 23:11:44   Performance did not improve for 3 epochs. Stop training.
2022-01-14 23:11:44   Best R@5: 89.6
2022-01-14 23:11:44   Trained for 08 epochs, in total in 3:12:42
2022-01-14 23:14:14   Recalls on < BaseDataset, pitts30k - #database: 10000; #queries: 6816 >: R@1: 73.7, R@5: 87.9, R@10: 91.6, R@20: 94.4
