2022-01-06 13:41:15   Arguments: Namespace(use_netvlad=None, netvlad_clusters=64, train_batch_size=4, infer_batch_size=16, margin=0.1, epochs_num=10, patience=3, lr=1e-05, cache_refresh_rate=1000, queries_per_epoch=5000, negs_num_per_query=10, neg_samples_num=1000, seed=0, device='cuda', num_workers=8, val_positive_dist_threshold=25, train_positives_dist_threshold=10, recall_values=[1, 5, 10, 20], datasets_folder='./Data', exp_name='default', output_folder='runs/default/2022-01-06_13-41-15')
2022-01-06 13:41:15   The outputs are being saved in runs/default/2022-01-06_13-41-15
2022-01-06 13:41:15   Using 1 GPUs and 12 CPUs
2022-01-06 13:41:15   There are 96 queries without any positives within the training set. They won't be considered as they're useless for training.
2022-01-06 13:41:15   Train query set: < TripletsDataset, pitts30k - #database: 10000; #queries: 7320 >
2022-01-06 13:41:15   Val set: < BaseDataset, pitts30k - #database: 10000; #queries: 7608 >
2022-01-06 13:41:15   Test set: < BaseDataset, pitts30k - #database: 10000; #queries: 6816 >
2022-01-06 13:41:18   Output dimension of the model is 256
2022-01-06 13:41:18   Start training epoch: 00
2022-01-06 13:47:41   Finished epoch 00 in 0:06:22, average epoch triplet loss = 0.0712
2022-01-06 13:48:27   Recalls on val set < BaseDataset, pitts30k - #database: 10000; #queries: 7608 >: R@1: 57.0, R@5: 77.4, R@10: 84.6, R@20: 90.0
2022-01-06 13:48:27   Improved: previous best R@5 = 0.0, current R@5 = 77.4
2022-01-06 13:48:27   Start training epoch: 01
2022-01-06 13:54:32   Finished epoch 01 in 0:06:05, average epoch triplet loss = 0.0609
2022-01-06 13:55:18   Recalls on val set < BaseDataset, pitts30k - #database: 10000; #queries: 7608 >: R@1: 59.6, R@5: 78.9, R@10: 85.1, R@20: 90.4
2022-01-06 13:55:18   Improved: previous best R@5 = 77.4, current R@5 = 78.9
2022-01-06 13:55:18   Start training epoch: 02
2022-01-06 14:01:21   Finished epoch 02 in 0:06:02, average epoch triplet loss = 0.0549
2022-01-06 14:02:06   Recalls on val set < BaseDataset, pitts30k - #database: 10000; #queries: 7608 >: R@1: 60.5, R@5: 80.1, R@10: 86.1, R@20: 91.0
2022-01-06 14:02:06   Improved: previous best R@5 = 78.9, current R@5 = 80.1
2022-01-06 14:02:06   Start training epoch: 03
2022-01-06 14:08:07   Finished epoch 03 in 0:06:01, average epoch triplet loss = 0.0513
2022-01-06 14:08:53   Recalls on val set < BaseDataset, pitts30k - #database: 10000; #queries: 7608 >: R@1: 61.8, R@5: 80.9, R@10: 86.6, R@20: 91.8
2022-01-06 14:08:53   Improved: previous best R@5 = 80.1, current R@5 = 80.9
2022-01-06 14:08:53   Start training epoch: 04
2022-01-06 14:14:55   Finished epoch 04 in 0:06:01, average epoch triplet loss = 0.0487
2022-01-06 14:15:40   Recalls on val set < BaseDataset, pitts30k - #database: 10000; #queries: 7608 >: R@1: 61.8, R@5: 81.0, R@10: 87.1, R@20: 91.9
2022-01-06 14:15:40   Improved: previous best R@5 = 80.9, current R@5 = 81.0
2022-01-06 14:15:40   Start training epoch: 05
2022-01-06 14:21:42   Finished epoch 05 in 0:06:01, average epoch triplet loss = 0.0456
2022-01-06 14:22:27   Recalls on val set < BaseDataset, pitts30k - #database: 10000; #queries: 7608 >: R@1: 60.8, R@5: 80.2, R@10: 86.3, R@20: 91.3
2022-01-06 14:22:27   Not improved: 1 / 3: best R@5 = 81.0, current R@5 = 80.2
2022-01-06 14:22:27   Start training epoch: 06
2022-01-06 14:28:27   Finished epoch 06 in 0:06:00, average epoch triplet loss = 0.0438
2022-01-06 14:29:12   Recalls on val set < BaseDataset, pitts30k - #database: 10000; #queries: 7608 >: R@1: 61.8, R@5: 81.0, R@10: 87.0, R@20: 92.3
2022-01-06 14:29:12   Not improved: 2 / 3: best R@5 = 81.0, current R@5 = 81.0
2022-01-06 14:29:12   Start training epoch: 07
2022-01-06 14:35:14   Finished epoch 07 in 0:06:01, average epoch triplet loss = 0.0417
2022-01-06 14:35:59   Recalls on val set < BaseDataset, pitts30k - #database: 10000; #queries: 7608 >: R@1: 61.6, R@5: 81.0, R@10: 87.2, R@20: 92.3
2022-01-06 14:35:59   Not improved: 3 / 3: best R@5 = 81.0, current R@5 = 81.0
2022-01-06 14:35:59   Performance did not improve for 3 epochs. Stop training.
2022-01-06 14:35:59   Best R@5: 81.0
2022-01-06 14:35:59   Trained for 08 epochs, in total in 0:54:44
2022-01-06 14:36:42   Recalls on < BaseDataset, pitts30k - #database: 10000; #queries: 6816 >: R@1: 60.5, R@5: 80.6, R@10: 86.4, R@20: 91.1
