2022-01-15 11:00:55   Arguments: Namespace(backbone='resnet18', cache_refresh_rate=1000, datasets_folder='./Dataset_pitts30k', device='cuda', epochs_num=20, exp_name='default', gem_eps=1e-06, gem_p=3, infer_batch_size=16, lr=0.001, margin=0.1, momentum=0.9, neg_samples_num=1000, negs_num_per_query=10, netvlad_clusters=64, num_workers=8, output_folder='runs/default/2022-01-15_11-00-55', patience=3, queries_per_epoch=5000, recall_values=[1, 5, 10, 20], seed=0, test_dataset_name=None, test_model_path=None, train_batch_size=4, train_positives_dist_threshold=10, use_adagrad=None, use_gem=True, use_netvlad=None, use_sgd=None, val_positive_dist_threshold=25)
2022-01-15 11:00:55   The outputs are being saved in runs/default/2022-01-15_11-00-55
2022-01-15 11:00:55   Using 1 GPUs and 2 CPUs
2022-01-15 11:00:55   There are 96 queries without any positives within the training set. They won't be considered as they're useless for training.
2022-01-15 11:00:55   Train query set: < TripletsDataset, pitts30k - #database: 10000; #queries: 7320 >
2022-01-15 11:00:56   Val set: < BaseDataset, pitts30k - #database: 10000; #queries: 7608 >
2022-01-15 11:00:56   Test set: < BaseDataset, pitts30k - #database: 10000; #queries: 6816 >
2022-01-15 11:00:59   Output dimension of the model is 256
2022-01-15 11:00:59   Start training epoch: 00
2022-01-15 11:23:46   Finished epoch 00 in 0:22:47, average epoch triplet loss = 0.0285
2022-01-15 11:26:58   Recalls on val set < BaseDataset, pitts30k - #database: 10000; #queries: 7608 >: R@1: 61.4, R@5: 79.6, R@10: 85.5, R@20: 90.3
2022-01-15 11:26:58   Improved: previous best R@5 = 0.0, current R@5 = 79.6
2022-01-15 11:26:58   Start training epoch: 01
2022-01-15 11:50:40   Finished epoch 01 in 0:23:41, average epoch triplet loss = 0.0156
2022-01-15 11:53:52   Recalls on val set < BaseDataset, pitts30k - #database: 10000; #queries: 7608 >: R@1: 66.4, R@5: 84.2, R@10: 89.2, R@20: 93.1
2022-01-15 11:53:52   Improved: previous best R@5 = 79.6, current R@5 = 84.2
2022-01-15 11:53:52   Start training epoch: 02
2022-01-15 12:17:28   Finished epoch 02 in 0:23:35, average epoch triplet loss = 0.0098
2022-01-15 12:20:41   Recalls on val set < BaseDataset, pitts30k - #database: 10000; #queries: 7608 >: R@1: 68.7, R@5: 84.7, R@10: 89.1, R@20: 93.1
2022-01-15 12:20:42   Improved: previous best R@5 = 84.2, current R@5 = 84.7
2022-01-15 12:20:42   Start training epoch: 03
2022-01-15 12:44:04   Finished epoch 03 in 0:23:22, average epoch triplet loss = 0.0086
2022-01-15 12:47:17   Recalls on val set < BaseDataset, pitts30k - #database: 10000; #queries: 7608 >: R@1: 70.2, R@5: 84.3, R@10: 89.4, R@20: 92.9
2022-01-15 12:47:17   Not improved: 1 / 3: best R@5 = 84.7, current R@5 = 84.3
2022-01-15 12:47:17   Start training epoch: 04
2022-01-15 13:10:49   Finished epoch 04 in 0:23:32, average epoch triplet loss = 0.0074
2022-01-15 13:14:01   Recalls on val set < BaseDataset, pitts30k - #database: 10000; #queries: 7608 >: R@1: 69.4, R@5: 84.9, R@10: 89.5, R@20: 92.9
2022-01-15 13:14:01   Improved: previous best R@5 = 84.7, current R@5 = 84.9
2022-01-15 13:14:01   Start training epoch: 05
2022-01-15 13:37:23   Finished epoch 05 in 0:23:21, average epoch triplet loss = 0.0066
2022-01-15 13:40:36   Recalls on val set < BaseDataset, pitts30k - #database: 10000; #queries: 7608 >: R@1: 71.3, R@5: 86.6, R@10: 91.3, R@20: 94.6
2022-01-15 13:40:36   Improved: previous best R@5 = 84.9, current R@5 = 86.6
2022-01-15 13:40:36   Start training epoch: 06
2022-01-15 14:04:01   Finished epoch 06 in 0:23:24, average epoch triplet loss = 0.0061
2022-01-15 14:07:15   Recalls on val set < BaseDataset, pitts30k - #database: 10000; #queries: 7608 >: R@1: 70.5, R@5: 85.2, R@10: 90.0, R@20: 93.7
2022-01-15 14:07:15   Not improved: 1 / 3: best R@5 = 86.6, current R@5 = 85.2
2022-01-15 14:07:15   Start training epoch: 07
2022-01-15 14:30:51   Finished epoch 07 in 0:23:36, average epoch triplet loss = 0.0053
2022-01-15 14:34:09   Recalls on val set < BaseDataset, pitts30k - #database: 10000; #queries: 7608 >: R@1: 73.5, R@5: 86.9, R@10: 91.0, R@20: 94.5
2022-01-15 14:34:09   Improved: previous best R@5 = 86.6, current R@5 = 86.9
2022-01-15 14:34:09   Start training epoch: 08
2022-01-15 14:58:12   Finished epoch 08 in 0:24:02, average epoch triplet loss = 0.0056
2022-01-15 15:01:30   Recalls on val set < BaseDataset, pitts30k - #database: 10000; #queries: 7608 >: R@1: 70.6, R@5: 86.3, R@10: 91.1, R@20: 94.4
2022-01-15 15:01:30   Not improved: 1 / 3: best R@5 = 86.9, current R@5 = 86.3
2022-01-15 15:01:30   Start training epoch: 09
2022-01-15 15:25:43   Finished epoch 09 in 0:24:12, average epoch triplet loss = 0.0052
2022-01-15 15:29:02   Recalls on val set < BaseDataset, pitts30k - #database: 10000; #queries: 7608 >: R@1: 72.1, R@5: 86.8, R@10: 91.2, R@20: 94.9
2022-01-15 15:29:02   Not improved: 2 / 3: best R@5 = 86.9, current R@5 = 86.8
2022-01-15 15:29:02   Start training epoch: 10
2022-01-15 15:53:05   Finished epoch 10 in 0:24:02, average epoch triplet loss = 0.0048
2022-01-15 15:56:23   Recalls on val set < BaseDataset, pitts30k - #database: 10000; #queries: 7608 >: R@1: 70.6, R@5: 86.3, R@10: 91.0, R@20: 94.6
2022-01-15 15:56:23   Not improved: 3 / 3: best R@5 = 86.9, current R@5 = 86.3
2022-01-15 15:56:23   Performance did not improve for 3 epochs. Stop training.
2022-01-15 15:56:23   Best R@5: 86.9
2022-01-15 15:56:23   Trained for 11 epochs, in total in 4:55:28
2022-01-15 15:59:36   Recalls on < BaseDataset, pitts30k - #database: 10000; #queries: 6816 >: R@1: 71.7, R@5: 86.0, R@10: 90.2, R@20: 93.6
