2022-01-16 11:58:19   Arguments: Namespace(upscale_input=False, downscale_input=True, augment_input='None', backbone='resnet18', use_netvlad=True, netvlad_clusters=64, use_gem=None, gem_p=3, gem_eps=1e-06, use_sgd=None, use_adagrad=None, momentum=0.9, train_batch_size=4, infer_batch_size=16, margin=0.1, epochs_num=20, patience=3, lr=1e-05, cache_refresh_rate=1000, queries_per_epoch=5000, negs_num_per_query=10, neg_samples_num=1000, seed=0, device='cuda', num_workers=8, val_positive_dist_threshold=25, train_positives_dist_threshold=10, recall_values=[1, 5, 10, 20], datasets_folder='./Dataset_pitts30k', exp_name='default', test_dataset_name=None, test_model_path=None, output_folder='runs/default/2022-01-16_11-58-19')
2022-01-16 11:58:19   The outputs are being saved in runs/default/2022-01-16_11-58-19
2022-01-16 11:58:19   Using 1 GPUs and 12 CPUs
2022-01-16 11:58:19   Loading dataset Pitts30k from folder ./Dataset_pitts30k
2022-01-16 11:58:19   There are 96 queries without any positives within the training set. They won't be considered as they're useless for training.
2022-01-16 11:58:19   Train query set: < TripletsDataset, pitts30k - #database: 10000; #queries: 7320 >
2022-01-16 11:58:20   Val set: < BaseDataset, pitts30k - #database: 10000; #queries: 7608 >
2022-01-16 11:58:20   Test set: < BaseDataset, pitts30k - #database: 10000; #queries: 6816 >
2022-01-16 11:58:20   Train only conv4 of the ResNet-18 (remove conv5), freeze the previous ones
2022-01-16 11:58:26   Output dimension of the model is 16384
2022-01-16 11:58:26   Start training epoch: 00
2022-01-16 11:58:26   Cache: 0 / 5
2022-01-16 12:00:32   Epoch[00](0/5): current batch triplet loss = 0.0241, average epoch triplet loss = 0.0339
2022-01-16 12:00:32   Cache: 1 / 5
2022-01-16 12:02:39   Epoch[00](1/5): current batch triplet loss = 0.0448, average epoch triplet loss = 0.0315
2022-01-16 12:02:39   Cache: 2 / 5
2022-01-16 12:04:41   Epoch[00](2/5): current batch triplet loss = 0.0223, average epoch triplet loss = 0.0295
2022-01-16 12:04:41   Cache: 3 / 5
2022-01-16 12:06:46   Epoch[00](3/5): current batch triplet loss = 0.0372, average epoch triplet loss = 0.0285
2022-01-16 12:06:46   Cache: 4 / 5
2022-01-16 12:09:03   Epoch[00](4/5): current batch triplet loss = 0.0545, average epoch triplet loss = 0.0279
2022-01-16 12:09:03   Finished epoch 00 in 0:10:37, average epoch triplet loss = 0.0279
2022-01-16 12:09:03   Extracting database features for evaluation/testing
2022-01-16 12:09:31   Extracting queries features for evaluation/testing
2022-01-16 12:09:52   Calculating recalls
2022-01-16 12:10:14   Recalls on val set < BaseDataset, pitts30k - #database: 10000; #queries: 7608 >: R@1: 86.6, R@5: 95.2, R@10: 97.1, R@20: 98.3
2022-01-16 12:10:14   Improved: previous best R@5 = 0.0, current R@5 = 95.2
2022-01-16 12:10:14   Start training epoch: 01
2022-01-16 12:10:14   Cache: 0 / 5
2022-01-16 12:12:37   Epoch[01](0/5): current batch triplet loss = 0.0535, average epoch triplet loss = 0.0240
2022-01-16 12:12:37   Cache: 1 / 5
2022-01-16 12:14:53   Epoch[01](1/5): current batch triplet loss = 0.0244, average epoch triplet loss = 0.0239
2022-01-16 12:14:53   Cache: 2 / 5
2022-01-16 12:17:10   Epoch[01](2/5): current batch triplet loss = 0.0327, average epoch triplet loss = 0.0234
2022-01-16 12:17:10   Cache: 3 / 5
2022-01-16 12:19:27   Epoch[01](3/5): current batch triplet loss = 0.0341, average epoch triplet loss = 0.0235
2022-01-16 12:19:27   Cache: 4 / 5
2022-01-16 12:21:36   Epoch[01](4/5): current batch triplet loss = 0.0514, average epoch triplet loss = 0.0235
2022-01-16 12:21:36   Finished epoch 01 in 0:11:22, average epoch triplet loss = 0.0235
2022-01-16 12:21:36   Extracting database features for evaluation/testing
2022-01-16 12:22:02   Extracting queries features for evaluation/testing
2022-01-16 12:22:19   Calculating recalls
2022-01-16 12:22:42   Recalls on val set < BaseDataset, pitts30k - #database: 10000; #queries: 7608 >: R@1: 88.3, R@5: 96.0, R@10: 97.6, R@20: 98.6
2022-01-16 12:22:42   Improved: previous best R@5 = 95.2, current R@5 = 96.0
2022-01-16 12:22:42   Start training epoch: 02
2022-01-16 12:22:42   Cache: 0 / 5
2022-01-16 12:24:42   Epoch[02](0/5): current batch triplet loss = 0.0101, average epoch triplet loss = 0.0212
2022-01-16 12:24:42   Cache: 1 / 5
2022-01-16 12:26:41   Epoch[02](1/5): current batch triplet loss = 0.0146, average epoch triplet loss = 0.0214
2022-01-16 12:26:41   Cache: 2 / 5
2022-01-16 12:28:40   Epoch[02](2/5): current batch triplet loss = 0.0042, average epoch triplet loss = 0.0211
2022-01-16 12:28:40   Cache: 3 / 5
2022-01-16 12:30:39   Epoch[02](3/5): current batch triplet loss = 0.0062, average epoch triplet loss = 0.0207
2022-01-16 12:30:39   Cache: 4 / 5
2022-01-16 12:32:37   Epoch[02](4/5): current batch triplet loss = 0.0131, average epoch triplet loss = 0.0205
2022-01-16 12:32:37   Finished epoch 02 in 0:09:55, average epoch triplet loss = 0.0205
2022-01-16 12:32:37   Extracting database features for evaluation/testing
2022-01-16 12:32:59   Extracting queries features for evaluation/testing
2022-01-16 12:33:17   Calculating recalls
2022-01-16 12:33:39   Recalls on val set < BaseDataset, pitts30k - #database: 10000; #queries: 7608 >: R@1: 88.6, R@5: 96.2, R@10: 97.7, R@20: 98.6
2022-01-16 12:33:40   Improved: previous best R@5 = 96.0, current R@5 = 96.2
2022-01-16 12:33:40   Start training epoch: 03
2022-01-16 12:33:40   Cache: 0 / 5
2022-01-16 12:35:38   Epoch[03](0/5): current batch triplet loss = 0.0064, average epoch triplet loss = 0.0178
2022-01-16 12:35:38   Cache: 1 / 5
2022-01-16 12:37:36   Epoch[03](1/5): current batch triplet loss = 0.0205, average epoch triplet loss = 0.0189
2022-01-16 12:37:36   Cache: 2 / 5
2022-01-16 12:39:35   Epoch[03](2/5): current batch triplet loss = 0.0161, average epoch triplet loss = 0.0194
2022-01-16 12:39:35   Cache: 3 / 5
2022-01-16 12:41:34   Epoch[03](3/5): current batch triplet loss = 0.0728, average epoch triplet loss = 0.0193
2022-01-16 12:41:34   Cache: 4 / 5
2022-01-16 12:43:34   Epoch[03](4/5): current batch triplet loss = 0.0221, average epoch triplet loss = 0.0195
2022-01-16 12:43:34   Finished epoch 03 in 0:09:54, average epoch triplet loss = 0.0195
2022-01-16 12:43:34   Extracting database features for evaluation/testing
2022-01-16 12:43:56   Extracting queries features for evaluation/testing
2022-01-16 12:44:14   Calculating recalls
2022-01-16 12:44:37   Recalls on val set < BaseDataset, pitts30k - #database: 10000; #queries: 7608 >: R@1: 88.5, R@5: 96.3, R@10: 97.7, R@20: 98.7
2022-01-16 12:44:37   Improved: previous best R@5 = 96.2, current R@5 = 96.3
2022-01-16 12:44:37   Start training epoch: 04
2022-01-16 12:44:37   Cache: 0 / 5
2022-01-16 12:46:38   Epoch[04](0/5): current batch triplet loss = 0.0025, average epoch triplet loss = 0.0184
2022-01-16 12:46:38   Cache: 1 / 5
2022-01-16 12:48:39   Epoch[04](1/5): current batch triplet loss = 0.0229, average epoch triplet loss = 0.0183
2022-01-16 12:48:39   Cache: 2 / 5
2022-01-16 12:50:48   Epoch[04](2/5): current batch triplet loss = 0.0318, average epoch triplet loss = 0.0180
2022-01-16 12:50:48   Cache: 3 / 5
2022-01-16 12:52:56   Epoch[04](3/5): current batch triplet loss = 0.0233, average epoch triplet loss = 0.0183
2022-01-16 12:52:56   Cache: 4 / 5
2022-01-16 12:55:05   Epoch[04](4/5): current batch triplet loss = 0.0153, average epoch triplet loss = 0.0183
2022-01-16 12:55:05   Finished epoch 04 in 0:10:28, average epoch triplet loss = 0.0183
2022-01-16 12:55:05   Extracting database features for evaluation/testing
2022-01-16 12:55:29   Extracting queries features for evaluation/testing
2022-01-16 12:55:48   Calculating recalls
2022-01-16 12:56:11   Recalls on val set < BaseDataset, pitts30k - #database: 10000; #queries: 7608 >: R@1: 88.9, R@5: 96.3, R@10: 97.8, R@20: 98.5
2022-01-16 12:56:11   Not improved: 1 / 3: best R@5 = 96.3, current R@5 = 96.3
2022-01-16 12:56:11   Start training epoch: 05
2022-01-16 12:56:11   Cache: 0 / 5
2022-01-16 12:58:19   Epoch[05](0/5): current batch triplet loss = 0.0118, average epoch triplet loss = 0.0181
2022-01-16 12:58:19   Cache: 1 / 5
2022-01-16 13:00:39   Epoch[05](1/5): current batch triplet loss = 0.0239, average epoch triplet loss = 0.0171
2022-01-16 13:00:39   Cache: 2 / 5
2022-01-16 13:03:00   Epoch[05](2/5): current batch triplet loss = 0.0013, average epoch triplet loss = 0.0174
2022-01-16 13:03:00   Cache: 3 / 5
2022-01-16 13:05:14   Epoch[05](3/5): current batch triplet loss = 0.0062, average epoch triplet loss = 0.0172
2022-01-16 13:05:14   Cache: 4 / 5
2022-01-16 13:07:18   Epoch[05](4/5): current batch triplet loss = 0.0224, average epoch triplet loss = 0.0170
2022-01-16 13:07:18   Finished epoch 05 in 0:11:07, average epoch triplet loss = 0.0170
2022-01-16 13:07:18   Extracting database features for evaluation/testing
2022-01-16 13:07:41   Extracting queries features for evaluation/testing
2022-01-16 13:08:00   Calculating recalls
2022-01-16 13:08:22   Recalls on val set < BaseDataset, pitts30k - #database: 10000; #queries: 7608 >: R@1: 89.1, R@5: 96.3, R@10: 97.7, R@20: 98.7
2022-01-16 13:08:22   Improved: previous best R@5 = 96.3, current R@5 = 96.3
2022-01-16 13:08:22   Start training epoch: 06
2022-01-16 13:08:22   Cache: 0 / 5
2022-01-16 13:10:24   Epoch[06](0/5): current batch triplet loss = 0.0329, average epoch triplet loss = 0.0188
2022-01-16 13:10:24   Cache: 1 / 5
2022-01-16 13:12:39   Epoch[06](1/5): current batch triplet loss = 0.0022, average epoch triplet loss = 0.0177
2022-01-16 13:12:39   Cache: 2 / 5
2022-01-16 13:14:59   Epoch[06](2/5): current batch triplet loss = 0.0027, average epoch triplet loss = 0.0171
2022-01-16 13:14:59   Cache: 3 / 5
2022-01-16 13:17:08   Epoch[06](3/5): current batch triplet loss = 0.0257, average epoch triplet loss = 0.0171
2022-01-16 13:17:08   Cache: 4 / 5
2022-01-16 13:19:10   Epoch[06](4/5): current batch triplet loss = 0.0080, average epoch triplet loss = 0.0170
2022-01-16 13:19:10   Finished epoch 06 in 0:10:47, average epoch triplet loss = 0.0170
2022-01-16 13:19:10   Extracting database features for evaluation/testing
2022-01-16 13:19:32   Extracting queries features for evaluation/testing
2022-01-16 13:19:51   Calculating recalls
2022-01-16 13:20:16   Recalls on val set < BaseDataset, pitts30k - #database: 10000; #queries: 7608 >: R@1: 89.1, R@5: 96.4, R@10: 97.8, R@20: 98.7
2022-01-16 13:20:16   Improved: previous best R@5 = 96.3, current R@5 = 96.4
2022-01-16 13:20:16   Start training epoch: 07
2022-01-16 13:20:16   Cache: 0 / 5
2022-01-16 13:22:17   Epoch[07](0/5): current batch triplet loss = 0.0084, average epoch triplet loss = 0.0163
2022-01-16 13:22:17   Cache: 1 / 5
2022-01-16 13:24:19   Epoch[07](1/5): current batch triplet loss = 0.0035, average epoch triplet loss = 0.0156
2022-01-16 13:24:19   Cache: 2 / 5
2022-01-16 13:26:20   Epoch[07](2/5): current batch triplet loss = 0.0395, average epoch triplet loss = 0.0156
2022-01-16 13:26:20   Cache: 3 / 5
2022-01-16 13:28:20   Epoch[07](3/5): current batch triplet loss = 0.0129, average epoch triplet loss = 0.0157
2022-01-16 13:28:20   Cache: 4 / 5
2022-01-16 13:30:20   Epoch[07](4/5): current batch triplet loss = 0.0117, average epoch triplet loss = 0.0154
2022-01-16 13:30:20   Finished epoch 07 in 0:10:03, average epoch triplet loss = 0.0154
2022-01-16 13:30:20   Extracting database features for evaluation/testing
2022-01-16 13:30:41   Extracting queries features for evaluation/testing
2022-01-16 13:30:58   Calculating recalls
2022-01-16 13:31:23   Recalls on val set < BaseDataset, pitts30k - #database: 10000; #queries: 7608 >: R@1: 89.1, R@5: 96.3, R@10: 97.8, R@20: 98.7
2022-01-16 13:31:23   Not improved: 1 / 3: best R@5 = 96.4, current R@5 = 96.3
2022-01-16 13:31:23   Start training epoch: 08
2022-01-16 13:31:23   Cache: 0 / 5
2022-01-16 13:33:22   Epoch[08](0/5): current batch triplet loss = 0.0059, average epoch triplet loss = 0.0153
2022-01-16 13:33:22   Cache: 1 / 5
2022-01-16 13:35:22   Epoch[08](1/5): current batch triplet loss = 0.0148, average epoch triplet loss = 0.0153
2022-01-16 13:35:22   Cache: 2 / 5
2022-01-16 13:37:21   Epoch[08](2/5): current batch triplet loss = 0.0082, average epoch triplet loss = 0.0155
2022-01-16 13:37:21   Cache: 3 / 5
2022-01-16 13:39:21   Epoch[08](3/5): current batch triplet loss = 0.0073, average epoch triplet loss = 0.0156
2022-01-16 13:39:21   Cache: 4 / 5
2022-01-16 13:41:21   Epoch[08](4/5): current batch triplet loss = 0.0054, average epoch triplet loss = 0.0155
2022-01-16 13:41:21   Finished epoch 08 in 0:09:57, average epoch triplet loss = 0.0155
2022-01-16 13:41:21   Extracting database features for evaluation/testing
2022-01-16 13:41:42   Extracting queries features for evaluation/testing
2022-01-16 13:41:58   Calculating recalls
2022-01-16 13:42:23   Recalls on val set < BaseDataset, pitts30k - #database: 10000; #queries: 7608 >: R@1: 89.2, R@5: 96.1, R@10: 97.7, R@20: 98.6
2022-01-16 13:42:23   Not improved: 2 / 3: best R@5 = 96.4, current R@5 = 96.1
2022-01-16 13:42:23   Start training epoch: 09
2022-01-16 13:42:23   Cache: 0 / 5
2022-01-16 13:44:22   Epoch[09](0/5): current batch triplet loss = 0.0174, average epoch triplet loss = 0.0148
2022-01-16 13:44:22   Cache: 1 / 5
2022-01-16 13:46:20   Epoch[09](1/5): current batch triplet loss = 0.0084, average epoch triplet loss = 0.0143
2022-01-16 13:46:20   Cache: 2 / 5
2022-01-16 13:48:19   Epoch[09](2/5): current batch triplet loss = 0.0062, average epoch triplet loss = 0.0145
2022-01-16 13:48:19   Cache: 3 / 5
2022-01-16 13:50:18   Epoch[09](3/5): current batch triplet loss = 0.0128, average epoch triplet loss = 0.0146
2022-01-16 13:50:18   Cache: 4 / 5
2022-01-16 13:52:18   Epoch[09](4/5): current batch triplet loss = 0.0118, average epoch triplet loss = 0.0146
2022-01-16 13:52:18   Finished epoch 09 in 0:09:54, average epoch triplet loss = 0.0146
2022-01-16 13:52:18   Extracting database features for evaluation/testing
2022-01-16 13:52:39   Extracting queries features for evaluation/testing
2022-01-16 13:52:55   Calculating recalls
2022-01-16 13:53:17   Recalls on val set < BaseDataset, pitts30k - #database: 10000; #queries: 7608 >: R@1: 89.1, R@5: 96.0, R@10: 97.7, R@20: 98.5
2022-01-16 13:53:18   Not improved: 3 / 3: best R@5 = 96.4, current R@5 = 96.0
2022-01-16 13:53:18   Performance did not improve for 3 epochs. Stop training.
2022-01-16 13:53:18   Best R@5: 96.4
2022-01-16 13:53:18   Trained for 10 epochs, in total in 1:54:58
2022-01-16 13:53:18   Extracting database features for evaluation/testing
2022-01-16 13:53:39   Extracting queries features for evaluation/testing
2022-01-16 13:53:54   Calculating recalls
2022-01-16 13:54:14   Recalls on < BaseDataset, pitts30k - #database: 10000; #queries: 6816 >: R@1: 86.5, R@5: 93.0, R@10: 95.1, R@20: 96.6
