2022-01-08 16:20:02   Arguments: Namespace(use_netvlad=None, netvlad_clusters=64, train_batch_size=4, infer_batch_size=16, margin=0.1, epochs_num=15, patience=3, lr=1e-06, cache_refresh_rate=1000, queries_per_epoch=5000, negs_num_per_query=10, neg_samples_num=1000, seed=0, device='cuda', num_workers=8, val_positive_dist_threshold=25, train_positives_dist_threshold=10, recall_values=[1, 5, 10, 20], datasets_folder='./Data', exp_name='default', output_folder='runs/default/2022-01-08_16-20-02')
2022-01-08 16:20:02   The outputs are being saved in runs/default/2022-01-08_16-20-02
2022-01-08 16:20:02   Using 1 GPUs and 12 CPUs
2022-01-08 16:20:02   Loading dataset Pitts30k from folder ./Data
2022-01-08 16:20:02   There are 96 queries without any positives within the training set. They won't be considered as they're useless for training.
2022-01-08 16:20:02   Train query set: < TripletsDataset, pitts30k - #database: 10000; #queries: 7320 >
2022-01-08 16:20:02   Val set: < BaseDataset, pitts30k - #database: 10000; #queries: 7608 >
2022-01-08 16:20:02   Test set: < BaseDataset, pitts30k - #database: 10000; #queries: 6816 >
2022-01-08 16:20:03   Train only conv4 of the ResNet-18 (remove conv5), freeze the previous ones
2022-01-08 16:20:08   Output dimension of the model is 256
2022-01-08 16:20:08   Start training epoch: 00
2022-01-08 16:20:08   Cache: 0 / 5
2022-01-08 16:21:40   Epoch[00](0/5): current batch triplet loss = 0.0761, average epoch triplet loss = 0.0856
2022-01-08 16:21:40   Cache: 1 / 5
2022-01-08 16:23:08   Epoch[00](1/5): current batch triplet loss = 0.1149, average epoch triplet loss = 0.0863
2022-01-08 16:23:08   Cache: 2 / 5
2022-01-08 16:24:36   Epoch[00](2/5): current batch triplet loss = 0.0895, average epoch triplet loss = 0.0855
2022-01-08 16:24:36   Cache: 3 / 5
2022-01-08 16:26:04   Epoch[00](3/5): current batch triplet loss = 0.1043, average epoch triplet loss = 0.0849
2022-01-08 16:26:04   Cache: 4 / 5
2022-01-08 16:27:32   Epoch[00](4/5): current batch triplet loss = 0.0889, average epoch triplet loss = 0.0847
2022-01-08 16:27:32   Finished epoch 00 in 0:07:24, average epoch triplet loss = 0.0847
2022-01-08 16:27:32   Extracting database features for evaluation/testing
2022-01-08 16:28:05   Extracting queries features for evaluation/testing
2022-01-08 16:28:29   Calculating recalls
2022-01-08 16:28:30   Recalls on val set < BaseDataset, pitts30k - #database: 10000; #queries: 7608 >: R@1: 33.3, R@5: 53.6, R@10: 62.5, R@20: 72.5
2022-01-08 16:28:30   Improved: previous best R@5 = 0.0, current R@5 = 53.6
2022-01-08 16:28:30   Start training epoch: 01
2022-01-08 16:28:30   Cache: 0 / 5
2022-01-08 16:29:59   Epoch[01](0/5): current batch triplet loss = 0.0843, average epoch triplet loss = 0.0817
2022-01-08 16:29:59   Cache: 1 / 5
2022-01-08 16:31:27   Epoch[01](1/5): current batch triplet loss = 0.0765, average epoch triplet loss = 0.0814
2022-01-08 16:31:27   Cache: 2 / 5
2022-01-08 16:32:56   Epoch[01](2/5): current batch triplet loss = 0.0913, average epoch triplet loss = 0.0815
2022-01-08 16:32:56   Cache: 3 / 5
2022-01-08 16:34:25   Epoch[01](3/5): current batch triplet loss = 0.0849, average epoch triplet loss = 0.0815
2022-01-08 16:34:25   Cache: 4 / 5
2022-01-08 16:35:54   Epoch[01](4/5): current batch triplet loss = 0.0892, average epoch triplet loss = 0.0817
2022-01-08 16:35:54   Finished epoch 01 in 0:07:24, average epoch triplet loss = 0.0817
2022-01-08 16:35:54   Extracting database features for evaluation/testing
2022-01-08 16:36:26   Extracting queries features for evaluation/testing
2022-01-08 16:36:49   Calculating recalls
2022-01-08 16:36:51   Recalls on val set < BaseDataset, pitts30k - #database: 10000; #queries: 7608 >: R@1: 41.2, R@5: 62.8, R@10: 71.8, R@20: 80.2
2022-01-08 16:36:52   Improved: previous best R@5 = 53.6, current R@5 = 62.8
2022-01-08 16:36:52   Start training epoch: 02
2022-01-08 16:36:52   Cache: 0 / 5
2022-01-08 16:38:22   Epoch[02](0/5): current batch triplet loss = 0.0859, average epoch triplet loss = 0.0803
2022-01-08 16:38:22   Cache: 1 / 5
2022-01-08 16:39:51   Epoch[02](1/5): current batch triplet loss = 0.0764, average epoch triplet loss = 0.0808
2022-01-08 16:39:51   Cache: 2 / 5
2022-01-08 16:41:19   Epoch[02](2/5): current batch triplet loss = 0.0579, average epoch triplet loss = 0.0807
2022-01-08 16:41:19   Cache: 3 / 5
2022-01-08 16:42:47   Epoch[02](3/5): current batch triplet loss = 0.0795, average epoch triplet loss = 0.0804
2022-01-08 16:42:47   Cache: 4 / 5
2022-01-08 16:44:13   Epoch[02](4/5): current batch triplet loss = 0.0808, average epoch triplet loss = 0.0805
2022-01-08 16:44:13   Finished epoch 02 in 0:07:21, average epoch triplet loss = 0.0805
2022-01-08 16:44:13   Extracting database features for evaluation/testing
2022-01-08 16:44:43   Extracting queries features for evaluation/testing
2022-01-08 16:45:07   Calculating recalls
2022-01-08 16:45:08   Recalls on val set < BaseDataset, pitts30k - #database: 10000; #queries: 7608 >: R@1: 46.4, R@5: 68.5, R@10: 77.2, R@20: 84.7
2022-01-08 16:45:09   Improved: previous best R@5 = 62.8, current R@5 = 68.5
2022-01-08 16:45:09   Start training epoch: 03
2022-01-08 16:45:09   Cache: 0 / 5
2022-01-08 16:46:35   Epoch[03](0/5): current batch triplet loss = 0.0854, average epoch triplet loss = 0.0785
2022-01-08 16:46:35   Cache: 1 / 5
2022-01-08 16:48:00   Epoch[03](1/5): current batch triplet loss = 0.0740, average epoch triplet loss = 0.0795
2022-01-08 16:48:00   Cache: 2 / 5
2022-01-08 16:49:14   Epoch[03](2/5): current batch triplet loss = 0.0700, average epoch triplet loss = 0.0799
2022-01-08 16:49:14   Cache: 3 / 5
2022-01-08 16:50:42   Epoch[03](3/5): current batch triplet loss = 0.0956, average epoch triplet loss = 0.0799
2022-01-08 16:50:42   Cache: 4 / 5
2022-01-08 16:52:08   Epoch[03](4/5): current batch triplet loss = 0.0969, average epoch triplet loss = 0.0799
2022-01-08 16:52:08   Finished epoch 03 in 0:06:59, average epoch triplet loss = 0.0799
2022-01-08 16:52:08   Extracting database features for evaluation/testing
2022-01-08 16:52:40   Extracting queries features for evaluation/testing
2022-01-08 16:53:05   Calculating recalls
2022-01-08 16:53:07   Recalls on val set < BaseDataset, pitts30k - #database: 10000; #queries: 7608 >: R@1: 50.0, R@5: 72.2, R@10: 80.4, R@20: 87.2
2022-01-08 16:53:07   Improved: previous best R@5 = 68.5, current R@5 = 72.2
2022-01-08 16:53:07   Start training epoch: 04
2022-01-08 16:53:07   Cache: 0 / 5
2022-01-08 16:54:35   Epoch[04](0/5): current batch triplet loss = 0.0656, average epoch triplet loss = 0.0806
2022-01-08 16:54:35   Cache: 1 / 5
2022-01-08 16:56:01   Epoch[04](1/5): current batch triplet loss = 0.0854, average epoch triplet loss = 0.0794
2022-01-08 16:56:01   Cache: 2 / 5
2022-01-08 16:57:28   Epoch[04](2/5): current batch triplet loss = 0.0876, average epoch triplet loss = 0.0797
2022-01-08 16:57:28   Cache: 3 / 5
2022-01-08 16:58:54   Epoch[04](3/5): current batch triplet loss = 0.0824, average epoch triplet loss = 0.0797
2022-01-08 16:58:54   Cache: 4 / 5
2022-01-08 17:00:22   Epoch[04](4/5): current batch triplet loss = 0.0918, average epoch triplet loss = 0.0797
2022-01-08 17:00:22   Finished epoch 04 in 0:07:14, average epoch triplet loss = 0.0797
2022-01-08 17:00:22   Extracting database features for evaluation/testing
2022-01-08 17:00:54   Extracting queries features for evaluation/testing
2022-01-08 17:01:19   Calculating recalls
2022-01-08 17:01:20   Recalls on val set < BaseDataset, pitts30k - #database: 10000; #queries: 7608 >: R@1: 53.0, R@5: 74.6, R@10: 82.1, R@20: 88.3
2022-01-08 17:01:20   Improved: previous best R@5 = 72.2, current R@5 = 74.6
2022-01-08 17:01:20   Start training epoch: 05
2022-01-08 17:01:20   Cache: 0 / 5
2022-01-08 17:02:48   Epoch[05](0/5): current batch triplet loss = 0.0700, average epoch triplet loss = 0.0800
2022-01-08 17:02:48   Cache: 1 / 5
2022-01-08 17:04:11   Epoch[05](1/5): current batch triplet loss = 0.0620, average epoch triplet loss = 0.0790
2022-01-08 17:04:11   Cache: 2 / 5
2022-01-08 17:05:24   Epoch[05](2/5): current batch triplet loss = 0.0678, average epoch triplet loss = 0.0792
2022-01-08 17:05:24   Cache: 3 / 5
2022-01-08 17:06:38   Epoch[05](3/5): current batch triplet loss = 0.0343, average epoch triplet loss = 0.0790
2022-01-08 17:06:38   Cache: 4 / 5
2022-01-08 17:07:59   Epoch[05](4/5): current batch triplet loss = 0.0859, average epoch triplet loss = 0.0790
2022-01-08 17:07:59   Finished epoch 05 in 0:06:38, average epoch triplet loss = 0.0790
2022-01-08 17:07:59   Extracting database features for evaluation/testing
2022-01-08 17:08:26   Extracting queries features for evaluation/testing
2022-01-08 17:08:46   Calculating recalls
2022-01-08 17:08:48   Recalls on val set < BaseDataset, pitts30k - #database: 10000; #queries: 7608 >: R@1: 54.5, R@5: 76.1, R@10: 83.3, R@20: 89.2
2022-01-08 17:08:48   Improved: previous best R@5 = 74.6, current R@5 = 76.1
2022-01-08 17:08:48   Start training epoch: 06
2022-01-08 17:08:48   Cache: 0 / 5
2022-01-08 17:10:02   Epoch[06](0/5): current batch triplet loss = 0.0930, average epoch triplet loss = 0.0787
2022-01-08 17:10:02   Cache: 1 / 5
2022-01-08 17:11:18   Epoch[06](1/5): current batch triplet loss = 0.0522, average epoch triplet loss = 0.0788
2022-01-08 17:11:18   Cache: 2 / 5
2022-01-08 17:12:39   Epoch[06](2/5): current batch triplet loss = 0.0533, average epoch triplet loss = 0.0781
2022-01-08 17:12:39   Cache: 3 / 5
2022-01-08 17:13:55   Epoch[06](3/5): current batch triplet loss = 0.0750, average epoch triplet loss = 0.0784
2022-01-08 17:13:55   Cache: 4 / 5
2022-01-08 17:15:14   Epoch[06](4/5): current batch triplet loss = 0.0730, average epoch triplet loss = 0.0783
2022-01-08 17:15:14   Finished epoch 06 in 0:06:25, average epoch triplet loss = 0.0783
2022-01-08 17:15:14   Extracting database features for evaluation/testing
2022-01-08 17:15:40   Extracting queries features for evaluation/testing
2022-01-08 17:16:01   Calculating recalls
2022-01-08 17:16:01   Recalls on val set < BaseDataset, pitts30k - #database: 10000; #queries: 7608 >: R@1: 56.2, R@5: 77.7, R@10: 84.5, R@20: 89.8
2022-01-08 17:16:02   Improved: previous best R@5 = 76.1, current R@5 = 77.7
2022-01-08 17:16:02   Start training epoch: 07
2022-01-08 17:16:02   Cache: 0 / 5
2022-01-08 17:17:18   Epoch[07](0/5): current batch triplet loss = 0.0715, average epoch triplet loss = 0.0793
2022-01-08 17:17:18   Cache: 1 / 5
2022-01-08 17:18:33   Epoch[07](1/5): current batch triplet loss = 0.0432, average epoch triplet loss = 0.0775
2022-01-08 17:18:33   Cache: 2 / 5
2022-01-08 17:19:49   Epoch[07](2/5): current batch triplet loss = 0.0968, average epoch triplet loss = 0.0775
2022-01-08 17:19:49   Cache: 3 / 5
2022-01-08 17:21:06   Epoch[07](3/5): current batch triplet loss = 0.0844, average epoch triplet loss = 0.0779
2022-01-08 17:21:06   Cache: 4 / 5
2022-01-08 17:22:22   Epoch[07](4/5): current batch triplet loss = 0.0491, average epoch triplet loss = 0.0778
2022-01-08 17:22:22   Finished epoch 07 in 0:06:20, average epoch triplet loss = 0.0778
2022-01-08 17:22:22   Extracting database features for evaluation/testing
2022-01-08 17:22:49   Extracting queries features for evaluation/testing
2022-01-08 17:23:09   Calculating recalls
2022-01-08 17:23:10   Recalls on val set < BaseDataset, pitts30k - #database: 10000; #queries: 7608 >: R@1: 57.2, R@5: 78.6, R@10: 85.0, R@20: 90.5
2022-01-08 17:23:10   Improved: previous best R@5 = 77.7, current R@5 = 78.6
2022-01-08 17:23:10   Start training epoch: 08
2022-01-08 17:23:10   Cache: 0 / 5
2022-01-08 17:24:25   Epoch[08](0/5): current batch triplet loss = 0.0982, average epoch triplet loss = 0.0782
2022-01-08 17:24:25   Cache: 1 / 5
2022-01-08 17:25:40   Epoch[08](1/5): current batch triplet loss = 0.0882, average epoch triplet loss = 0.0776
2022-01-08 17:25:40   Cache: 2 / 5
2022-01-08 17:26:56   Epoch[08](2/5): current batch triplet loss = 0.0724, average epoch triplet loss = 0.0776
2022-01-08 17:26:56   Cache: 3 / 5
2022-01-08 17:28:11   Epoch[08](3/5): current batch triplet loss = 0.0795, average epoch triplet loss = 0.0771
2022-01-08 17:28:11   Cache: 4 / 5
2022-01-08 17:29:27   Epoch[08](4/5): current batch triplet loss = 0.0697, average epoch triplet loss = 0.0771
2022-01-08 17:29:27   Finished epoch 08 in 0:06:16, average epoch triplet loss = 0.0771
2022-01-08 17:29:27   Extracting database features for evaluation/testing
2022-01-08 17:29:54   Extracting queries features for evaluation/testing
2022-01-08 17:30:15   Calculating recalls
2022-01-08 17:30:17   Recalls on val set < BaseDataset, pitts30k - #database: 10000; #queries: 7608 >: R@1: 58.2, R@5: 78.9, R@10: 85.4, R@20: 90.9
2022-01-08 17:30:18   Improved: previous best R@5 = 78.6, current R@5 = 78.9
2022-01-08 17:30:18   Start training epoch: 09
2022-01-08 17:30:18   Cache: 0 / 5
2022-01-08 17:31:38   Epoch[09](0/5): current batch triplet loss = 0.0833, average epoch triplet loss = 0.0781
2022-01-08 17:31:38   Cache: 1 / 5
2022-01-08 17:32:59   Epoch[09](1/5): current batch triplet loss = 0.0746, average epoch triplet loss = 0.0771
2022-01-08 17:32:59   Cache: 2 / 5
2022-01-08 17:34:20   Epoch[09](2/5): current batch triplet loss = 0.0790, average epoch triplet loss = 0.0775
2022-01-08 17:34:20   Cache: 3 / 5
2022-01-08 17:35:41   Epoch[09](3/5): current batch triplet loss = 0.0755, average epoch triplet loss = 0.0770
2022-01-08 17:35:41   Cache: 4 / 5
2022-01-08 17:37:02   Epoch[09](4/5): current batch triplet loss = 0.0794, average epoch triplet loss = 0.0769
2022-01-08 17:37:02   Finished epoch 09 in 0:06:44, average epoch triplet loss = 0.0769
2022-01-08 17:37:02   Extracting database features for evaluation/testing
2022-01-08 17:37:31   Extracting queries features for evaluation/testing
2022-01-08 17:37:53   Calculating recalls
2022-01-08 17:37:54   Recalls on val set < BaseDataset, pitts30k - #database: 10000; #queries: 7608 >: R@1: 58.8, R@5: 79.6, R@10: 86.0, R@20: 91.1
2022-01-08 17:37:55   Improved: previous best R@5 = 78.9, current R@5 = 79.6
2022-01-08 17:37:55   Start training epoch: 10
2022-01-08 17:37:55   Cache: 0 / 5
2022-01-08 17:39:17   Epoch[10](0/5): current batch triplet loss = 0.0587, average epoch triplet loss = 0.0764
2022-01-08 17:39:17   Cache: 1 / 5
2022-01-08 17:40:37   Epoch[10](1/5): current batch triplet loss = 0.0844, average epoch triplet loss = 0.0761
2022-01-08 17:40:37   Cache: 2 / 5
2022-01-08 17:41:58   Epoch[10](2/5): current batch triplet loss = 0.1067, average epoch triplet loss = 0.0757
2022-01-08 17:41:58   Cache: 3 / 5
2022-01-08 17:43:19   Epoch[10](3/5): current batch triplet loss = 0.0734, average epoch triplet loss = 0.0757
2022-01-08 17:43:19   Cache: 4 / 5
2022-01-08 17:44:39   Epoch[10](4/5): current batch triplet loss = 0.0498, average epoch triplet loss = 0.0755
2022-01-08 17:44:39   Finished epoch 10 in 0:06:44, average epoch triplet loss = 0.0755
2022-01-08 17:44:39   Extracting database features for evaluation/testing
2022-01-08 17:45:07   Extracting queries features for evaluation/testing
2022-01-08 17:45:29   Calculating recalls
2022-01-08 17:45:31   Recalls on val set < BaseDataset, pitts30k - #database: 10000; #queries: 7608 >: R@1: 59.1, R@5: 79.7, R@10: 86.3, R@20: 91.2
2022-01-08 17:45:31   Improved: previous best R@5 = 79.6, current R@5 = 79.7
2022-01-08 17:45:31   Start training epoch: 11
2022-01-08 17:45:31   Cache: 0 / 5
2022-01-08 17:46:51   Epoch[11](0/5): current batch triplet loss = 0.0919, average epoch triplet loss = 0.0748
2022-01-08 17:46:51   Cache: 1 / 5
2022-01-08 17:48:14   Epoch[11](1/5): current batch triplet loss = 0.0624, average epoch triplet loss = 0.0753
2022-01-08 17:48:14   Cache: 2 / 5
2022-01-08 17:49:39   Epoch[11](2/5): current batch triplet loss = 0.0891, average epoch triplet loss = 0.0754
2022-01-08 17:49:39   Cache: 3 / 5
2022-01-08 17:50:56   Epoch[11](3/5): current batch triplet loss = 0.0756, average epoch triplet loss = 0.0757
2022-01-08 17:50:56   Cache: 4 / 5
2022-01-08 17:52:13   Epoch[11](4/5): current batch triplet loss = 0.0746, average epoch triplet loss = 0.0757
2022-01-08 17:52:13   Finished epoch 11 in 0:06:41, average epoch triplet loss = 0.0757
2022-01-08 17:52:13   Extracting database features for evaluation/testing
2022-01-08 17:52:39   Extracting queries features for evaluation/testing
2022-01-08 17:52:59   Calculating recalls
2022-01-08 17:53:00   Recalls on val set < BaseDataset, pitts30k - #database: 10000; #queries: 7608 >: R@1: 59.7, R@5: 80.0, R@10: 86.4, R@20: 91.4
2022-01-08 17:53:01   Improved: previous best R@5 = 79.7, current R@5 = 80.0
2022-01-08 17:53:01   Start training epoch: 12
2022-01-08 17:53:01   Cache: 0 / 5
2022-01-08 17:54:16   Epoch[12](0/5): current batch triplet loss = 0.0696, average epoch triplet loss = 0.0739
2022-01-08 17:54:16   Cache: 1 / 5
2022-01-08 17:55:32   Epoch[12](1/5): current batch triplet loss = 0.0719, average epoch triplet loss = 0.0749
2022-01-08 17:55:32   Cache: 2 / 5
2022-01-08 17:56:48   Epoch[12](2/5): current batch triplet loss = 0.0586, average epoch triplet loss = 0.0751
2022-01-08 17:56:48   Cache: 3 / 5
2022-01-08 17:58:04   Epoch[12](3/5): current batch triplet loss = 0.0901, average epoch triplet loss = 0.0756
2022-01-08 17:58:04   Cache: 4 / 5
2022-01-08 17:59:21   Epoch[12](4/5): current batch triplet loss = 0.0997, average epoch triplet loss = 0.0756
2022-01-08 17:59:21   Finished epoch 12 in 0:06:19, average epoch triplet loss = 0.0756
2022-01-08 17:59:21   Extracting database features for evaluation/testing
2022-01-08 17:59:49   Extracting queries features for evaluation/testing
2022-01-08 18:00:08   Calculating recalls
2022-01-08 18:00:10   Recalls on val set < BaseDataset, pitts30k - #database: 10000; #queries: 7608 >: R@1: 60.4, R@5: 80.3, R@10: 86.8, R@20: 91.5
2022-01-08 18:00:10   Improved: previous best R@5 = 80.0, current R@5 = 80.3
2022-01-08 18:00:10   Start training epoch: 13
2022-01-08 18:00:10   Cache: 0 / 5
2022-01-08 18:01:31   Epoch[13](0/5): current batch triplet loss = 0.1036, average epoch triplet loss = 0.0765
2022-01-08 18:01:31   Cache: 1 / 5
2022-01-08 18:02:51   Epoch[13](1/5): current batch triplet loss = 0.0659, average epoch triplet loss = 0.0765
2022-01-08 18:02:51   Cache: 2 / 5
2022-01-08 18:04:11   Epoch[13](2/5): current batch triplet loss = 0.0871, average epoch triplet loss = 0.0761
2022-01-08 18:04:11   Cache: 3 / 5
2022-01-08 18:05:31   Epoch[13](3/5): current batch triplet loss = 0.0910, average epoch triplet loss = 0.0758
2022-01-08 18:05:31   Cache: 4 / 5
2022-01-08 18:06:52   Epoch[13](4/5): current batch triplet loss = 0.0839, average epoch triplet loss = 0.0755
2022-01-08 18:06:52   Finished epoch 13 in 0:06:41, average epoch triplet loss = 0.0755
2022-01-08 18:06:52   Extracting database features for evaluation/testing
2022-01-08 18:07:20   Extracting queries features for evaluation/testing
2022-01-08 18:07:41   Calculating recalls
2022-01-08 18:07:43   Recalls on val set < BaseDataset, pitts30k - #database: 10000; #queries: 7608 >: R@1: 60.9, R@5: 80.9, R@10: 87.1, R@20: 91.6
2022-01-08 18:07:43   Improved: previous best R@5 = 80.3, current R@5 = 80.9
2022-01-08 18:07:43   Start training epoch: 14
2022-01-08 18:07:43   Cache: 0 / 5
2022-01-08 18:09:01   Epoch[14](0/5): current batch triplet loss = 0.0598, average epoch triplet loss = 0.0756
2022-01-08 18:09:01   Cache: 1 / 5
2022-01-08 18:10:19   Epoch[14](1/5): current batch triplet loss = 0.0828, average epoch triplet loss = 0.0761
2022-01-08 18:10:19   Cache: 2 / 5
2022-01-08 18:11:36   Epoch[14](2/5): current batch triplet loss = 0.0794, average epoch triplet loss = 0.0761
2022-01-08 18:11:36   Cache: 3 / 5
2022-01-08 18:12:51   Epoch[14](3/5): current batch triplet loss = 0.0854, average epoch triplet loss = 0.0760
2022-01-08 18:12:51   Cache: 4 / 5
2022-01-08 18:14:06   Epoch[14](4/5): current batch triplet loss = 0.0788, average epoch triplet loss = 0.0758
2022-01-08 18:14:06   Finished epoch 14 in 0:06:22, average epoch triplet loss = 0.0758
2022-01-08 18:14:06   Extracting database features for evaluation/testing
2022-01-08 18:14:32   Extracting queries features for evaluation/testing
2022-01-08 18:14:52   Calculating recalls
2022-01-08 18:14:53   Recalls on val set < BaseDataset, pitts30k - #database: 10000; #queries: 7608 >: R@1: 61.9, R@5: 81.2, R@10: 87.3, R@20: 92.0
2022-01-08 18:14:53   Improved: previous best R@5 = 80.9, current R@5 = 81.2
2022-01-08 18:14:53   Best R@5: 81.2
2022-01-08 18:14:53   Trained for 15 epochs, in total in 1:54:51
2022-01-08 18:14:53   Extracting database features for evaluation/testing
2022-01-08 18:15:20   Extracting queries features for evaluation/testing
2022-01-08 18:15:38   Calculating recalls
2022-01-08 18:15:38   Recalls on < BaseDataset, pitts30k - #database: 10000; #queries: 6816 >: R@1: 59.5, R@5: 79.9, R@10: 86.2, R@20: 90.4
