2022-01-14 22:26:18   Arguments: Namespace(backbone='resnet18', cache_refresh_rate=1000, datasets_folder='./Dataset_pitts30k', device='cuda', epochs_num=20, exp_name='default', gem_eps=1e-06, gem_p=3, infer_batch_size=16, lr=1e-06, margin=0.1, momentum=0.9, neg_samples_num=1000, negs_num_per_query=10, netvlad_clusters=64, num_workers=8, output_folder='runs/default/2022-01-14_22-26-18', patience=3, queries_per_epoch=5000, recall_values=[1, 5, 10, 20], seed=0, test_dataset_name=None, test_model_path=None, train_batch_size=4, train_positives_dist_threshold=10, use_adagrad=None, use_gem=None, use_netvlad=True, use_sgd=None, val_positive_dist_threshold=25)
2022-01-14 22:26:18   The outputs are being saved in runs/default/2022-01-14_22-26-18
2022-01-14 22:26:18   Using 1 GPUs and 6 CPUs
2022-01-14 22:26:21   There are 96 queries without any positives within the training set. They won't be considered as they're useless for training.
2022-01-14 22:26:21   Train query set: < TripletsDataset, pitts30k - #database: 10000; #queries: 7320 >
2022-01-14 22:26:23   Val set: < BaseDataset, pitts30k - #database: 10000; #queries: 7608 >
2022-01-14 22:26:25   Test set: < BaseDataset, pitts30k - #database: 10000; #queries: 6816 >
2022-01-14 22:26:30   Output dimension of the model is 16384
2022-01-14 22:26:30   Start training epoch: 00
2022-01-14 23:29:02   Finished epoch 00 in 1:02:32, average epoch triplet loss = 0.0437
2022-01-14 23:35:45   Recalls on val set < BaseDataset, pitts30k - #database: 10000; #queries: 7608 >: R@1: 74.6, R@5: 88.6, R@10: 92.3, R@20: 95.1
2022-01-14 23:35:47   Improved: previous best R@5 = 0.0, current R@5 = 88.6
2022-01-14 23:35:47   Start training epoch: 01
2022-01-15 00:38:23   Finished epoch 01 in 1:02:35, average epoch triplet loss = 0.0399
2022-01-15 00:45:06   Recalls on val set < BaseDataset, pitts30k - #database: 10000; #queries: 7608 >: R@1: 79.6, R@5: 91.3, R@10: 94.4, R@20: 96.7
2022-01-15 00:45:08   Improved: previous best R@5 = 88.6, current R@5 = 91.3
2022-01-15 00:45:08   Start training epoch: 02
2022-01-15 01:47:39   Finished epoch 02 in 1:02:30, average epoch triplet loss = 0.0386
2022-01-15 01:54:23   Recalls on val set < BaseDataset, pitts30k - #database: 10000; #queries: 7608 >: R@1: 82.2, R@5: 92.4, R@10: 95.4, R@20: 97.4
2022-01-15 01:54:24   Improved: previous best R@5 = 91.3, current R@5 = 92.4
2022-01-15 01:54:24   Start training epoch: 03
2022-01-15 02:56:58   Finished epoch 03 in 1:02:33, average epoch triplet loss = 0.0375
2022-01-15 03:03:41   Recalls on val set < BaseDataset, pitts30k - #database: 10000; #queries: 7608 >: R@1: 83.7, R@5: 93.5, R@10: 96.0, R@20: 97.8
2022-01-15 03:03:43   Improved: previous best R@5 = 92.4, current R@5 = 93.5
2022-01-15 03:03:43   Start training epoch: 04
2022-01-15 04:06:17   Finished epoch 04 in 1:02:34, average epoch triplet loss = 0.0373
2022-01-15 04:13:03   Recalls on val set < BaseDataset, pitts30k - #database: 10000; #queries: 7608 >: R@1: 84.8, R@5: 94.1, R@10: 96.5, R@20: 98.1
2022-01-15 04:13:05   Improved: previous best R@5 = 93.5, current R@5 = 94.1
2022-01-15 04:13:05   Start training epoch: 05
2022-01-15 05:15:38   Finished epoch 05 in 1:02:33, average epoch triplet loss = 0.0370
2022-01-15 05:22:21   Recalls on val set < BaseDataset, pitts30k - #database: 10000; #queries: 7608 >: R@1: 85.5, R@5: 94.4, R@10: 96.8, R@20: 98.2
2022-01-15 05:22:23   Improved: previous best R@5 = 94.1, current R@5 = 94.4
2022-01-15 05:22:23   Start training epoch: 06
2022-01-15 06:24:56   Finished epoch 06 in 1:02:32, average epoch triplet loss = 0.0373
2022-01-15 06:31:39   Recalls on val set < BaseDataset, pitts30k - #database: 10000; #queries: 7608 >: R@1: 86.0, R@5: 94.4, R@10: 96.9, R@20: 98.3
2022-01-15 06:31:41   Improved: previous best R@5 = 94.4, current R@5 = 94.4
2022-01-15 06:31:41   Start training epoch: 07
2022-01-15 07:34:14   Finished epoch 07 in 1:02:32, average epoch triplet loss = 0.0368
2022-01-15 07:40:57   Recalls on val set < BaseDataset, pitts30k - #database: 10000; #queries: 7608 >: R@1: 86.0, R@5: 94.7, R@10: 96.9, R@20: 98.3
2022-01-15 07:40:59   Improved: previous best R@5 = 94.4, current R@5 = 94.7
2022-01-15 07:40:59   Start training epoch: 08
2022-01-15 08:43:33   Finished epoch 08 in 1:02:34, average epoch triplet loss = 0.0370
2022-01-15 08:50:16   Recalls on val set < BaseDataset, pitts30k - #database: 10000; #queries: 7608 >: R@1: 86.4, R@5: 94.9, R@10: 97.0, R@20: 98.4
2022-01-15 08:50:18   Improved: previous best R@5 = 94.7, current R@5 = 94.9
2022-01-15 08:50:18   Start training epoch: 09
2022-01-15 09:52:51   Finished epoch 09 in 1:02:32, average epoch triplet loss = 0.0366
2022-01-15 09:59:34   Recalls on val set < BaseDataset, pitts30k - #database: 10000; #queries: 7608 >: R@1: 86.3, R@5: 94.9, R@10: 97.0, R@20: 98.3
2022-01-15 09:59:35   Not improved: 1 / 3: best R@5 = 94.9, current R@5 = 94.9
2022-01-15 09:59:35   Start training epoch: 10
2022-01-15 11:02:11   Finished epoch 10 in 1:02:36, average epoch triplet loss = 0.0351
2022-01-15 11:08:55   Recalls on val set < BaseDataset, pitts30k - #database: 10000; #queries: 7608 >: R@1: 86.8, R@5: 94.9, R@10: 97.2, R@20: 98.4
2022-01-15 11:08:56   Not improved: 2 / 3: best R@5 = 94.9, current R@5 = 94.9
2022-01-15 11:08:56   Start training epoch: 11
2022-01-15 12:11:28   Finished epoch 11 in 1:02:32, average epoch triplet loss = 0.0353
2022-01-15 12:18:12   Recalls on val set < BaseDataset, pitts30k - #database: 10000; #queries: 7608 >: R@1: 87.1, R@5: 95.0, R@10: 97.2, R@20: 98.4
2022-01-15 12:18:14   Improved: previous best R@5 = 94.9, current R@5 = 95.0
2022-01-15 12:18:14   Start training epoch: 12
2022-01-15 13:20:47   Finished epoch 12 in 1:02:32, average epoch triplet loss = 0.0354
2022-01-15 13:27:30   Recalls on val set < BaseDataset, pitts30k - #database: 10000; #queries: 7608 >: R@1: 87.2, R@5: 95.1, R@10: 97.3, R@20: 98.3
2022-01-15 13:27:32   Improved: previous best R@5 = 95.0, current R@5 = 95.1
2022-01-15 13:27:32   Start training epoch: 13
2022-01-15 14:30:05   Finished epoch 13 in 1:02:33, average epoch triplet loss = 0.0353
2022-01-15 14:36:48   Recalls on val set < BaseDataset, pitts30k - #database: 10000; #queries: 7608 >: R@1: 87.6, R@5: 95.3, R@10: 97.4, R@20: 98.5
2022-01-15 14:36:50   Improved: previous best R@5 = 95.1, current R@5 = 95.3
2022-01-15 14:36:50   Start training epoch: 14
2022-01-15 15:39:22   Finished epoch 14 in 1:02:32, average epoch triplet loss = 0.0358
2022-01-15 15:46:05   Recalls on val set < BaseDataset, pitts30k - #database: 10000; #queries: 7608 >: R@1: 87.5, R@5: 95.3, R@10: 97.4, R@20: 98.5
2022-01-15 15:46:05   Not improved: 1 / 3: best R@5 = 95.3, current R@5 = 95.3
2022-01-15 15:46:05   Start training epoch: 15
2022-01-15 16:48:40   Finished epoch 15 in 1:02:34, average epoch triplet loss = 0.0345
2022-01-15 16:55:23   Recalls on val set < BaseDataset, pitts30k - #database: 10000; #queries: 7608 >: R@1: 87.5, R@5: 95.3, R@10: 97.3, R@20: 98.4
2022-01-15 16:55:23   Not improved: 2 / 3: best R@5 = 95.3, current R@5 = 95.3
2022-01-15 16:55:23   Start training epoch: 16
2022-01-15 17:58:00   Finished epoch 16 in 1:02:36, average epoch triplet loss = 0.0351
2022-01-15 18:04:42   Recalls on val set < BaseDataset, pitts30k - #database: 10000; #queries: 7608 >: R@1: 87.3, R@5: 95.6, R@10: 97.3, R@20: 98.5
2022-01-15 18:04:44   Improved: previous best R@5 = 95.3, current R@5 = 95.6
2022-01-15 18:04:44   Start training epoch: 17
2022-01-15 19:07:22   Finished epoch 17 in 1:02:38, average epoch triplet loss = 0.0348
2022-01-15 19:14:04   Recalls on val set < BaseDataset, pitts30k - #database: 10000; #queries: 7608 >: R@1: 87.6, R@5: 95.4, R@10: 97.4, R@20: 98.5
2022-01-15 19:14:05   Not improved: 1 / 3: best R@5 = 95.6, current R@5 = 95.4
2022-01-15 19:14:05   Start training epoch: 18
2022-01-15 20:16:36   Finished epoch 18 in 1:02:30, average epoch triplet loss = 0.0342
2022-01-15 20:23:19   Recalls on val set < BaseDataset, pitts30k - #database: 10000; #queries: 7608 >: R@1: 87.8, R@5: 95.6, R@10: 97.4, R@20: 98.5
2022-01-15 20:23:21   Improved: previous best R@5 = 95.6, current R@5 = 95.6
2022-01-15 20:23:21   Start training epoch: 19
2022-01-15 21:25:54   Finished epoch 19 in 1:02:32, average epoch triplet loss = 0.0348
2022-01-15 21:32:38   Recalls on val set < BaseDataset, pitts30k - #database: 10000; #queries: 7608 >: R@1: 88.2, R@5: 95.8, R@10: 97.5, R@20: 98.6
2022-01-15 21:32:40   Improved: previous best R@5 = 95.6, current R@5 = 95.8
2022-01-15 21:32:40   Best R@5: 95.8
2022-01-15 21:32:40   Trained for 20 epochs, in total in 23:06:22
2022-01-15 21:39:04   Recalls on < BaseDataset, pitts30k - #database: 10000; #queries: 6816 >: R@1: 86.2, R@5: 92.8, R@10: 94.9, R@20: 96.4
