2022-01-06 14:57:00   Arguments: Namespace(use_netvlad=None, netvlad_clusters=64, train_batch_size=4, infer_batch_size=16, margin=0.1, epochs_num=10, patience=3, lr=0.0001, cache_refresh_rate=1000, queries_per_epoch=5000, negs_num_per_query=10, neg_samples_num=1000, seed=0, device='cuda', num_workers=8, val_positive_dist_threshold=25, train_positives_dist_threshold=10, recall_values=[1, 5, 10, 20], datasets_folder='./Data', exp_name='default', output_folder='runs/default/2022-01-06_14-57-00')
2022-01-06 14:57:00   The outputs are being saved in runs/default/2022-01-06_14-57-00
2022-01-06 14:57:00   Using 1 GPUs and 12 CPUs
2022-01-06 14:57:00   Loading dataset Pitts30k from folder ./Data
2022-01-06 14:57:01   There are 96 queries without any positives within the training set. They won't be considered as they're useless for training.
2022-01-06 14:57:01   Train query set: < TripletsDataset, pitts30k - #database: 10000; #queries: 7320 >
2022-01-06 14:57:01   Val set: < BaseDataset, pitts30k - #database: 10000; #queries: 7608 >
2022-01-06 14:57:01   Test set: < BaseDataset, pitts30k - #database: 10000; #queries: 6816 >
2022-01-06 14:57:01   Train only conv4 of the ResNet-18 (remove conv5), freeze the previous ones
2022-01-06 14:57:05   Output dimension of the model is 256
2022-01-06 14:57:05   Start training epoch: 00
2022-01-06 14:57:05   Cache: 0 / 5
2022-01-06 14:58:18   Epoch[00](0/5): current batch triplet loss = 0.0649, average epoch triplet loss = 0.0558
2022-01-06 14:58:18   Cache: 1 / 5
2022-01-06 14:59:32   Epoch[00](1/5): current batch triplet loss = 0.0435, average epoch triplet loss = 0.0522
2022-01-06 14:59:32   Cache: 2 / 5
2022-01-06 15:00:46   Epoch[00](2/5): current batch triplet loss = 0.0251, average epoch triplet loss = 0.0475
2022-01-06 15:00:46   Cache: 3 / 5
2022-01-06 15:02:00   Epoch[00](3/5): current batch triplet loss = 0.0517, average epoch triplet loss = 0.0444
2022-01-06 15:02:00   Cache: 4 / 5
2022-01-06 15:03:13   Epoch[00](4/5): current batch triplet loss = 0.0535, average epoch triplet loss = 0.0421
2022-01-06 15:03:13   Finished epoch 00 in 0:06:07, average epoch triplet loss = 0.0421
2022-01-06 15:03:13   Extracting database features for evaluation/testing
2022-01-06 15:03:39   Extracting queries features for evaluation/testing
2022-01-06 15:03:57   Calculating recalls
2022-01-06 15:03:59   Recalls on val set < BaseDataset, pitts30k - #database: 10000; #queries: 7608 >: R@1: 57.5, R@5: 77.9, R@10: 85.1, R@20: 90.6
2022-01-06 15:03:59   Improved: previous best R@5 = 0.0, current R@5 = 77.9
2022-01-06 15:03:59   Start training epoch: 01
2022-01-06 15:03:59   Cache: 0 / 5
2022-01-06 15:05:14   Epoch[01](0/5): current batch triplet loss = 0.0317, average epoch triplet loss = 0.0309
2022-01-06 15:05:14   Cache: 1 / 5
2022-01-06 15:06:27   Epoch[01](1/5): current batch triplet loss = 0.0187, average epoch triplet loss = 0.0290
2022-01-06 15:06:27   Cache: 2 / 5
2022-01-06 15:07:41   Epoch[01](2/5): current batch triplet loss = 0.0254, average epoch triplet loss = 0.0274
2022-01-06 15:07:41   Cache: 3 / 5
2022-01-06 15:08:54   Epoch[01](3/5): current batch triplet loss = 0.0387, average epoch triplet loss = 0.0270
2022-01-06 15:08:54   Cache: 4 / 5
2022-01-06 15:10:06   Epoch[01](4/5): current batch triplet loss = 0.0254, average epoch triplet loss = 0.0264
2022-01-06 15:10:06   Finished epoch 01 in 0:06:07, average epoch triplet loss = 0.0264
2022-01-06 15:10:06   Extracting database features for evaluation/testing
2022-01-06 15:10:32   Extracting queries features for evaluation/testing
2022-01-06 15:10:51   Calculating recalls
2022-01-06 15:10:52   Recalls on val set < BaseDataset, pitts30k - #database: 10000; #queries: 7608 >: R@1: 57.8, R@5: 79.4, R@10: 86.3, R@20: 91.8
2022-01-06 15:10:52   Improved: previous best R@5 = 77.9, current R@5 = 79.4
2022-01-06 15:10:52   Start training epoch: 02
2022-01-06 15:10:52   Cache: 0 / 5
2022-01-06 15:12:04   Epoch[02](0/5): current batch triplet loss = 0.0169, average epoch triplet loss = 0.0205
2022-01-06 15:12:04   Cache: 1 / 5
2022-01-06 15:13:17   Epoch[02](1/5): current batch triplet loss = 0.0213, average epoch triplet loss = 0.0205
2022-01-06 15:13:17   Cache: 2 / 5
2022-01-06 15:14:30   Epoch[02](2/5): current batch triplet loss = 0.0057, average epoch triplet loss = 0.0202
2022-01-06 15:14:30   Cache: 3 / 5
2022-01-06 15:15:41   Epoch[02](3/5): current batch triplet loss = 0.0230, average epoch triplet loss = 0.0195
2022-01-06 15:15:41   Cache: 4 / 5
2022-01-06 15:16:56   Epoch[02](4/5): current batch triplet loss = 0.0038, average epoch triplet loss = 0.0193
2022-01-06 15:16:56   Finished epoch 02 in 0:06:03, average epoch triplet loss = 0.0193
2022-01-06 15:16:56   Extracting database features for evaluation/testing
2022-01-06 15:17:20   Extracting queries features for evaluation/testing
2022-01-06 15:17:40   Calculating recalls
2022-01-06 15:17:41   Recalls on val set < BaseDataset, pitts30k - #database: 10000; #queries: 7608 >: R@1: 57.7, R@5: 79.6, R@10: 85.9, R@20: 91.1
2022-01-06 15:17:41   Improved: previous best R@5 = 79.4, current R@5 = 79.6
2022-01-06 15:17:41   Start training epoch: 03
2022-01-06 15:17:41   Cache: 0 / 5
2022-01-06 15:18:54   Epoch[03](0/5): current batch triplet loss = 0.0065, average epoch triplet loss = 0.0164
2022-01-06 15:18:54   Cache: 1 / 5
2022-01-06 15:20:07   Epoch[03](1/5): current batch triplet loss = 0.0141, average epoch triplet loss = 0.0174
2022-01-06 15:20:07   Cache: 2 / 5
2022-01-06 15:21:19   Epoch[03](2/5): current batch triplet loss = 0.0098, average epoch triplet loss = 0.0171
2022-01-06 15:21:19   Cache: 3 / 5
2022-01-06 15:22:32   Epoch[03](3/5): current batch triplet loss = 0.0276, average epoch triplet loss = 0.0168
2022-01-06 15:22:32   Cache: 4 / 5
2022-01-06 15:23:45   Epoch[03](4/5): current batch triplet loss = 0.0093, average epoch triplet loss = 0.0165
2022-01-06 15:23:45   Finished epoch 03 in 0:06:04, average epoch triplet loss = 0.0165
2022-01-06 15:23:45   Extracting database features for evaluation/testing
2022-01-06 15:24:10   Extracting queries features for evaluation/testing
2022-01-06 15:24:29   Calculating recalls
2022-01-06 15:24:30   Recalls on val set < BaseDataset, pitts30k - #database: 10000; #queries: 7608 >: R@1: 57.8, R@5: 78.2, R@10: 84.9, R@20: 90.2
2022-01-06 15:24:30   Not improved: 1 / 3: best R@5 = 79.6, current R@5 = 78.2
2022-01-06 15:24:30   Start training epoch: 04
2022-01-06 15:24:30   Cache: 0 / 5
2022-01-06 15:25:43   Epoch[04](0/5): current batch triplet loss = 0.0016, average epoch triplet loss = 0.0158
2022-01-06 15:25:43   Cache: 1 / 5
2022-01-06 15:26:56   Epoch[04](1/5): current batch triplet loss = 0.0062, average epoch triplet loss = 0.0152
2022-01-06 15:26:56   Cache: 2 / 5
2022-01-06 15:28:08   Epoch[04](2/5): current batch triplet loss = 0.0208, average epoch triplet loss = 0.0150
2022-01-06 15:28:08   Cache: 3 / 5
2022-01-06 15:29:22   Epoch[04](3/5): current batch triplet loss = 0.0188, average epoch triplet loss = 0.0151
2022-01-06 15:29:22   Cache: 4 / 5
2022-01-06 15:30:35   Epoch[04](4/5): current batch triplet loss = 0.0053, average epoch triplet loss = 0.0149
2022-01-06 15:30:35   Finished epoch 04 in 0:06:04, average epoch triplet loss = 0.0149
2022-01-06 15:30:35   Extracting database features for evaluation/testing
2022-01-06 15:31:00   Extracting queries features for evaluation/testing
2022-01-06 15:31:19   Calculating recalls
2022-01-06 15:31:20   Recalls on val set < BaseDataset, pitts30k - #database: 10000; #queries: 7608 >: R@1: 55.3, R@5: 77.4, R@10: 84.0, R@20: 89.4
2022-01-06 15:31:20   Not improved: 2 / 3: best R@5 = 79.6, current R@5 = 77.4
2022-01-06 15:31:20   Start training epoch: 05
2022-01-06 15:31:20   Cache: 0 / 5
2022-01-06 15:32:32   Epoch[05](0/5): current batch triplet loss = 0.0111, average epoch triplet loss = 0.0132
2022-01-06 15:32:32   Cache: 1 / 5
2022-01-06 15:33:46   Epoch[05](1/5): current batch triplet loss = 0.0077, average epoch triplet loss = 0.0129
2022-01-06 15:33:46   Cache: 2 / 5
2022-01-06 15:34:58   Epoch[05](2/5): current batch triplet loss = 0.0018, average epoch triplet loss = 0.0131
2022-01-06 15:34:58   Cache: 3 / 5
2022-01-06 15:36:11   Epoch[05](3/5): current batch triplet loss = 0.0052, average epoch triplet loss = 0.0131
2022-01-06 15:36:11   Cache: 4 / 5
2022-01-06 15:37:24   Epoch[05](4/5): current batch triplet loss = 0.0194, average epoch triplet loss = 0.0131
2022-01-06 15:37:24   Finished epoch 05 in 0:06:03, average epoch triplet loss = 0.0131
2022-01-06 15:37:24   Extracting database features for evaluation/testing
2022-01-06 15:37:49   Extracting queries features for evaluation/testing
2022-01-06 15:38:08   Calculating recalls
2022-01-06 15:38:09   Recalls on val set < BaseDataset, pitts30k - #database: 10000; #queries: 7608 >: R@1: 54.2, R@5: 75.8, R@10: 82.8, R@20: 89.0
2022-01-06 15:38:09   Not improved: 3 / 3: best R@5 = 79.6, current R@5 = 75.8
2022-01-06 15:38:09   Performance did not improve for 3 epochs. Stop training.
2022-01-06 15:38:09   Best R@5: 79.6
2022-01-06 15:38:09   Trained for 06 epochs, in total in 0:41:08
2022-01-06 15:38:09   Extracting database features for evaluation/testing
2022-01-06 15:38:34   Extracting queries features for evaluation/testing
2022-01-06 15:38:51   Calculating recalls
2022-01-06 15:38:52   Recalls on < BaseDataset, pitts30k - #database: 10000; #queries: 6816 >: R@1: 56.7, R@5: 78.3, R@10: 85.2, R@20: 90.6
