2022-01-08 18:40:32   Arguments: Namespace(use_netvlad=None, netvlad_clusters=64, use_gem=True, gem_p=3, gem_eps=1e-06, train_batch_size=4, infer_batch_size=16, margin=0.1, epochs_num=5, patience=3, lr=0.0001, cache_refresh_rate=1000, queries_per_epoch=5000, negs_num_per_query=10, neg_samples_num=1000, seed=0, device='cuda', num_workers=8, val_positive_dist_threshold=25, train_positives_dist_threshold=10, recall_values=[1, 5, 10, 20], datasets_folder='./Data', exp_name='default', output_folder='runs/default/2022-01-08_18-40-32')
2022-01-08 18:40:32   The outputs are being saved in runs/default/2022-01-08_18-40-32
2022-01-08 18:40:32   Using 1 GPUs and 12 CPUs
2022-01-08 18:40:32   There are 96 queries without any positives within the training set. They won't be considered as they're useless for training.
2022-01-08 18:40:32   Train query set: < TripletsDataset, pitts30k - #database: 10000; #queries: 7320 >
2022-01-08 18:40:33   Val set: < BaseDataset, pitts30k - #database: 10000; #queries: 7608 >
2022-01-08 18:40:33   Test set: < BaseDataset, pitts30k - #database: 10000; #queries: 6816 >
2022-01-08 18:40:38   Output dimension of the model is 256
2022-01-08 18:40:38   Start training epoch: 00
2022-01-08 18:47:08   Finished epoch 00 in 0:06:30, average epoch triplet loss = 0.0421
2022-01-08 18:47:57   Recalls on val set < BaseDataset, pitts30k - #database: 10000; #queries: 7608 >: R@1: 57.5, R@5: 77.9, R@10: 85.1, R@20: 90.6
2022-01-08 18:47:57   Improved: previous best R@5 = 0.0, current R@5 = 77.9
2022-01-08 18:47:57   Start training epoch: 01
2022-01-08 18:54:28   Finished epoch 01 in 0:06:31, average epoch triplet loss = 0.0263
2022-01-08 18:55:16   Recalls on val set < BaseDataset, pitts30k - #database: 10000; #queries: 7608 >: R@1: 58.1, R@5: 79.2, R@10: 86.1, R@20: 91.7
2022-01-08 18:55:17   Improved: previous best R@5 = 77.9, current R@5 = 79.2
2022-01-08 18:55:17   Start training epoch: 02
2022-01-08 19:01:52   Finished epoch 02 in 0:06:35, average epoch triplet loss = 0.0192
2022-01-08 19:02:41   Recalls on val set < BaseDataset, pitts30k - #database: 10000; #queries: 7608 >: R@1: 56.3, R@5: 78.6, R@10: 85.4, R@20: 90.1
2022-01-08 19:02:41   Not improved: 1 / 3: best R@5 = 79.2, current R@5 = 78.6
2022-01-08 19:02:41   Start training epoch: 03
2022-01-08 19:09:14   Finished epoch 03 in 0:06:33, average epoch triplet loss = 0.0163
2022-01-08 19:10:02   Recalls on val set < BaseDataset, pitts30k - #database: 10000; #queries: 7608 >: R@1: 56.8, R@5: 78.8, R@10: 85.0, R@20: 90.5
2022-01-08 19:10:02   Not improved: 2 / 3: best R@5 = 79.2, current R@5 = 78.8
2022-01-08 19:10:02   Start training epoch: 04
2022-01-08 19:16:32   Finished epoch 04 in 0:06:29, average epoch triplet loss = 0.0150
2022-01-08 19:17:22   Recalls on val set < BaseDataset, pitts30k - #database: 10000; #queries: 7608 >: R@1: 55.7, R@5: 77.8, R@10: 85.3, R@20: 90.0
2022-01-08 19:17:23   Not improved: 3 / 3: best R@5 = 79.2, current R@5 = 77.8
2022-01-08 19:17:23   Performance did not improve for 3 epochs. Stop training.
2022-01-08 19:17:23   Best R@5: 79.2
2022-01-08 19:17:23   Trained for 05 epochs, in total in 0:36:50
2022-01-08 19:18:10   Recalls on < BaseDataset, pitts30k - #database: 10000; #queries: 6816 >: R@1: 57.9, R@5: 79.4, R@10: 86.6, R@20: 91.4
