2022-01-18 12:05:15   Arguments: Namespace(upscale_input=False, downscale_input=False, augment_input='None', backbone='resnet18', use_netvlad=True, netvlad_clusters=64, use_gem=None, gem_p=3, gem_eps=1e-06, use_attention='crn', crn_lr=0.001, use_sgd=None, use_adagrad=None, momentum=0.9, train_batch_size=4, infer_batch_size=16, margin=0.1, epochs_num=20, patience=3, lr=1e-05, cache_refresh_rate=1000, queries_per_epoch=5000, negs_num_per_query=10, neg_samples_num=1000, seed=0, device='cuda', num_workers=8, val_positive_dist_threshold=25, train_positives_dist_threshold=10, recall_values=[1, 5, 10, 20], datasets_folder='./Dataset_pitts30k', exp_name='default', test_dataset_name=None, test_model_path=None, output_folder='runs/default/2022-01-18_12-05-15')
2022-01-18 12:05:15   The outputs are being saved in runs/default/2022-01-18_12-05-15
2022-01-18 12:05:15   Using 1 GPUs and 12 CPUs
2022-01-18 12:05:15   Loading dataset Pitts30k from folder ./Dataset_pitts30k
2022-01-18 12:05:15   There are 96 queries without any positives within the training set. They won't be considered as they're useless for training.
2022-01-18 12:05:15   Train query set: < TripletsDataset, pitts30k - #database: 10000; #queries: 7320 >
2022-01-18 12:05:15   Val set: < BaseDataset, pitts30k - #database: 10000; #queries: 7608 >
2022-01-18 12:05:15   Test set: < BaseDataset, pitts30k - #database: 10000; #queries: 6816 >
2022-01-18 12:05:16   Train only conv4 of the ResNet-18 (remove conv5), freeze the previous ones
2022-01-18 12:05:19   Output dimension of the model is 16384
2022-01-18 12:05:19   Start training epoch: 00
2022-01-18 12:05:19   Cache: 0 / 5
2022-01-18 12:08:39   Epoch[00](0/5): current batch triplet loss = 0.0347, average epoch triplet loss = 0.0349
2022-01-18 12:08:39   Cache: 1 / 5
2022-01-18 12:11:58   Epoch[00](1/5): current batch triplet loss = 0.0435, average epoch triplet loss = 0.0324
2022-01-18 12:11:58   Cache: 2 / 5
2022-01-18 12:15:22   Epoch[00](2/5): current batch triplet loss = 0.0122, average epoch triplet loss = 0.0299
2022-01-18 12:15:22   Cache: 3 / 5
2022-01-18 12:18:49   Epoch[00](3/5): current batch triplet loss = 0.0329, average epoch triplet loss = 0.0286
2022-01-18 12:18:49   Cache: 4 / 5
2022-01-18 12:22:14   Epoch[00](4/5): current batch triplet loss = 0.0490, average epoch triplet loss = 0.0279
2022-01-18 12:22:14   Finished epoch 00 in 0:16:55, average epoch triplet loss = 0.0279
2022-01-18 12:22:14   Extracting database features for evaluation/testing
2022-01-18 12:23:14   Extracting queries features for evaluation/testing
2022-01-18 12:23:51   Calculating recalls
2022-01-18 12:24:14   Recalls on val set < BaseDataset, pitts30k - #database: 10000; #queries: 7608 >: R@1: 87.2, R@5: 95.2, R@10: 97.0, R@20: 98.2
2022-01-18 12:24:14   Improved: previous best R@5 = 0.0, current R@5 = 95.2
2022-01-18 12:24:14   Start training epoch: 01
2022-01-18 12:24:14   Cache: 0 / 5
2022-01-18 12:27:44   Epoch[01](0/5): current batch triplet loss = 0.0480, average epoch triplet loss = 0.0233
2022-01-18 12:27:44   Cache: 1 / 5
2022-01-18 12:31:10   Epoch[01](1/5): current batch triplet loss = 0.0249, average epoch triplet loss = 0.0232
2022-01-18 12:31:10   Cache: 2 / 5
2022-01-18 12:34:42   Epoch[01](2/5): current batch triplet loss = 0.0408, average epoch triplet loss = 0.0224
2022-01-18 12:34:42   Cache: 3 / 5
2022-01-18 12:38:11   Epoch[01](3/5): current batch triplet loss = 0.0274, average epoch triplet loss = 0.0227
2022-01-18 12:38:11   Cache: 4 / 5
2022-01-18 12:41:35   Epoch[01](4/5): current batch triplet loss = 0.0492, average epoch triplet loss = 0.0226
2022-01-18 12:41:35   Finished epoch 01 in 0:17:21, average epoch triplet loss = 0.0226
2022-01-18 12:41:36   Extracting database features for evaluation/testing
2022-01-18 12:42:33   Extracting queries features for evaluation/testing
2022-01-18 12:43:14   Calculating recalls
2022-01-18 12:43:36   Recalls on val set < BaseDataset, pitts30k - #database: 10000; #queries: 7608 >: R@1: 88.5, R@5: 96.0, R@10: 97.5, R@20: 98.4
2022-01-18 12:43:37   Improved: previous best R@5 = 95.2, current R@5 = 96.0
2022-01-18 12:43:37   Start training epoch: 02
2022-01-18 12:43:37   Cache: 0 / 5
2022-01-18 12:47:01   Epoch[02](0/5): current batch triplet loss = 0.0163, average epoch triplet loss = 0.0198
2022-01-18 12:47:01   Cache: 1 / 5
2022-01-18 12:50:29   Epoch[02](1/5): current batch triplet loss = 0.0104, average epoch triplet loss = 0.0202
2022-01-18 12:50:29   Cache: 2 / 5
2022-01-18 12:53:56   Epoch[02](2/5): current batch triplet loss = 0.0050, average epoch triplet loss = 0.0199
2022-01-18 12:53:56   Cache: 3 / 5
2022-01-18 12:57:23   Epoch[02](3/5): current batch triplet loss = 0.0157, average epoch triplet loss = 0.0196
2022-01-18 12:57:23   Cache: 4 / 5
2022-01-18 13:00:49   Epoch[02](4/5): current batch triplet loss = 0.0038, average epoch triplet loss = 0.0195
2022-01-18 13:00:49   Finished epoch 02 in 0:17:11, average epoch triplet loss = 0.0195
2022-01-18 13:00:49   Extracting database features for evaluation/testing
2022-01-18 13:01:42   Extracting queries features for evaluation/testing
2022-01-18 13:02:27   Calculating recalls
2022-01-18 13:02:51   Recalls on val set < BaseDataset, pitts30k - #database: 10000; #queries: 7608 >: R@1: 88.9, R@5: 96.1, R@10: 97.6, R@20: 98.4
2022-01-18 13:02:52   Improved: previous best R@5 = 96.0, current R@5 = 96.1
2022-01-18 13:02:52   Start training epoch: 03
2022-01-18 13:02:52   Cache: 0 / 5
2022-01-18 13:06:16   Epoch[03](0/5): current batch triplet loss = 0.0008, average epoch triplet loss = 0.0170
2022-01-18 13:06:16   Cache: 1 / 5
2022-01-18 13:09:42   Epoch[03](1/5): current batch triplet loss = 0.0042, average epoch triplet loss = 0.0178
2022-01-18 13:09:42   Cache: 2 / 5
2022-01-18 13:13:03   Epoch[03](2/5): current batch triplet loss = 0.0083, average epoch triplet loss = 0.0184
2022-01-18 13:13:03   Cache: 3 / 5
2022-01-18 13:16:27   Epoch[03](3/5): current batch triplet loss = 0.0664, average epoch triplet loss = 0.0182
2022-01-18 13:16:27   Cache: 4 / 5
2022-01-18 13:19:52   Epoch[03](4/5): current batch triplet loss = 0.0256, average epoch triplet loss = 0.0183
2022-01-18 13:19:52   Finished epoch 03 in 0:16:59, average epoch triplet loss = 0.0183
2022-01-18 13:19:52   Extracting database features for evaluation/testing
2022-01-18 13:20:53   Extracting queries features for evaluation/testing
2022-01-18 13:21:35   Calculating recalls
2022-01-18 13:22:00   Recalls on val set < BaseDataset, pitts30k - #database: 10000; #queries: 7608 >: R@1: 88.9, R@5: 95.9, R@10: 97.4, R@20: 98.4
2022-01-18 13:22:00   Not improved: 1 / 3: best R@5 = 96.1, current R@5 = 95.9
2022-01-18 13:22:00   Start training epoch: 04
2022-01-18 13:22:00   Cache: 0 / 5
2022-01-18 13:25:12   Epoch[04](0/5): current batch triplet loss = 0.0014, average epoch triplet loss = 0.0170
2022-01-18 13:25:12   Cache: 1 / 5
2022-01-18 13:28:12   Epoch[04](1/5): current batch triplet loss = 0.0121, average epoch triplet loss = 0.0167
2022-01-18 13:28:12   Cache: 2 / 5
2022-01-18 13:31:13   Epoch[04](2/5): current batch triplet loss = 0.0197, average epoch triplet loss = 0.0166
2022-01-18 13:31:13   Cache: 3 / 5
2022-01-18 13:34:13   Epoch[04](3/5): current batch triplet loss = 0.0185, average epoch triplet loss = 0.0171
2022-01-18 13:34:13   Cache: 4 / 5
2022-01-18 13:37:13   Epoch[04](4/5): current batch triplet loss = 0.0108, average epoch triplet loss = 0.0171
2022-01-18 13:37:13   Finished epoch 04 in 0:15:12, average epoch triplet loss = 0.0171
2022-01-18 13:37:13   Extracting database features for evaluation/testing
2022-01-18 13:38:00   Extracting queries features for evaluation/testing
2022-01-18 13:38:37   Calculating recalls
2022-01-18 13:38:59   Recalls on val set < BaseDataset, pitts30k - #database: 10000; #queries: 7608 >: R@1: 89.2, R@5: 96.2, R@10: 97.7, R@20: 98.5
2022-01-18 13:39:00   Improved: previous best R@5 = 96.1, current R@5 = 96.2
2022-01-18 13:39:00   Start training epoch: 05
2022-01-18 13:39:00   Cache: 0 / 5
2022-01-18 13:42:00   Epoch[05](0/5): current batch triplet loss = 0.0052, average epoch triplet loss = 0.0166
2022-01-18 13:42:00   Cache: 1 / 5
2022-01-18 13:45:01   Epoch[05](1/5): current batch triplet loss = 0.0157, average epoch triplet loss = 0.0160
2022-01-18 13:45:01   Cache: 2 / 5
2022-01-18 13:48:05   Epoch[05](2/5): current batch triplet loss = 0.0054, average epoch triplet loss = 0.0165
2022-01-18 13:48:05   Cache: 3 / 5
2022-01-18 13:51:07   Epoch[05](3/5): current batch triplet loss = 0.0057, average epoch triplet loss = 0.0164
2022-01-18 13:51:07   Cache: 4 / 5
2022-01-18 13:54:10   Epoch[05](4/5): current batch triplet loss = 0.0214, average epoch triplet loss = 0.0162
2022-01-18 13:54:10   Finished epoch 05 in 0:15:09, average epoch triplet loss = 0.0162
2022-01-18 13:54:10   Extracting database features for evaluation/testing
2022-01-18 13:55:08   Extracting queries features for evaluation/testing
2022-01-18 13:55:53   Calculating recalls
2022-01-18 13:56:17   Recalls on val set < BaseDataset, pitts30k - #database: 10000; #queries: 7608 >: R@1: 89.4, R@5: 96.4, R@10: 97.6, R@20: 98.5
2022-01-18 13:56:17   Improved: previous best R@5 = 96.2, current R@5 = 96.4
2022-01-18 13:56:17   Start training epoch: 06
2022-01-18 13:56:17   Cache: 0 / 5
2022-01-18 13:59:20   Epoch[06](0/5): current batch triplet loss = 0.0363, average epoch triplet loss = 0.0174
2022-01-18 13:59:20   Cache: 1 / 5
2022-01-18 14:02:21   Epoch[06](1/5): current batch triplet loss = 0.0016, average epoch triplet loss = 0.0163
2022-01-18 14:02:21   Cache: 2 / 5
2022-01-18 14:05:25   Epoch[06](2/5): current batch triplet loss = 0.0027, average epoch triplet loss = 0.0158
2022-01-18 14:05:25   Cache: 3 / 5
2022-01-18 14:08:27   Epoch[06](3/5): current batch triplet loss = 0.0229, average epoch triplet loss = 0.0160
2022-01-18 14:08:27   Cache: 4 / 5
2022-01-18 14:11:37   Epoch[06](4/5): current batch triplet loss = 0.0042, average epoch triplet loss = 0.0160
2022-01-18 14:11:37   Finished epoch 06 in 0:15:19, average epoch triplet loss = 0.0160
2022-01-18 14:11:37   Extracting database features for evaluation/testing
2022-01-18 14:12:30   Extracting queries features for evaluation/testing
2022-01-18 14:13:12   Calculating recalls
2022-01-18 14:13:36   Recalls on val set < BaseDataset, pitts30k - #database: 10000; #queries: 7608 >: R@1: 89.1, R@5: 96.1, R@10: 97.6, R@20: 98.5
2022-01-18 14:13:37   Not improved: 1 / 3: best R@5 = 96.4, current R@5 = 96.1
2022-01-18 14:13:37   Start training epoch: 07
2022-01-18 14:13:37   Cache: 0 / 5
2022-01-18 14:16:42   Epoch[07](0/5): current batch triplet loss = 0.0071, average epoch triplet loss = 0.0157
2022-01-18 14:16:42   Cache: 1 / 5
2022-01-18 14:19:43   Epoch[07](1/5): current batch triplet loss = 0.0046, average epoch triplet loss = 0.0160
2022-01-18 14:19:43   Cache: 2 / 5
2022-01-18 14:22:47   Epoch[07](2/5): current batch triplet loss = 0.0451, average epoch triplet loss = 0.0157
2022-01-18 14:22:47   Cache: 3 / 5
2022-01-18 14:25:50   Epoch[07](3/5): current batch triplet loss = 0.0080, average epoch triplet loss = 0.0156
2022-01-18 14:25:50   Cache: 4 / 5
2022-01-18 14:28:50   Epoch[07](4/5): current batch triplet loss = 0.0089, average epoch triplet loss = 0.0151
2022-01-18 14:28:50   Finished epoch 07 in 0:15:13, average epoch triplet loss = 0.0151
2022-01-18 14:28:50   Extracting database features for evaluation/testing
2022-01-18 14:29:36   Extracting queries features for evaluation/testing
2022-01-18 14:30:17   Calculating recalls
2022-01-18 14:30:41   Recalls on val set < BaseDataset, pitts30k - #database: 10000; #queries: 7608 >: R@1: 89.2, R@5: 96.1, R@10: 97.6, R@20: 98.4
2022-01-18 14:30:42   Not improved: 2 / 3: best R@5 = 96.4, current R@5 = 96.1
2022-01-18 14:30:42   Start training epoch: 08
2022-01-18 14:30:42   Cache: 0 / 5
2022-01-18 14:33:42   Epoch[08](0/5): current batch triplet loss = 0.0038, average epoch triplet loss = 0.0143
2022-01-18 14:33:42   Cache: 1 / 5
2022-01-18 14:36:52   Epoch[08](1/5): current batch triplet loss = 0.0264, average epoch triplet loss = 0.0161
2022-01-18 14:36:52   Cache: 2 / 5
2022-01-18 14:39:53   Epoch[08](2/5): current batch triplet loss = 0.0086, average epoch triplet loss = 0.0161
2022-01-18 14:39:53   Cache: 3 / 5
2022-01-18 14:42:55   Epoch[08](3/5): current batch triplet loss = 0.0079, average epoch triplet loss = 0.0163
2022-01-18 14:42:55   Cache: 4 / 5
2022-01-18 14:45:59   Epoch[08](4/5): current batch triplet loss = 0.0077, average epoch triplet loss = 0.0163
2022-01-18 14:45:59   Finished epoch 08 in 0:15:17, average epoch triplet loss = 0.0163
2022-01-18 14:45:59   Extracting database features for evaluation/testing
2022-01-18 14:46:56   Extracting queries features for evaluation/testing
2022-01-18 14:47:41   Calculating recalls
2022-01-18 14:48:05   Recalls on val set < BaseDataset, pitts30k - #database: 10000; #queries: 7608 >: R@1: 89.3, R@5: 96.0, R@10: 97.5, R@20: 98.5
2022-01-18 14:48:05   Not improved: 3 / 3: best R@5 = 96.4, current R@5 = 96.0
2022-01-18 14:48:05   Performance did not improve for 3 epochs. Stop training.
2022-01-18 14:48:05   Best R@5: 96.4
2022-01-18 14:48:06   Trained for 09 epochs, in total in 2:42:50
2022-01-18 14:48:06   Extracting database features for evaluation/testing
2022-01-18 14:48:59   Extracting queries features for evaluation/testing
2022-01-18 14:49:26   Calculating recalls
2022-01-18 14:49:46   Recalls on < BaseDataset, pitts30k - #database: 10000; #queries: 6816 >: R@1: 86.6, R@5: 93.6, R@10: 95.3, R@20: 96.6
