2022-01-18 12:05:15   Arguments: Namespace(upscale_input=False, downscale_input=False, augment_input='None', backbone='resnet18', use_netvlad=True, netvlad_clusters=64, use_gem=None, gem_p=3, gem_eps=1e-06, use_attention='crn', crn_lr=0.001, use_sgd=None, use_adagrad=None, momentum=0.9, train_batch_size=4, infer_batch_size=16, margin=0.1, epochs_num=20, patience=3, lr=1e-05, cache_refresh_rate=1000, queries_per_epoch=5000, negs_num_per_query=10, neg_samples_num=1000, seed=0, device='cuda', num_workers=8, val_positive_dist_threshold=25, train_positives_dist_threshold=10, recall_values=[1, 5, 10, 20], datasets_folder='./Dataset_pitts30k', exp_name='default', test_dataset_name=None, test_model_path=None, output_folder='runs/default/2022-01-18_12-05-15')
2022-01-18 12:05:15   The outputs are being saved in runs/default/2022-01-18_12-05-15
2022-01-18 12:05:15   Using 1 GPUs and 12 CPUs
2022-01-18 12:05:15   There are 96 queries without any positives within the training set. They won't be considered as they're useless for training.
2022-01-18 12:05:15   Train query set: < TripletsDataset, pitts30k - #database: 10000; #queries: 7320 >
2022-01-18 12:05:15   Val set: < BaseDataset, pitts30k - #database: 10000; #queries: 7608 >
2022-01-18 12:05:15   Test set: < BaseDataset, pitts30k - #database: 10000; #queries: 6816 >
2022-01-18 12:05:19   Output dimension of the model is 16384
2022-01-18 12:05:19   Start training epoch: 00
2022-01-18 12:22:14   Finished epoch 00 in 0:16:55, average epoch triplet loss = 0.0279
2022-01-18 12:24:14   Recalls on val set < BaseDataset, pitts30k - #database: 10000; #queries: 7608 >: R@1: 87.2, R@5: 95.2, R@10: 97.0, R@20: 98.2
2022-01-18 12:24:14   Improved: previous best R@5 = 0.0, current R@5 = 95.2
2022-01-18 12:24:14   Start training epoch: 01
2022-01-18 12:41:35   Finished epoch 01 in 0:17:21, average epoch triplet loss = 0.0226
2022-01-18 12:43:36   Recalls on val set < BaseDataset, pitts30k - #database: 10000; #queries: 7608 >: R@1: 88.5, R@5: 96.0, R@10: 97.5, R@20: 98.4
2022-01-18 12:43:37   Improved: previous best R@5 = 95.2, current R@5 = 96.0
2022-01-18 12:43:37   Start training epoch: 02
2022-01-18 13:00:49   Finished epoch 02 in 0:17:11, average epoch triplet loss = 0.0195
2022-01-18 13:02:51   Recalls on val set < BaseDataset, pitts30k - #database: 10000; #queries: 7608 >: R@1: 88.9, R@5: 96.1, R@10: 97.6, R@20: 98.4
2022-01-18 13:02:52   Improved: previous best R@5 = 96.0, current R@5 = 96.1
2022-01-18 13:02:52   Start training epoch: 03
2022-01-18 13:19:52   Finished epoch 03 in 0:16:59, average epoch triplet loss = 0.0183
2022-01-18 13:22:00   Recalls on val set < BaseDataset, pitts30k - #database: 10000; #queries: 7608 >: R@1: 88.9, R@5: 95.9, R@10: 97.4, R@20: 98.4
2022-01-18 13:22:00   Not improved: 1 / 3: best R@5 = 96.1, current R@5 = 95.9
2022-01-18 13:22:00   Start training epoch: 04
2022-01-18 13:37:13   Finished epoch 04 in 0:15:12, average epoch triplet loss = 0.0171
2022-01-18 13:38:59   Recalls on val set < BaseDataset, pitts30k - #database: 10000; #queries: 7608 >: R@1: 89.2, R@5: 96.2, R@10: 97.7, R@20: 98.5
2022-01-18 13:39:00   Improved: previous best R@5 = 96.1, current R@5 = 96.2
2022-01-18 13:39:00   Start training epoch: 05
2022-01-18 13:54:10   Finished epoch 05 in 0:15:09, average epoch triplet loss = 0.0162
2022-01-18 13:56:17   Recalls on val set < BaseDataset, pitts30k - #database: 10000; #queries: 7608 >: R@1: 89.4, R@5: 96.4, R@10: 97.6, R@20: 98.5
2022-01-18 13:56:17   Improved: previous best R@5 = 96.2, current R@5 = 96.4
2022-01-18 13:56:17   Start training epoch: 06
2022-01-18 14:11:37   Finished epoch 06 in 0:15:19, average epoch triplet loss = 0.0160
2022-01-18 14:13:36   Recalls on val set < BaseDataset, pitts30k - #database: 10000; #queries: 7608 >: R@1: 89.1, R@5: 96.1, R@10: 97.6, R@20: 98.5
2022-01-18 14:13:37   Not improved: 1 / 3: best R@5 = 96.4, current R@5 = 96.1
2022-01-18 14:13:37   Start training epoch: 07
2022-01-18 14:28:50   Finished epoch 07 in 0:15:13, average epoch triplet loss = 0.0151
2022-01-18 14:30:41   Recalls on val set < BaseDataset, pitts30k - #database: 10000; #queries: 7608 >: R@1: 89.2, R@5: 96.1, R@10: 97.6, R@20: 98.4
2022-01-18 14:30:42   Not improved: 2 / 3: best R@5 = 96.4, current R@5 = 96.1
2022-01-18 14:30:42   Start training epoch: 08
2022-01-18 14:45:59   Finished epoch 08 in 0:15:17, average epoch triplet loss = 0.0163
2022-01-18 14:48:05   Recalls on val set < BaseDataset, pitts30k - #database: 10000; #queries: 7608 >: R@1: 89.3, R@5: 96.0, R@10: 97.5, R@20: 98.5
2022-01-18 14:48:05   Not improved: 3 / 3: best R@5 = 96.4, current R@5 = 96.0
2022-01-18 14:48:05   Performance did not improve for 3 epochs. Stop training.
2022-01-18 14:48:05   Best R@5: 96.4
2022-01-18 14:48:06   Trained for 09 epochs, in total in 2:42:50
2022-01-18 14:49:46   Recalls on < BaseDataset, pitts30k - #database: 10000; #queries: 6816 >: R@1: 86.6, R@5: 93.6, R@10: 95.3, R@20: 96.6
