2022-01-11 10:39:03   Arguments: Namespace(use_netvlad=None, netvlad_clusters=64, use_gem=True, gem_p=3, gem_eps=1e-06, use_sgd=None, use_adagrad=True, momentum=0.9, train_batch_size=4, infer_batch_size=16, margin=0.1, epochs_num=10, patience=3, lr=1e-05, cache_refresh_rate=1000, queries_per_epoch=5000, negs_num_per_query=10, neg_samples_num=1000, seed=0, device='cuda', num_workers=8, val_positive_dist_threshold=25, train_positives_dist_threshold=10, recall_values=[1, 5, 10, 20], datasets_folder='./Data', exp_name='default', output_folder='runs/default/2022-01-11_10-39-03')
2022-01-11 10:39:03   The outputs are being saved in runs/default/2022-01-11_10-39-03
2022-01-11 10:39:03   Using 1 GPUs and 12 CPUs
2022-01-11 10:39:03   Loading dataset Pitts30k from folder ./Data
2022-01-11 10:39:03   There are 96 queries without any positives within the training set. They won't be considered as they're useless for training.
2022-01-11 10:39:03   Train query set: < TripletsDataset, pitts30k - #database: 10000; #queries: 7320 >
2022-01-11 10:39:03   Val set: < BaseDataset, pitts30k - #database: 10000; #queries: 7608 >
2022-01-11 10:39:03   Test set: < BaseDataset, pitts30k - #database: 10000; #queries: 6816 >
2022-01-11 10:39:03   Train only conv4 of the ResNet-18 (remove conv5), freeze the previous ones
2022-01-11 10:39:08   Output dimension of the model is 256
2022-01-11 10:39:08   Start training epoch: 00
2022-01-11 10:39:08   Cache: 0 / 5
2022-01-11 10:40:37   Epoch[00](0/5): current batch triplet loss = 0.0760, average epoch triplet loss = 0.0852
2022-01-11 10:40:37   Cache: 1 / 5
2022-01-11 10:42:08   Epoch[00](1/5): current batch triplet loss = 0.1164, average epoch triplet loss = 0.0862
2022-01-11 10:42:08   Cache: 2 / 5
2022-01-11 10:43:38   Epoch[00](2/5): current batch triplet loss = 0.0917, average epoch triplet loss = 0.0858
2022-01-11 10:43:38   Cache: 3 / 5
2022-01-11 10:44:54   Epoch[00](3/5): current batch triplet loss = 0.1081, average epoch triplet loss = 0.0857
2022-01-11 10:44:54   Cache: 4 / 5
2022-01-11 10:46:06   Epoch[00](4/5): current batch triplet loss = 0.0933, average epoch triplet loss = 0.0859
2022-01-11 10:46:06   Finished epoch 00 in 0:06:58, average epoch triplet loss = 0.0859
2022-01-11 10:46:06   Extracting database features for evaluation/testing
2022-01-11 10:46:32   Extracting queries features for evaluation/testing
2022-01-11 10:46:52   Calculating recalls
2022-01-11 10:46:53   Recalls on val set < BaseDataset, pitts30k - #database: 10000; #queries: 7608 >: R@1: 29.2, R@5: 46.5, R@10: 55.8, R@20: 65.4
2022-01-11 10:46:53   Improved: previous best R@5 = 0.0, current R@5 = 46.5
2022-01-11 10:46:53   Start training epoch: 01
2022-01-11 10:46:53   Cache: 0 / 5
2022-01-11 10:48:07   Epoch[01](0/5): current batch triplet loss = 0.0888, average epoch triplet loss = 0.0854
2022-01-11 10:48:07   Cache: 1 / 5
2022-01-11 10:49:22   Epoch[01](1/5): current batch triplet loss = 0.0804, average epoch triplet loss = 0.0855
2022-01-11 10:49:22   Cache: 2 / 5
2022-01-11 10:50:36   Epoch[01](2/5): current batch triplet loss = 0.0967, average epoch triplet loss = 0.0858
2022-01-11 10:50:36   Cache: 3 / 5
2022-01-11 10:51:49   Epoch[01](3/5): current batch triplet loss = 0.0898, average epoch triplet loss = 0.0861
2022-01-11 10:51:49   Cache: 4 / 5
2022-01-11 10:53:03   Epoch[01](4/5): current batch triplet loss = 0.0939, average epoch triplet loss = 0.0864
2022-01-11 10:53:03   Finished epoch 01 in 0:06:09, average epoch triplet loss = 0.0864
2022-01-11 10:53:03   Extracting database features for evaluation/testing
2022-01-11 10:53:28   Extracting queries features for evaluation/testing
2022-01-11 10:53:48   Calculating recalls
2022-01-11 10:53:49   Recalls on val set < BaseDataset, pitts30k - #database: 10000; #queries: 7608 >: R@1: 31.2, R@5: 49.9, R@10: 59.1, R@20: 68.7
2022-01-11 10:53:50   Improved: previous best R@5 = 46.5, current R@5 = 49.9
2022-01-11 10:53:50   Start training epoch: 02
2022-01-11 10:53:50   Cache: 0 / 5
2022-01-11 10:55:03   Epoch[02](0/5): current batch triplet loss = 0.0922, average epoch triplet loss = 0.0862
2022-01-11 10:55:03   Cache: 1 / 5
2022-01-11 10:56:29   Epoch[02](1/5): current batch triplet loss = 0.0826, average epoch triplet loss = 0.0871
2022-01-11 10:56:29   Cache: 2 / 5
2022-01-11 10:57:59   Epoch[02](2/5): current batch triplet loss = 0.0665, average epoch triplet loss = 0.0871
2022-01-11 10:57:59   Cache: 3 / 5
2022-01-11 10:59:29   Epoch[02](3/5): current batch triplet loss = 0.0851, average epoch triplet loss = 0.0869
2022-01-11 10:59:29   Cache: 4 / 5
2022-01-11 11:00:59   Epoch[02](4/5): current batch triplet loss = 0.0895, average epoch triplet loss = 0.0873
2022-01-11 11:00:59   Finished epoch 02 in 0:07:09, average epoch triplet loss = 0.0873
2022-01-11 11:00:59   Extracting database features for evaluation/testing
2022-01-11 11:01:30   Extracting queries features for evaluation/testing
2022-01-11 11:01:54   Calculating recalls
2022-01-11 11:01:55   Recalls on val set < BaseDataset, pitts30k - #database: 10000; #queries: 7608 >: R@1: 32.6, R@5: 52.9, R@10: 61.6, R@20: 71.8
2022-01-11 11:01:55   Improved: previous best R@5 = 49.9, current R@5 = 52.9
2022-01-11 11:01:55   Start training epoch: 03
2022-01-11 11:01:55   Cache: 0 / 5
2022-01-11 11:03:25   Epoch[03](0/5): current batch triplet loss = 0.0993, average epoch triplet loss = 0.0860
2022-01-11 11:03:25   Cache: 1 / 5
2022-01-11 11:04:55   Epoch[03](1/5): current batch triplet loss = 0.0785, average epoch triplet loss = 0.0872
2022-01-11 11:04:55   Cache: 2 / 5
2022-01-11 11:06:24   Epoch[03](2/5): current batch triplet loss = 0.0720, average epoch triplet loss = 0.0877
2022-01-11 11:06:24   Cache: 3 / 5
2022-01-11 11:08:02   Epoch[03](3/5): current batch triplet loss = 0.1024, average epoch triplet loss = 0.0878
2022-01-11 11:08:02   Cache: 4 / 5
2022-01-11 11:09:40   Epoch[03](4/5): current batch triplet loss = 0.0999, average epoch triplet loss = 0.0880
2022-01-11 11:09:40   Finished epoch 03 in 0:07:44, average epoch triplet loss = 0.0880
2022-01-11 11:09:40   Extracting database features for evaluation/testing
2022-01-11 11:10:13   Extracting queries features for evaluation/testing
2022-01-11 11:10:39   Calculating recalls
2022-01-11 11:10:41   Recalls on val set < BaseDataset, pitts30k - #database: 10000; #queries: 7608 >: R@1: 34.4, R@5: 55.0, R@10: 64.2, R@20: 74.1
2022-01-11 11:10:41   Improved: previous best R@5 = 52.9, current R@5 = 55.0
2022-01-11 11:10:41   Start training epoch: 04
2022-01-11 11:10:41   Cache: 0 / 5
2022-01-11 11:12:19   Epoch[04](0/5): current batch triplet loss = 0.0761, average epoch triplet loss = 0.0897
2022-01-11 11:12:19   Cache: 1 / 5
2022-01-11 11:13:57   Epoch[04](1/5): current batch triplet loss = 0.0876, average epoch triplet loss = 0.0884
2022-01-11 11:13:57   Cache: 2 / 5
2022-01-11 11:15:29   Epoch[04](2/5): current batch triplet loss = 0.0939, average epoch triplet loss = 0.0888
2022-01-11 11:15:29   Cache: 3 / 5
2022-01-11 11:17:07   Epoch[04](3/5): current batch triplet loss = 0.0937, average epoch triplet loss = 0.0889
2022-01-11 11:17:07   Cache: 4 / 5
2022-01-11 11:18:45   Epoch[04](4/5): current batch triplet loss = 0.1101, average epoch triplet loss = 0.0890
2022-01-11 11:18:45   Finished epoch 04 in 0:08:03, average epoch triplet loss = 0.0890
2022-01-11 11:18:45   Extracting database features for evaluation/testing
2022-01-11 11:19:19   Extracting queries features for evaluation/testing
2022-01-11 11:19:45   Calculating recalls
2022-01-11 11:19:46   Recalls on val set < BaseDataset, pitts30k - #database: 10000; #queries: 7608 >: R@1: 35.4, R@5: 56.6, R@10: 65.8, R@20: 75.3
2022-01-11 11:19:47   Improved: previous best R@5 = 55.0, current R@5 = 56.6
2022-01-11 11:19:47   Start training epoch: 05
2022-01-11 11:19:47   Cache: 0 / 5
2022-01-11 11:21:24   Epoch[05](0/5): current batch triplet loss = 0.0826, average epoch triplet loss = 0.0895
2022-01-11 11:21:24   Cache: 1 / 5
2022-01-11 11:23:01   Epoch[05](1/5): current batch triplet loss = 0.0709, average epoch triplet loss = 0.0888
2022-01-11 11:23:01   Cache: 2 / 5
2022-01-11 11:24:39   Epoch[05](2/5): current batch triplet loss = 0.0793, average epoch triplet loss = 0.0891
2022-01-11 11:24:39   Cache: 3 / 5
2022-01-11 11:26:17   Epoch[05](3/5): current batch triplet loss = 0.0392, average epoch triplet loss = 0.0891
2022-01-11 11:26:17   Cache: 4 / 5
2022-01-11 11:27:35   Epoch[05](4/5): current batch triplet loss = 0.1005, average epoch triplet loss = 0.0891
2022-01-11 11:27:35   Finished epoch 05 in 0:07:47, average epoch triplet loss = 0.0891
2022-01-11 11:27:35   Extracting database features for evaluation/testing
2022-01-11 11:28:01   Extracting queries features for evaluation/testing
2022-01-11 11:28:21   Calculating recalls
2022-01-11 11:28:22   Recalls on val set < BaseDataset, pitts30k - #database: 10000; #queries: 7608 >: R@1: 37.1, R@5: 58.1, R@10: 67.7, R@20: 77.0
2022-01-11 11:28:22   Improved: previous best R@5 = 56.6, current R@5 = 58.1
2022-01-11 11:28:22   Start training epoch: 06
2022-01-11 11:28:22   Cache: 0 / 5
2022-01-11 11:29:46   Epoch[06](0/5): current batch triplet loss = 0.0976, average epoch triplet loss = 0.0893
2022-01-11 11:29:46   Cache: 1 / 5
2022-01-11 11:31:23   Epoch[06](1/5): current batch triplet loss = 0.0672, average epoch triplet loss = 0.0894
2022-01-11 11:31:23   Cache: 2 / 5
2022-01-11 11:32:54   Epoch[06](2/5): current batch triplet loss = 0.0552, average epoch triplet loss = 0.0887
2022-01-11 11:32:54   Cache: 3 / 5
2022-01-11 11:34:23   Epoch[06](3/5): current batch triplet loss = 0.0899, average epoch triplet loss = 0.0890
2022-01-11 11:34:23   Cache: 4 / 5
2022-01-11 11:35:54   Epoch[06](4/5): current batch triplet loss = 0.0887, average epoch triplet loss = 0.0890
2022-01-11 11:35:54   Finished epoch 06 in 0:07:32, average epoch triplet loss = 0.0890
2022-01-11 11:35:54   Extracting database features for evaluation/testing
2022-01-11 11:36:26   Extracting queries features for evaluation/testing
2022-01-11 11:36:51   Calculating recalls
2022-01-11 11:36:53   Recalls on val set < BaseDataset, pitts30k - #database: 10000; #queries: 7608 >: R@1: 38.2, R@5: 59.5, R@10: 69.2, R@20: 78.3
2022-01-11 11:36:53   Improved: previous best R@5 = 58.1, current R@5 = 59.5
2022-01-11 11:36:53   Start training epoch: 07
2022-01-11 11:36:53   Cache: 0 / 5
2022-01-11 11:38:26   Epoch[07](0/5): current batch triplet loss = 0.0757, average epoch triplet loss = 0.0908
2022-01-11 11:38:26   Cache: 1 / 5
2022-01-11 11:39:57   Epoch[07](1/5): current batch triplet loss = 0.0528, average epoch triplet loss = 0.0890
2022-01-11 11:39:57   Cache: 2 / 5
2022-01-11 11:41:27   Epoch[07](2/5): current batch triplet loss = 0.1095, average epoch triplet loss = 0.0890
2022-01-11 11:41:27   Cache: 3 / 5
2022-01-11 11:43:00   Epoch[07](3/5): current batch triplet loss = 0.0888, average epoch triplet loss = 0.0895
2022-01-11 11:43:00   Cache: 4 / 5
2022-01-11 11:44:32   Epoch[07](4/5): current batch triplet loss = 0.0556, average epoch triplet loss = 0.0894
2022-01-11 11:44:32   Finished epoch 07 in 0:07:38, average epoch triplet loss = 0.0894
2022-01-11 11:44:32   Extracting database features for evaluation/testing
2022-01-11 11:45:04   Extracting queries features for evaluation/testing
2022-01-11 11:45:28   Calculating recalls
2022-01-11 11:45:29   Recalls on val set < BaseDataset, pitts30k - #database: 10000; #queries: 7608 >: R@1: 38.8, R@5: 60.2, R@10: 69.9, R@20: 78.9
2022-01-11 11:45:30   Improved: previous best R@5 = 59.5, current R@5 = 60.2
2022-01-11 11:45:30   Start training epoch: 08
2022-01-11 11:45:30   Cache: 0 / 5
2022-01-11 11:47:03   Epoch[08](0/5): current batch triplet loss = 0.1015, average epoch triplet loss = 0.0907
2022-01-11 11:47:03   Cache: 1 / 5
2022-01-11 11:48:36   Epoch[08](1/5): current batch triplet loss = 0.1007, average epoch triplet loss = 0.0899
2022-01-11 11:48:36   Cache: 2 / 5
2022-01-11 11:50:08   Epoch[08](2/5): current batch triplet loss = 0.0848, average epoch triplet loss = 0.0899
2022-01-11 11:50:08   Cache: 3 / 5
2022-01-11 11:51:40   Epoch[08](3/5): current batch triplet loss = 0.0901, average epoch triplet loss = 0.0893
2022-01-11 11:51:40   Cache: 4 / 5
2022-01-11 11:53:13   Epoch[08](4/5): current batch triplet loss = 0.0865, average epoch triplet loss = 0.0893
2022-01-11 11:53:13   Finished epoch 08 in 0:07:43, average epoch triplet loss = 0.0893
2022-01-11 11:53:13   Extracting database features for evaluation/testing
2022-01-11 11:53:45   Extracting queries features for evaluation/testing
2022-01-11 11:54:09   Calculating recalls
2022-01-11 11:54:11   Recalls on val set < BaseDataset, pitts30k - #database: 10000; #queries: 7608 >: R@1: 39.9, R@5: 61.3, R@10: 70.9, R@20: 79.5
2022-01-11 11:54:12   Improved: previous best R@5 = 60.2, current R@5 = 61.3
2022-01-11 11:54:12   Start training epoch: 09
2022-01-11 11:54:12   Cache: 0 / 5
2022-01-11 11:55:44   Epoch[09](0/5): current batch triplet loss = 0.0871, average epoch triplet loss = 0.0903
2022-01-11 11:55:44   Cache: 1 / 5
2022-01-11 11:57:17   Epoch[09](1/5): current batch triplet loss = 0.0849, average epoch triplet loss = 0.0895
2022-01-11 11:57:17   Cache: 2 / 5
2022-01-11 11:58:41   Epoch[09](2/5): current batch triplet loss = 0.1009, average epoch triplet loss = 0.0900
2022-01-11 11:58:41   Cache: 3 / 5
2022-01-11 11:59:55   Epoch[09](3/5): current batch triplet loss = 0.0865, average epoch triplet loss = 0.0896
2022-01-11 11:59:55   Cache: 4 / 5
2022-01-11 12:01:13   Epoch[09](4/5): current batch triplet loss = 0.0885, average epoch triplet loss = 0.0894
2022-01-11 12:01:13   Finished epoch 09 in 0:07:01, average epoch triplet loss = 0.0894
2022-01-11 12:01:13   Extracting database features for evaluation/testing
2022-01-11 12:01:41   Extracting queries features for evaluation/testing
2022-01-11 12:02:02   Calculating recalls
2022-01-11 12:02:03   Recalls on val set < BaseDataset, pitts30k - #database: 10000; #queries: 7608 >: R@1: 39.7, R@5: 61.3, R@10: 71.2, R@20: 79.7
2022-01-11 12:02:03   Not improved: 1 / 3: best R@5 = 61.3, current R@5 = 61.3
2022-01-11 12:02:03   Best R@5: 61.3
2022-01-11 12:02:03   Trained for 10 epochs, in total in 1:23:00
2022-01-11 12:02:03   Extracting database features for evaluation/testing
2022-01-11 12:02:30   Extracting queries features for evaluation/testing
2022-01-11 12:02:50   Calculating recalls
2022-01-11 12:02:51   Recalls on < BaseDataset, pitts30k - #database: 10000; #queries: 6816 >: R@1: 45.5, R@5: 67.3, R@10: 76.0, R@20: 83.1
