2022-01-11 10:39:03   Arguments: Namespace(use_netvlad=None, netvlad_clusters=64, use_gem=True, gem_p=3, gem_eps=1e-06, use_sgd=None, use_adagrad=True, momentum=0.9, train_batch_size=4, infer_batch_size=16, margin=0.1, epochs_num=10, patience=3, lr=1e-05, cache_refresh_rate=1000, queries_per_epoch=5000, negs_num_per_query=10, neg_samples_num=1000, seed=0, device='cuda', num_workers=8, val_positive_dist_threshold=25, train_positives_dist_threshold=10, recall_values=[1, 5, 10, 20], datasets_folder='./Data', exp_name='default', output_folder='runs/default/2022-01-11_10-39-03')
2022-01-11 10:39:03   The outputs are being saved in runs/default/2022-01-11_10-39-03
2022-01-11 10:39:03   Using 1 GPUs and 12 CPUs
2022-01-11 10:39:03   There are 96 queries without any positives within the training set. They won't be considered as they're useless for training.
2022-01-11 10:39:03   Train query set: < TripletsDataset, pitts30k - #database: 10000; #queries: 7320 >
2022-01-11 10:39:03   Val set: < BaseDataset, pitts30k - #database: 10000; #queries: 7608 >
2022-01-11 10:39:03   Test set: < BaseDataset, pitts30k - #database: 10000; #queries: 6816 >
2022-01-11 10:39:08   Output dimension of the model is 256
2022-01-11 10:39:08   Start training epoch: 00
2022-01-11 10:46:06   Finished epoch 00 in 0:06:58, average epoch triplet loss = 0.0859
2022-01-11 10:46:53   Recalls on val set < BaseDataset, pitts30k - #database: 10000; #queries: 7608 >: R@1: 29.2, R@5: 46.5, R@10: 55.8, R@20: 65.4
2022-01-11 10:46:53   Improved: previous best R@5 = 0.0, current R@5 = 46.5
2022-01-11 10:46:53   Start training epoch: 01
2022-01-11 10:53:03   Finished epoch 01 in 0:06:09, average epoch triplet loss = 0.0864
2022-01-11 10:53:49   Recalls on val set < BaseDataset, pitts30k - #database: 10000; #queries: 7608 >: R@1: 31.2, R@5: 49.9, R@10: 59.1, R@20: 68.7
2022-01-11 10:53:50   Improved: previous best R@5 = 46.5, current R@5 = 49.9
2022-01-11 10:53:50   Start training epoch: 02
2022-01-11 11:00:59   Finished epoch 02 in 0:07:09, average epoch triplet loss = 0.0873
2022-01-11 11:01:55   Recalls on val set < BaseDataset, pitts30k - #database: 10000; #queries: 7608 >: R@1: 32.6, R@5: 52.9, R@10: 61.6, R@20: 71.8
2022-01-11 11:01:55   Improved: previous best R@5 = 49.9, current R@5 = 52.9
2022-01-11 11:01:55   Start training epoch: 03
2022-01-11 11:09:40   Finished epoch 03 in 0:07:44, average epoch triplet loss = 0.0880
2022-01-11 11:10:41   Recalls on val set < BaseDataset, pitts30k - #database: 10000; #queries: 7608 >: R@1: 34.4, R@5: 55.0, R@10: 64.2, R@20: 74.1
2022-01-11 11:10:41   Improved: previous best R@5 = 52.9, current R@5 = 55.0
2022-01-11 11:10:41   Start training epoch: 04
2022-01-11 11:18:45   Finished epoch 04 in 0:08:03, average epoch triplet loss = 0.0890
2022-01-11 11:19:46   Recalls on val set < BaseDataset, pitts30k - #database: 10000; #queries: 7608 >: R@1: 35.4, R@5: 56.6, R@10: 65.8, R@20: 75.3
2022-01-11 11:19:47   Improved: previous best R@5 = 55.0, current R@5 = 56.6
2022-01-11 11:19:47   Start training epoch: 05
2022-01-11 11:27:35   Finished epoch 05 in 0:07:47, average epoch triplet loss = 0.0891
2022-01-11 11:28:22   Recalls on val set < BaseDataset, pitts30k - #database: 10000; #queries: 7608 >: R@1: 37.1, R@5: 58.1, R@10: 67.7, R@20: 77.0
2022-01-11 11:28:22   Improved: previous best R@5 = 56.6, current R@5 = 58.1
2022-01-11 11:28:22   Start training epoch: 06
2022-01-11 11:35:54   Finished epoch 06 in 0:07:32, average epoch triplet loss = 0.0890
2022-01-11 11:36:53   Recalls on val set < BaseDataset, pitts30k - #database: 10000; #queries: 7608 >: R@1: 38.2, R@5: 59.5, R@10: 69.2, R@20: 78.3
2022-01-11 11:36:53   Improved: previous best R@5 = 58.1, current R@5 = 59.5
2022-01-11 11:36:53   Start training epoch: 07
2022-01-11 11:44:32   Finished epoch 07 in 0:07:38, average epoch triplet loss = 0.0894
2022-01-11 11:45:29   Recalls on val set < BaseDataset, pitts30k - #database: 10000; #queries: 7608 >: R@1: 38.8, R@5: 60.2, R@10: 69.9, R@20: 78.9
2022-01-11 11:45:30   Improved: previous best R@5 = 59.5, current R@5 = 60.2
2022-01-11 11:45:30   Start training epoch: 08
2022-01-11 11:53:13   Finished epoch 08 in 0:07:43, average epoch triplet loss = 0.0893
2022-01-11 11:54:11   Recalls on val set < BaseDataset, pitts30k - #database: 10000; #queries: 7608 >: R@1: 39.9, R@5: 61.3, R@10: 70.9, R@20: 79.5
2022-01-11 11:54:12   Improved: previous best R@5 = 60.2, current R@5 = 61.3
2022-01-11 11:54:12   Start training epoch: 09
2022-01-11 12:01:13   Finished epoch 09 in 0:07:01, average epoch triplet loss = 0.0894
2022-01-11 12:02:03   Recalls on val set < BaseDataset, pitts30k - #database: 10000; #queries: 7608 >: R@1: 39.7, R@5: 61.3, R@10: 71.2, R@20: 79.7
2022-01-11 12:02:03   Not improved: 1 / 3: best R@5 = 61.3, current R@5 = 61.3
2022-01-11 12:02:03   Best R@5: 61.3
2022-01-11 12:02:03   Trained for 10 epochs, in total in 1:23:00
2022-01-11 12:02:51   Recalls on < BaseDataset, pitts30k - #database: 10000; #queries: 6816 >: R@1: 45.5, R@5: 67.3, R@10: 76.0, R@20: 83.1
