2022-01-05 15:00:43   Arguments: Namespace(cache_refresh_rate=1000, datasets_folder='./', device='cuda', epochs_num=5, exp_name='default', features_dim=2048, infer_batch_size=16, lr=1e-05, margin=0.1, neg_samples_num=1000, negs_num_per_query=10, num_workers=8, output_folder='runs/default/2022-01-05_15-00-42', patience=3, queries_per_epoch=5000, recall_values=[1, 5, 10, 20], seed=0, train_batch_size=4, train_positives_dist_threshold=10, use_netvlad='true', val_positive_dist_threshold=25)
2022-01-05 15:00:43   The outputs are being saved in runs/default/2022-01-05_15-00-42
2022-01-05 15:00:43   Using 1 GPUs and 6 CPUs
2022-01-05 15:00:43   Loading dataset Pitts30k from folder ./
2022-01-05 15:00:46   There are 96 queries without any positives within the training set. They won't be considered as they're useless for training.
2022-01-05 15:00:46   Train query set: < TripletsDataset, pitts30k - #database: 10000; #queries: 7320 >
2022-01-05 15:00:49   Val set: < BaseDataset, pitts30k - #database: 10000; #queries: 7608 >
2022-01-05 15:00:52   Test set: < BaseDataset, pitts30k - #database: 10000; #queries: 6816 >
2022-01-05 15:00:52   Train only conv4 of the ResNet-18 (remove conv5), freeze the previous ones
2022-01-05 15:00:54   Output dimension of the model is 2048
2022-01-05 15:00:54   Start training epoch: 00
2022-01-05 15:00:54   Cache: 0 / 5
2022-01-05 15:09:30   Epoch[00](0/5): current batch triplet loss = 0.0963, average epoch triplet loss = 0.0972
2022-01-05 15:09:30   Cache: 1 / 5
2022-01-05 15:18:09   Epoch[00](1/5): current batch triplet loss = 0.0993, average epoch triplet loss = 0.0968
2022-01-05 15:18:09   Cache: 2 / 5
2022-01-05 15:26:46   Epoch[00](2/5): current batch triplet loss = 0.0969, average epoch triplet loss = 0.0965
2022-01-05 15:26:46   Cache: 3 / 5
2022-01-05 15:35:24   Epoch[00](3/5): current batch triplet loss = 0.0978, average epoch triplet loss = 0.0962
2022-01-05 15:35:24   Cache: 4 / 5
2022-01-05 15:44:01   Epoch[00](4/5): current batch triplet loss = 0.0973, average epoch triplet loss = 0.0961
2022-01-05 15:44:01   Finished epoch 00 in 0:43:06, average epoch triplet loss = 0.0961
2022-01-05 15:44:01   Extracting database features for evaluation/testing
2022-01-05 15:46:56   Extracting queries features for evaluation/testing
2022-01-05 15:49:11   Calculating recalls
2022-01-05 15:49:17   Recalls on val set < BaseDataset, pitts30k - #database: 10000; #queries: 7608 >: R@1: 54.8, R@5: 76.0, R@10: 83.4, R@20: 89.2
2022-01-05 15:49:18   Improved: previous best R@5 = 0.0, current R@5 = 76.0
2022-01-05 15:49:18   Start training epoch: 01
2022-01-05 15:49:18   Cache: 0 / 5
2022-01-05 15:57:55   Epoch[01](0/5): current batch triplet loss = 0.0962, average epoch triplet loss = 0.0946
2022-01-05 15:57:55   Cache: 1 / 5
2022-01-05 16:06:33   Epoch[01](1/5): current batch triplet loss = 0.0943, average epoch triplet loss = 0.0945
2022-01-05 16:06:33   Cache: 2 / 5
2022-01-05 16:15:10   Epoch[01](2/5): current batch triplet loss = 0.0957, average epoch triplet loss = 0.0943
2022-01-05 16:15:10   Cache: 3 / 5
2022-01-05 16:23:48   Epoch[01](3/5): current batch triplet loss = 0.0859, average epoch triplet loss = 0.0943
2022-01-05 16:23:48   Cache: 4 / 5
2022-01-05 16:32:26   Epoch[01](4/5): current batch triplet loss = 0.0939, average epoch triplet loss = 0.0942
2022-01-05 16:32:26   Finished epoch 01 in 0:43:07, average epoch triplet loss = 0.0942
2022-01-05 16:32:26   Extracting database features for evaluation/testing
2022-01-05 16:35:21   Extracting queries features for evaluation/testing
2022-01-05 16:37:35   Calculating recalls
2022-01-05 16:37:40   Recalls on val set < BaseDataset, pitts30k - #database: 10000; #queries: 7608 >: R@1: 55.0, R@5: 75.8, R@10: 82.8, R@20: 88.4
2022-01-05 16:37:41   Not improved: 1 / 3: best R@5 = 76.0, current R@5 = 75.8
2022-01-05 16:37:41   Start training epoch: 02
2022-01-05 16:37:41   Cache: 0 / 5
2022-01-05 16:46:17   Epoch[02](0/5): current batch triplet loss = 0.0956, average epoch triplet loss = 0.0934
2022-01-05 16:46:17   Cache: 1 / 5
2022-01-05 16:54:57   Epoch[02](1/5): current batch triplet loss = 0.0927, average epoch triplet loss = 0.0933
2022-01-05 16:54:57   Cache: 2 / 5
2022-01-05 17:03:35   Epoch[02](2/5): current batch triplet loss = 0.0837, average epoch triplet loss = 0.0932
2022-01-05 17:03:35   Cache: 3 / 5
2022-01-05 17:12:13   Epoch[02](3/5): current batch triplet loss = 0.0889, average epoch triplet loss = 0.0930
2022-01-05 17:12:13   Cache: 4 / 5
2022-01-05 17:20:52   Epoch[02](4/5): current batch triplet loss = 0.0927, average epoch triplet loss = 0.0929
2022-01-05 17:20:52   Finished epoch 02 in 0:43:11, average epoch triplet loss = 0.0929
2022-01-05 17:20:52   Extracting database features for evaluation/testing
2022-01-05 17:23:48   Extracting queries features for evaluation/testing
2022-01-05 17:26:02   Calculating recalls
2022-01-05 17:26:08   Recalls on val set < BaseDataset, pitts30k - #database: 10000; #queries: 7608 >: R@1: 56.2, R@5: 77.6, R@10: 83.8, R@20: 89.2
2022-01-05 17:26:09   Improved: previous best R@5 = 76.0, current R@5 = 77.6
2022-01-05 17:26:09   Start training epoch: 03
2022-01-05 17:26:09   Cache: 0 / 5
2022-01-05 17:34:46   Epoch[03](0/5): current batch triplet loss = 0.0908, average epoch triplet loss = 0.0919
2022-01-05 17:34:46   Cache: 1 / 5
2022-01-05 17:43:23   Epoch[03](1/5): current batch triplet loss = 0.0923, average epoch triplet loss = 0.0921
2022-01-05 17:43:23   Cache: 2 / 5
2022-01-05 17:51:59   Epoch[03](2/5): current batch triplet loss = 0.0867, average epoch triplet loss = 0.0920
2022-01-05 17:51:59   Cache: 3 / 5
2022-01-05 18:00:36   Epoch[03](3/5): current batch triplet loss = 0.0940, average epoch triplet loss = 0.0919
2022-01-05 18:00:36   Cache: 4 / 5
2022-01-05 18:09:14   Epoch[03](4/5): current batch triplet loss = 0.0973, average epoch triplet loss = 0.0919
2022-01-05 18:09:14   Finished epoch 03 in 0:43:05, average epoch triplet loss = 0.0919
2022-01-05 18:09:14   Extracting database features for evaluation/testing
2022-01-05 18:12:10   Extracting queries features for evaluation/testing
2022-01-05 18:14:24   Calculating recalls
2022-01-05 18:14:29   Recalls on val set < BaseDataset, pitts30k - #database: 10000; #queries: 7608 >: R@1: 57.0, R@5: 78.1, R@10: 84.3, R@20: 89.2
2022-01-05 18:14:31   Improved: previous best R@5 = 77.6, current R@5 = 78.1
2022-01-05 18:14:31   Start training epoch: 04
2022-01-05 18:14:31   Cache: 0 / 5
2022-01-05 18:23:08   Epoch[04](0/5): current batch triplet loss = 0.0905, average epoch triplet loss = 0.0919
2022-01-05 18:23:08   Cache: 1 / 5
2022-01-05 18:31:45   Epoch[04](1/5): current batch triplet loss = 0.0932, average epoch triplet loss = 0.0914
2022-01-05 18:31:45   Cache: 2 / 5
2022-01-05 18:40:22   Epoch[04](2/5): current batch triplet loss = 0.0923, average epoch triplet loss = 0.0914
2022-01-05 18:40:22   Cache: 3 / 5
2022-01-05 18:48:59   Epoch[04](3/5): current batch triplet loss = 0.0935, average epoch triplet loss = 0.0914
2022-01-05 18:48:59   Cache: 4 / 5
2022-01-05 18:57:36   Epoch[04](4/5): current batch triplet loss = 0.0897, average epoch triplet loss = 0.0913
2022-01-05 18:57:36   Finished epoch 04 in 0:43:04, average epoch triplet loss = 0.0913
2022-01-05 18:57:36   Extracting database features for evaluation/testing
2022-01-05 19:00:31   Extracting queries features for evaluation/testing
2022-01-05 19:02:46   Calculating recalls
2022-01-05 19:02:51   Recalls on val set < BaseDataset, pitts30k - #database: 10000; #queries: 7608 >: R@1: 57.4, R@5: 77.7, R@10: 84.1, R@20: 89.4
2022-01-05 19:02:52   Not improved: 1 / 3: best R@5 = 78.1, current R@5 = 77.7
2022-01-05 19:02:52   Best R@5: 78.1
2022-01-05 19:02:52   Trained for 05 epochs, in total in 4:02:09
2022-01-05 19:02:53   Extracting database features for evaluation/testing
2022-01-05 19:05:49   Extracting queries features for evaluation/testing
2022-01-05 19:07:49   Calculating recalls
2022-01-05 19:07:54   Recalls on < BaseDataset, pitts30k - #database: 10000; #queries: 6816 >: R@1: 54.9, R@5: 77.0, R@10: 83.9, R@20: 88.7
