2022-01-05 15:00:43   Arguments: Namespace(cache_refresh_rate=1000, datasets_folder='./', device='cuda', epochs_num=5, exp_name='default', features_dim=2048, infer_batch_size=16, lr=1e-05, margin=0.1, neg_samples_num=1000, negs_num_per_query=10, num_workers=8, output_folder='runs/default/2022-01-05_15-00-42', patience=3, queries_per_epoch=5000, recall_values=[1, 5, 10, 20], seed=0, train_batch_size=4, train_positives_dist_threshold=10, use_netvlad='true', val_positive_dist_threshold=25)
2022-01-05 15:00:43   The outputs are being saved in runs/default/2022-01-05_15-00-42
2022-01-05 15:00:43   Using 1 GPUs and 6 CPUs
2022-01-05 15:00:46   There are 96 queries without any positives within the training set. They won't be considered as they're useless for training.
2022-01-05 15:00:46   Train query set: < TripletsDataset, pitts30k - #database: 10000; #queries: 7320 >
2022-01-05 15:00:49   Val set: < BaseDataset, pitts30k - #database: 10000; #queries: 7608 >
2022-01-05 15:00:52   Test set: < BaseDataset, pitts30k - #database: 10000; #queries: 6816 >
2022-01-05 15:00:54   Output dimension of the model is 2048
2022-01-05 15:00:54   Start training epoch: 00
2022-01-05 15:44:01   Finished epoch 00 in 0:43:06, average epoch triplet loss = 0.0961
2022-01-05 15:49:17   Recalls on val set < BaseDataset, pitts30k - #database: 10000; #queries: 7608 >: R@1: 54.8, R@5: 76.0, R@10: 83.4, R@20: 89.2
2022-01-05 15:49:18   Improved: previous best R@5 = 0.0, current R@5 = 76.0
2022-01-05 15:49:18   Start training epoch: 01
2022-01-05 16:32:26   Finished epoch 01 in 0:43:07, average epoch triplet loss = 0.0942
2022-01-05 16:37:40   Recalls on val set < BaseDataset, pitts30k - #database: 10000; #queries: 7608 >: R@1: 55.0, R@5: 75.8, R@10: 82.8, R@20: 88.4
2022-01-05 16:37:41   Not improved: 1 / 3: best R@5 = 76.0, current R@5 = 75.8
2022-01-05 16:37:41   Start training epoch: 02
2022-01-05 17:20:52   Finished epoch 02 in 0:43:11, average epoch triplet loss = 0.0929
2022-01-05 17:26:08   Recalls on val set < BaseDataset, pitts30k - #database: 10000; #queries: 7608 >: R@1: 56.2, R@5: 77.6, R@10: 83.8, R@20: 89.2
2022-01-05 17:26:09   Improved: previous best R@5 = 76.0, current R@5 = 77.6
2022-01-05 17:26:09   Start training epoch: 03
2022-01-05 18:09:14   Finished epoch 03 in 0:43:05, average epoch triplet loss = 0.0919
2022-01-05 18:14:29   Recalls on val set < BaseDataset, pitts30k - #database: 10000; #queries: 7608 >: R@1: 57.0, R@5: 78.1, R@10: 84.3, R@20: 89.2
2022-01-05 18:14:31   Improved: previous best R@5 = 77.6, current R@5 = 78.1
2022-01-05 18:14:31   Start training epoch: 04
2022-01-05 18:57:36   Finished epoch 04 in 0:43:04, average epoch triplet loss = 0.0913
2022-01-05 19:02:51   Recalls on val set < BaseDataset, pitts30k - #database: 10000; #queries: 7608 >: R@1: 57.4, R@5: 77.7, R@10: 84.1, R@20: 89.4
2022-01-05 19:02:52   Not improved: 1 / 3: best R@5 = 78.1, current R@5 = 77.7
2022-01-05 19:02:52   Best R@5: 78.1
2022-01-05 19:02:52   Trained for 05 epochs, in total in 4:02:09
2022-01-05 19:07:54   Recalls on < BaseDataset, pitts30k - #database: 10000; #queries: 6816 >: R@1: 54.9, R@5: 77.0, R@10: 83.9, R@20: 88.7
