2022-01-08 11:18:39   Arguments: Namespace(cache_refresh_rate=1000, datasets_folder='./', device='cuda', epochs_num=10, exp_name='default', infer_batch_size=16, lr=1e-05, margin=0.1, neg_samples_num=1000, negs_num_per_query=10, netvlad_clusters=64, num_workers=8, output_folder='runs/default/2022-01-08_11-18-39', patience=3, queries_per_epoch=5000, recall_values=[1, 5, 10, 20], seed=0, train_batch_size=4, train_positives_dist_threshold=10, use_netvlad=True, val_positive_dist_threshold=25)
2022-01-08 11:18:39   The outputs are being saved in runs/default/2022-01-08_11-18-39
2022-01-08 11:18:39   Using 1 GPUs and 6 CPUs
2022-01-08 11:18:39   Loading dataset Pitts30k from folder ./
2022-01-08 11:18:40   There are 96 queries without any positives within the training set. They won't be considered as they're useless for training.
2022-01-08 11:18:41   Train query set: < TripletsDataset, pitts30k - #database: 10000; #queries: 7320 >
2022-01-08 11:18:42   Val set: < BaseDataset, pitts30k - #database: 10000; #queries: 7608 >
2022-01-08 11:18:44   Test set: < BaseDataset, pitts30k - #database: 10000; #queries: 6816 >
2022-01-08 11:18:47   Train only conv4 of the ResNet-18 (remove conv5), freeze the previous ones
2022-01-08 11:19:19   Output dimension of the model is 16384
2022-01-08 11:19:19   Start training epoch: 00
2022-01-08 11:19:19   Cache: 0 / 5
2022-01-08 11:32:05   Epoch[00](0/5): current batch triplet loss = 0.0963, average epoch triplet loss = 0.0972
2022-01-08 11:32:05   Cache: 1 / 5
2022-01-08 11:44:53   Epoch[00](1/5): current batch triplet loss = 0.0993, average epoch triplet loss = 0.0969
2022-01-08 11:44:53   Cache: 2 / 5
2022-01-08 11:57:41   Epoch[00](2/5): current batch triplet loss = 0.0970, average epoch triplet loss = 0.0965
2022-01-08 11:57:41   Cache: 3 / 5
2022-01-08 12:10:31   Epoch[00](3/5): current batch triplet loss = 0.0978, average epoch triplet loss = 0.0963
2022-01-08 12:10:31   Cache: 4 / 5
2022-01-08 12:23:20   Epoch[00](4/5): current batch triplet loss = 0.0973, average epoch triplet loss = 0.0961
2022-01-08 12:23:20   Finished epoch 00 in 1:04:00, average epoch triplet loss = 0.0961
2022-01-08 12:23:20   Extracting database features for evaluation/testing
2022-01-08 12:26:53   Extracting queries features for evaluation/testing
2022-01-08 12:29:36   Calculating recalls
2022-01-08 12:30:13   Recalls on val set < BaseDataset, pitts30k - #database: 10000; #queries: 7608 >: R@1: 54.9, R@5: 75.9, R@10: 83.4, R@20: 89.3
2022-01-08 12:30:15   Improved: previous best R@5 = 0.0, current R@5 = 75.9
2022-01-08 12:30:15   Start training epoch: 01
2022-01-08 12:30:15   Cache: 0 / 5
2022-01-08 12:43:01   Epoch[01](0/5): current batch triplet loss = 0.0962, average epoch triplet loss = 0.0946
2022-01-08 12:43:01   Cache: 1 / 5
2022-01-08 12:55:50   Epoch[01](1/5): current batch triplet loss = 0.0944, average epoch triplet loss = 0.0945
2022-01-08 12:55:50   Cache: 2 / 5
2022-01-08 13:08:39   Epoch[01](2/5): current batch triplet loss = 0.0958, average epoch triplet loss = 0.0944
2022-01-08 13:08:39   Cache: 3 / 5
2022-01-08 13:21:28   Epoch[01](3/5): current batch triplet loss = 0.0859, average epoch triplet loss = 0.0943
2022-01-08 13:21:28   Cache: 4 / 5
2022-01-08 13:34:17   Epoch[01](4/5): current batch triplet loss = 0.0940, average epoch triplet loss = 0.0942
2022-01-08 13:34:17   Finished epoch 01 in 1:04:02, average epoch triplet loss = 0.0942
2022-01-08 13:34:17   Extracting database features for evaluation/testing
2022-01-08 13:37:50   Extracting queries features for evaluation/testing
2022-01-08 13:40:33   Calculating recalls
2022-01-08 13:41:09   Recalls on val set < BaseDataset, pitts30k - #database: 10000; #queries: 7608 >: R@1: 55.0, R@5: 75.8, R@10: 82.7, R@20: 88.3
2022-01-08 13:41:09   Not improved: 1 / 3: best R@5 = 75.9, current R@5 = 75.8
2022-01-08 13:41:09   Start training epoch: 02
2022-01-08 13:41:09   Cache: 0 / 5
2022-01-08 13:53:57   Epoch[02](0/5): current batch triplet loss = 0.0957, average epoch triplet loss = 0.0934
2022-01-08 13:53:57   Cache: 1 / 5
2022-01-08 14:06:46   Epoch[02](1/5): current batch triplet loss = 0.0927, average epoch triplet loss = 0.0934
2022-01-08 14:06:46   Cache: 2 / 5
2022-01-08 14:19:35   Epoch[02](2/5): current batch triplet loss = 0.0839, average epoch triplet loss = 0.0933
2022-01-08 14:19:35   Cache: 3 / 5
2022-01-08 14:32:24   Epoch[02](3/5): current batch triplet loss = 0.0889, average epoch triplet loss = 0.0931
2022-01-08 14:32:25   Cache: 4 / 5
2022-01-08 14:45:17   Epoch[02](4/5): current batch triplet loss = 0.0929, average epoch triplet loss = 0.0930
2022-01-08 14:45:17   Finished epoch 02 in 1:04:07, average epoch triplet loss = 0.0930
2022-01-08 14:45:17   Extracting database features for evaluation/testing
2022-01-08 14:48:50   Extracting queries features for evaluation/testing
2022-01-08 14:51:33   Calculating recalls
2022-01-08 14:52:09   Recalls on val set < BaseDataset, pitts30k - #database: 10000; #queries: 7608 >: R@1: 56.5, R@5: 77.5, R@10: 83.7, R@20: 89.2
2022-01-08 14:52:11   Improved: previous best R@5 = 75.9, current R@5 = 77.5
2022-01-08 14:52:11   Start training epoch: 03
2022-01-08 14:52:11   Cache: 0 / 5
2022-01-08 15:04:59   Epoch[03](0/5): current batch triplet loss = 0.0909, average epoch triplet loss = 0.0919
2022-01-08 15:04:59   Cache: 1 / 5
2022-01-08 15:17:49   Epoch[03](1/5): current batch triplet loss = 0.0923, average epoch triplet loss = 0.0921
2022-01-08 15:17:49   Cache: 2 / 5
2022-01-08 15:30:38   Epoch[03](2/5): current batch triplet loss = 0.0870, average epoch triplet loss = 0.0921
2022-01-08 15:30:38   Cache: 3 / 5
2022-01-08 15:43:28   Epoch[03](3/5): current batch triplet loss = 0.0939, average epoch triplet loss = 0.0920
2022-01-08 15:43:28   Cache: 4 / 5
2022-01-08 15:56:17   Epoch[03](4/5): current batch triplet loss = 0.0973, average epoch triplet loss = 0.0920
2022-01-08 15:56:17   Finished epoch 03 in 1:04:06, average epoch triplet loss = 0.0920
2022-01-08 15:56:17   Extracting database features for evaluation/testing
2022-01-08 15:59:50   Extracting queries features for evaluation/testing
2022-01-08 16:02:33   Calculating recalls
2022-01-08 16:03:10   Recalls on val set < BaseDataset, pitts30k - #database: 10000; #queries: 7608 >: R@1: 57.0, R@5: 78.0, R@10: 84.1, R@20: 89.3
2022-01-08 16:03:12   Improved: previous best R@5 = 77.5, current R@5 = 78.0
2022-01-08 16:03:12   Start training epoch: 04
2022-01-08 16:03:12   Cache: 0 / 5
2022-01-08 16:16:02   Epoch[04](0/5): current batch triplet loss = 0.0907, average epoch triplet loss = 0.0920
2022-01-08 16:16:02   Cache: 1 / 5
2022-01-08 16:28:53   Epoch[04](1/5): current batch triplet loss = 0.0934, average epoch triplet loss = 0.0915
2022-01-08 16:28:53   Cache: 2 / 5
2022-01-08 16:41:41   Epoch[04](2/5): current batch triplet loss = 0.0922, average epoch triplet loss = 0.0915
2022-01-08 16:41:41   Cache: 3 / 5
2022-01-08 16:54:30   Epoch[04](3/5): current batch triplet loss = 0.0937, average epoch triplet loss = 0.0914
2022-01-08 16:54:30   Cache: 4 / 5
2022-01-08 17:07:19   Epoch[04](4/5): current batch triplet loss = 0.0899, average epoch triplet loss = 0.0914
2022-01-08 17:07:19   Finished epoch 04 in 1:04:07, average epoch triplet loss = 0.0914
2022-01-08 17:07:19   Extracting database features for evaluation/testing
2022-01-08 17:10:52   Extracting queries features for evaluation/testing
2022-01-08 17:13:34   Calculating recalls
2022-01-08 17:14:10   Recalls on val set < BaseDataset, pitts30k - #database: 10000; #queries: 7608 >: R@1: 57.5, R@5: 78.1, R@10: 84.3, R@20: 89.4
2022-01-08 17:14:13   Improved: previous best R@5 = 78.0, current R@5 = 78.1
2022-01-08 17:14:13   Start training epoch: 05
2022-01-08 17:14:13   Cache: 0 / 5
2022-01-08 17:27:01   Epoch[05](0/5): current batch triplet loss = 0.0894, average epoch triplet loss = 0.0908
2022-01-08 17:27:01   Cache: 1 / 5
2022-01-08 17:39:49   Epoch[05](1/5): current batch triplet loss = 0.0866, average epoch triplet loss = 0.0904
2022-01-08 17:39:49   Cache: 2 / 5
2022-01-08 17:52:38   Epoch[05](2/5): current batch triplet loss = 0.0861, average epoch triplet loss = 0.0905
2022-01-08 17:52:38   Cache: 3 / 5
2022-01-08 18:05:27   Epoch[05](3/5): current batch triplet loss = 0.0813, average epoch triplet loss = 0.0904
2022-01-08 18:05:27   Cache: 4 / 5
2022-01-08 18:18:14   Epoch[05](4/5): current batch triplet loss = 0.0922, average epoch triplet loss = 0.0903
2022-01-08 18:18:14   Finished epoch 05 in 1:04:01, average epoch triplet loss = 0.0903
2022-01-08 18:18:14   Extracting database features for evaluation/testing
2022-01-08 18:21:48   Extracting queries features for evaluation/testing
2022-01-08 18:24:31   Calculating recalls
2022-01-08 18:25:07   Recalls on val set < BaseDataset, pitts30k - #database: 10000; #queries: 7608 >: R@1: 55.0, R@5: 76.0, R@10: 83.4, R@20: 88.7
2022-01-08 18:25:07   Not improved: 1 / 3: best R@5 = 78.1, current R@5 = 76.0
2022-01-08 18:25:07   Start training epoch: 06
2022-01-08 18:25:07   Cache: 0 / 5
2022-01-08 18:37:55   Epoch[06](0/5): current batch triplet loss = 0.0938, average epoch triplet loss = 0.0899
2022-01-08 18:37:55   Cache: 1 / 5
2022-01-08 18:50:44   Epoch[06](1/5): current batch triplet loss = 0.0787, average epoch triplet loss = 0.0899
2022-01-08 18:50:44   Cache: 2 / 5
2022-01-08 19:03:32   Epoch[06](2/5): current batch triplet loss = 0.0823, average epoch triplet loss = 0.0897
2022-01-08 19:03:32   Cache: 3 / 5
2022-01-08 19:16:21   Epoch[06](3/5): current batch triplet loss = 0.0903, average epoch triplet loss = 0.0898
2022-01-08 19:16:21   Cache: 4 / 5
2022-01-08 19:29:09   Epoch[06](4/5): current batch triplet loss = 0.0868, average epoch triplet loss = 0.0896
2022-01-08 19:29:09   Finished epoch 06 in 1:04:01, average epoch triplet loss = 0.0896
2022-01-08 19:29:09   Extracting database features for evaluation/testing
2022-01-08 19:32:43   Extracting queries features for evaluation/testing
2022-01-08 19:35:26   Calculating recalls
2022-01-08 19:36:02   Recalls on val set < BaseDataset, pitts30k - #database: 10000; #queries: 7608 >: R@1: 57.5, R@5: 77.9, R@10: 83.9, R@20: 89.5
2022-01-08 19:36:02   Not improved: 2 / 3: best R@5 = 78.1, current R@5 = 77.9
2022-01-08 19:36:02   Start training epoch: 07
2022-01-08 19:36:02   Cache: 0 / 5
2022-01-08 19:48:49   Epoch[07](0/5): current batch triplet loss = 0.0875, average epoch triplet loss = 0.0893
2022-01-08 19:48:49   Cache: 1 / 5
2022-01-08 20:01:38   Epoch[07](1/5): current batch triplet loss = 0.0671, average epoch triplet loss = 0.0887
2022-01-08 20:01:38   Cache: 2 / 5
2022-01-08 20:14:26   Epoch[07](2/5): current batch triplet loss = 0.0960, average epoch triplet loss = 0.0887
2022-01-08 20:14:27   Cache: 3 / 5
2022-01-08 20:27:16   Epoch[07](3/5): current batch triplet loss = 0.0921, average epoch triplet loss = 0.0888
2022-01-08 20:27:16   Cache: 4 / 5
2022-01-08 20:40:04   Epoch[07](4/5): current batch triplet loss = 0.0713, average epoch triplet loss = 0.0888
2022-01-08 20:40:05   Finished epoch 07 in 1:04:02, average epoch triplet loss = 0.0888
2022-01-08 20:40:05   Extracting database features for evaluation/testing
2022-01-08 20:43:38   Extracting queries features for evaluation/testing
2022-01-08 20:46:21   Calculating recalls
2022-01-08 20:46:57   Recalls on val set < BaseDataset, pitts30k - #database: 10000; #queries: 7608 >: R@1: 57.1, R@5: 77.0, R@10: 83.9, R@20: 89.2
2022-01-08 20:46:58   Not improved: 3 / 3: best R@5 = 78.1, current R@5 = 77.0
2022-01-08 20:46:58   Performance did not improve for 3 epochs. Stop training.
2022-01-08 20:46:58   Best R@5: 78.1
2022-01-08 20:46:58   Trained for 08 epochs, in total in 9:28:18
2022-01-08 20:46:59   Extracting database features for evaluation/testing
2022-01-08 20:50:31   Extracting queries features for evaluation/testing
2022-01-08 20:52:58   Calculating recalls
2022-01-08 20:53:30   Recalls on < BaseDataset, pitts30k - #database: 10000; #queries: 6816 >: R@1: 55.5, R@5: 77.6, R@10: 84.2, R@20: 89.7
