2022-01-08 11:18:39   Arguments: Namespace(cache_refresh_rate=1000, datasets_folder='./', device='cuda', epochs_num=10, exp_name='default', infer_batch_size=16, lr=1e-05, margin=0.1, neg_samples_num=1000, negs_num_per_query=10, netvlad_clusters=64, num_workers=8, output_folder='runs/default/2022-01-08_11-18-39', patience=3, queries_per_epoch=5000, recall_values=[1, 5, 10, 20], seed=0, train_batch_size=4, train_positives_dist_threshold=10, use_netvlad=True, val_positive_dist_threshold=25)
2022-01-08 11:18:39   The outputs are being saved in runs/default/2022-01-08_11-18-39
2022-01-08 11:18:39   Using 1 GPUs and 6 CPUs
2022-01-08 11:18:40   There are 96 queries without any positives within the training set. They won't be considered as they're useless for training.
2022-01-08 11:18:41   Train query set: < TripletsDataset, pitts30k - #database: 10000; #queries: 7320 >
2022-01-08 11:18:42   Val set: < BaseDataset, pitts30k - #database: 10000; #queries: 7608 >
2022-01-08 11:18:44   Test set: < BaseDataset, pitts30k - #database: 10000; #queries: 6816 >
2022-01-08 11:19:19   Output dimension of the model is 16384
2022-01-08 11:19:19   Start training epoch: 00
2022-01-08 12:23:20   Finished epoch 00 in 1:04:00, average epoch triplet loss = 0.0961
2022-01-08 12:30:13   Recalls on val set < BaseDataset, pitts30k - #database: 10000; #queries: 7608 >: R@1: 54.9, R@5: 75.9, R@10: 83.4, R@20: 89.3
2022-01-08 12:30:15   Improved: previous best R@5 = 0.0, current R@5 = 75.9
2022-01-08 12:30:15   Start training epoch: 01
2022-01-08 13:34:17   Finished epoch 01 in 1:04:02, average epoch triplet loss = 0.0942
2022-01-08 13:41:09   Recalls on val set < BaseDataset, pitts30k - #database: 10000; #queries: 7608 >: R@1: 55.0, R@5: 75.8, R@10: 82.7, R@20: 88.3
2022-01-08 13:41:09   Not improved: 1 / 3: best R@5 = 75.9, current R@5 = 75.8
2022-01-08 13:41:09   Start training epoch: 02
2022-01-08 14:45:17   Finished epoch 02 in 1:04:07, average epoch triplet loss = 0.0930
2022-01-08 14:52:09   Recalls on val set < BaseDataset, pitts30k - #database: 10000; #queries: 7608 >: R@1: 56.5, R@5: 77.5, R@10: 83.7, R@20: 89.2
2022-01-08 14:52:11   Improved: previous best R@5 = 75.9, current R@5 = 77.5
2022-01-08 14:52:11   Start training epoch: 03
2022-01-08 15:56:17   Finished epoch 03 in 1:04:06, average epoch triplet loss = 0.0920
2022-01-08 16:03:10   Recalls on val set < BaseDataset, pitts30k - #database: 10000; #queries: 7608 >: R@1: 57.0, R@5: 78.0, R@10: 84.1, R@20: 89.3
2022-01-08 16:03:12   Improved: previous best R@5 = 77.5, current R@5 = 78.0
2022-01-08 16:03:12   Start training epoch: 04
2022-01-08 17:07:19   Finished epoch 04 in 1:04:07, average epoch triplet loss = 0.0914
2022-01-08 17:14:10   Recalls on val set < BaseDataset, pitts30k - #database: 10000; #queries: 7608 >: R@1: 57.5, R@5: 78.1, R@10: 84.3, R@20: 89.4
2022-01-08 17:14:13   Improved: previous best R@5 = 78.0, current R@5 = 78.1
2022-01-08 17:14:13   Start training epoch: 05
2022-01-08 18:18:14   Finished epoch 05 in 1:04:01, average epoch triplet loss = 0.0903
2022-01-08 18:25:07   Recalls on val set < BaseDataset, pitts30k - #database: 10000; #queries: 7608 >: R@1: 55.0, R@5: 76.0, R@10: 83.4, R@20: 88.7
2022-01-08 18:25:07   Not improved: 1 / 3: best R@5 = 78.1, current R@5 = 76.0
2022-01-08 18:25:07   Start training epoch: 06
2022-01-08 19:29:09   Finished epoch 06 in 1:04:01, average epoch triplet loss = 0.0896
2022-01-08 19:36:02   Recalls on val set < BaseDataset, pitts30k - #database: 10000; #queries: 7608 >: R@1: 57.5, R@5: 77.9, R@10: 83.9, R@20: 89.5
2022-01-08 19:36:02   Not improved: 2 / 3: best R@5 = 78.1, current R@5 = 77.9
2022-01-08 19:36:02   Start training epoch: 07
2022-01-08 20:40:05   Finished epoch 07 in 1:04:02, average epoch triplet loss = 0.0888
2022-01-08 20:46:57   Recalls on val set < BaseDataset, pitts30k - #database: 10000; #queries: 7608 >: R@1: 57.1, R@5: 77.0, R@10: 83.9, R@20: 89.2
2022-01-08 20:46:58   Not improved: 3 / 3: best R@5 = 78.1, current R@5 = 77.0
2022-01-08 20:46:58   Performance did not improve for 3 epochs. Stop training.
2022-01-08 20:46:58   Best R@5: 78.1
2022-01-08 20:46:58   Trained for 08 epochs, in total in 9:28:18
2022-01-08 20:53:30   Recalls on < BaseDataset, pitts30k - #database: 10000; #queries: 6816 >: R@1: 55.5, R@5: 77.6, R@10: 84.2, R@20: 89.7
