2022-01-16 07:04:08   Arguments: Namespace(augment_input='grayscale', backbone='resnet18', cache_refresh_rate=1000, datasets_folder='./Dataset_pitts30k', device='cuda', downscale_input=False, epochs_num=20, exp_name='default', gem_eps=1e-06, gem_p=3, infer_batch_size=16, lr=1e-05, margin=0.1, momentum=0.9, neg_samples_num=1000, negs_num_per_query=10, netvlad_clusters=64, num_workers=8, output_folder='runs/default/2022-01-16_07-04-08', patience=3, queries_per_epoch=5000, recall_values=[1, 5, 10, 20], seed=0, test_dataset_name=None, test_model_path=None, train_batch_size=4, train_positives_dist_threshold=10, upscale_input=False, use_adagrad=None, use_gem=None, use_netvlad=True, use_sgd=None, val_positive_dist_threshold=25)
2022-01-16 07:04:08   The outputs are being saved in runs/default/2022-01-16_07-04-08
2022-01-16 07:04:08   Using 1 GPUs and 2 CPUs
2022-01-16 07:04:08   Loading dataset Pitts30k from folder ./Dataset_pitts30k
2022-01-16 07:04:09   There are 96 queries without any positives within the training set. They won't be considered as they're useless for training.
2022-01-16 07:04:09   Train query set: < TripletsDataset, pitts30k - #database: 10000; #queries: 7320 >
2022-01-16 07:04:09   Val set: < BaseDataset, pitts30k - #database: 10000; #queries: 7608 >
2022-01-16 07:04:09   Test set: < BaseDataset, pitts30k - #database: 10000; #queries: 6816 >
2022-01-16 07:04:09   Train only conv4 of the ResNet-18 (remove conv5), freeze the previous ones
2022-01-16 07:04:12   Output dimension of the model is 16384
2022-01-16 07:04:12   Start training epoch: 00
2022-01-16 07:04:12   Cache: 0 / 5
2022-01-16 07:10:29   Epoch[00](0/5): current batch triplet loss = 0.0312, average epoch triplet loss = 0.0394
2022-01-16 07:10:29   Cache: 1 / 5
2022-01-16 07:16:52   Epoch[00](1/5): current batch triplet loss = 0.0467, average epoch triplet loss = 0.0369
2022-01-16 07:16:52   Cache: 2 / 5
2022-01-16 07:23:19   Epoch[00](2/5): current batch triplet loss = 0.0252, average epoch triplet loss = 0.0347
2022-01-16 07:23:19   Cache: 3 / 5
2022-01-16 07:29:45   Epoch[00](3/5): current batch triplet loss = 0.0297, average epoch triplet loss = 0.0330
2022-01-16 07:29:45   Cache: 4 / 5
2022-01-16 07:36:13   Epoch[00](4/5): current batch triplet loss = 0.0514, average epoch triplet loss = 0.0322
2022-01-16 07:36:13   Finished epoch 00 in 0:32:01, average epoch triplet loss = 0.0322
2022-01-16 07:36:13   Extracting database features for evaluation/testing
2022-01-16 07:38:18   Extracting queries features for evaluation/testing
2022-01-16 07:39:52   Calculating recalls
2022-01-16 07:40:25   Recalls on val set < BaseDataset, pitts30k - #database: 10000; #queries: 7608 >: R@1: 83.8, R@5: 94.2, R@10: 96.4, R@20: 97.8
2022-01-16 07:40:25   Improved: previous best R@5 = 0.0, current R@5 = 94.2
2022-01-16 07:40:25   Start training epoch: 01
2022-01-16 07:40:25   Cache: 0 / 5
2022-01-16 07:48:34   Epoch[01](0/5): current batch triplet loss = 0.0551, average epoch triplet loss = 0.0264
2022-01-16 07:48:34   Cache: 1 / 5
2022-01-16 07:56:26   Epoch[01](1/5): current batch triplet loss = 0.0250, average epoch triplet loss = 0.0263
2022-01-16 07:56:26   Cache: 2 / 5
2022-01-16 08:02:57   Epoch[01](2/5): current batch triplet loss = 0.0403, average epoch triplet loss = 0.0259
2022-01-16 08:02:57   Cache: 3 / 5
2022-01-16 08:09:29   Epoch[01](3/5): current batch triplet loss = 0.0401, average epoch triplet loss = 0.0261
2022-01-16 08:09:29   Cache: 4 / 5
2022-01-16 08:16:01   Epoch[01](4/5): current batch triplet loss = 0.0565, average epoch triplet loss = 0.0260
2022-01-16 08:16:01   Finished epoch 01 in 0:35:36, average epoch triplet loss = 0.0260
2022-01-16 08:16:01   Extracting database features for evaluation/testing
2022-01-16 08:18:10   Extracting queries features for evaluation/testing
2022-01-16 08:19:46   Calculating recalls
2022-01-16 08:20:18   Recalls on val set < BaseDataset, pitts30k - #database: 10000; #queries: 7608 >: R@1: 86.0, R@5: 95.3, R@10: 97.1, R@20: 98.2
2022-01-16 08:20:18   Improved: previous best R@5 = 94.2, current R@5 = 95.3
2022-01-16 08:20:18   Start training epoch: 02
2022-01-16 08:20:18   Cache: 0 / 5
2022-01-16 08:28:33   Epoch[02](0/5): current batch triplet loss = 0.0162, average epoch triplet loss = 0.0233
2022-01-16 08:28:33   Cache: 1 / 5
2022-01-16 08:36:18   Epoch[02](1/5): current batch triplet loss = 0.0080, average epoch triplet loss = 0.0235
2022-01-16 08:36:18   Cache: 2 / 5
2022-01-16 08:43:58   Epoch[02](2/5): current batch triplet loss = 0.0095, average epoch triplet loss = 0.0233
2022-01-16 08:43:58   Cache: 3 / 5
2022-01-16 08:50:40   Epoch[02](3/5): current batch triplet loss = 0.0172, average epoch triplet loss = 0.0231
2022-01-16 08:50:40   Cache: 4 / 5
2022-01-16 08:57:25   Epoch[02](4/5): current batch triplet loss = 0.0150, average epoch triplet loss = 0.0230
2022-01-16 08:57:25   Finished epoch 02 in 0:37:06, average epoch triplet loss = 0.0230
2022-01-16 08:57:25   Extracting database features for evaluation/testing
2022-01-16 08:59:32   Extracting queries features for evaluation/testing
2022-01-16 09:01:10   Calculating recalls
2022-01-16 09:01:42   Recalls on val set < BaseDataset, pitts30k - #database: 10000; #queries: 7608 >: R@1: 87.1, R@5: 95.6, R@10: 97.3, R@20: 98.3
2022-01-16 09:01:43   Improved: previous best R@5 = 95.3, current R@5 = 95.6
2022-01-16 09:01:43   Start training epoch: 03
2022-01-16 09:01:43   Cache: 0 / 5
2022-01-16 09:09:32   Epoch[03](0/5): current batch triplet loss = 0.0150, average epoch triplet loss = 0.0207
2022-01-16 09:09:32   Cache: 1 / 5
2022-01-16 09:16:09   Epoch[03](1/5): current batch triplet loss = 0.0294, average epoch triplet loss = 0.0215
2022-01-16 09:16:09   Cache: 2 / 5
2022-01-16 09:22:48   Epoch[03](2/5): current batch triplet loss = 0.0265, average epoch triplet loss = 0.0219
2022-01-16 09:22:48   Cache: 3 / 5
2022-01-16 09:29:32   Epoch[03](3/5): current batch triplet loss = 0.0700, average epoch triplet loss = 0.0217
2022-01-16 09:29:32   Cache: 4 / 5
2022-01-16 09:36:16   Epoch[03](4/5): current batch triplet loss = 0.0302, average epoch triplet loss = 0.0218
2022-01-16 09:36:16   Finished epoch 03 in 0:34:33, average epoch triplet loss = 0.0218
2022-01-16 09:36:16   Extracting database features for evaluation/testing
2022-01-16 09:38:25   Extracting queries features for evaluation/testing
2022-01-16 09:40:02   Calculating recalls
2022-01-16 09:40:34   Recalls on val set < BaseDataset, pitts30k - #database: 10000; #queries: 7608 >: R@1: 86.9, R@5: 95.6, R@10: 97.2, R@20: 98.3
2022-01-16 09:40:34   Improved: previous best R@5 = 95.6, current R@5 = 95.6
2022-01-16 09:40:34   Start training epoch: 04
2022-01-16 09:40:34   Cache: 0 / 5
2022-01-16 09:48:54   Epoch[04](0/5): current batch triplet loss = 0.0028, average epoch triplet loss = 0.0201
2022-01-16 09:48:54   Cache: 1 / 5
2022-01-16 09:56:59   Epoch[04](1/5): current batch triplet loss = 0.0241, average epoch triplet loss = 0.0198
2022-01-16 09:56:59   Cache: 2 / 5
2022-01-16 10:05:05   Epoch[04](2/5): current batch triplet loss = 0.0271, average epoch triplet loss = 0.0198
2022-01-16 10:05:05   Cache: 3 / 5
2022-01-16 10:12:08   Epoch[04](3/5): current batch triplet loss = 0.0298, average epoch triplet loss = 0.0202
2022-01-16 10:12:08   Cache: 4 / 5
2022-01-16 10:18:50   Epoch[04](4/5): current batch triplet loss = 0.0060, average epoch triplet loss = 0.0203
2022-01-16 10:18:50   Finished epoch 04 in 0:38:15, average epoch triplet loss = 0.0203
2022-01-16 10:18:50   Extracting database features for evaluation/testing
2022-01-16 10:20:58   Extracting queries features for evaluation/testing
2022-01-16 10:22:36   Calculating recalls
2022-01-16 10:23:09   Recalls on val set < BaseDataset, pitts30k - #database: 10000; #queries: 7608 >: R@1: 87.9, R@5: 95.8, R@10: 97.4, R@20: 98.4
2022-01-16 10:23:09   Improved: previous best R@5 = 95.6, current R@5 = 95.8
2022-01-16 10:23:09   Start training epoch: 05
2022-01-16 10:23:09   Cache: 0 / 5
2022-01-16 10:31:15   Epoch[05](0/5): current batch triplet loss = 0.0116, average epoch triplet loss = 0.0203
2022-01-16 10:31:15   Cache: 1 / 5
2022-01-16 10:39:15   Epoch[05](1/5): current batch triplet loss = 0.0288, average epoch triplet loss = 0.0194
2022-01-16 10:39:15   Cache: 2 / 5
2022-01-16 10:47:12   Epoch[05](2/5): current batch triplet loss = 0.0017, average epoch triplet loss = 0.0195
2022-01-16 10:47:12   Cache: 3 / 5
2022-01-16 10:55:06   Epoch[05](3/5): current batch triplet loss = 0.0095, average epoch triplet loss = 0.0193
2022-01-16 10:55:06   Cache: 4 / 5
2022-01-16 11:02:54   Epoch[05](4/5): current batch triplet loss = 0.0212, average epoch triplet loss = 0.0192
2022-01-16 11:02:54   Finished epoch 05 in 0:39:44, average epoch triplet loss = 0.0192
2022-01-16 11:02:54   Extracting database features for evaluation/testing
2022-01-16 11:05:13   Extracting queries features for evaluation/testing
2022-01-16 11:07:00   Calculating recalls
2022-01-16 11:07:31   Recalls on val set < BaseDataset, pitts30k - #database: 10000; #queries: 7608 >: R@1: 87.7, R@5: 95.9, R@10: 97.4, R@20: 98.5
2022-01-16 11:07:31   Improved: previous best R@5 = 95.8, current R@5 = 95.9
2022-01-16 11:07:31   Start training epoch: 06
2022-01-16 11:07:31   Cache: 0 / 5
2022-01-16 11:15:34   Epoch[06](0/5): current batch triplet loss = 0.0326, average epoch triplet loss = 0.0197
2022-01-16 11:15:34   Cache: 1 / 5
2022-01-16 11:22:23   Epoch[06](1/5): current batch triplet loss = 0.0020, average epoch triplet loss = 0.0192
2022-01-16 11:22:23   Cache: 2 / 5
2022-01-16 11:28:56   Epoch[06](2/5): current batch triplet loss = 0.0069, average epoch triplet loss = 0.0187
2022-01-16 11:28:56   Cache: 3 / 5
2022-01-16 11:35:33   Epoch[06](3/5): current batch triplet loss = 0.0174, average epoch triplet loss = 0.0188
2022-01-16 11:35:33   Cache: 4 / 5
2022-01-16 11:42:04   Epoch[06](4/5): current batch triplet loss = 0.0050, average epoch triplet loss = 0.0188
2022-01-16 11:42:04   Finished epoch 06 in 0:34:32, average epoch triplet loss = 0.0188
2022-01-16 11:42:04   Extracting database features for evaluation/testing
2022-01-16 11:44:10   Extracting queries features for evaluation/testing
2022-01-16 11:45:47   Calculating recalls
2022-01-16 11:46:18   Recalls on val set < BaseDataset, pitts30k - #database: 10000; #queries: 7608 >: R@1: 87.9, R@5: 95.8, R@10: 97.5, R@20: 98.4
2022-01-16 11:46:19   Not improved: 1 / 3: best R@5 = 95.9, current R@5 = 95.8
2022-01-16 11:46:19   Start training epoch: 07
2022-01-16 11:46:19   Cache: 0 / 5
2022-01-16 11:54:21   Epoch[07](0/5): current batch triplet loss = 0.0176, average epoch triplet loss = 0.0195
2022-01-16 11:54:21   Cache: 1 / 5
2022-01-16 12:00:53   Epoch[07](1/5): current batch triplet loss = 0.0043, average epoch triplet loss = 0.0184
2022-01-16 12:00:53   Cache: 2 / 5
2022-01-16 12:07:24   Epoch[07](2/5): current batch triplet loss = 0.0567, average epoch triplet loss = 0.0182
2022-01-16 12:07:24   Cache: 3 / 5
2022-01-16 12:14:07   Epoch[07](3/5): current batch triplet loss = 0.0110, average epoch triplet loss = 0.0182
2022-01-16 12:14:07   Cache: 4 / 5
2022-01-16 12:20:39   Epoch[07](4/5): current batch triplet loss = 0.0122, average epoch triplet loss = 0.0178
2022-01-16 12:20:39   Finished epoch 07 in 0:34:20, average epoch triplet loss = 0.0178
2022-01-16 12:20:39   Extracting database features for evaluation/testing
2022-01-16 12:22:44   Extracting queries features for evaluation/testing
2022-01-16 12:24:20   Calculating recalls
2022-01-16 12:24:51   Recalls on val set < BaseDataset, pitts30k - #database: 10000; #queries: 7608 >: R@1: 88.0, R@5: 96.0, R@10: 97.4, R@20: 98.4
2022-01-16 12:24:52   Improved: previous best R@5 = 95.9, current R@5 = 96.0
2022-01-16 12:24:52   Start training epoch: 08
2022-01-16 12:24:52   Cache: 0 / 5
2022-01-16 12:32:48   Epoch[08](0/5): current batch triplet loss = 0.0026, average epoch triplet loss = 0.0173
2022-01-16 12:32:48   Cache: 1 / 5
2022-01-16 12:39:23   Epoch[08](1/5): current batch triplet loss = 0.0234, average epoch triplet loss = 0.0174
2022-01-16 12:39:23   Cache: 2 / 5
2022-01-16 12:45:54   Epoch[08](2/5): current batch triplet loss = 0.0069, average epoch triplet loss = 0.0174
2022-01-16 12:45:54   Cache: 3 / 5
2022-01-16 12:52:36   Epoch[08](3/5): current batch triplet loss = 0.0119, average epoch triplet loss = 0.0174
2022-01-16 12:52:36   Cache: 4 / 5
2022-01-16 12:59:08   Epoch[08](4/5): current batch triplet loss = 0.0040, average epoch triplet loss = 0.0173
2022-01-16 12:59:08   Finished epoch 08 in 0:34:16, average epoch triplet loss = 0.0173
2022-01-16 12:59:08   Extracting database features for evaluation/testing
2022-01-16 13:01:16   Extracting queries features for evaluation/testing
2022-01-16 13:02:52   Calculating recalls
2022-01-16 13:03:23   Recalls on val set < BaseDataset, pitts30k - #database: 10000; #queries: 7608 >: R@1: 88.3, R@5: 96.0, R@10: 97.5, R@20: 98.5
2022-01-16 13:03:24   Not improved: 1 / 3: best R@5 = 96.0, current R@5 = 96.0
2022-01-16 13:03:24   Start training epoch: 09
2022-01-16 13:03:24   Cache: 0 / 5
2022-01-16 13:11:29   Epoch[09](0/5): current batch triplet loss = 0.0189, average epoch triplet loss = 0.0165
2022-01-16 13:11:29   Cache: 1 / 5
2022-01-16 13:18:02   Epoch[09](1/5): current batch triplet loss = 0.0033, average epoch triplet loss = 0.0164
2022-01-16 13:18:02   Cache: 2 / 5
2022-01-16 13:24:31   Epoch[09](2/5): current batch triplet loss = 0.0063, average epoch triplet loss = 0.0165
2022-01-16 13:24:31   Cache: 3 / 5
2022-01-16 13:31:04   Epoch[09](3/5): current batch triplet loss = 0.0169, average epoch triplet loss = 0.0166
2022-01-16 13:31:04   Cache: 4 / 5
2022-01-16 13:37:33   Epoch[09](4/5): current batch triplet loss = 0.0184, average epoch triplet loss = 0.0164
2022-01-16 13:37:33   Finished epoch 09 in 0:34:08, average epoch triplet loss = 0.0164
2022-01-16 13:37:33   Extracting database features for evaluation/testing
2022-01-16 13:39:39   Extracting queries features for evaluation/testing
2022-01-16 13:41:15   Calculating recalls
2022-01-16 13:41:47   Recalls on val set < BaseDataset, pitts30k - #database: 10000; #queries: 7608 >: R@1: 88.0, R@5: 96.0, R@10: 97.4, R@20: 98.3
2022-01-16 13:41:48   Not improved: 2 / 3: best R@5 = 96.0, current R@5 = 96.0
2022-01-16 13:41:48   Start training epoch: 10
2022-01-16 13:41:48   Cache: 0 / 5
2022-01-16 13:49:51   Epoch[10](0/5): current batch triplet loss = 0.0025, average epoch triplet loss = 0.0149
2022-01-16 13:49:51   Cache: 1 / 5
2022-01-16 13:56:33   Epoch[10](1/5): current batch triplet loss = 0.0375, average epoch triplet loss = 0.0149
2022-01-16 13:56:33   Cache: 2 / 5
2022-01-16 14:03:04   Epoch[10](2/5): current batch triplet loss = 0.0544, average epoch triplet loss = 0.0152
2022-01-16 14:03:04   Cache: 3 / 5
2022-01-16 14:09:46   Epoch[10](3/5): current batch triplet loss = 0.0101, average epoch triplet loss = 0.0152
2022-01-16 14:09:46   Cache: 4 / 5
2022-01-16 14:16:19   Epoch[10](4/5): current batch triplet loss = 0.0245, average epoch triplet loss = 0.0154
2022-01-16 14:16:19   Finished epoch 10 in 0:34:31, average epoch triplet loss = 0.0154
2022-01-16 14:16:19   Extracting database features for evaluation/testing
2022-01-16 14:18:26   Extracting queries features for evaluation/testing
2022-01-16 14:20:02   Calculating recalls
2022-01-16 14:20:33   Recalls on val set < BaseDataset, pitts30k - #database: 10000; #queries: 7608 >: R@1: 88.0, R@5: 95.9, R@10: 97.3, R@20: 98.4
2022-01-16 14:20:34   Not improved: 3 / 3: best R@5 = 96.0, current R@5 = 95.9
2022-01-16 14:20:34   Performance did not improve for 3 epochs. Stop training.
2022-01-16 14:20:34   Best R@5: 96.0
2022-01-16 14:20:34   Trained for 11 epochs, in total in 7:16:25
2022-01-16 14:20:34   Extracting database features for evaluation/testing
2022-01-16 14:23:46   Extracting queries features for evaluation/testing
2022-01-16 14:26:03   Calculating recalls
2022-01-16 14:26:31   Recalls on < BaseDataset, pitts30k - #database: 10000; #queries: 6816 >: R@1: 85.6, R@5: 92.5, R@10: 94.3, R@20: 95.8