2022-01-16 07:04:08   Arguments: Namespace(augment_input='grayscale', backbone='resnet18', cache_refresh_rate=1000, datasets_folder='./Dataset_pitts30k', device='cuda', downscale_input=False, epochs_num=20, exp_name='default', gem_eps=1e-06, gem_p=3, infer_batch_size=16, lr=1e-05, margin=0.1, momentum=0.9, neg_samples_num=1000, negs_num_per_query=10, netvlad_clusters=64, num_workers=8, output_folder='runs/default/2022-01-16_07-04-08', patience=3, queries_per_epoch=5000, recall_values=[1, 5, 10, 20], seed=0, test_dataset_name=None, test_model_path=None, train_batch_size=4, train_positives_dist_threshold=10, upscale_input=False, use_adagrad=None, use_gem=None, use_netvlad=True, use_sgd=None, val_positive_dist_threshold=25)
2022-01-16 07:04:08   The outputs are being saved in runs/default/2022-01-16_07-04-08
2022-01-16 07:04:08   Using 1 GPUs and 2 CPUs
2022-01-16 07:04:09   There are 96 queries without any positives within the training set. They won't be considered as they're useless for training.
2022-01-16 07:04:09   Train query set: < TripletsDataset, pitts30k - #database: 10000; #queries: 7320 >
2022-01-16 07:04:09   Val set: < BaseDataset, pitts30k - #database: 10000; #queries: 7608 >
2022-01-16 07:04:09   Test set: < BaseDataset, pitts30k - #database: 10000; #queries: 6816 >
2022-01-16 07:04:12   Output dimension of the model is 16384
2022-01-16 07:04:12   Start training epoch: 00
2022-01-16 07:36:13   Finished epoch 00 in 0:32:01, average epoch triplet loss = 0.0322
2022-01-16 07:40:25   Recalls on val set < BaseDataset, pitts30k - #database: 10000; #queries: 7608 >: R@1: 83.8, R@5: 94.2, R@10: 96.4, R@20: 97.8
2022-01-16 07:40:25   Improved: previous best R@5 = 0.0, current R@5 = 94.2
2022-01-16 07:40:25   Start training epoch: 01
2022-01-16 08:16:01   Finished epoch 01 in 0:35:36, average epoch triplet loss = 0.0260
2022-01-16 08:20:18   Recalls on val set < BaseDataset, pitts30k - #database: 10000; #queries: 7608 >: R@1: 86.0, R@5: 95.3, R@10: 97.1, R@20: 98.2
2022-01-16 08:20:18   Improved: previous best R@5 = 94.2, current R@5 = 95.3
2022-01-16 08:20:18   Start training epoch: 02
2022-01-16 08:57:25   Finished epoch 02 in 0:37:06, average epoch triplet loss = 0.0230
2022-01-16 09:01:42   Recalls on val set < BaseDataset, pitts30k - #database: 10000; #queries: 7608 >: R@1: 87.1, R@5: 95.6, R@10: 97.3, R@20: 98.3
2022-01-16 09:01:43   Improved: previous best R@5 = 95.3, current R@5 = 95.6
2022-01-16 09:01:43   Start training epoch: 03
2022-01-16 09:36:16   Finished epoch 03 in 0:34:33, average epoch triplet loss = 0.0218
2022-01-16 09:40:34   Recalls on val set < BaseDataset, pitts30k - #database: 10000; #queries: 7608 >: R@1: 86.9, R@5: 95.6, R@10: 97.2, R@20: 98.3
2022-01-16 09:40:34   Improved: previous best R@5 = 95.6, current R@5 = 95.6
2022-01-16 09:40:34   Start training epoch: 04
2022-01-16 10:18:50   Finished epoch 04 in 0:38:15, average epoch triplet loss = 0.0203
2022-01-16 10:23:09   Recalls on val set < BaseDataset, pitts30k - #database: 10000; #queries: 7608 >: R@1: 87.9, R@5: 95.8, R@10: 97.4, R@20: 98.4
2022-01-16 10:23:09   Improved: previous best R@5 = 95.6, current R@5 = 95.8
2022-01-16 10:23:09   Start training epoch: 05
2022-01-16 11:02:54   Finished epoch 05 in 0:39:44, average epoch triplet loss = 0.0192
2022-01-16 11:07:31   Recalls on val set < BaseDataset, pitts30k - #database: 10000; #queries: 7608 >: R@1: 87.7, R@5: 95.9, R@10: 97.4, R@20: 98.5
2022-01-16 11:07:31   Improved: previous best R@5 = 95.8, current R@5 = 95.9
2022-01-16 11:07:31   Start training epoch: 06
2022-01-16 11:42:04   Finished epoch 06 in 0:34:32, average epoch triplet loss = 0.0188
2022-01-16 11:46:18   Recalls on val set < BaseDataset, pitts30k - #database: 10000; #queries: 7608 >: R@1: 87.9, R@5: 95.8, R@10: 97.5, R@20: 98.4
2022-01-16 11:46:19   Not improved: 1 / 3: best R@5 = 95.9, current R@5 = 95.8
2022-01-16 11:46:19   Start training epoch: 07
2022-01-16 12:20:39   Finished epoch 07 in 0:34:20, average epoch triplet loss = 0.0178
2022-01-16 12:24:51   Recalls on val set < BaseDataset, pitts30k - #database: 10000; #queries: 7608 >: R@1: 88.0, R@5: 96.0, R@10: 97.4, R@20: 98.4
2022-01-16 12:24:52   Improved: previous best R@5 = 95.9, current R@5 = 96.0
2022-01-16 12:24:52   Start training epoch: 08
2022-01-16 12:59:08   Finished epoch 08 in 0:34:16, average epoch triplet loss = 0.0173
2022-01-16 13:03:23   Recalls on val set < BaseDataset, pitts30k - #database: 10000; #queries: 7608 >: R@1: 88.3, R@5: 96.0, R@10: 97.5, R@20: 98.5
2022-01-16 13:03:24   Not improved: 1 / 3: best R@5 = 96.0, current R@5 = 96.0
2022-01-16 13:03:24   Start training epoch: 09
2022-01-16 13:37:33   Finished epoch 09 in 0:34:08, average epoch triplet loss = 0.0164
2022-01-16 13:41:47   Recalls on val set < BaseDataset, pitts30k - #database: 10000; #queries: 7608 >: R@1: 88.0, R@5: 96.0, R@10: 97.4, R@20: 98.3
2022-01-16 13:41:48   Not improved: 2 / 3: best R@5 = 96.0, current R@5 = 96.0
2022-01-16 13:41:48   Start training epoch: 10
2022-01-16 14:16:19   Finished epoch 10 in 0:34:31, average epoch triplet loss = 0.0154
2022-01-16 14:20:33   Recalls on val set < BaseDataset, pitts30k - #database: 10000; #queries: 7608 >: R@1: 88.0, R@5: 95.9, R@10: 97.3, R@20: 98.4
2022-01-16 14:20:34   Not improved: 3 / 3: best R@5 = 96.0, current R@5 = 95.9
2022-01-16 14:20:34   Performance did not improve for 3 epochs. Stop training.
2022-01-16 14:20:34   Best R@5: 96.0
2022-01-16 14:20:34   Trained for 11 epochs, in total in 7:16:25
2022-01-16 14:26:31   Recalls on < BaseDataset, pitts30k - #database: 10000; #queries: 6816 >: R@1: 85.6, R@5: 92.5, R@10: 94.3, R@20: 95.8