2022-01-20 18:36:54   Arguments: Namespace(upscale_input=False, downscale_input=False, augment_input='None', backbone='resnet18', use_netvlad=True, netvlad_clusters=64, use_gem=None, gem_p=3, gem_eps=1e-06, use_attention='cbam', attention_lr=0.01, use_sgd=None, use_adagrad=None, momentum=0.9, train_batch_size=4, infer_batch_size=16, margin=0.1, epochs_num=20, patience=3, lr=1e-05, cache_refresh_rate=1000, queries_per_epoch=5000, negs_num_per_query=10, neg_samples_num=1000, seed=0, device='cuda', num_workers=8, val_positive_dist_threshold=25, train_positives_dist_threshold=10, recall_values=[1, 5, 10, 20], datasets_folder='./Dataset_pitts30k', exp_name='default', test_dataset_name=None, test_model_path=None, save_attention_mask=None, output_folder='runs/default/2022-01-20_18-36-54')
2022-01-20 18:36:54   The outputs are being saved in runs/default/2022-01-20_18-36-54
2022-01-20 18:36:54   Using 1 GPUs and 12 CPUs
2022-01-20 18:36:54   Loading dataset Pitts30k from folder ./Dataset_pitts30k
2022-01-20 18:36:54   There are 96 queries without any positives within the training set. They won't be considered as they're useless for training.
2022-01-20 18:36:54   Train query set: < TripletsDataset, pitts30k - #database: 10000; #queries: 7320 >
2022-01-20 18:36:55   Val set: < BaseDataset, pitts30k - #database: 10000; #queries: 7608 >
2022-01-20 18:36:55   Test set: < BaseDataset, pitts30k - #database: 10000; #queries: 6816 >
2022-01-20 18:36:55   Train only conv4 of the ResNet-18 (remove conv5), freeze the previous ones
2022-01-20 18:37:00   Output dimension of the model is 16384
2022-01-20 18:37:00   Start training epoch: 00
2022-01-20 18:37:00   Cache: 0 / 5
2022-01-20 18:40:01   Epoch[00](0/5): current batch triplet loss = 0.0312, average epoch triplet loss = 0.0320
2022-01-20 18:40:01   Cache: 1 / 5
2022-01-20 18:43:00   Epoch[00](1/5): current batch triplet loss = 0.0399, average epoch triplet loss = 0.0304
2022-01-20 18:43:00   Cache: 2 / 5
2022-01-20 18:45:56   Epoch[00](2/5): current batch triplet loss = 0.0133, average epoch triplet loss = 0.0290
2022-01-20 18:45:56   Cache: 3 / 5
2022-01-20 18:48:53   Epoch[00](3/5): current batch triplet loss = 0.0370, average epoch triplet loss = 0.0280
2022-01-20 18:48:53   Cache: 4 / 5
2022-01-20 18:51:51   Epoch[00](4/5): current batch triplet loss = 0.0358, average epoch triplet loss = 0.0275
2022-01-20 18:51:51   Finished epoch 00 in 0:14:50, average epoch triplet loss = 0.0275
2022-01-20 18:51:51   Extracting database features for evaluation/testing
2022-01-20 18:52:38   Extracting queries features for evaluation/testing
2022-01-20 18:53:46   Calculating recalls
2022-01-20 18:54:11   Recalls on val set < BaseDataset, pitts30k - #database: 10000; #queries: 7608 >: R@1: 86.9, R@5: 95.1, R@10: 97.1, R@20: 98.2
2022-01-20 18:54:11   Improved: previous best R@5 = 0.0, current R@5 = 95.1
2022-01-20 18:54:11   Start training epoch: 01
2022-01-20 18:54:11   Cache: 0 / 5
2022-01-20 18:57:08   Epoch[01](0/5): current batch triplet loss = 0.0476, average epoch triplet loss = 0.0260
2022-01-20 18:57:08   Cache: 1 / 5
2022-01-20 19:00:06   Epoch[01](1/5): current batch triplet loss = 0.0261, average epoch triplet loss = 0.0257
2022-01-20 19:00:06   Cache: 2 / 5
2022-01-20 19:03:03   Epoch[01](2/5): current batch triplet loss = 0.0370, average epoch triplet loss = 0.0250
2022-01-20 19:03:03   Cache: 3 / 5
2022-01-20 19:06:02   Epoch[01](3/5): current batch triplet loss = 0.0291, average epoch triplet loss = 0.0248
2022-01-20 19:06:02   Cache: 4 / 5
2022-01-20 19:08:58   Epoch[01](4/5): current batch triplet loss = 0.0454, average epoch triplet loss = 0.0247
2022-01-20 19:08:58   Finished epoch 01 in 0:14:46, average epoch triplet loss = 0.0247
2022-01-20 19:08:58   Extracting database features for evaluation/testing
2022-01-20 19:09:34   Extracting queries features for evaluation/testing
2022-01-20 19:10:31   Calculating recalls
2022-01-20 19:10:52   Recalls on val set < BaseDataset, pitts30k - #database: 10000; #queries: 7608 >: R@1: 87.5, R@5: 95.6, R@10: 97.3, R@20: 98.4
2022-01-20 19:10:53   Improved: previous best R@5 = 95.1, current R@5 = 95.6
2022-01-20 19:10:53   Start training epoch: 02
2022-01-20 19:10:53   Cache: 0 / 5
2022-01-20 19:13:50   Epoch[02](0/5): current batch triplet loss = 0.0151, average epoch triplet loss = 0.0218
2022-01-20 19:13:50   Cache: 1 / 5
2022-01-20 19:16:48   Epoch[02](1/5): current batch triplet loss = 0.0086, average epoch triplet loss = 0.0220
2022-01-20 19:16:48   Cache: 2 / 5
2022-01-20 19:19:45   Epoch[02](2/5): current batch triplet loss = 0.0097, average epoch triplet loss = 0.0217
2022-01-20 19:19:45   Cache: 3 / 5
2022-01-20 19:22:42   Epoch[02](3/5): current batch triplet loss = 0.0123, average epoch triplet loss = 0.0212
2022-01-20 19:22:42   Cache: 4 / 5
2022-01-20 19:25:41   Epoch[02](4/5): current batch triplet loss = 0.0073, average epoch triplet loss = 0.0210
2022-01-20 19:25:41   Finished epoch 02 in 0:14:48, average epoch triplet loss = 0.0210
2022-01-20 19:25:41   Extracting database features for evaluation/testing
2022-01-20 19:26:18   Extracting queries features for evaluation/testing
2022-01-20 19:27:23   Calculating recalls
2022-01-20 19:27:49   Recalls on val set < BaseDataset, pitts30k - #database: 10000; #queries: 7608 >: R@1: 87.9, R@5: 95.8, R@10: 97.6, R@20: 98.4
2022-01-20 19:27:49   Improved: previous best R@5 = 95.6, current R@5 = 95.8
2022-01-20 19:27:49   Start training epoch: 03
2022-01-20 19:27:49   Cache: 0 / 5
2022-01-20 19:30:46   Epoch[03](0/5): current batch triplet loss = 0.0041, average epoch triplet loss = 0.0182
2022-01-20 19:30:46   Cache: 1 / 5
2022-01-20 19:33:44   Epoch[03](1/5): current batch triplet loss = 0.0205, average epoch triplet loss = 0.0191
2022-01-20 19:33:44   Cache: 2 / 5
2022-01-20 19:36:43   Epoch[03](2/5): current batch triplet loss = 0.0138, average epoch triplet loss = 0.0196
2022-01-20 19:36:43   Cache: 3 / 5
2022-01-20 19:39:45   Epoch[03](3/5): current batch triplet loss = 0.0755, average epoch triplet loss = 0.0194
2022-01-20 19:39:45   Cache: 4 / 5
2022-01-20 19:42:48   Epoch[03](4/5): current batch triplet loss = 0.0202, average epoch triplet loss = 0.0195
2022-01-20 19:42:48   Finished epoch 03 in 0:14:58, average epoch triplet loss = 0.0195
2022-01-20 19:42:48   Extracting database features for evaluation/testing
2022-01-20 19:43:29   Extracting queries features for evaluation/testing
2022-01-20 19:44:39   Calculating recalls
2022-01-20 19:45:04   Recalls on val set < BaseDataset, pitts30k - #database: 10000; #queries: 7608 >: R@1: 88.0, R@5: 95.9, R@10: 97.6, R@20: 98.4
2022-01-20 19:45:04   Improved: previous best R@5 = 95.8, current R@5 = 95.9
2022-01-20 19:45:04   Start training epoch: 04
2022-01-20 19:45:04   Cache: 0 / 5
2022-01-20 19:48:04   Epoch[04](0/5): current batch triplet loss = 0.0014, average epoch triplet loss = 0.0184
2022-01-20 19:48:04   Cache: 1 / 5
2022-01-20 19:51:02   Epoch[04](1/5): current batch triplet loss = 0.0219, average epoch triplet loss = 0.0182
2022-01-20 19:51:02   Cache: 2 / 5
2022-01-20 19:54:05   Epoch[04](2/5): current batch triplet loss = 0.0228, average epoch triplet loss = 0.0179
2022-01-20 19:54:05   Cache: 3 / 5
2022-01-20 19:57:03   Epoch[04](3/5): current batch triplet loss = 0.0210, average epoch triplet loss = 0.0183
2022-01-20 19:57:03   Cache: 4 / 5
2022-01-20 20:00:01   Epoch[04](4/5): current batch triplet loss = 0.0061, average epoch triplet loss = 0.0185
2022-01-20 20:00:01   Finished epoch 04 in 0:14:57, average epoch triplet loss = 0.0185
2022-01-20 20:00:01   Extracting database features for evaluation/testing
2022-01-20 20:00:43   Extracting queries features for evaluation/testing
2022-01-20 20:01:54   Calculating recalls
2022-01-20 20:02:19   Recalls on val set < BaseDataset, pitts30k - #database: 10000; #queries: 7608 >: R@1: 88.4, R@5: 95.9, R@10: 97.6, R@20: 98.5
2022-01-20 20:02:20   Not improved: 1 / 3: best R@5 = 95.9, current R@5 = 95.9
2022-01-20 20:02:20   Start training epoch: 05
2022-01-20 20:02:20   Cache: 0 / 5
2022-01-20 20:05:17   Epoch[05](0/5): current batch triplet loss = 0.0072, average epoch triplet loss = 0.0176
2022-01-20 20:05:17   Cache: 1 / 5
2022-01-20 20:08:18   Epoch[05](1/5): current batch triplet loss = 0.0205, average epoch triplet loss = 0.0170
2022-01-20 20:08:18   Cache: 2 / 5
2022-01-20 20:11:17   Epoch[05](2/5): current batch triplet loss = 0.0022, average epoch triplet loss = 0.0173
2022-01-20 20:11:17   Cache: 3 / 5
2022-01-20 20:14:18   Epoch[05](3/5): current batch triplet loss = 0.0115, average epoch triplet loss = 0.0172
2022-01-20 20:14:18   Cache: 4 / 5
2022-01-20 20:17:21   Epoch[05](4/5): current batch triplet loss = 0.0215, average epoch triplet loss = 0.0170
2022-01-20 20:17:21   Finished epoch 05 in 0:15:01, average epoch triplet loss = 0.0170
2022-01-20 20:17:21   Extracting database features for evaluation/testing
2022-01-20 20:17:59   Extracting queries features for evaluation/testing
2022-01-20 20:19:03   Calculating recalls
2022-01-20 20:19:27   Recalls on val set < BaseDataset, pitts30k - #database: 10000; #queries: 7608 >: R@1: 88.5, R@5: 96.1, R@10: 97.6, R@20: 98.4
2022-01-20 20:19:28   Improved: previous best R@5 = 95.9, current R@5 = 96.1
2022-01-20 20:19:28   Start training epoch: 06
2022-01-20 20:19:28   Cache: 0 / 5
2022-01-20 20:22:30   Epoch[06](0/5): current batch triplet loss = 0.0310, average epoch triplet loss = 0.0185
2022-01-20 20:22:30   Cache: 1 / 5
2022-01-20 20:25:32   Epoch[06](1/5): current batch triplet loss = 0.0055, average epoch triplet loss = 0.0174
2022-01-20 20:25:32   Cache: 2 / 5
2022-01-20 20:28:33   Epoch[06](2/5): current batch triplet loss = 0.0032, average epoch triplet loss = 0.0169
2022-01-20 20:28:33   Cache: 3 / 5
2022-01-20 20:31:35   Epoch[06](3/5): current batch triplet loss = 0.0217, average epoch triplet loss = 0.0171
2022-01-20 20:31:35   Cache: 4 / 5
2022-01-20 20:34:33   Epoch[06](4/5): current batch triplet loss = 0.0047, average epoch triplet loss = 0.0170
2022-01-20 20:34:33   Finished epoch 06 in 0:15:04, average epoch triplet loss = 0.0170
2022-01-20 20:34:33   Extracting database features for evaluation/testing
2022-01-20 20:35:09   Extracting queries features for evaluation/testing
2022-01-20 20:35:55   Calculating recalls
2022-01-20 20:36:20   Recalls on val set < BaseDataset, pitts30k - #database: 10000; #queries: 7608 >: R@1: 88.7, R@5: 96.1, R@10: 97.6, R@20: 98.5
2022-01-20 20:36:21   Improved: previous best R@5 = 96.1, current R@5 = 96.1
2022-01-20 20:36:21   Start training epoch: 07
2022-01-20 20:36:21   Cache: 0 / 5
2022-01-20 20:39:15   Epoch[07](0/5): current batch triplet loss = 0.0069, average epoch triplet loss = 0.0166
2022-01-20 20:39:15   Cache: 1 / 5
2022-01-20 20:42:10   Epoch[07](1/5): current batch triplet loss = 0.0048, average epoch triplet loss = 0.0161
2022-01-20 20:42:10   Cache: 2 / 5
2022-01-20 20:45:06   Epoch[07](2/5): current batch triplet loss = 0.0436, average epoch triplet loss = 0.0160
2022-01-20 20:45:06   Cache: 3 / 5
2022-01-20 20:48:01   Epoch[07](3/5): current batch triplet loss = 0.0098, average epoch triplet loss = 0.0161
2022-01-20 20:48:01   Cache: 4 / 5
2022-01-20 20:50:57   Epoch[07](4/5): current batch triplet loss = 0.0112, average epoch triplet loss = 0.0158
2022-01-20 20:50:57   Finished epoch 07 in 0:14:35, average epoch triplet loss = 0.0158
2022-01-20 20:50:57   Extracting database features for evaluation/testing
2022-01-20 20:51:33   Extracting queries features for evaluation/testing
2022-01-20 20:52:18   Calculating recalls
2022-01-20 20:52:43   Recalls on val set < BaseDataset, pitts30k - #database: 10000; #queries: 7608 >: R@1: 88.9, R@5: 96.1, R@10: 97.7, R@20: 98.5
2022-01-20 20:52:44   Improved: previous best R@5 = 96.1, current R@5 = 96.1
2022-01-20 20:52:44   Start training epoch: 08
2022-01-20 20:52:44   Cache: 0 / 5
2022-01-20 20:55:40   Epoch[08](0/5): current batch triplet loss = 0.0042, average epoch triplet loss = 0.0153
2022-01-20 20:55:40   Cache: 1 / 5
2022-01-20 20:58:35   Epoch[08](1/5): current batch triplet loss = 0.0225, average epoch triplet loss = 0.0156
2022-01-20 20:58:35   Cache: 2 / 5
2022-01-20 21:01:41   Epoch[08](2/5): current batch triplet loss = 0.0076, average epoch triplet loss = 0.0157
2022-01-20 21:01:41   Cache: 3 / 5
2022-01-20 21:04:47   Epoch[08](3/5): current batch triplet loss = 0.0055, average epoch triplet loss = 0.0157
2022-01-20 21:04:47   Cache: 4 / 5
2022-01-20 21:07:50   Epoch[08](4/5): current batch triplet loss = 0.0055, average epoch triplet loss = 0.0156
2022-01-20 21:07:50   Finished epoch 08 in 0:15:06, average epoch triplet loss = 0.0156
2022-01-20 21:07:50   Extracting database features for evaluation/testing
2022-01-20 21:08:27   Extracting queries features for evaluation/testing
2022-01-20 21:08:55   Calculating recalls
2022-01-20 21:09:17   Recalls on val set < BaseDataset, pitts30k - #database: 10000; #queries: 7608 >: R@1: 88.7, R@5: 96.3, R@10: 97.7, R@20: 98.4
2022-01-20 21:09:17   Improved: previous best R@5 = 96.1, current R@5 = 96.3
2022-01-20 21:09:17   Start training epoch: 09
2022-01-20 21:09:17   Cache: 0 / 5
2022-01-20 21:12:21   Epoch[09](0/5): current batch triplet loss = 0.0151, average epoch triplet loss = 0.0154
2022-01-20 21:12:21   Cache: 1 / 5
2022-01-20 21:15:26   Epoch[09](1/5): current batch triplet loss = 0.0028, average epoch triplet loss = 0.0148
2022-01-20 21:15:26   Cache: 2 / 5
2022-01-20 21:18:31   Epoch[09](2/5): current batch triplet loss = 0.0053, average epoch triplet loss = 0.0150
2022-01-20 21:18:31   Cache: 3 / 5
2022-01-20 21:21:36   Epoch[09](3/5): current batch triplet loss = 0.0240, average epoch triplet loss = 0.0151
2022-01-20 21:21:36   Cache: 4 / 5
2022-01-20 21:24:40   Epoch[09](4/5): current batch triplet loss = 0.0119, average epoch triplet loss = 0.0150
2022-01-20 21:24:40   Finished epoch 09 in 0:15:23, average epoch triplet loss = 0.0150
2022-01-20 21:24:40   Extracting database features for evaluation/testing
2022-01-20 21:25:19   Extracting queries features for evaluation/testing
2022-01-20 21:25:49   Calculating recalls
2022-01-20 21:26:10   Recalls on val set < BaseDataset, pitts30k - #database: 10000; #queries: 7608 >: R@1: 88.9, R@5: 96.1, R@10: 97.6, R@20: 98.4
2022-01-20 21:26:10   Not improved: 1 / 3: best R@5 = 96.3, current R@5 = 96.1
2022-01-20 21:26:10   Start training epoch: 10
2022-01-20 21:26:10   Cache: 0 / 5
2022-01-20 21:29:14   Epoch[10](0/5): current batch triplet loss = 0.0017, average epoch triplet loss = 0.0134
2022-01-20 21:29:14   Cache: 1 / 5
2022-01-20 21:32:19   Epoch[10](1/5): current batch triplet loss = 0.0342, average epoch triplet loss = 0.0134
2022-01-20 21:32:19   Cache: 2 / 5
2022-01-20 21:35:24   Epoch[10](2/5): current batch triplet loss = 0.0426, average epoch triplet loss = 0.0138
2022-01-20 21:35:24   Cache: 3 / 5
2022-01-20 21:38:29   Epoch[10](3/5): current batch triplet loss = 0.0083, average epoch triplet loss = 0.0138
2022-01-20 21:38:29   Cache: 4 / 5
2022-01-20 21:41:34   Epoch[10](4/5): current batch triplet loss = 0.0237, average epoch triplet loss = 0.0140
2022-01-20 21:41:34   Finished epoch 10 in 0:15:23, average epoch triplet loss = 0.0140
2022-01-20 21:41:34   Extracting database features for evaluation/testing
2022-01-20 21:42:12   Extracting queries features for evaluation/testing
2022-01-20 21:42:46   Calculating recalls
2022-01-20 21:43:08   Recalls on val set < BaseDataset, pitts30k - #database: 10000; #queries: 7608 >: R@1: 89.1, R@5: 96.1, R@10: 97.6, R@20: 98.4
2022-01-20 21:43:08   Not improved: 2 / 3: best R@5 = 96.3, current R@5 = 96.1
2022-01-20 21:43:08   Start training epoch: 11
2022-01-20 21:43:08   Cache: 0 / 5
2022-01-20 21:46:13   Epoch[11](0/5): current batch triplet loss = 0.0168, average epoch triplet loss = 0.0130
2022-01-20 21:46:13   Cache: 1 / 5
2022-01-20 21:49:18   Epoch[11](1/5): current batch triplet loss = 0.0139, average epoch triplet loss = 0.0132
2022-01-20 21:49:18   Cache: 2 / 5
2022-01-20 21:52:21   Epoch[11](2/5): current batch triplet loss = 0.0160, average epoch triplet loss = 0.0134
2022-01-20 21:52:21   Cache: 3 / 5
2022-01-20 21:55:26   Epoch[11](3/5): current batch triplet loss = 0.0060, average epoch triplet loss = 0.0135
2022-01-20 21:55:26   Cache: 4 / 5
2022-01-20 21:58:30   Epoch[11](4/5): current batch triplet loss = 0.0103, average epoch triplet loss = 0.0136
2022-01-20 21:58:30   Finished epoch 11 in 0:15:22, average epoch triplet loss = 0.0136
2022-01-20 21:58:30   Extracting database features for evaluation/testing
2022-01-20 21:59:09   Extracting queries features for evaluation/testing
2022-01-20 21:59:50   Calculating recalls
2022-01-20 22:00:12   Recalls on val set < BaseDataset, pitts30k - #database: 10000; #queries: 7608 >: R@1: 88.8, R@5: 96.1, R@10: 97.5, R@20: 98.4
2022-01-20 22:00:12   Not improved: 3 / 3: best R@5 = 96.3, current R@5 = 96.1
2022-01-20 22:00:12   Performance did not improve for 3 epochs. Stop training.
2022-01-20 22:00:12   Best R@5: 96.3
2022-01-20 22:00:12   Trained for 12 epochs, in total in 3:23:18
2022-01-20 22:00:12   Extracting database features for evaluation/testing
2022-01-20 22:00:51   Extracting queries features for evaluation/testing
2022-01-20 22:01:22   Calculating recalls
2022-01-20 22:01:42   Recalls on < BaseDataset, pitts30k - #database: 10000; #queries: 6816 >: R@1: 86.6, R@5: 93.1, R@10: 94.8, R@20: 96.4
