2022-01-20 18:36:54   Arguments: Namespace(upscale_input=False, downscale_input=False, augment_input='None', backbone='resnet18', use_netvlad=True, netvlad_clusters=64, use_gem=None, gem_p=3, gem_eps=1e-06, use_attention='cbam', attention_lr=0.01, use_sgd=None, use_adagrad=None, momentum=0.9, train_batch_size=4, infer_batch_size=16, margin=0.1, epochs_num=20, patience=3, lr=1e-05, cache_refresh_rate=1000, queries_per_epoch=5000, negs_num_per_query=10, neg_samples_num=1000, seed=0, device='cuda', num_workers=8, val_positive_dist_threshold=25, train_positives_dist_threshold=10, recall_values=[1, 5, 10, 20], datasets_folder='./Dataset_pitts30k', exp_name='default', test_dataset_name=None, test_model_path=None, save_attention_mask=None, output_folder='runs/default/2022-01-20_18-36-54')
2022-01-20 18:36:54   The outputs are being saved in runs/default/2022-01-20_18-36-54
2022-01-20 18:36:54   Using 1 GPUs and 12 CPUs
2022-01-20 18:36:54   There are 96 queries without any positives within the training set. They won't be considered as they're useless for training.
2022-01-20 18:36:54   Train query set: < TripletsDataset, pitts30k - #database: 10000; #queries: 7320 >
2022-01-20 18:36:55   Val set: < BaseDataset, pitts30k - #database: 10000; #queries: 7608 >
2022-01-20 18:36:55   Test set: < BaseDataset, pitts30k - #database: 10000; #queries: 6816 >
2022-01-20 18:37:00   Output dimension of the model is 16384
2022-01-20 18:37:00   Start training epoch: 00
2022-01-20 18:51:51   Finished epoch 00 in 0:14:50, average epoch triplet loss = 0.0275
2022-01-20 18:54:11   Recalls on val set < BaseDataset, pitts30k - #database: 10000; #queries: 7608 >: R@1: 86.9, R@5: 95.1, R@10: 97.1, R@20: 98.2
2022-01-20 18:54:11   Improved: previous best R@5 = 0.0, current R@5 = 95.1
2022-01-20 18:54:11   Start training epoch: 01
2022-01-20 19:08:58   Finished epoch 01 in 0:14:46, average epoch triplet loss = 0.0247
2022-01-20 19:10:52   Recalls on val set < BaseDataset, pitts30k - #database: 10000; #queries: 7608 >: R@1: 87.5, R@5: 95.6, R@10: 97.3, R@20: 98.4
2022-01-20 19:10:53   Improved: previous best R@5 = 95.1, current R@5 = 95.6
2022-01-20 19:10:53   Start training epoch: 02
2022-01-20 19:25:41   Finished epoch 02 in 0:14:48, average epoch triplet loss = 0.0210
2022-01-20 19:27:49   Recalls on val set < BaseDataset, pitts30k - #database: 10000; #queries: 7608 >: R@1: 87.9, R@5: 95.8, R@10: 97.6, R@20: 98.4
2022-01-20 19:27:49   Improved: previous best R@5 = 95.6, current R@5 = 95.8
2022-01-20 19:27:49   Start training epoch: 03
2022-01-20 19:42:48   Finished epoch 03 in 0:14:58, average epoch triplet loss = 0.0195
2022-01-20 19:45:04   Recalls on val set < BaseDataset, pitts30k - #database: 10000; #queries: 7608 >: R@1: 88.0, R@5: 95.9, R@10: 97.6, R@20: 98.4
2022-01-20 19:45:04   Improved: previous best R@5 = 95.8, current R@5 = 95.9
2022-01-20 19:45:04   Start training epoch: 04
2022-01-20 20:00:01   Finished epoch 04 in 0:14:57, average epoch triplet loss = 0.0185
2022-01-20 20:02:19   Recalls on val set < BaseDataset, pitts30k - #database: 10000; #queries: 7608 >: R@1: 88.4, R@5: 95.9, R@10: 97.6, R@20: 98.5
2022-01-20 20:02:20   Not improved: 1 / 3: best R@5 = 95.9, current R@5 = 95.9
2022-01-20 20:02:20   Start training epoch: 05
2022-01-20 20:17:21   Finished epoch 05 in 0:15:01, average epoch triplet loss = 0.0170
2022-01-20 20:19:27   Recalls on val set < BaseDataset, pitts30k - #database: 10000; #queries: 7608 >: R@1: 88.5, R@5: 96.1, R@10: 97.6, R@20: 98.4
2022-01-20 20:19:28   Improved: previous best R@5 = 95.9, current R@5 = 96.1
2022-01-20 20:19:28   Start training epoch: 06
2022-01-20 20:34:33   Finished epoch 06 in 0:15:04, average epoch triplet loss = 0.0170
2022-01-20 20:36:20   Recalls on val set < BaseDataset, pitts30k - #database: 10000; #queries: 7608 >: R@1: 88.7, R@5: 96.1, R@10: 97.6, R@20: 98.5
2022-01-20 20:36:21   Improved: previous best R@5 = 96.1, current R@5 = 96.1
2022-01-20 20:36:21   Start training epoch: 07
2022-01-20 20:50:57   Finished epoch 07 in 0:14:35, average epoch triplet loss = 0.0158
2022-01-20 20:52:43   Recalls on val set < BaseDataset, pitts30k - #database: 10000; #queries: 7608 >: R@1: 88.9, R@5: 96.1, R@10: 97.7, R@20: 98.5
2022-01-20 20:52:44   Improved: previous best R@5 = 96.1, current R@5 = 96.1
2022-01-20 20:52:44   Start training epoch: 08
2022-01-20 21:07:50   Finished epoch 08 in 0:15:06, average epoch triplet loss = 0.0156
2022-01-20 21:09:17   Recalls on val set < BaseDataset, pitts30k - #database: 10000; #queries: 7608 >: R@1: 88.7, R@5: 96.3, R@10: 97.7, R@20: 98.4
2022-01-20 21:09:17   Improved: previous best R@5 = 96.1, current R@5 = 96.3
2022-01-20 21:09:17   Start training epoch: 09
2022-01-20 21:24:40   Finished epoch 09 in 0:15:23, average epoch triplet loss = 0.0150
2022-01-20 21:26:10   Recalls on val set < BaseDataset, pitts30k - #database: 10000; #queries: 7608 >: R@1: 88.9, R@5: 96.1, R@10: 97.6, R@20: 98.4
2022-01-20 21:26:10   Not improved: 1 / 3: best R@5 = 96.3, current R@5 = 96.1
2022-01-20 21:26:10   Start training epoch: 10
2022-01-20 21:41:34   Finished epoch 10 in 0:15:23, average epoch triplet loss = 0.0140
2022-01-20 21:43:08   Recalls on val set < BaseDataset, pitts30k - #database: 10000; #queries: 7608 >: R@1: 89.1, R@5: 96.1, R@10: 97.6, R@20: 98.4
2022-01-20 21:43:08   Not improved: 2 / 3: best R@5 = 96.3, current R@5 = 96.1
2022-01-20 21:43:08   Start training epoch: 11
2022-01-20 21:58:30   Finished epoch 11 in 0:15:22, average epoch triplet loss = 0.0136
2022-01-20 22:00:12   Recalls on val set < BaseDataset, pitts30k - #database: 10000; #queries: 7608 >: R@1: 88.8, R@5: 96.1, R@10: 97.5, R@20: 98.4
2022-01-20 22:00:12   Not improved: 3 / 3: best R@5 = 96.3, current R@5 = 96.1
2022-01-20 22:00:12   Performance did not improve for 3 epochs. Stop training.
2022-01-20 22:00:12   Best R@5: 96.3
2022-01-20 22:00:12   Trained for 12 epochs, in total in 3:23:18
2022-01-20 22:01:42   Recalls on < BaseDataset, pitts30k - #database: 10000; #queries: 6816 >: R@1: 86.6, R@5: 93.1, R@10: 94.8, R@20: 96.4
