2022-01-08 12:15:00   Arguments: Namespace(use_netvlad=True, netvlad_clusters=64, train_batch_size=4, infer_batch_size=16, margin=0.1, epochs_num=10, patience=3, lr=1e-06, cache_refresh_rate=1000, queries_per_epoch=5000, negs_num_per_query=10, neg_samples_num=1000, seed=0, device='cuda', num_workers=8, val_positive_dist_threshold=25, train_positives_dist_threshold=10, recall_values=[1, 5, 10, 20], datasets_folder='./Data', exp_name='default', output_folder='runs/default/2022-01-08_12-15-00')
2022-01-08 12:15:00   The outputs are being saved in runs/default/2022-01-08_12-15-00
2022-01-08 12:15:00   Using 1 GPUs and 12 CPUs
2022-01-08 12:15:00   Loading dataset Pitts30k from folder ./Data
2022-01-08 12:15:00   There are 96 queries without any positives within the training set. They won't be considered as they're useless for training.
2022-01-08 12:15:00   Train query set: < TripletsDataset, pitts30k - #database: 10000; #queries: 7320 >
2022-01-08 12:15:01   Val set: < BaseDataset, pitts30k - #database: 10000; #queries: 7608 >
2022-01-08 12:15:01   Test set: < BaseDataset, pitts30k - #database: 10000; #queries: 6816 >
2022-01-08 12:15:01   Train only conv4 of the ResNet-18 (remove conv5), freeze the previous ones
2022-01-08 12:15:04   Output dimension of the model is 16384
2022-01-08 12:15:04   Start training epoch: 00
2022-01-08 12:15:04   Cache: 0 / 5
2022-01-08 12:18:06   Epoch[00](0/5): current batch triplet loss = 0.0971, average epoch triplet loss = 0.0980
2022-01-08 12:18:06   Cache: 1 / 5
2022-01-08 12:21:09   Epoch[00](1/5): current batch triplet loss = 0.1017, average epoch triplet loss = 0.0981
2022-01-08 12:21:09   Cache: 2 / 5
2022-01-08 12:24:13   Epoch[00](2/5): current batch triplet loss = 0.0988, average epoch triplet loss = 0.0980
2022-01-08 12:24:13   Cache: 3 / 5
2022-01-08 12:27:12   Epoch[00](3/5): current batch triplet loss = 0.1005, average epoch triplet loss = 0.0979
2022-01-08 12:27:12   Cache: 4 / 5
2022-01-08 12:30:17   Epoch[00](4/5): current batch triplet loss = 0.0988, average epoch triplet loss = 0.0979
2022-01-08 12:30:17   Finished epoch 00 in 0:15:13, average epoch triplet loss = 0.0979
2022-01-08 12:30:17   Extracting database features for evaluation/testing
2022-01-08 12:31:06   Extracting queries features for evaluation/testing
2022-01-08 12:32:10   Calculating recalls
2022-01-08 12:32:32   Recalls on val set < BaseDataset, pitts30k - #database: 10000; #queries: 7608 >: R@1: 32.8, R@5: 52.8, R@10: 62.0, R@20: 71.8
2022-01-08 12:32:32   Improved: previous best R@5 = 0.0, current R@5 = 52.8
2022-01-08 12:32:32   Start training epoch: 01
2022-01-08 12:32:32   Cache: 0 / 5
2022-01-08 12:35:26   Epoch[01](0/5): current batch triplet loss = 0.0982, average epoch triplet loss = 0.0976
2022-01-08 12:35:26   Cache: 1 / 5
2022-01-08 12:38:20   Epoch[01](1/5): current batch triplet loss = 0.0973, average epoch triplet loss = 0.0976
2022-01-08 12:38:20   Cache: 2 / 5
2022-01-08 12:41:13   Epoch[01](2/5): current batch triplet loss = 0.0990, average epoch triplet loss = 0.0976
2022-01-08 12:41:13   Cache: 3 / 5
2022-01-08 12:44:09   Epoch[01](3/5): current batch triplet loss = 0.0935, average epoch triplet loss = 0.0976
2022-01-08 12:44:09   Cache: 4 / 5
2022-01-08 12:47:09   Epoch[01](4/5): current batch triplet loss = 0.0987, average epoch triplet loss = 0.0976
2022-01-08 12:47:09   Finished epoch 01 in 0:14:36, average epoch triplet loss = 0.0976
2022-01-08 12:47:09   Extracting database features for evaluation/testing
2022-01-08 12:48:10   Extracting queries features for evaluation/testing
2022-01-08 12:49:05   Calculating recalls
2022-01-08 12:49:30   Recalls on val set < BaseDataset, pitts30k - #database: 10000; #queries: 7608 >: R@1: 40.4, R@5: 61.7, R@10: 71.0, R@20: 79.7
2022-01-08 12:49:30   Improved: previous best R@5 = 52.8, current R@5 = 61.7
2022-01-08 12:49:30   Start training epoch: 02
2022-01-08 12:49:30   Cache: 0 / 5
2022-01-08 12:52:31   Epoch[02](0/5): current batch triplet loss = 0.0984, average epoch triplet loss = 0.0975
2022-01-08 12:52:31   Cache: 1 / 5
2022-01-08 12:55:26   Epoch[02](1/5): current batch triplet loss = 0.0972, average epoch triplet loss = 0.0976
2022-01-08 12:55:26   Cache: 2 / 5
2022-01-08 12:58:24   Epoch[02](2/5): current batch triplet loss = 0.0911, average epoch triplet loss = 0.0975
2022-01-08 12:58:24   Cache: 3 / 5
2022-01-08 13:01:21   Epoch[02](3/5): current batch triplet loss = 0.0970, average epoch triplet loss = 0.0975
2022-01-08 13:01:21   Cache: 4 / 5
2022-01-08 13:04:17   Epoch[02](4/5): current batch triplet loss = 0.0978, average epoch triplet loss = 0.0975
2022-01-08 13:04:17   Finished epoch 02 in 0:14:46, average epoch triplet loss = 0.0975
2022-01-08 13:04:17   Extracting database features for evaluation/testing
2022-01-08 13:05:19   Extracting queries features for evaluation/testing
2022-01-08 13:06:21   Calculating recalls
2022-01-08 13:06:46   Recalls on val set < BaseDataset, pitts30k - #database: 10000; #queries: 7608 >: R@1: 45.6, R@5: 67.8, R@10: 76.4, R@20: 84.2
2022-01-08 13:06:46   Improved: previous best R@5 = 61.7, current R@5 = 67.8
2022-01-08 13:06:46   Start training epoch: 03
2022-01-08 13:06:46   Cache: 0 / 5
2022-01-08 13:09:42   Epoch[03](0/5): current batch triplet loss = 0.0984, average epoch triplet loss = 0.0972
2022-01-08 13:09:42   Cache: 1 / 5
2022-01-08 13:12:42   Epoch[03](1/5): current batch triplet loss = 0.0969, average epoch triplet loss = 0.0973
2022-01-08 13:12:42   Cache: 2 / 5
2022-01-08 13:15:38   Epoch[03](2/5): current batch triplet loss = 0.0932, average epoch triplet loss = 0.0974
2022-01-08 13:15:38   Cache: 3 / 5
2022-01-08 13:18:33   Epoch[03](3/5): current batch triplet loss = 0.0995, average epoch triplet loss = 0.0974
2022-01-08 13:18:33   Cache: 4 / 5
2022-01-08 13:21:28   Epoch[03](4/5): current batch triplet loss = 0.0997, average epoch triplet loss = 0.0974
2022-01-08 13:21:28   Finished epoch 03 in 0:14:42, average epoch triplet loss = 0.0974
2022-01-08 13:21:28   Extracting database features for evaluation/testing
2022-01-08 13:22:27   Extracting queries features for evaluation/testing
2022-01-08 13:23:29   Calculating recalls
2022-01-08 13:23:54   Recalls on val set < BaseDataset, pitts30k - #database: 10000; #queries: 7608 >: R@1: 49.3, R@5: 71.6, R@10: 79.6, R@20: 86.8
2022-01-08 13:23:55   Improved: previous best R@5 = 67.8, current R@5 = 71.6
2022-01-08 13:23:55   Start training epoch: 04
2022-01-08 13:23:55   Cache: 0 / 5
2022-01-08 13:26:54   Epoch[04](0/5): current batch triplet loss = 0.0959, average epoch triplet loss = 0.0976
2022-01-08 13:26:54   Cache: 1 / 5
2022-01-08 13:29:49   Epoch[04](1/5): current batch triplet loss = 0.0983, average epoch triplet loss = 0.0974
2022-01-08 13:29:49   Cache: 2 / 5
2022-01-08 13:32:52   Epoch[04](2/5): current batch triplet loss = 0.0983, average epoch triplet loss = 0.0974
2022-01-08 13:32:52   Cache: 3 / 5
2022-01-08 13:35:49   Epoch[04](3/5): current batch triplet loss = 0.0982, average epoch triplet loss = 0.0974
2022-01-08 13:35:49   Cache: 4 / 5
2022-01-08 13:38:44   Epoch[04](4/5): current batch triplet loss = 0.0990, average epoch triplet loss = 0.0974
2022-01-08 13:38:44   Finished epoch 04 in 0:14:49, average epoch triplet loss = 0.0974
2022-01-08 13:38:44   Extracting database features for evaluation/testing
2022-01-08 13:39:48   Extracting queries features for evaluation/testing
2022-01-08 13:40:45   Calculating recalls
2022-01-08 13:41:10   Recalls on val set < BaseDataset, pitts30k - #database: 10000; #queries: 7608 >: R@1: 52.3, R@5: 74.1, R@10: 81.6, R@20: 88.0
2022-01-08 13:41:10   Improved: previous best R@5 = 71.6, current R@5 = 74.1
2022-01-08 13:41:10   Start training epoch: 05
2022-01-08 13:41:10   Cache: 0 / 5
2022-01-08 13:44:09   Epoch[05](0/5): current batch triplet loss = 0.0963, average epoch triplet loss = 0.0974
2022-01-08 13:44:09   Cache: 1 / 5
2022-01-08 13:47:05   Epoch[05](1/5): current batch triplet loss = 0.0948, average epoch triplet loss = 0.0972
2022-01-08 13:47:05   Cache: 2 / 5
2022-01-08 13:50:01   Epoch[05](2/5): current batch triplet loss = 0.0963, average epoch triplet loss = 0.0973
2022-01-08 13:50:01   Cache: 3 / 5
2022-01-08 13:52:59   Epoch[05](3/5): current batch triplet loss = 0.0918, average epoch triplet loss = 0.0972
2022-01-08 13:52:59   Cache: 4 / 5
2022-01-08 13:55:57   Epoch[05](4/5): current batch triplet loss = 0.0984, average epoch triplet loss = 0.0972
2022-01-08 13:55:57   Finished epoch 05 in 0:14:47, average epoch triplet loss = 0.0972
2022-01-08 13:55:57   Extracting database features for evaluation/testing
2022-01-08 13:57:01   Extracting queries features for evaluation/testing
2022-01-08 13:57:59   Calculating recalls
2022-01-08 13:58:22   Recalls on val set < BaseDataset, pitts30k - #database: 10000; #queries: 7608 >: R@1: 53.9, R@5: 75.5, R@10: 82.9, R@20: 88.8
2022-01-08 13:58:23   Improved: previous best R@5 = 74.1, current R@5 = 75.5
2022-01-08 13:58:23   Start training epoch: 06
2022-01-08 13:58:23   Cache: 0 / 5
2022-01-08 14:01:21   Epoch[06](0/5): current batch triplet loss = 0.0992, average epoch triplet loss = 0.0972
2022-01-08 14:01:21   Cache: 1 / 5
2022-01-08 14:04:16   Epoch[06](1/5): current batch triplet loss = 0.0939, average epoch triplet loss = 0.0972
2022-01-08 14:04:16   Cache: 2 / 5
2022-01-08 14:07:12   Epoch[06](2/5): current batch triplet loss = 0.0926, average epoch triplet loss = 0.0971
2022-01-08 14:07:12   Cache: 3 / 5
2022-01-08 14:10:08   Epoch[06](3/5): current batch triplet loss = 0.0972, average epoch triplet loss = 0.0972
2022-01-08 14:10:08   Cache: 4 / 5
2022-01-08 14:13:07   Epoch[06](4/5): current batch triplet loss = 0.0966, average epoch triplet loss = 0.0971
2022-01-08 14:13:07   Finished epoch 06 in 0:14:44, average epoch triplet loss = 0.0971
2022-01-08 14:13:07   Extracting database features for evaluation/testing
2022-01-08 14:14:06   Extracting queries features for evaluation/testing
2022-01-08 14:15:08   Calculating recalls
2022-01-08 14:15:33   Recalls on val set < BaseDataset, pitts30k - #database: 10000; #queries: 7608 >: R@1: 55.3, R@5: 77.1, R@10: 83.8, R@20: 89.7
2022-01-08 14:15:33   Improved: previous best R@5 = 75.5, current R@5 = 77.1
2022-01-08 14:15:33   Start training epoch: 07
2022-01-08 14:15:33   Cache: 0 / 5
2022-01-08 14:18:34   Epoch[07](0/5): current batch triplet loss = 0.0965, average epoch triplet loss = 0.0972
2022-01-08 14:18:34   Cache: 1 / 5
2022-01-08 14:21:29   Epoch[07](1/5): current batch triplet loss = 0.0898, average epoch triplet loss = 0.0970
2022-01-08 14:21:29   Cache: 2 / 5
2022-01-08 14:24:28   Epoch[07](2/5): current batch triplet loss = 0.0995, average epoch triplet loss = 0.0970
2022-01-08 14:24:28   Cache: 3 / 5
2022-01-08 14:27:24   Epoch[07](3/5): current batch triplet loss = 0.0982, average epoch triplet loss = 0.0970
2022-01-08 14:27:24   Cache: 4 / 5
2022-01-08 14:30:20   Epoch[07](4/5): current batch triplet loss = 0.0896, average epoch triplet loss = 0.0970
2022-01-08 14:30:20   Finished epoch 07 in 0:14:46, average epoch triplet loss = 0.0970
2022-01-08 14:30:20   Extracting database features for evaluation/testing
2022-01-08 14:31:17   Extracting queries features for evaluation/testing
2022-01-08 14:32:17   Calculating recalls
2022-01-08 14:32:38   Recalls on val set < BaseDataset, pitts30k - #database: 10000; #queries: 7608 >: R@1: 56.3, R@5: 77.4, R@10: 84.3, R@20: 90.2
2022-01-08 14:32:38   Improved: previous best R@5 = 77.1, current R@5 = 77.4
2022-01-08 14:32:38   Start training epoch: 08
2022-01-08 14:32:38   Cache: 0 / 5
2022-01-08 14:35:37   Epoch[08](0/5): current batch triplet loss = 0.0999, average epoch triplet loss = 0.0972
2022-01-08 14:35:37   Cache: 1 / 5
2022-01-08 14:38:35   Epoch[08](1/5): current batch triplet loss = 0.0987, average epoch triplet loss = 0.0971
2022-01-08 14:38:35   Cache: 2 / 5
2022-01-08 14:41:33   Epoch[08](2/5): current batch triplet loss = 0.0968, average epoch triplet loss = 0.0971
2022-01-08 14:41:33   Cache: 3 / 5
2022-01-08 14:44:31   Epoch[08](3/5): current batch triplet loss = 0.0977, average epoch triplet loss = 0.0970
2022-01-08 14:44:31   Cache: 4 / 5
2022-01-08 14:47:35   Epoch[08](4/5): current batch triplet loss = 0.0965, average epoch triplet loss = 0.0970
2022-01-08 14:47:35   Finished epoch 08 in 0:14:56, average epoch triplet loss = 0.0970
2022-01-08 14:47:35   Extracting database features for evaluation/testing
2022-01-08 14:48:38   Extracting queries features for evaluation/testing
2022-01-08 14:49:38   Calculating recalls
2022-01-08 14:50:03   Recalls on val set < BaseDataset, pitts30k - #database: 10000; #queries: 7608 >: R@1: 57.0, R@5: 78.4, R@10: 84.9, R@20: 90.5
2022-01-08 14:50:04   Improved: previous best R@5 = 77.4, current R@5 = 78.4
2022-01-08 14:50:04   Start training epoch: 09
2022-01-08 14:50:04   Cache: 0 / 5
2022-01-08 14:53:07   Epoch[09](0/5): current batch triplet loss = 0.0978, average epoch triplet loss = 0.0971
2022-01-08 14:53:07   Cache: 1 / 5
2022-01-08 14:56:11   Epoch[09](1/5): current batch triplet loss = 0.0969, average epoch triplet loss = 0.0970
2022-01-08 14:56:11   Cache: 2 / 5
2022-01-08 14:59:14   Epoch[09](2/5): current batch triplet loss = 0.0978, average epoch triplet loss = 0.0970
2022-01-08 14:59:14   Cache: 3 / 5
2022-01-08 15:02:21   Epoch[09](3/5): current batch triplet loss = 0.0972, average epoch triplet loss = 0.0970
2022-01-08 15:02:21   Cache: 4 / 5
2022-01-08 15:05:19   Epoch[09](4/5): current batch triplet loss = 0.0976, average epoch triplet loss = 0.0969
2022-01-08 15:05:19   Finished epoch 09 in 0:15:15, average epoch triplet loss = 0.0969
2022-01-08 15:05:19   Extracting database features for evaluation/testing
2022-01-08 15:06:24   Extracting queries features for evaluation/testing
2022-01-08 15:07:20   Calculating recalls
2022-01-08 15:07:45   Recalls on val set < BaseDataset, pitts30k - #database: 10000; #queries: 7608 >: R@1: 57.9, R@5: 78.8, R@10: 85.3, R@20: 90.8
2022-01-08 15:07:45   Improved: previous best R@5 = 78.4, current R@5 = 78.8
2022-01-08 15:07:45   Best R@5: 78.8
2022-01-08 15:07:45   Trained for 10 epochs, in total in 2:52:45
2022-01-08 15:07:45   Extracting database features for evaluation/testing
2022-01-08 15:08:47   Extracting queries features for evaluation/testing
2022-01-08 15:09:38   Calculating recalls
2022-01-08 15:10:00   Recalls on < BaseDataset, pitts30k - #database: 10000; #queries: 6816 >: R@1: 56.8, R@5: 77.5, R@10: 84.7, R@20: 89.5
