2022-01-08 12:15:00   Arguments: Namespace(use_netvlad=True, netvlad_clusters=64, train_batch_size=4, infer_batch_size=16, margin=0.1, epochs_num=10, patience=3, lr=1e-06, cache_refresh_rate=1000, queries_per_epoch=5000, negs_num_per_query=10, neg_samples_num=1000, seed=0, device='cuda', num_workers=8, val_positive_dist_threshold=25, train_positives_dist_threshold=10, recall_values=[1, 5, 10, 20], datasets_folder='./Data', exp_name='default', output_folder='runs/default/2022-01-08_12-15-00')
2022-01-08 12:15:00   The outputs are being saved in runs/default/2022-01-08_12-15-00
2022-01-08 12:15:00   Using 1 GPUs and 12 CPUs
2022-01-08 12:15:00   There are 96 queries without any positives within the training set. They won't be considered as they're useless for training.
2022-01-08 12:15:00   Train query set: < TripletsDataset, pitts30k - #database: 10000; #queries: 7320 >
2022-01-08 12:15:01   Val set: < BaseDataset, pitts30k - #database: 10000; #queries: 7608 >
2022-01-08 12:15:01   Test set: < BaseDataset, pitts30k - #database: 10000; #queries: 6816 >
2022-01-08 12:15:04   Output dimension of the model is 16384
2022-01-08 12:15:04   Start training epoch: 00
2022-01-08 12:30:17   Finished epoch 00 in 0:15:13, average epoch triplet loss = 0.0979
2022-01-08 12:32:32   Recalls on val set < BaseDataset, pitts30k - #database: 10000; #queries: 7608 >: R@1: 32.8, R@5: 52.8, R@10: 62.0, R@20: 71.8
2022-01-08 12:32:32   Improved: previous best R@5 = 0.0, current R@5 = 52.8
2022-01-08 12:32:32   Start training epoch: 01
2022-01-08 12:47:09   Finished epoch 01 in 0:14:36, average epoch triplet loss = 0.0976
2022-01-08 12:49:30   Recalls on val set < BaseDataset, pitts30k - #database: 10000; #queries: 7608 >: R@1: 40.4, R@5: 61.7, R@10: 71.0, R@20: 79.7
2022-01-08 12:49:30   Improved: previous best R@5 = 52.8, current R@5 = 61.7
2022-01-08 12:49:30   Start training epoch: 02
2022-01-08 13:04:17   Finished epoch 02 in 0:14:46, average epoch triplet loss = 0.0975
2022-01-08 13:06:46   Recalls on val set < BaseDataset, pitts30k - #database: 10000; #queries: 7608 >: R@1: 45.6, R@5: 67.8, R@10: 76.4, R@20: 84.2
2022-01-08 13:06:46   Improved: previous best R@5 = 61.7, current R@5 = 67.8
2022-01-08 13:06:46   Start training epoch: 03
2022-01-08 13:21:28   Finished epoch 03 in 0:14:42, average epoch triplet loss = 0.0974
2022-01-08 13:23:54   Recalls on val set < BaseDataset, pitts30k - #database: 10000; #queries: 7608 >: R@1: 49.3, R@5: 71.6, R@10: 79.6, R@20: 86.8
2022-01-08 13:23:55   Improved: previous best R@5 = 67.8, current R@5 = 71.6
2022-01-08 13:23:55   Start training epoch: 04
2022-01-08 13:38:44   Finished epoch 04 in 0:14:49, average epoch triplet loss = 0.0974
2022-01-08 13:41:10   Recalls on val set < BaseDataset, pitts30k - #database: 10000; #queries: 7608 >: R@1: 52.3, R@5: 74.1, R@10: 81.6, R@20: 88.0
2022-01-08 13:41:10   Improved: previous best R@5 = 71.6, current R@5 = 74.1
2022-01-08 13:41:10   Start training epoch: 05
2022-01-08 13:55:57   Finished epoch 05 in 0:14:47, average epoch triplet loss = 0.0972
2022-01-08 13:58:22   Recalls on val set < BaseDataset, pitts30k - #database: 10000; #queries: 7608 >: R@1: 53.9, R@5: 75.5, R@10: 82.9, R@20: 88.8
2022-01-08 13:58:23   Improved: previous best R@5 = 74.1, current R@5 = 75.5
2022-01-08 13:58:23   Start training epoch: 06
2022-01-08 14:13:07   Finished epoch 06 in 0:14:44, average epoch triplet loss = 0.0971
2022-01-08 14:15:33   Recalls on val set < BaseDataset, pitts30k - #database: 10000; #queries: 7608 >: R@1: 55.3, R@5: 77.1, R@10: 83.8, R@20: 89.7
2022-01-08 14:15:33   Improved: previous best R@5 = 75.5, current R@5 = 77.1
2022-01-08 14:15:33   Start training epoch: 07
2022-01-08 14:30:20   Finished epoch 07 in 0:14:46, average epoch triplet loss = 0.0970
2022-01-08 14:32:38   Recalls on val set < BaseDataset, pitts30k - #database: 10000; #queries: 7608 >: R@1: 56.3, R@5: 77.4, R@10: 84.3, R@20: 90.2
2022-01-08 14:32:38   Improved: previous best R@5 = 77.1, current R@5 = 77.4
2022-01-08 14:32:38   Start training epoch: 08
2022-01-08 14:47:35   Finished epoch 08 in 0:14:56, average epoch triplet loss = 0.0970
2022-01-08 14:50:03   Recalls on val set < BaseDataset, pitts30k - #database: 10000; #queries: 7608 >: R@1: 57.0, R@5: 78.4, R@10: 84.9, R@20: 90.5
2022-01-08 14:50:04   Improved: previous best R@5 = 77.4, current R@5 = 78.4
2022-01-08 14:50:04   Start training epoch: 09
2022-01-08 15:05:19   Finished epoch 09 in 0:15:15, average epoch triplet loss = 0.0969
2022-01-08 15:07:45   Recalls on val set < BaseDataset, pitts30k - #database: 10000; #queries: 7608 >: R@1: 57.9, R@5: 78.8, R@10: 85.3, R@20: 90.8
2022-01-08 15:07:45   Improved: previous best R@5 = 78.4, current R@5 = 78.8
2022-01-08 15:07:45   Best R@5: 78.8
2022-01-08 15:07:45   Trained for 10 epochs, in total in 2:52:45
2022-01-08 15:10:00   Recalls on < BaseDataset, pitts30k - #database: 10000; #queries: 6816 >: R@1: 56.8, R@5: 77.5, R@10: 84.7, R@20: 89.5
