2022-01-11 09:29:14   Arguments: Namespace(use_netvlad=None, netvlad_clusters=64, use_gem=True, gem_p=3, gem_eps=1e-06, use_sgd=True, use_adagrad=None, momentum=0.9, train_batch_size=4, infer_batch_size=16, margin=0.1, epochs_num=10, patience=3, lr=1e-05, cache_refresh_rate=1000, queries_per_epoch=5000, negs_num_per_query=10, neg_samples_num=1000, seed=0, device='cuda', num_workers=8, val_positive_dist_threshold=25, train_positives_dist_threshold=10, recall_values=[1, 5, 10, 20], datasets_folder='./Data', exp_name='default', output_folder='runs/default/2022-01-11_09-29-14')
2022-01-11 09:29:14   The outputs are being saved in runs/default/2022-01-11_09-29-14
2022-01-11 09:29:14   Using 1 GPUs and 12 CPUs
2022-01-11 09:29:14   Loading dataset Pitts30k from folder ./Data
2022-01-11 09:29:15   There are 96 queries without any positives within the training set. They won't be considered as they're useless for training.
2022-01-11 09:29:15   Train query set: < TripletsDataset, pitts30k - #database: 10000; #queries: 7320 >
2022-01-11 09:29:15   Val set: < BaseDataset, pitts30k - #database: 10000; #queries: 7608 >
2022-01-11 09:29:15   Test set: < BaseDataset, pitts30k - #database: 10000; #queries: 6816 >
2022-01-11 09:29:15   Train only conv4 of the ResNet-18 (remove conv5), freeze the previous ones
2022-01-11 09:29:19   Output dimension of the model is 256
2022-01-11 09:29:19   Start training epoch: 00
2022-01-11 09:29:19   Cache: 0 / 5
2022-01-11 09:30:34   Epoch[00](0/5): current batch triplet loss = 0.0770, average epoch triplet loss = 0.0866
2022-01-11 09:30:34   Cache: 1 / 5
2022-01-11 09:31:48   Epoch[00](1/5): current batch triplet loss = 0.1234, average epoch triplet loss = 0.0887
2022-01-11 09:31:48   Cache: 2 / 5
2022-01-11 09:33:00   Epoch[00](2/5): current batch triplet loss = 0.0987, average epoch triplet loss = 0.0890
2022-01-11 09:33:00   Cache: 3 / 5
2022-01-11 09:34:12   Epoch[00](3/5): current batch triplet loss = 0.1157, average epoch triplet loss = 0.0894
2022-01-11 09:34:12   Cache: 4 / 5
2022-01-11 09:35:25   Epoch[00](4/5): current batch triplet loss = 0.1010, average epoch triplet loss = 0.0900
2022-01-11 09:35:25   Finished epoch 00 in 0:06:06, average epoch triplet loss = 0.0900
2022-01-11 09:35:25   Extracting database features for evaluation/testing
2022-01-11 09:35:50   Extracting queries features for evaluation/testing
2022-01-11 09:36:09   Calculating recalls
2022-01-11 09:36:10   Recalls on val set < BaseDataset, pitts30k - #database: 10000; #queries: 7608 >: R@1: 24.3, R@5: 38.9, R@10: 46.7, R@20: 55.6
2022-01-11 09:36:10   Improved: previous best R@5 = 0.0, current R@5 = 38.9
2022-01-11 09:36:10   Start training epoch: 01
2022-01-11 09:36:10   Cache: 0 / 5
2022-01-11 09:37:22   Epoch[01](0/5): current batch triplet loss = 0.1010, average epoch triplet loss = 0.0919
2022-01-11 09:37:22   Cache: 1 / 5
2022-01-11 09:38:35   Epoch[01](1/5): current batch triplet loss = 0.0856, average epoch triplet loss = 0.0922
2022-01-11 09:38:35   Cache: 2 / 5
2022-01-11 09:39:47   Epoch[01](2/5): current batch triplet loss = 0.1040, average epoch triplet loss = 0.0927
2022-01-11 09:39:47   Cache: 3 / 5
2022-01-11 09:41:00   Epoch[01](3/5): current batch triplet loss = 0.0970, average epoch triplet loss = 0.0933
2022-01-11 09:41:00   Cache: 4 / 5
2022-01-11 09:42:13   Epoch[01](4/5): current batch triplet loss = 0.1022, average epoch triplet loss = 0.0937
2022-01-11 09:42:13   Finished epoch 01 in 0:06:02, average epoch triplet loss = 0.0937
2022-01-11 09:42:13   Extracting database features for evaluation/testing
2022-01-11 09:42:39   Extracting queries features for evaluation/testing
2022-01-11 09:42:59   Calculating recalls
2022-01-11 09:43:00   Recalls on val set < BaseDataset, pitts30k - #database: 10000; #queries: 7608 >: R@1: 24.3, R@5: 38.6, R@10: 46.5, R@20: 55.4
2022-01-11 09:43:00   Not improved: 1 / 3: best R@5 = 38.9, current R@5 = 38.6
2022-01-11 09:43:00   Start training epoch: 02
2022-01-11 09:43:00   Cache: 0 / 5
2022-01-11 09:44:12   Epoch[02](0/5): current batch triplet loss = 0.0979, average epoch triplet loss = 0.0941
2022-01-11 09:44:12   Cache: 1 / 5
2022-01-11 09:45:25   Epoch[02](1/5): current batch triplet loss = 0.0907, average epoch triplet loss = 0.0954
2022-01-11 09:45:25   Cache: 2 / 5
2022-01-11 09:46:39   Epoch[02](2/5): current batch triplet loss = 0.0791, average epoch triplet loss = 0.0955
2022-01-11 09:46:39   Cache: 3 / 5
2022-01-11 09:47:53   Epoch[02](3/5): current batch triplet loss = 0.0968, average epoch triplet loss = 0.0953
2022-01-11 09:47:53   Cache: 4 / 5
2022-01-11 09:49:06   Epoch[02](4/5): current batch triplet loss = 0.1021, average epoch triplet loss = 0.0959
2022-01-11 09:49:06   Finished epoch 02 in 0:06:06, average epoch triplet loss = 0.0959
2022-01-11 09:49:06   Extracting database features for evaluation/testing
2022-01-11 09:49:32   Extracting queries features for evaluation/testing
2022-01-11 09:49:51   Calculating recalls
2022-01-11 09:49:52   Recalls on val set < BaseDataset, pitts30k - #database: 10000; #queries: 7608 >: R@1: 24.4, R@5: 39.1, R@10: 46.9, R@20: 55.9
2022-01-11 09:49:53   Improved: previous best R@5 = 38.9, current R@5 = 39.1
2022-01-11 09:49:53   Start training epoch: 03
2022-01-11 09:49:53   Cache: 0 / 5
2022-01-11 09:51:05   Epoch[03](0/5): current batch triplet loss = 0.1147, average epoch triplet loss = 0.0950
2022-01-11 09:51:05   Cache: 1 / 5
2022-01-11 09:52:17   Epoch[03](1/5): current batch triplet loss = 0.0855, average epoch triplet loss = 0.0963
2022-01-11 09:52:17   Cache: 2 / 5
2022-01-11 09:53:30   Epoch[03](2/5): current batch triplet loss = 0.0773, average epoch triplet loss = 0.0969
2022-01-11 09:53:30   Cache: 3 / 5
2022-01-11 09:54:44   Epoch[03](3/5): current batch triplet loss = 0.1053, average epoch triplet loss = 0.0971
2022-01-11 09:54:44   Cache: 4 / 5
2022-01-11 09:55:58   Epoch[03](4/5): current batch triplet loss = 0.1062, average epoch triplet loss = 0.0974
2022-01-11 09:55:58   Finished epoch 03 in 0:06:05, average epoch triplet loss = 0.0974
2022-01-11 09:55:58   Extracting database features for evaluation/testing
2022-01-11 09:56:23   Extracting queries features for evaluation/testing
2022-01-11 09:56:43   Calculating recalls
2022-01-11 09:56:44   Recalls on val set < BaseDataset, pitts30k - #database: 10000; #queries: 7608 >: R@1: 25.3, R@5: 40.4, R@10: 48.4, R@20: 57.7
2022-01-11 09:56:44   Improved: previous best R@5 = 39.1, current R@5 = 40.4
2022-01-11 09:56:44   Start training epoch: 04
2022-01-11 09:56:44   Cache: 0 / 5
2022-01-11 09:57:57   Epoch[04](0/5): current batch triplet loss = 0.0865, average epoch triplet loss = 0.0999
2022-01-11 09:57:57   Cache: 1 / 5
2022-01-11 09:59:10   Epoch[04](1/5): current batch triplet loss = 0.0917, average epoch triplet loss = 0.0984
2022-01-11 09:59:10   Cache: 2 / 5
2022-01-11 10:00:23   Epoch[04](2/5): current batch triplet loss = 0.1226, average epoch triplet loss = 0.0988
2022-01-11 10:00:23   Cache: 3 / 5
2022-01-11 10:01:35   Epoch[04](3/5): current batch triplet loss = 0.1041, average epoch triplet loss = 0.0989
2022-01-11 10:01:35   Cache: 4 / 5
2022-01-11 10:02:49   Epoch[04](4/5): current batch triplet loss = 0.1220, average epoch triplet loss = 0.0991
2022-01-11 10:02:49   Finished epoch 04 in 0:06:04, average epoch triplet loss = 0.0991
2022-01-11 10:02:49   Extracting database features for evaluation/testing
2022-01-11 10:03:14   Extracting queries features for evaluation/testing
2022-01-11 10:03:34   Calculating recalls
2022-01-11 10:03:36   Recalls on val set < BaseDataset, pitts30k - #database: 10000; #queries: 7608 >: R@1: 25.5, R@5: 40.3, R@10: 48.7, R@20: 58.0
2022-01-11 10:03:36   Not improved: 1 / 3: best R@5 = 40.4, current R@5 = 40.3
2022-01-11 10:03:36   Start training epoch: 05
2022-01-11 10:03:36   Cache: 0 / 5
2022-01-11 10:04:49   Epoch[05](0/5): current batch triplet loss = 0.1029, average epoch triplet loss = 0.0998
2022-01-11 10:04:49   Cache: 1 / 5
2022-01-11 10:06:02   Epoch[05](1/5): current batch triplet loss = 0.0755, average epoch triplet loss = 0.0990
2022-01-11 10:06:02   Cache: 2 / 5
2022-01-11 10:07:16   Epoch[05](2/5): current batch triplet loss = 0.0903, average epoch triplet loss = 0.0995
2022-01-11 10:07:16   Cache: 3 / 5
2022-01-11 10:08:30   Epoch[05](3/5): current batch triplet loss = 0.0402, average epoch triplet loss = 0.0996
2022-01-11 10:08:30   Cache: 4 / 5
2022-01-11 10:09:49   Epoch[05](4/5): current batch triplet loss = 0.1171, average epoch triplet loss = 0.0997
2022-01-11 10:09:49   Finished epoch 05 in 0:06:13, average epoch triplet loss = 0.0997
2022-01-11 10:09:49   Extracting database features for evaluation/testing
2022-01-11 10:10:15   Extracting queries features for evaluation/testing
2022-01-11 10:10:35   Calculating recalls
2022-01-11 10:10:36   Recalls on val set < BaseDataset, pitts30k - #database: 10000; #queries: 7608 >: R@1: 25.8, R@5: 41.0, R@10: 49.5, R@20: 58.8
2022-01-11 10:10:37   Improved: previous best R@5 = 40.4, current R@5 = 41.0
2022-01-11 10:10:37   Start training epoch: 06
2022-01-11 10:10:37   Cache: 0 / 5
2022-01-11 10:11:54   Epoch[06](0/5): current batch triplet loss = 0.1054, average epoch triplet loss = 0.0998
2022-01-11 10:11:54   Cache: 1 / 5
2022-01-11 10:13:10   Epoch[06](1/5): current batch triplet loss = 0.0794, average epoch triplet loss = 0.0997
2022-01-11 10:13:10   Cache: 2 / 5
2022-01-11 10:14:22   Epoch[06](2/5): current batch triplet loss = 0.0559, average epoch triplet loss = 0.0990
2022-01-11 10:14:22   Cache: 3 / 5
2022-01-11 10:15:34   Epoch[06](3/5): current batch triplet loss = 0.0981, average epoch triplet loss = 0.0994
2022-01-11 10:15:34   Cache: 4 / 5
2022-01-11 10:16:46   Epoch[06](4/5): current batch triplet loss = 0.1037, average epoch triplet loss = 0.0996
2022-01-11 10:16:46   Finished epoch 06 in 0:06:09, average epoch triplet loss = 0.0996
2022-01-11 10:16:46   Extracting database features for evaluation/testing
2022-01-11 10:17:11   Extracting queries features for evaluation/testing
2022-01-11 10:17:31   Calculating recalls
2022-01-11 10:17:32   Recalls on val set < BaseDataset, pitts30k - #database: 10000; #queries: 7608 >: R@1: 26.2, R@5: 41.6, R@10: 50.4, R@20: 60.0
2022-01-11 10:17:32   Improved: previous best R@5 = 41.0, current R@5 = 41.6
2022-01-11 10:17:32   Start training epoch: 07
2022-01-11 10:17:32   Cache: 0 / 5
2022-01-11 10:18:44   Epoch[07](0/5): current batch triplet loss = 0.0865, average epoch triplet loss = 0.1020
2022-01-11 10:18:44   Cache: 1 / 5
2022-01-11 10:19:56   Epoch[07](1/5): current batch triplet loss = 0.0608, average epoch triplet loss = 0.0998
2022-01-11 10:19:56   Cache: 2 / 5
2022-01-11 10:21:09   Epoch[07](2/5): current batch triplet loss = 0.1215, average epoch triplet loss = 0.0998
2022-01-11 10:21:09   Cache: 3 / 5
2022-01-11 10:22:21   Epoch[07](3/5): current batch triplet loss = 0.1020, average epoch triplet loss = 0.1004
2022-01-11 10:22:21   Cache: 4 / 5
2022-01-11 10:23:33   Epoch[07](4/5): current batch triplet loss = 0.0637, average epoch triplet loss = 0.1004
2022-01-11 10:23:33   Finished epoch 07 in 0:06:01, average epoch triplet loss = 0.1004
2022-01-11 10:23:33   Extracting database features for evaluation/testing
2022-01-11 10:23:58   Extracting queries features for evaluation/testing
2022-01-11 10:24:18   Calculating recalls
2022-01-11 10:24:19   Recalls on val set < BaseDataset, pitts30k - #database: 10000; #queries: 7608 >: R@1: 26.3, R@5: 42.0, R@10: 50.6, R@20: 60.1
2022-01-11 10:24:19   Improved: previous best R@5 = 41.6, current R@5 = 42.0
2022-01-11 10:24:19   Start training epoch: 08
2022-01-11 10:24:19   Cache: 0 / 5
2022-01-11 10:25:31   Epoch[08](0/5): current batch triplet loss = 0.1089, average epoch triplet loss = 0.1018
2022-01-11 10:25:31   Cache: 1 / 5
2022-01-11 10:26:43   Epoch[08](1/5): current batch triplet loss = 0.1114, average epoch triplet loss = 0.1008
2022-01-11 10:26:43   Cache: 2 / 5
2022-01-11 10:27:56   Epoch[08](2/5): current batch triplet loss = 0.0966, average epoch triplet loss = 0.1010
2022-01-11 10:27:56   Cache: 3 / 5
2022-01-11 10:29:09   Epoch[08](3/5): current batch triplet loss = 0.0968, average epoch triplet loss = 0.1002
2022-01-11 10:29:09   Cache: 4 / 5
2022-01-11 10:30:21   Epoch[08](4/5): current batch triplet loss = 0.1031, average epoch triplet loss = 0.1001
2022-01-11 10:30:21   Finished epoch 08 in 0:06:02, average epoch triplet loss = 0.1001
2022-01-11 10:30:21   Extracting database features for evaluation/testing
2022-01-11 10:30:46   Extracting queries features for evaluation/testing
2022-01-11 10:31:06   Calculating recalls
2022-01-11 10:31:07   Recalls on val set < BaseDataset, pitts30k - #database: 10000; #queries: 7608 >: R@1: 27.0, R@5: 43.0, R@10: 51.7, R@20: 61.3
2022-01-11 10:31:07   Improved: previous best R@5 = 42.0, current R@5 = 43.0
2022-01-11 10:31:07   Start training epoch: 09
2022-01-11 10:31:07   Cache: 0 / 5
2022-01-11 10:32:22   Epoch[09](0/5): current batch triplet loss = 0.0861, average epoch triplet loss = 0.1010
2022-01-11 10:32:22   Cache: 1 / 5
2022-01-11 10:33:39   Epoch[09](1/5): current batch triplet loss = 0.0923, average epoch triplet loss = 0.1001
2022-01-11 10:33:39   Cache: 2 / 5
2022-01-11 10:34:56   Epoch[09](2/5): current batch triplet loss = 0.1158, average epoch triplet loss = 0.1009
2022-01-11 10:34:56   Cache: 3 / 5
2022-01-11 10:36:11   Epoch[09](3/5): current batch triplet loss = 0.0953, average epoch triplet loss = 0.1004
2022-01-11 10:36:11   Cache: 4 / 5
2022-01-11 10:37:26   Epoch[09](4/5): current batch triplet loss = 0.1033, average epoch triplet loss = 0.1003
2022-01-11 10:37:26   Finished epoch 09 in 0:06:19, average epoch triplet loss = 0.1003
2022-01-11 10:37:26   Extracting database features for evaluation/testing
2022-01-11 10:37:53   Extracting queries features for evaluation/testing
2022-01-11 10:38:13   Calculating recalls
2022-01-11 10:38:14   Recalls on val set < BaseDataset, pitts30k - #database: 10000; #queries: 7608 >: R@1: 26.2, R@5: 42.0, R@10: 50.7, R@20: 60.4
2022-01-11 10:38:14   Not improved: 1 / 3: best R@5 = 43.0, current R@5 = 42.0
2022-01-11 10:38:14   Best R@5: 43.0
2022-01-11 10:38:14   Trained for 10 epochs, in total in 1:08:59
2022-01-11 10:38:14   Extracting database features for evaluation/testing
2022-01-11 10:38:41   Extracting queries features for evaluation/testing
2022-01-11 10:38:59   Calculating recalls
2022-01-11 10:39:00   Recalls on < BaseDataset, pitts30k - #database: 10000; #queries: 6816 >: R@1: 32.8, R@5: 52.3, R@10: 62.1, R@20: 72.3
