2022-01-11 09:29:14   Arguments: Namespace(use_netvlad=None, netvlad_clusters=64, use_gem=True, gem_p=3, gem_eps=1e-06, use_sgd=True, use_adagrad=None, momentum=0.9, train_batch_size=4, infer_batch_size=16, margin=0.1, epochs_num=10, patience=3, lr=1e-05, cache_refresh_rate=1000, queries_per_epoch=5000, negs_num_per_query=10, neg_samples_num=1000, seed=0, device='cuda', num_workers=8, val_positive_dist_threshold=25, train_positives_dist_threshold=10, recall_values=[1, 5, 10, 20], datasets_folder='./Data', exp_name='default', output_folder='runs/default/2022-01-11_09-29-14')
2022-01-11 09:29:14   The outputs are being saved in runs/default/2022-01-11_09-29-14
2022-01-11 09:29:14   Using 1 GPUs and 12 CPUs
2022-01-11 09:29:15   There are 96 queries without any positives within the training set. They won't be considered as they're useless for training.
2022-01-11 09:29:15   Train query set: < TripletsDataset, pitts30k - #database: 10000; #queries: 7320 >
2022-01-11 09:29:15   Val set: < BaseDataset, pitts30k - #database: 10000; #queries: 7608 >
2022-01-11 09:29:15   Test set: < BaseDataset, pitts30k - #database: 10000; #queries: 6816 >
2022-01-11 09:29:19   Output dimension of the model is 256
2022-01-11 09:29:19   Start training epoch: 00
2022-01-11 09:35:25   Finished epoch 00 in 0:06:06, average epoch triplet loss = 0.0900
2022-01-11 09:36:10   Recalls on val set < BaseDataset, pitts30k - #database: 10000; #queries: 7608 >: R@1: 24.3, R@5: 38.9, R@10: 46.7, R@20: 55.6
2022-01-11 09:36:10   Improved: previous best R@5 = 0.0, current R@5 = 38.9
2022-01-11 09:36:10   Start training epoch: 01
2022-01-11 09:42:13   Finished epoch 01 in 0:06:02, average epoch triplet loss = 0.0937
2022-01-11 09:43:00   Recalls on val set < BaseDataset, pitts30k - #database: 10000; #queries: 7608 >: R@1: 24.3, R@5: 38.6, R@10: 46.5, R@20: 55.4
2022-01-11 09:43:00   Not improved: 1 / 3: best R@5 = 38.9, current R@5 = 38.6
2022-01-11 09:43:00   Start training epoch: 02
2022-01-11 09:49:06   Finished epoch 02 in 0:06:06, average epoch triplet loss = 0.0959
2022-01-11 09:49:52   Recalls on val set < BaseDataset, pitts30k - #database: 10000; #queries: 7608 >: R@1: 24.4, R@5: 39.1, R@10: 46.9, R@20: 55.9
2022-01-11 09:49:53   Improved: previous best R@5 = 38.9, current R@5 = 39.1
2022-01-11 09:49:53   Start training epoch: 03
2022-01-11 09:55:58   Finished epoch 03 in 0:06:05, average epoch triplet loss = 0.0974
2022-01-11 09:56:44   Recalls on val set < BaseDataset, pitts30k - #database: 10000; #queries: 7608 >: R@1: 25.3, R@5: 40.4, R@10: 48.4, R@20: 57.7
2022-01-11 09:56:44   Improved: previous best R@5 = 39.1, current R@5 = 40.4
2022-01-11 09:56:44   Start training epoch: 04
2022-01-11 10:02:49   Finished epoch 04 in 0:06:04, average epoch triplet loss = 0.0991
2022-01-11 10:03:36   Recalls on val set < BaseDataset, pitts30k - #database: 10000; #queries: 7608 >: R@1: 25.5, R@5: 40.3, R@10: 48.7, R@20: 58.0
2022-01-11 10:03:36   Not improved: 1 / 3: best R@5 = 40.4, current R@5 = 40.3
2022-01-11 10:03:36   Start training epoch: 05
2022-01-11 10:09:49   Finished epoch 05 in 0:06:13, average epoch triplet loss = 0.0997
2022-01-11 10:10:36   Recalls on val set < BaseDataset, pitts30k - #database: 10000; #queries: 7608 >: R@1: 25.8, R@5: 41.0, R@10: 49.5, R@20: 58.8
2022-01-11 10:10:37   Improved: previous best R@5 = 40.4, current R@5 = 41.0
2022-01-11 10:10:37   Start training epoch: 06
2022-01-11 10:16:46   Finished epoch 06 in 0:06:09, average epoch triplet loss = 0.0996
2022-01-11 10:17:32   Recalls on val set < BaseDataset, pitts30k - #database: 10000; #queries: 7608 >: R@1: 26.2, R@5: 41.6, R@10: 50.4, R@20: 60.0
2022-01-11 10:17:32   Improved: previous best R@5 = 41.0, current R@5 = 41.6
2022-01-11 10:17:32   Start training epoch: 07
2022-01-11 10:23:33   Finished epoch 07 in 0:06:01, average epoch triplet loss = 0.1004
2022-01-11 10:24:19   Recalls on val set < BaseDataset, pitts30k - #database: 10000; #queries: 7608 >: R@1: 26.3, R@5: 42.0, R@10: 50.6, R@20: 60.1
2022-01-11 10:24:19   Improved: previous best R@5 = 41.6, current R@5 = 42.0
2022-01-11 10:24:19   Start training epoch: 08
2022-01-11 10:30:21   Finished epoch 08 in 0:06:02, average epoch triplet loss = 0.1001
2022-01-11 10:31:07   Recalls on val set < BaseDataset, pitts30k - #database: 10000; #queries: 7608 >: R@1: 27.0, R@5: 43.0, R@10: 51.7, R@20: 61.3
2022-01-11 10:31:07   Improved: previous best R@5 = 42.0, current R@5 = 43.0
2022-01-11 10:31:07   Start training epoch: 09
2022-01-11 10:37:26   Finished epoch 09 in 0:06:19, average epoch triplet loss = 0.1003
2022-01-11 10:38:14   Recalls on val set < BaseDataset, pitts30k - #database: 10000; #queries: 7608 >: R@1: 26.2, R@5: 42.0, R@10: 50.7, R@20: 60.4
2022-01-11 10:38:14   Not improved: 1 / 3: best R@5 = 43.0, current R@5 = 42.0
2022-01-11 10:38:14   Best R@5: 43.0
2022-01-11 10:38:14   Trained for 10 epochs, in total in 1:08:59
2022-01-11 10:39:00   Recalls on < BaseDataset, pitts30k - #database: 10000; #queries: 6816 >: R@1: 32.8, R@5: 52.3, R@10: 62.1, R@20: 72.3
