2022-01-05 20:41:48   Arguments: Namespace(use_netvlad=True, netvlad_clusters=64, train_batch_size=4, infer_batch_size=16, margin=0.1, epochs_num=5, patience=3, lr=0.0001, cache_refresh_rate=1000, queries_per_epoch=5000, negs_num_per_query=10, neg_samples_num=1000, seed=0, device='cuda', num_workers=8, val_positive_dist_threshold=25, train_positives_dist_threshold=10, recall_values=[1, 5, 10, 20], datasets_folder='./Data', exp_name='default', output_folder='runs/default/2022-01-05_20-41-48')
2022-01-05 20:41:48   The outputs are being saved in runs/default/2022-01-05_20-41-48
2022-01-05 20:41:48   Using 1 GPUs and 12 CPUs
2022-01-05 20:41:48   Loading dataset Pitts30k from folder ./Data
2022-01-05 20:41:48   There are 96 queries without any positives within the training set. They won't be considered as they're useless for training.
2022-01-05 20:41:48   Train query set: < TripletsDataset, pitts30k - #database: 10000; #queries: 7320 >
2022-01-05 20:41:48   Val set: < BaseDataset, pitts30k - #database: 10000; #queries: 7608 >
2022-01-05 20:41:49   Test set: < BaseDataset, pitts30k - #database: 10000; #queries: 6816 >
2022-01-05 20:41:49   Train only conv4 of the ResNet-18 (remove conv5), freeze the previous ones
2022-01-05 20:41:54   Output dimension of the model is 16384
2022-01-05 20:41:54   Start training epoch: 00
2022-01-05 20:41:54   Cache: 0 / 5
2022-01-05 20:44:52   Epoch[00](0/5): current batch triplet loss = 0.0918, average epoch triplet loss = 0.0929
2022-01-05 20:44:52   Cache: 1 / 5
2022-01-05 20:47:12   
Traceback (most recent call last):
  File "/home/franzhd/Aml_project/project_vg/train.py", line 70, in <module>
    triplets_ds.compute_triplets(args, model)
  File "/home/franzhd/Aml_project/project_vg/datasets_ws.py", line 220, in compute_triplets
    neg_indexes = self.get_hardest_negatives_indexes(args, cache, query_features, neg_indexes)
  File "/home/franzhd/Aml_project/project_vg/datasets_ws.py", line 188, in get_hardest_negatives_indexes
    neg_features = cache[neg_samples]
KeyboardInterrupt

