2022-01-18 17:37:47   Arguments: Namespace(upscale_input=False, downscale_input=True, augment_input='None', backbone='resnet18', use_netvlad=True, netvlad_clusters=64, use_gem=None, gem_p=3, gem_eps=1e-06, use_attention='crn', crn_lr=0.0001, use_sgd=None, use_adagrad=None, momentum=0.9, train_batch_size=4, infer_batch_size=16, margin=0.1, epochs_num=20, patience=3, lr=1e-05, cache_refresh_rate=1000, queries_per_epoch=5000, negs_num_per_query=10, neg_samples_num=1000, seed=0, device='cuda', num_workers=8, val_positive_dist_threshold=25, train_positives_dist_threshold=10, recall_values=[1, 5, 10, 20], datasets_folder='./Dataset_pitts30k', exp_name='default', test_dataset_name=None, test_model_path=None, output_folder='runs/default/2022-01-18_17-37-47')
2022-01-18 17:37:47   The outputs are being saved in runs/default/2022-01-18_17-37-47
2022-01-18 17:37:47   Using 1 GPUs and 12 CPUs
2022-01-18 17:37:48   There are 96 queries without any positives within the training set. They won't be considered as they're useless for training.
2022-01-18 17:37:48   Train query set: < TripletsDataset, pitts30k - #database: 10000; #queries: 7320 >
2022-01-18 17:37:48   Val set: < BaseDataset, pitts30k - #database: 10000; #queries: 7608 >
2022-01-18 17:37:48   Test set: < BaseDataset, pitts30k - #database: 10000; #queries: 6816 >
2022-01-18 17:37:52   Output dimension of the model is 16384
2022-01-18 17:37:52   Start training epoch: 00
2022-01-18 17:49:57   Finished epoch 00 in 0:12:04, average epoch triplet loss = 0.0279
2022-01-18 17:51:15   Recalls on val set < BaseDataset, pitts30k - #database: 10000; #queries: 7608 >: R@1: 85.6, R@5: 94.6, R@10: 96.6, R@20: 98.0
2022-01-18 17:51:15   Improved: previous best R@5 = 0.0, current R@5 = 94.6
2022-01-18 17:51:15   Start training epoch: 01
2022-01-18 18:03:23   Finished epoch 01 in 0:12:08, average epoch triplet loss = 0.0253
2022-01-18 18:04:39   Recalls on val set < BaseDataset, pitts30k - #database: 10000; #queries: 7608 >: R@1: 88.2, R@5: 95.8, R@10: 97.5, R@20: 98.5
2022-01-18 18:04:39   Improved: previous best R@5 = 94.6, current R@5 = 95.8
2022-01-18 18:04:39   Start training epoch: 02
2022-01-18 18:16:42   Finished epoch 02 in 0:12:02, average epoch triplet loss = 0.0216
2022-01-18 18:17:57   Recalls on val set < BaseDataset, pitts30k - #database: 10000; #queries: 7608 >: R@1: 88.9, R@5: 96.6, R@10: 97.7, R@20: 98.7
2022-01-18 18:17:57   Improved: previous best R@5 = 95.8, current R@5 = 96.6
2022-01-18 18:17:57   Start training epoch: 03
2022-01-18 18:30:00   Finished epoch 03 in 0:12:02, average epoch triplet loss = 0.0208
2022-01-18 18:31:17   Recalls on val set < BaseDataset, pitts30k - #database: 10000; #queries: 7608 >: R@1: 89.0, R@5: 96.3, R@10: 97.9, R@20: 98.8
2022-01-18 18:31:17   Not improved: 1 / 3: best R@5 = 96.6, current R@5 = 96.3
2022-01-18 18:31:17   Start training epoch: 04
2022-01-18 18:43:33   Finished epoch 04 in 0:12:15, average epoch triplet loss = 0.0195
2022-01-18 18:44:50   Recalls on val set < BaseDataset, pitts30k - #database: 10000; #queries: 7608 >: R@1: 89.4, R@5: 96.7, R@10: 98.0, R@20: 98.7
2022-01-18 18:44:51   Improved: previous best R@5 = 96.6, current R@5 = 96.7
2022-01-18 18:44:51   Start training epoch: 05
2022-01-18 18:56:28   Finished epoch 05 in 0:11:37, average epoch triplet loss = 0.0177
2022-01-18 18:57:42   Recalls on val set < BaseDataset, pitts30k - #database: 10000; #queries: 7608 >: R@1: 89.3, R@5: 96.5, R@10: 97.9, R@20: 98.7
2022-01-18 18:57:42   Not improved: 1 / 3: best R@5 = 96.7, current R@5 = 96.5
2022-01-18 18:57:42   Start training epoch: 06
2022-01-18 19:09:06   Finished epoch 06 in 0:11:23, average epoch triplet loss = 0.0184
2022-01-18 19:10:18   Recalls on val set < BaseDataset, pitts30k - #database: 10000; #queries: 7608 >: R@1: 89.1, R@5: 96.3, R@10: 97.9, R@20: 98.7
2022-01-18 19:10:18   Not improved: 2 / 3: best R@5 = 96.7, current R@5 = 96.3
2022-01-18 19:10:18   Start training epoch: 07
2022-01-18 19:21:42   Finished epoch 07 in 0:11:23, average epoch triplet loss = 0.0168
2022-01-18 19:22:59   Recalls on val set < BaseDataset, pitts30k - #database: 10000; #queries: 7608 >: R@1: 89.1, R@5: 96.4, R@10: 97.8, R@20: 98.7
2022-01-18 19:22:59   Not improved: 3 / 3: best R@5 = 96.7, current R@5 = 96.4
2022-01-18 19:22:59   Performance did not improve for 3 epochs. Stop training.
2022-01-18 19:22:59   Best R@5: 96.7
2022-01-18 19:22:59   Trained for 08 epochs, in total in 1:45:12
2022-01-18 19:24:05   Recalls on < BaseDataset, pitts30k - #database: 10000; #queries: 6816 >: R@1: 86.7, R@5: 93.6, R@10: 95.5, R@20: 96.5
