2022-01-18 19:27:33   Arguments: Namespace(upscale_input=False, downscale_input=False, augment_input='None', backbone='vgg16', use_netvlad=True, netvlad_clusters=64, use_gem=None, gem_p=3, gem_eps=1e-06, use_attention=None, attention_lr=0.001, use_sgd=None, use_adagrad=None, momentum=0.9, train_batch_size=4, infer_batch_size=16, margin=0.1, epochs_num=20, patience=3, lr=1e-05, cache_refresh_rate=1000, queries_per_epoch=5000, negs_num_per_query=10, neg_samples_num=1000, seed=0, device='cuda', num_workers=8, val_positive_dist_threshold=25, train_positives_dist_threshold=10, recall_values=[1, 5, 10, 20], datasets_folder='./Dataset_pitts30k', exp_name='default', test_dataset_name=None, test_model_path=None, save_attention_mask=None, output_folder='runs/default/2022-01-18_19-27-33')
2022-01-18 19:27:33   The outputs are being saved in runs/default/2022-01-18_19-27-33
2022-01-18 19:27:33   Using 1 GPUs and 12 CPUs
2022-01-18 19:27:33   Loading dataset Pitts30k from folder ./Dataset_pitts30k
2022-01-18 19:27:33   There are 96 queries without any positives within the training set. They won't be considered as they're useless for training.
2022-01-18 19:27:33   Train query set: < TripletsDataset, pitts30k - #database: 10000; #queries: 7320 >
2022-01-18 19:27:33   Val set: < BaseDataset, pitts30k - #database: 10000; #queries: 7608 >
2022-01-18 19:27:33   Test set: < BaseDataset, pitts30k - #database: 10000; #queries: 6816 >
2022-01-18 19:27:44   Train only conv5_1, conv5_2, conv5_3 of the VGG16, freeze the previous ones
2022-01-18 19:27:44   
Traceback (most recent call last):
  File "/home/franzhd/Aml_project/project_vg/run_train.py", line 49, in <module>
    model = network.GeoLocalizationNet(args)
  File "/home/franzhd/Aml_project/project_vg/network.py", line 40, in __init__
    with h5py.File(initcache, mode='r') as h5:
  File "/home/franzhd/.local/lib/python3.9/site-packages/h5py/_hl/files.py", line 507, in __init__
    fid = make_fid(name, mode, userblock_size, fapl, fcpl, swmr=swmr)
  File "/home/franzhd/.local/lib/python3.9/site-packages/h5py/_hl/files.py", line 220, in make_fid
    fid = h5f.open(name, flags, fapl=fapl)
  File "h5py/_objects.pyx", line 54, in h5py._objects.with_phil.wrapper
  File "h5py/_objects.pyx", line 55, in h5py._objects.with_phil.wrapper
  File "h5py/h5f.pyx", line 106, in h5py.h5f.open
FileNotFoundError: [Errno 2] Unable to open file (unable to open file: name = './Dataset_pitts30k/centroids_64_vgg16_desc_cen.hdf5', errno = 2, error message = 'No such file or directory', flags = 0, o_flags = 0)

