2022-01-06 13:41:15   Arguments: Namespace(use_netvlad=None, netvlad_clusters=64, train_batch_size=4, infer_batch_size=16, margin=0.1, epochs_num=10, patience=3, lr=1e-05, cache_refresh_rate=1000, queries_per_epoch=5000, negs_num_per_query=10, neg_samples_num=1000, seed=0, device='cuda', num_workers=8, val_positive_dist_threshold=25, train_positives_dist_threshold=10, recall_values=[1, 5, 10, 20], datasets_folder='./Data', exp_name='default', output_folder='runs/default/2022-01-06_13-41-15')
2022-01-06 13:41:15   The outputs are being saved in runs/default/2022-01-06_13-41-15
2022-01-06 13:41:15   Using 1 GPUs and 12 CPUs
2022-01-06 13:41:15   Loading dataset Pitts30k from folder ./Data
2022-01-06 13:41:15   There are 96 queries without any positives within the training set. They won't be considered as they're useless for training.
2022-01-06 13:41:15   Train query set: < TripletsDataset, pitts30k - #database: 10000; #queries: 7320 >
2022-01-06 13:41:15   Val set: < BaseDataset, pitts30k - #database: 10000; #queries: 7608 >
2022-01-06 13:41:15   Test set: < BaseDataset, pitts30k - #database: 10000; #queries: 6816 >
2022-01-06 13:41:15   Train only conv4 of the ResNet-18 (remove conv5), freeze the previous ones
2022-01-06 13:41:18   Output dimension of the model is 256
2022-01-06 13:41:18   Start training epoch: 00
2022-01-06 13:41:18   Cache: 0 / 5
2022-01-06 13:42:38   Epoch[00](0/5): current batch triplet loss = 0.0695, average epoch triplet loss = 0.0793
2022-01-06 13:42:38   Cache: 1 / 5
2022-01-06 13:43:59   Epoch[00](1/5): current batch triplet loss = 0.0921, average epoch triplet loss = 0.0765
2022-01-06 13:43:59   Cache: 2 / 5
2022-01-06 13:45:14   Epoch[00](2/5): current batch triplet loss = 0.0745, average epoch triplet loss = 0.0742
2022-01-06 13:45:14   Cache: 3 / 5
2022-01-06 13:46:27   Epoch[00](3/5): current batch triplet loss = 0.0798, average epoch triplet loss = 0.0725
2022-01-06 13:46:27   Cache: 4 / 5
2022-01-06 13:47:41   Epoch[00](4/5): current batch triplet loss = 0.0731, average epoch triplet loss = 0.0712
2022-01-06 13:47:41   Finished epoch 00 in 0:06:22, average epoch triplet loss = 0.0712
2022-01-06 13:47:41   Extracting database features for evaluation/testing
2022-01-06 13:48:06   Extracting queries features for evaluation/testing
2022-01-06 13:48:26   Calculating recalls
2022-01-06 13:48:27   Recalls on val set < BaseDataset, pitts30k - #database: 10000; #queries: 7608 >: R@1: 57.0, R@5: 77.4, R@10: 84.6, R@20: 90.0
2022-01-06 13:48:27   Improved: previous best R@5 = 0.0, current R@5 = 77.4
2022-01-06 13:48:27   Start training epoch: 01
2022-01-06 13:48:27   Cache: 0 / 5
2022-01-06 13:49:40   Epoch[01](0/5): current batch triplet loss = 0.0689, average epoch triplet loss = 0.0630
2022-01-06 13:49:40   Cache: 1 / 5
2022-01-06 13:50:53   Epoch[01](1/5): current batch triplet loss = 0.0534, average epoch triplet loss = 0.0624
2022-01-06 13:50:53   Cache: 2 / 5
2022-01-06 13:52:05   Epoch[01](2/5): current batch triplet loss = 0.0644, average epoch triplet loss = 0.0616
2022-01-06 13:52:05   Cache: 3 / 5
2022-01-06 13:53:19   Epoch[01](3/5): current batch triplet loss = 0.0616, average epoch triplet loss = 0.0613
2022-01-06 13:53:19   Cache: 4 / 5
2022-01-06 13:54:32   Epoch[01](4/5): current batch triplet loss = 0.0532, average epoch triplet loss = 0.0609
2022-01-06 13:54:32   Finished epoch 01 in 0:06:05, average epoch triplet loss = 0.0609
2022-01-06 13:54:32   Extracting database features for evaluation/testing
2022-01-06 13:54:57   Extracting queries features for evaluation/testing
2022-01-06 13:55:17   Calculating recalls
2022-01-06 13:55:18   Recalls on val set < BaseDataset, pitts30k - #database: 10000; #queries: 7608 >: R@1: 59.6, R@5: 78.9, R@10: 85.1, R@20: 90.4
2022-01-06 13:55:18   Improved: previous best R@5 = 77.4, current R@5 = 78.9
2022-01-06 13:55:18   Start training epoch: 02
2022-01-06 13:55:18   Cache: 0 / 5
2022-01-06 13:56:31   Epoch[02](0/5): current batch triplet loss = 0.0614, average epoch triplet loss = 0.0566
2022-01-06 13:56:31   Cache: 1 / 5
2022-01-06 13:57:44   Epoch[02](1/5): current batch triplet loss = 0.0438, average epoch triplet loss = 0.0564
2022-01-06 13:57:44   Cache: 2 / 5
2022-01-06 13:58:57   Epoch[02](2/5): current batch triplet loss = 0.0351, average epoch triplet loss = 0.0560
2022-01-06 13:58:57   Cache: 3 / 5
2022-01-06 14:00:09   Epoch[02](3/5): current batch triplet loss = 0.0400, average epoch triplet loss = 0.0552
2022-01-06 14:00:09   Cache: 4 / 5
2022-01-06 14:01:21   Epoch[02](4/5): current batch triplet loss = 0.0436, average epoch triplet loss = 0.0549
2022-01-06 14:01:21   Finished epoch 02 in 0:06:02, average epoch triplet loss = 0.0549
2022-01-06 14:01:21   Extracting database features for evaluation/testing
2022-01-06 14:01:46   Extracting queries features for evaluation/testing
2022-01-06 14:02:05   Calculating recalls
2022-01-06 14:02:06   Recalls on val set < BaseDataset, pitts30k - #database: 10000; #queries: 7608 >: R@1: 60.5, R@5: 80.1, R@10: 86.1, R@20: 91.0
2022-01-06 14:02:06   Improved: previous best R@5 = 78.9, current R@5 = 80.1
2022-01-06 14:02:06   Start training epoch: 03
2022-01-06 14:02:06   Cache: 0 / 5
2022-01-06 14:03:18   Epoch[03](0/5): current batch triplet loss = 0.0298, average epoch triplet loss = 0.0514
2022-01-06 14:03:18   Cache: 1 / 5
2022-01-06 14:04:30   Epoch[03](1/5): current batch triplet loss = 0.0467, average epoch triplet loss = 0.0520
2022-01-06 14:04:30   Cache: 2 / 5
2022-01-06 14:05:43   Epoch[03](2/5): current batch triplet loss = 0.0541, average epoch triplet loss = 0.0517
2022-01-06 14:05:43   Cache: 3 / 5
2022-01-06 14:06:55   Epoch[03](3/5): current batch triplet loss = 0.0663, average epoch triplet loss = 0.0516
2022-01-06 14:06:55   Cache: 4 / 5
2022-01-06 14:08:07   Epoch[03](4/5): current batch triplet loss = 0.0787, average epoch triplet loss = 0.0513
2022-01-06 14:08:07   Finished epoch 03 in 0:06:01, average epoch triplet loss = 0.0513
2022-01-06 14:08:07   Extracting database features for evaluation/testing
2022-01-06 14:08:33   Extracting queries features for evaluation/testing
2022-01-06 14:08:52   Calculating recalls
2022-01-06 14:08:53   Recalls on val set < BaseDataset, pitts30k - #database: 10000; #queries: 7608 >: R@1: 61.8, R@5: 80.9, R@10: 86.6, R@20: 91.8
2022-01-06 14:08:53   Improved: previous best R@5 = 80.1, current R@5 = 80.9
2022-01-06 14:08:53   Start training epoch: 04
2022-01-06 14:08:53   Cache: 0 / 5
2022-01-06 14:10:06   Epoch[04](0/5): current batch triplet loss = 0.0285, average epoch triplet loss = 0.0492
2022-01-06 14:10:06   Cache: 1 / 5
2022-01-06 14:11:18   Epoch[04](1/5): current batch triplet loss = 0.0568, average epoch triplet loss = 0.0485
2022-01-06 14:11:18   Cache: 2 / 5
2022-01-06 14:12:31   Epoch[04](2/5): current batch triplet loss = 0.0443, average epoch triplet loss = 0.0486
2022-01-06 14:12:31   Cache: 3 / 5
2022-01-06 14:13:43   Epoch[04](3/5): current batch triplet loss = 0.0504, average epoch triplet loss = 0.0488
2022-01-06 14:13:43   Cache: 4 / 5
2022-01-06 14:14:55   Epoch[04](4/5): current batch triplet loss = 0.0381, average epoch triplet loss = 0.0487
2022-01-06 14:14:55   Finished epoch 04 in 0:06:01, average epoch triplet loss = 0.0487
2022-01-06 14:14:55   Extracting database features for evaluation/testing
2022-01-06 14:15:20   Extracting queries features for evaluation/testing
2022-01-06 14:15:39   Calculating recalls
2022-01-06 14:15:40   Recalls on val set < BaseDataset, pitts30k - #database: 10000; #queries: 7608 >: R@1: 61.8, R@5: 81.0, R@10: 87.1, R@20: 91.9
2022-01-06 14:15:40   Improved: previous best R@5 = 80.9, current R@5 = 81.0
2022-01-06 14:15:40   Start training epoch: 05
2022-01-06 14:15:40   Cache: 0 / 5
2022-01-06 14:16:54   Epoch[05](0/5): current batch triplet loss = 0.0411, average epoch triplet loss = 0.0477
2022-01-06 14:16:54   Cache: 1 / 5
2022-01-06 14:18:06   Epoch[05](1/5): current batch triplet loss = 0.0427, average epoch triplet loss = 0.0459
2022-01-06 14:18:06   Cache: 2 / 5
2022-01-06 14:19:18   Epoch[05](2/5): current batch triplet loss = 0.0283, average epoch triplet loss = 0.0460
2022-01-06 14:19:18   Cache: 3 / 5
2022-01-06 14:20:30   Epoch[05](3/5): current batch triplet loss = 0.0132, average epoch triplet loss = 0.0458
2022-01-06 14:20:30   Cache: 4 / 5
2022-01-06 14:21:42   Epoch[05](4/5): current batch triplet loss = 0.0402, average epoch triplet loss = 0.0456
2022-01-06 14:21:42   Finished epoch 05 in 0:06:01, average epoch triplet loss = 0.0456
2022-01-06 14:21:42   Extracting database features for evaluation/testing
2022-01-06 14:22:07   Extracting queries features for evaluation/testing
2022-01-06 14:22:26   Calculating recalls
2022-01-06 14:22:27   Recalls on val set < BaseDataset, pitts30k - #database: 10000; #queries: 7608 >: R@1: 60.8, R@5: 80.2, R@10: 86.3, R@20: 91.3
2022-01-06 14:22:27   Not improved: 1 / 3: best R@5 = 81.0, current R@5 = 80.2
2022-01-06 14:22:27   Start training epoch: 06
2022-01-06 14:22:27   Cache: 0 / 5
2022-01-06 14:23:39   Epoch[06](0/5): current batch triplet loss = 0.0586, average epoch triplet loss = 0.0445
2022-01-06 14:23:39   Cache: 1 / 5
2022-01-06 14:24:51   Epoch[06](1/5): current batch triplet loss = 0.0233, average epoch triplet loss = 0.0444
2022-01-06 14:24:51   Cache: 2 / 5
2022-01-06 14:26:04   Epoch[06](2/5): current batch triplet loss = 0.0353, average epoch triplet loss = 0.0436
2022-01-06 14:26:04   Cache: 3 / 5
2022-01-06 14:27:15   Epoch[06](3/5): current batch triplet loss = 0.0406, average epoch triplet loss = 0.0439
2022-01-06 14:27:15   Cache: 4 / 5
2022-01-06 14:28:27   Epoch[06](4/5): current batch triplet loss = 0.0326, average epoch triplet loss = 0.0438
2022-01-06 14:28:27   Finished epoch 06 in 0:06:00, average epoch triplet loss = 0.0438
2022-01-06 14:28:27   Extracting database features for evaluation/testing
2022-01-06 14:28:52   Extracting queries features for evaluation/testing
2022-01-06 14:29:11   Calculating recalls
2022-01-06 14:29:12   Recalls on val set < BaseDataset, pitts30k - #database: 10000; #queries: 7608 >: R@1: 61.8, R@5: 81.0, R@10: 87.0, R@20: 92.3
2022-01-06 14:29:12   Not improved: 2 / 3: best R@5 = 81.0, current R@5 = 81.0
2022-01-06 14:29:12   Start training epoch: 07
2022-01-06 14:29:12   Cache: 0 / 5
2022-01-06 14:30:25   Epoch[07](0/5): current batch triplet loss = 0.0376, average epoch triplet loss = 0.0438
2022-01-06 14:30:25   Cache: 1 / 5
2022-01-06 14:31:37   Epoch[07](1/5): current batch triplet loss = 0.0180, average epoch triplet loss = 0.0417
2022-01-06 14:31:37   Cache: 2 / 5
2022-01-06 14:32:49   Epoch[07](2/5): current batch triplet loss = 0.0596, average epoch triplet loss = 0.0420
2022-01-06 14:32:49   Cache: 3 / 5
2022-01-06 14:34:01   Epoch[07](3/5): current batch triplet loss = 0.0445, average epoch triplet loss = 0.0419
2022-01-06 14:34:01   Cache: 4 / 5
2022-01-06 14:35:14   Epoch[07](4/5): current batch triplet loss = 0.0324, average epoch triplet loss = 0.0417
2022-01-06 14:35:14   Finished epoch 07 in 0:06:01, average epoch triplet loss = 0.0417
2022-01-06 14:35:14   Extracting database features for evaluation/testing
2022-01-06 14:35:39   Extracting queries features for evaluation/testing
2022-01-06 14:35:58   Calculating recalls
2022-01-06 14:35:59   Recalls on val set < BaseDataset, pitts30k - #database: 10000; #queries: 7608 >: R@1: 61.6, R@5: 81.0, R@10: 87.2, R@20: 92.3
2022-01-06 14:35:59   Not improved: 3 / 3: best R@5 = 81.0, current R@5 = 81.0
2022-01-06 14:35:59   Performance did not improve for 3 epochs. Stop training.
2022-01-06 14:35:59   Best R@5: 81.0
2022-01-06 14:35:59   Trained for 08 epochs, in total in 0:54:44
2022-01-06 14:35:59   Extracting database features for evaluation/testing
2022-01-06 14:36:24   Extracting queries features for evaluation/testing
2022-01-06 14:36:41   Calculating recalls
2022-01-06 14:36:42   Recalls on < BaseDataset, pitts30k - #database: 10000; #queries: 6816 >: R@1: 60.5, R@5: 80.6, R@10: 86.4, R@20: 91.1
