2022-01-15 06:02:29   Arguments: Namespace(backbone='resnet18', use_netvlad=None, netvlad_clusters=64, use_gem=True, gem_p=3, gem_eps=1e-06, use_sgd=None, use_adagrad=None, momentum=0.9, train_batch_size=4, infer_batch_size=16, margin=0.1, epochs_num=20, patience=3, lr=1e-06, cache_refresh_rate=1000, queries_per_epoch=5000, negs_num_per_query=10, neg_samples_num=1000, seed=0, device='cuda', num_workers=8, val_positive_dist_threshold=25, train_positives_dist_threshold=10, recall_values=[1, 5, 10, 20], datasets_folder='./Dataset_pitts30k', exp_name='default', test_dataset_name=None, test_model_path=None, output_folder='runs/default/2022-01-15_06-02-29')
2022-01-15 06:02:29   The outputs are being saved in runs/default/2022-01-15_06-02-29
2022-01-15 06:02:29   Using 1 GPUs and 12 CPUs
2022-01-15 06:02:29   Loading dataset Pitts30k from folder ./Dataset_pitts30k
2022-01-15 06:02:29   There are 96 queries without any positives within the training set. They won't be considered as they're useless for training.
2022-01-15 06:02:29   Train query set: < TripletsDataset, pitts30k - #database: 10000; #queries: 7320 >
2022-01-15 06:02:30   Val set: < BaseDataset, pitts30k - #database: 10000; #queries: 7608 >
2022-01-15 06:02:30   Test set: < BaseDataset, pitts30k - #database: 10000; #queries: 6816 >
2022-01-15 06:02:30   Train only conv4 of the ResNet-18 (remove conv5), freeze the previous ones
2022-01-15 06:02:35   Output dimension of the model is 256
2022-01-15 06:02:35   Start training epoch: 00
2022-01-15 06:02:35   Cache: 0 / 5
2022-01-15 06:03:48   Epoch[00](0/5): current batch triplet loss = 0.0840, average epoch triplet loss = 0.0808
2022-01-15 06:03:48   Cache: 1 / 5
2022-01-15 06:05:01   Epoch[00](1/5): current batch triplet loss = 0.0973, average epoch triplet loss = 0.0811
2022-01-15 06:05:01   Cache: 2 / 5
2022-01-15 06:06:14   Epoch[00](2/5): current batch triplet loss = 0.0864, average epoch triplet loss = 0.0804
2022-01-15 06:06:14   Cache: 3 / 5
2022-01-15 06:07:27   Epoch[00](3/5): current batch triplet loss = 0.0861, average epoch triplet loss = 0.0802
2022-01-15 06:07:27   Cache: 4 / 5
2022-01-15 06:08:40   Epoch[00](4/5): current batch triplet loss = 0.0950, average epoch triplet loss = 0.0798
2022-01-15 06:08:40   Finished epoch 00 in 0:06:04, average epoch triplet loss = 0.0798
2022-01-15 06:08:40   Extracting database features for evaluation/testing
2022-01-15 06:09:05   Extracting queries features for evaluation/testing
2022-01-15 06:09:24   Calculating recalls
2022-01-15 06:09:25   Recalls on val set < BaseDataset, pitts30k - #database: 10000; #queries: 7608 >: R@1: 44.8, R@5: 65.3, R@10: 74.0, R@20: 82.2
2022-01-15 06:09:25   Improved: previous best R@5 = 0.0, current R@5 = 65.3
2022-01-15 06:09:25   Start training epoch: 01
2022-01-15 06:09:25   Cache: 0 / 5
2022-01-15 06:10:39   Epoch[01](0/5): current batch triplet loss = 0.0835, average epoch triplet loss = 0.0768
2022-01-15 06:10:39   Cache: 1 / 5
2022-01-15 06:11:52   Epoch[01](1/5): current batch triplet loss = 0.0713, average epoch triplet loss = 0.0767
2022-01-15 06:11:52   Cache: 2 / 5
2022-01-15 06:13:05   Epoch[01](2/5): current batch triplet loss = 0.0971, average epoch triplet loss = 0.0766
2022-01-15 06:13:05   Cache: 3 / 5
2022-01-15 06:14:21   Epoch[01](3/5): current batch triplet loss = 0.0746, average epoch triplet loss = 0.0767
2022-01-15 06:14:21   Cache: 4 / 5
2022-01-15 06:15:34   Epoch[01](4/5): current batch triplet loss = 0.0856, average epoch triplet loss = 0.0767
2022-01-15 06:15:34   Finished epoch 01 in 0:06:09, average epoch triplet loss = 0.0767
2022-01-15 06:15:34   Extracting database features for evaluation/testing
2022-01-15 06:16:00   Extracting queries features for evaluation/testing
2022-01-15 06:16:19   Calculating recalls
2022-01-15 06:16:20   Recalls on val set < BaseDataset, pitts30k - #database: 10000; #queries: 7608 >: R@1: 53.0, R@5: 74.1, R@10: 81.3, R@20: 88.1
2022-01-15 06:16:20   Improved: previous best R@5 = 65.3, current R@5 = 74.1
2022-01-15 06:16:20   Start training epoch: 02
2022-01-15 06:16:20   Cache: 0 / 5
2022-01-15 06:17:33   Epoch[02](0/5): current batch triplet loss = 0.0850, average epoch triplet loss = 0.0753
2022-01-15 06:17:33   Cache: 1 / 5
2022-01-15 06:18:46   Epoch[02](1/5): current batch triplet loss = 0.0688, average epoch triplet loss = 0.0758
2022-01-15 06:18:46   Cache: 2 / 5
2022-01-15 06:19:59   Epoch[02](2/5): current batch triplet loss = 0.0462, average epoch triplet loss = 0.0755
2022-01-15 06:19:59   Cache: 3 / 5
2022-01-15 06:21:11   Epoch[02](3/5): current batch triplet loss = 0.0543, average epoch triplet loss = 0.0749
2022-01-15 06:21:11   Cache: 4 / 5
2022-01-15 06:22:23   Epoch[02](4/5): current batch triplet loss = 0.0820, average epoch triplet loss = 0.0750
2022-01-15 06:22:23   Finished epoch 02 in 0:06:03, average epoch triplet loss = 0.0750
2022-01-15 06:22:23   Extracting database features for evaluation/testing
2022-01-15 06:22:48   Extracting queries features for evaluation/testing
2022-01-15 06:23:08   Calculating recalls
2022-01-15 06:23:09   Recalls on val set < BaseDataset, pitts30k - #database: 10000; #queries: 7608 >: R@1: 59.5, R@5: 79.4, R@10: 85.8, R@20: 91.6
2022-01-15 06:23:09   Improved: previous best R@5 = 74.1, current R@5 = 79.4
2022-01-15 06:23:09   Start training epoch: 03
2022-01-15 06:23:09   Cache: 0 / 5
2022-01-15 06:24:21   Epoch[03](0/5): current batch triplet loss = 0.0819, average epoch triplet loss = 0.0725
2022-01-15 06:24:21   Cache: 1 / 5
2022-01-15 06:25:34   Epoch[03](1/5): current batch triplet loss = 0.0598, average epoch triplet loss = 0.0733
2022-01-15 06:25:34   Cache: 2 / 5
2022-01-15 06:26:47   Epoch[03](2/5): current batch triplet loss = 0.0638, average epoch triplet loss = 0.0737
2022-01-15 06:26:47   Cache: 3 / 5
2022-01-15 06:28:00   Epoch[03](3/5): current batch triplet loss = 0.0863, average epoch triplet loss = 0.0738
2022-01-15 06:28:00   Cache: 4 / 5
2022-01-15 06:29:13   Epoch[03](4/5): current batch triplet loss = 0.0870, average epoch triplet loss = 0.0738
2022-01-15 06:29:13   Finished epoch 03 in 0:06:04, average epoch triplet loss = 0.0738
2022-01-15 06:29:13   Extracting database features for evaluation/testing
2022-01-15 06:29:39   Extracting queries features for evaluation/testing
2022-01-15 06:29:59   Calculating recalls
2022-01-15 06:30:00   Recalls on val set < BaseDataset, pitts30k - #database: 10000; #queries: 7608 >: R@1: 64.1, R@5: 82.5, R@10: 88.6, R@20: 93.1
2022-01-15 06:30:01   Improved: previous best R@5 = 79.4, current R@5 = 82.5
2022-01-15 06:30:01   Start training epoch: 04
2022-01-15 06:30:01   Cache: 0 / 5
2022-01-15 06:31:14   Epoch[04](0/5): current batch triplet loss = 0.0588, average epoch triplet loss = 0.0738
2022-01-15 06:31:14   Cache: 1 / 5
2022-01-15 06:32:27   Epoch[04](1/5): current batch triplet loss = 0.0880, average epoch triplet loss = 0.0726
2022-01-15 06:32:27   Cache: 2 / 5
2022-01-15 06:33:39   Epoch[04](2/5): current batch triplet loss = 0.0766, average epoch triplet loss = 0.0728
2022-01-15 06:33:39   Cache: 3 / 5
2022-01-15 06:34:52   Epoch[04](3/5): current batch triplet loss = 0.0751, average epoch triplet loss = 0.0726
2022-01-15 06:34:52   Cache: 4 / 5
2022-01-15 06:36:04   Epoch[04](4/5): current batch triplet loss = 0.0859, average epoch triplet loss = 0.0726
2022-01-15 06:36:04   Finished epoch 04 in 0:06:03, average epoch triplet loss = 0.0726
2022-01-15 06:36:04   Extracting database features for evaluation/testing
2022-01-15 06:36:30   Extracting queries features for evaluation/testing
2022-01-15 06:36:49   Calculating recalls
2022-01-15 06:36:50   Recalls on val set < BaseDataset, pitts30k - #database: 10000; #queries: 7608 >: R@1: 66.7, R@5: 84.6, R@10: 90.2, R@20: 94.0
2022-01-15 06:36:50   Improved: previous best R@5 = 82.5, current R@5 = 84.6
2022-01-15 06:36:50   Start training epoch: 05
2022-01-15 06:36:50   Cache: 0 / 5
2022-01-15 06:38:03   Epoch[05](0/5): current batch triplet loss = 0.0632, average epoch triplet loss = 0.0725
2022-01-15 06:38:03   Cache: 1 / 5
2022-01-15 06:39:15   Epoch[05](1/5): current batch triplet loss = 0.0614, average epoch triplet loss = 0.0717
2022-01-15 06:39:15   Cache: 2 / 5
2022-01-15 06:40:29   Epoch[05](2/5): current batch triplet loss = 0.0560, average epoch triplet loss = 0.0718
2022-01-15 06:40:29   Cache: 3 / 5
2022-01-15 06:41:41   Epoch[05](3/5): current batch triplet loss = 0.0298, average epoch triplet loss = 0.0715
2022-01-15 06:41:41   Cache: 4 / 5
2022-01-15 06:42:55   Epoch[05](4/5): current batch triplet loss = 0.0576, average epoch triplet loss = 0.0713
2022-01-15 06:42:55   Finished epoch 05 in 0:06:04, average epoch triplet loss = 0.0713
2022-01-15 06:42:55   Extracting database features for evaluation/testing
2022-01-15 06:43:20   Extracting queries features for evaluation/testing
2022-01-15 06:43:40   Calculating recalls
2022-01-15 06:43:41   Recalls on val set < BaseDataset, pitts30k - #database: 10000; #queries: 7608 >: R@1: 69.0, R@5: 86.7, R@10: 91.3, R@20: 94.8
2022-01-15 06:43:41   Improved: previous best R@5 = 84.6, current R@5 = 86.7
2022-01-15 06:43:41   Start training epoch: 06
2022-01-15 06:43:41   Cache: 0 / 5
2022-01-15 06:44:54   Epoch[06](0/5): current batch triplet loss = 0.0847, average epoch triplet loss = 0.0708
2022-01-15 06:44:54   Cache: 1 / 5
2022-01-15 06:46:06   Epoch[06](1/5): current batch triplet loss = 0.0534, average epoch triplet loss = 0.0706
2022-01-15 06:46:06   Cache: 2 / 5
2022-01-15 06:47:20   Epoch[06](2/5): current batch triplet loss = 0.0324, average epoch triplet loss = 0.0700
2022-01-15 06:47:20   Cache: 3 / 5
2022-01-15 06:48:32   Epoch[06](3/5): current batch triplet loss = 0.0585, average epoch triplet loss = 0.0701
2022-01-15 06:48:32   Cache: 4 / 5
2022-01-15 06:49:45   Epoch[06](4/5): current batch triplet loss = 0.0599, average epoch triplet loss = 0.0702
2022-01-15 06:49:45   Finished epoch 06 in 0:06:04, average epoch triplet loss = 0.0702
2022-01-15 06:49:45   Extracting database features for evaluation/testing
2022-01-15 06:50:11   Extracting queries features for evaluation/testing
2022-01-15 06:50:30   Calculating recalls
2022-01-15 06:50:31   Recalls on val set < BaseDataset, pitts30k - #database: 10000; #queries: 7608 >: R@1: 71.0, R@5: 87.4, R@10: 91.9, R@20: 95.1
2022-01-15 06:50:31   Improved: previous best R@5 = 86.7, current R@5 = 87.4
2022-01-15 06:50:31   Start training epoch: 07
2022-01-15 06:50:31   Cache: 0 / 5
2022-01-15 06:51:43   Epoch[07](0/5): current batch triplet loss = 0.0716, average epoch triplet loss = 0.0717
2022-01-15 06:51:43   Cache: 1 / 5
2022-01-15 06:52:56   Epoch[07](1/5): current batch triplet loss = 0.0480, average epoch triplet loss = 0.0693
2022-01-15 06:52:56   Cache: 2 / 5
2022-01-15 06:54:09   Epoch[07](2/5): current batch triplet loss = 0.0875, average epoch triplet loss = 0.0690
2022-01-15 06:54:09   Cache: 3 / 5
2022-01-15 06:55:22   Epoch[07](3/5): current batch triplet loss = 0.0735, average epoch triplet loss = 0.0694
2022-01-15 06:55:22   Cache: 4 / 5
2022-01-15 06:56:34   Epoch[07](4/5): current batch triplet loss = 0.0449, average epoch triplet loss = 0.0692
2022-01-15 06:56:34   Finished epoch 07 in 0:06:03, average epoch triplet loss = 0.0692
2022-01-15 06:56:34   Extracting database features for evaluation/testing
2022-01-15 06:56:59   Extracting queries features for evaluation/testing
2022-01-15 06:57:19   Calculating recalls
2022-01-15 06:57:20   Recalls on val set < BaseDataset, pitts30k - #database: 10000; #queries: 7608 >: R@1: 72.2, R@5: 88.1, R@10: 92.2, R@20: 95.1
2022-01-15 06:57:20   Improved: previous best R@5 = 87.4, current R@5 = 88.1
2022-01-15 06:57:20   Start training epoch: 08
2022-01-15 06:57:20   Cache: 0 / 5
2022-01-15 06:58:32   Epoch[08](0/5): current batch triplet loss = 0.0787, average epoch triplet loss = 0.0694
2022-01-15 06:58:32   Cache: 1 / 5
2022-01-15 06:59:44   Epoch[08](1/5): current batch triplet loss = 0.0772, average epoch triplet loss = 0.0690
2022-01-15 06:59:44   Cache: 2 / 5
2022-01-15 07:00:57   Epoch[08](2/5): current batch triplet loss = 0.0587, average epoch triplet loss = 0.0688
2022-01-15 07:00:57   Cache: 3 / 5
2022-01-15 07:02:09   Epoch[08](3/5): current batch triplet loss = 0.0651, average epoch triplet loss = 0.0683
2022-01-15 07:02:09   Cache: 4 / 5
2022-01-15 07:03:22   Epoch[08](4/5): current batch triplet loss = 0.0676, average epoch triplet loss = 0.0680
2022-01-15 07:03:22   Finished epoch 08 in 0:06:01, average epoch triplet loss = 0.0680
2022-01-15 07:03:22   Extracting database features for evaluation/testing
2022-01-15 07:03:47   Extracting queries features for evaluation/testing
2022-01-15 07:04:06   Calculating recalls
2022-01-15 07:04:07   Recalls on val set < BaseDataset, pitts30k - #database: 10000; #queries: 7608 >: R@1: 73.1, R@5: 88.5, R@10: 92.8, R@20: 95.7
2022-01-15 07:04:07   Improved: previous best R@5 = 88.1, current R@5 = 88.5
2022-01-15 07:04:07   Start training epoch: 09
2022-01-15 07:04:07   Cache: 0 / 5
2022-01-15 07:05:21   Epoch[09](0/5): current batch triplet loss = 0.0801, average epoch triplet loss = 0.0688
2022-01-15 07:05:21   Cache: 1 / 5
2022-01-15 07:06:33   Epoch[09](1/5): current batch triplet loss = 0.0568, average epoch triplet loss = 0.0676
2022-01-15 07:06:33   Cache: 2 / 5
2022-01-15 07:07:45   Epoch[09](2/5): current batch triplet loss = 0.0686, average epoch triplet loss = 0.0676
2022-01-15 07:07:45   Cache: 3 / 5
2022-01-15 07:08:58   Epoch[09](3/5): current batch triplet loss = 0.0605, average epoch triplet loss = 0.0671
2022-01-15 07:08:58   Cache: 4 / 5
2022-01-15 07:10:10   Epoch[09](4/5): current batch triplet loss = 0.0668, average epoch triplet loss = 0.0670
2022-01-15 07:10:10   Finished epoch 09 in 0:06:02, average epoch triplet loss = 0.0670
2022-01-15 07:10:10   Extracting database features for evaluation/testing
2022-01-15 07:10:35   Extracting queries features for evaluation/testing
2022-01-15 07:10:54   Calculating recalls
2022-01-15 07:10:55   Recalls on val set < BaseDataset, pitts30k - #database: 10000; #queries: 7608 >: R@1: 73.7, R@5: 88.7, R@10: 92.7, R@20: 95.5
2022-01-15 07:10:56   Improved: previous best R@5 = 88.5, current R@5 = 88.7
2022-01-15 07:10:56   Start training epoch: 10
2022-01-15 07:10:56   Cache: 0 / 5
2022-01-15 07:12:08   Epoch[10](0/5): current batch triplet loss = 0.0490, average epoch triplet loss = 0.0664
2022-01-15 07:12:08   Cache: 1 / 5
2022-01-15 07:13:21   Epoch[10](1/5): current batch triplet loss = 0.0810, average epoch triplet loss = 0.0659
2022-01-15 07:13:21   Cache: 2 / 5
2022-01-15 07:14:33   Epoch[10](2/5): current batch triplet loss = 0.1097, average epoch triplet loss = 0.0654
2022-01-15 07:14:33   Cache: 3 / 5
2022-01-15 07:15:46   Epoch[10](3/5): current batch triplet loss = 0.0729, average epoch triplet loss = 0.0653
2022-01-15 07:15:46   Cache: 4 / 5
2022-01-15 07:16:58   Epoch[10](4/5): current batch triplet loss = 0.0484, average epoch triplet loss = 0.0651
2022-01-15 07:16:58   Finished epoch 10 in 0:06:02, average epoch triplet loss = 0.0651
2022-01-15 07:16:58   Extracting database features for evaluation/testing
2022-01-15 07:17:23   Extracting queries features for evaluation/testing
2022-01-15 07:17:43   Calculating recalls
2022-01-15 07:17:43   Recalls on val set < BaseDataset, pitts30k - #database: 10000; #queries: 7608 >: R@1: 74.5, R@5: 88.9, R@10: 93.0, R@20: 95.6
2022-01-15 07:17:44   Improved: previous best R@5 = 88.7, current R@5 = 88.9
2022-01-15 07:17:44   Start training epoch: 11
2022-01-15 07:17:44   Cache: 0 / 5
2022-01-15 07:18:56   Epoch[11](0/5): current batch triplet loss = 0.0854, average epoch triplet loss = 0.0642
2022-01-15 07:18:56   Cache: 1 / 5
2022-01-15 07:20:09   Epoch[11](1/5): current batch triplet loss = 0.0619, average epoch triplet loss = 0.0646
2022-01-15 07:20:09   Cache: 2 / 5
2022-01-15 07:21:21   Epoch[11](2/5): current batch triplet loss = 0.0815, average epoch triplet loss = 0.0647
2022-01-15 07:21:21   Cache: 3 / 5
2022-01-15 07:22:34   Epoch[11](3/5): current batch triplet loss = 0.0605, average epoch triplet loss = 0.0648
2022-01-15 07:22:34   Cache: 4 / 5
2022-01-15 07:23:46   Epoch[11](4/5): current batch triplet loss = 0.0715, average epoch triplet loss = 0.0647
2022-01-15 07:23:46   Finished epoch 11 in 0:06:02, average epoch triplet loss = 0.0647
2022-01-15 07:23:46   Extracting database features for evaluation/testing
2022-01-15 07:24:11   Extracting queries features for evaluation/testing
2022-01-15 07:24:30   Calculating recalls
2022-01-15 07:24:31   Recalls on val set < BaseDataset, pitts30k - #database: 10000; #queries: 7608 >: R@1: 75.3, R@5: 89.2, R@10: 93.1, R@20: 95.9
2022-01-15 07:24:31   Improved: previous best R@5 = 88.9, current R@5 = 89.2
2022-01-15 07:24:31   Start training epoch: 12
2022-01-15 07:24:31   Cache: 0 / 5
2022-01-15 07:25:44   Epoch[12](0/5): current batch triplet loss = 0.0594, average epoch triplet loss = 0.0624
2022-01-15 07:25:44   Cache: 1 / 5
2022-01-15 07:26:57   Epoch[12](1/5): current batch triplet loss = 0.0581, average epoch triplet loss = 0.0636
2022-01-15 07:26:57   Cache: 2 / 5
2022-01-15 07:28:09   Epoch[12](2/5): current batch triplet loss = 0.0457, average epoch triplet loss = 0.0636
2022-01-15 07:28:09   Cache: 3 / 5
2022-01-15 07:29:22   Epoch[12](3/5): current batch triplet loss = 0.0829, average epoch triplet loss = 0.0644
2022-01-15 07:29:22   Cache: 4 / 5
2022-01-15 07:30:35   Epoch[12](4/5): current batch triplet loss = 0.0989, average epoch triplet loss = 0.0644
2022-01-15 07:30:35   Finished epoch 12 in 0:06:03, average epoch triplet loss = 0.0644
2022-01-15 07:30:35   Extracting database features for evaluation/testing
2022-01-15 07:31:00   Extracting queries features for evaluation/testing
2022-01-15 07:31:19   Calculating recalls
2022-01-15 07:31:20   Recalls on val set < BaseDataset, pitts30k - #database: 10000; #queries: 7608 >: R@1: 75.4, R@5: 89.5, R@10: 93.1, R@20: 95.8
2022-01-15 07:31:20   Improved: previous best R@5 = 89.2, current R@5 = 89.5
2022-01-15 07:31:20   Start training epoch: 13
2022-01-15 07:31:20   Cache: 0 / 5
2022-01-15 07:32:33   Epoch[13](0/5): current batch triplet loss = 0.0905, average epoch triplet loss = 0.0646
2022-01-15 07:32:33   Cache: 1 / 5
2022-01-15 07:33:45   Epoch[13](1/5): current batch triplet loss = 0.0544, average epoch triplet loss = 0.0645
2022-01-15 07:33:45   Cache: 2 / 5
2022-01-15 07:34:58   Epoch[13](2/5): current batch triplet loss = 0.0687, average epoch triplet loss = 0.0640
2022-01-15 07:34:58   Cache: 3 / 5
2022-01-15 07:36:10   Epoch[13](3/5): current batch triplet loss = 0.0702, average epoch triplet loss = 0.0638
2022-01-15 07:36:10   Cache: 4 / 5
2022-01-15 07:37:23   Epoch[13](4/5): current batch triplet loss = 0.0626, average epoch triplet loss = 0.0636
2022-01-15 07:37:23   Finished epoch 13 in 0:06:02, average epoch triplet loss = 0.0636
2022-01-15 07:37:23   Extracting database features for evaluation/testing
2022-01-15 07:37:49   Extracting queries features for evaluation/testing
2022-01-15 07:38:08   Calculating recalls
2022-01-15 07:38:09   Recalls on val set < BaseDataset, pitts30k - #database: 10000; #queries: 7608 >: R@1: 75.7, R@5: 89.7, R@10: 93.3, R@20: 96.0
2022-01-15 07:38:10   Improved: previous best R@5 = 89.5, current R@5 = 89.7
2022-01-15 07:38:10   Start training epoch: 14
2022-01-15 07:38:10   Cache: 0 / 5
2022-01-15 07:39:22   Epoch[14](0/5): current batch triplet loss = 0.0559, average epoch triplet loss = 0.0636
2022-01-15 07:39:22   Cache: 1 / 5
2022-01-15 07:40:34   Epoch[14](1/5): current batch triplet loss = 0.0734, average epoch triplet loss = 0.0635
2022-01-15 07:40:34   Cache: 2 / 5
2022-01-15 07:41:47   Epoch[14](2/5): current batch triplet loss = 0.0584, average epoch triplet loss = 0.0633
2022-01-15 07:41:47   Cache: 3 / 5
2022-01-15 07:42:59   Epoch[14](3/5): current batch triplet loss = 0.0666, average epoch triplet loss = 0.0633
2022-01-15 07:42:59   Cache: 4 / 5
2022-01-15 07:44:11   Epoch[14](4/5): current batch triplet loss = 0.0812, average epoch triplet loss = 0.0630
2022-01-15 07:44:11   Finished epoch 14 in 0:06:01, average epoch triplet loss = 0.0630
2022-01-15 07:44:11   Extracting database features for evaluation/testing
2022-01-15 07:44:37   Extracting queries features for evaluation/testing
2022-01-15 07:44:56   Calculating recalls
2022-01-15 07:44:57   Recalls on val set < BaseDataset, pitts30k - #database: 10000; #queries: 7608 >: R@1: 76.1, R@5: 89.8, R@10: 93.3, R@20: 95.9
2022-01-15 07:44:57   Improved: previous best R@5 = 89.7, current R@5 = 89.8
2022-01-15 07:44:57   Start training epoch: 15
2022-01-15 07:44:57   Cache: 0 / 5
2022-01-15 07:46:10   Epoch[15](0/5): current batch triplet loss = 0.0557, average epoch triplet loss = 0.0612
2022-01-15 07:46:10   Cache: 1 / 5
2022-01-15 07:47:22   Epoch[15](1/5): current batch triplet loss = 0.0687, average epoch triplet loss = 0.0610
2022-01-15 07:47:22   Cache: 2 / 5
2022-01-15 07:48:34   Epoch[15](2/5): current batch triplet loss = 0.0470, average epoch triplet loss = 0.0609
2022-01-15 07:48:34   Cache: 3 / 5
2022-01-15 07:49:47   Epoch[15](3/5): current batch triplet loss = 0.0712, average epoch triplet loss = 0.0611
2022-01-15 07:49:47   Cache: 4 / 5
2022-01-15 07:50:59   Epoch[15](4/5): current batch triplet loss = 0.0833, average epoch triplet loss = 0.0610
2022-01-15 07:50:59   Finished epoch 15 in 0:06:01, average epoch triplet loss = 0.0610
2022-01-15 07:50:59   Extracting database features for evaluation/testing
2022-01-15 07:51:24   Extracting queries features for evaluation/testing
2022-01-15 07:51:44   Calculating recalls
2022-01-15 07:51:45   Recalls on val set < BaseDataset, pitts30k - #database: 10000; #queries: 7608 >: R@1: 76.4, R@5: 89.9, R@10: 93.4, R@20: 96.0
2022-01-15 07:51:45   Improved: previous best R@5 = 89.8, current R@5 = 89.9
2022-01-15 07:51:45   Start training epoch: 16
2022-01-15 07:51:45   Cache: 0 / 5
2022-01-15 07:52:57   Epoch[16](0/5): current batch triplet loss = 0.0711, average epoch triplet loss = 0.0609
2022-01-15 07:52:57   Cache: 1 / 5
2022-01-15 07:54:10   Epoch[16](1/5): current batch triplet loss = 0.0424, average epoch triplet loss = 0.0603
2022-01-15 07:54:10   Cache: 2 / 5
2022-01-15 07:55:22   Epoch[16](2/5): current batch triplet loss = 0.0403, average epoch triplet loss = 0.0605
2022-01-15 07:55:22   Cache: 3 / 5
2022-01-15 07:56:34   Epoch[16](3/5): current batch triplet loss = 0.0270, average epoch triplet loss = 0.0607
2022-01-15 07:56:34   Cache: 4 / 5
2022-01-15 07:57:47   Epoch[16](4/5): current batch triplet loss = 0.0641, average epoch triplet loss = 0.0609
2022-01-15 07:57:47   Finished epoch 16 in 0:06:02, average epoch triplet loss = 0.0609
2022-01-15 07:57:47   Extracting database features for evaluation/testing
2022-01-15 07:58:12   Extracting queries features for evaluation/testing
2022-01-15 07:58:32   Calculating recalls
2022-01-15 07:58:33   Recalls on val set < BaseDataset, pitts30k - #database: 10000; #queries: 7608 >: R@1: 76.5, R@5: 89.8, R@10: 93.3, R@20: 95.9
2022-01-15 07:58:33   Not improved: 1 / 3: best R@5 = 89.9, current R@5 = 89.8
2022-01-15 07:58:33   Start training epoch: 17
2022-01-15 07:58:33   Cache: 0 / 5
2022-01-15 07:59:45   Epoch[17](0/5): current batch triplet loss = 0.0534, average epoch triplet loss = 0.0596
2022-01-15 07:59:45   Cache: 1 / 5
2022-01-15 08:00:58   Epoch[17](1/5): current batch triplet loss = 0.0453, average epoch triplet loss = 0.0599
2022-01-15 08:00:58   Cache: 2 / 5
2022-01-15 08:02:10   Epoch[17](2/5): current batch triplet loss = 0.0785, average epoch triplet loss = 0.0603
2022-01-15 08:02:10   Cache: 3 / 5
2022-01-15 08:03:23   Epoch[17](3/5): current batch triplet loss = 0.0643, average epoch triplet loss = 0.0599
2022-01-15 08:03:23   Cache: 4 / 5
2022-01-15 08:04:36   Epoch[17](4/5): current batch triplet loss = 0.0578, average epoch triplet loss = 0.0599
2022-01-15 08:04:36   Finished epoch 17 in 0:06:03, average epoch triplet loss = 0.0599
2022-01-15 08:04:36   Extracting database features for evaluation/testing
2022-01-15 08:05:02   Extracting queries features for evaluation/testing
2022-01-15 08:05:21   Calculating recalls
2022-01-15 08:05:22   Recalls on val set < BaseDataset, pitts30k - #database: 10000; #queries: 7608 >: R@1: 76.9, R@5: 90.1, R@10: 93.4, R@20: 96.1
2022-01-15 08:05:22   Improved: previous best R@5 = 89.9, current R@5 = 90.1
2022-01-15 08:05:22   Start training epoch: 18
2022-01-15 08:05:22   Cache: 0 / 5
2022-01-15 08:06:35   Epoch[18](0/5): current batch triplet loss = 0.0585, average epoch triplet loss = 0.0587
2022-01-15 08:06:35   Cache: 1 / 5
2022-01-15 08:07:47   Epoch[18](1/5): current batch triplet loss = 0.0617, average epoch triplet loss = 0.0596
2022-01-15 08:07:47   Cache: 2 / 5
2022-01-15 08:09:01   Epoch[18](2/5): current batch triplet loss = 0.0668, average epoch triplet loss = 0.0587
2022-01-15 08:09:01   Cache: 3 / 5
2022-01-15 08:10:13   Epoch[18](3/5): current batch triplet loss = 0.0444, average epoch triplet loss = 0.0584
2022-01-15 08:10:13   Cache: 4 / 5
2022-01-15 08:11:25   Epoch[18](4/5): current batch triplet loss = 0.0311, average epoch triplet loss = 0.0585
2022-01-15 08:11:25   Finished epoch 18 in 0:06:02, average epoch triplet loss = 0.0585
2022-01-15 08:11:25   Extracting database features for evaluation/testing
2022-01-15 08:11:51   Extracting queries features for evaluation/testing
2022-01-15 08:12:10   Calculating recalls
2022-01-15 08:12:11   Recalls on val set < BaseDataset, pitts30k - #database: 10000; #queries: 7608 >: R@1: 76.9, R@5: 90.1, R@10: 93.5, R@20: 96.1
2022-01-15 08:12:11   Improved: previous best R@5 = 90.1, current R@5 = 90.1
2022-01-15 08:12:11   Start training epoch: 19
2022-01-15 08:12:11   Cache: 0 / 5
2022-01-15 08:13:24   Epoch[19](0/5): current batch triplet loss = 0.0742, average epoch triplet loss = 0.0582
2022-01-15 08:13:24   Cache: 1 / 5
2022-01-15 08:14:36   Epoch[19](1/5): current batch triplet loss = 0.0461, average epoch triplet loss = 0.0581
2022-01-15 08:14:36   Cache: 2 / 5
2022-01-15 08:15:48   Epoch[19](2/5): current batch triplet loss = 0.0567, average epoch triplet loss = 0.0582
2022-01-15 08:15:48   Cache: 3 / 5
2022-01-15 08:17:01   Epoch[19](3/5): current batch triplet loss = 0.0495, average epoch triplet loss = 0.0582
2022-01-15 08:17:01   Cache: 4 / 5
2022-01-15 08:18:13   Epoch[19](4/5): current batch triplet loss = 0.0502, average epoch triplet loss = 0.0583
2022-01-15 08:18:13   Finished epoch 19 in 0:06:01, average epoch triplet loss = 0.0583
2022-01-15 08:18:13   Extracting database features for evaluation/testing
2022-01-15 08:18:38   Extracting queries features for evaluation/testing
2022-01-15 08:18:58   Calculating recalls
2022-01-15 08:18:59   Recalls on val set < BaseDataset, pitts30k - #database: 10000; #queries: 7608 >: R@1: 77.1, R@5: 90.0, R@10: 93.4, R@20: 96.0
2022-01-15 08:18:59   Not improved: 1 / 3: best R@5 = 90.1, current R@5 = 90.0
2022-01-15 08:18:59   Best R@5: 90.1
2022-01-15 08:18:59   Trained for 20 epochs, in total in 2:16:29
2022-01-15 08:18:59   Extracting database features for evaluation/testing
2022-01-15 08:19:24   Extracting queries features for evaluation/testing
2022-01-15 08:19:42   Calculating recalls
2022-01-15 08:19:42   Recalls on < BaseDataset, pitts30k - #database: 10000; #queries: 6816 >: R@1: 74.7, R@5: 89.0, R@10: 92.6, R@20: 95.0
