2022-01-15 06:02:29   Arguments: Namespace(backbone='resnet18', use_netvlad=None, netvlad_clusters=64, use_gem=True, gem_p=3, gem_eps=1e-06, use_sgd=None, use_adagrad=None, momentum=0.9, train_batch_size=4, infer_batch_size=16, margin=0.1, epochs_num=20, patience=3, lr=1e-06, cache_refresh_rate=1000, queries_per_epoch=5000, negs_num_per_query=10, neg_samples_num=1000, seed=0, device='cuda', num_workers=8, val_positive_dist_threshold=25, train_positives_dist_threshold=10, recall_values=[1, 5, 10, 20], datasets_folder='./Dataset_pitts30k', exp_name='default', test_dataset_name=None, test_model_path=None, output_folder='runs/default/2022-01-15_06-02-29')
2022-01-15 06:02:29   The outputs are being saved in runs/default/2022-01-15_06-02-29
2022-01-15 06:02:29   Using 1 GPUs and 12 CPUs
2022-01-15 06:02:29   There are 96 queries without any positives within the training set. They won't be considered as they're useless for training.
2022-01-15 06:02:29   Train query set: < TripletsDataset, pitts30k - #database: 10000; #queries: 7320 >
2022-01-15 06:02:30   Val set: < BaseDataset, pitts30k - #database: 10000; #queries: 7608 >
2022-01-15 06:02:30   Test set: < BaseDataset, pitts30k - #database: 10000; #queries: 6816 >
2022-01-15 06:02:35   Output dimension of the model is 256
2022-01-15 06:02:35   Start training epoch: 00
2022-01-15 06:08:40   Finished epoch 00 in 0:06:04, average epoch triplet loss = 0.0798
2022-01-15 06:09:25   Recalls on val set < BaseDataset, pitts30k - #database: 10000; #queries: 7608 >: R@1: 44.8, R@5: 65.3, R@10: 74.0, R@20: 82.2
2022-01-15 06:09:25   Improved: previous best R@5 = 0.0, current R@5 = 65.3
2022-01-15 06:09:25   Start training epoch: 01
2022-01-15 06:15:34   Finished epoch 01 in 0:06:09, average epoch triplet loss = 0.0767
2022-01-15 06:16:20   Recalls on val set < BaseDataset, pitts30k - #database: 10000; #queries: 7608 >: R@1: 53.0, R@5: 74.1, R@10: 81.3, R@20: 88.1
2022-01-15 06:16:20   Improved: previous best R@5 = 65.3, current R@5 = 74.1
2022-01-15 06:16:20   Start training epoch: 02
2022-01-15 06:22:23   Finished epoch 02 in 0:06:03, average epoch triplet loss = 0.0750
2022-01-15 06:23:09   Recalls on val set < BaseDataset, pitts30k - #database: 10000; #queries: 7608 >: R@1: 59.5, R@5: 79.4, R@10: 85.8, R@20: 91.6
2022-01-15 06:23:09   Improved: previous best R@5 = 74.1, current R@5 = 79.4
2022-01-15 06:23:09   Start training epoch: 03
2022-01-15 06:29:13   Finished epoch 03 in 0:06:04, average epoch triplet loss = 0.0738
2022-01-15 06:30:00   Recalls on val set < BaseDataset, pitts30k - #database: 10000; #queries: 7608 >: R@1: 64.1, R@5: 82.5, R@10: 88.6, R@20: 93.1
2022-01-15 06:30:01   Improved: previous best R@5 = 79.4, current R@5 = 82.5
2022-01-15 06:30:01   Start training epoch: 04
2022-01-15 06:36:04   Finished epoch 04 in 0:06:03, average epoch triplet loss = 0.0726
2022-01-15 06:36:50   Recalls on val set < BaseDataset, pitts30k - #database: 10000; #queries: 7608 >: R@1: 66.7, R@5: 84.6, R@10: 90.2, R@20: 94.0
2022-01-15 06:36:50   Improved: previous best R@5 = 82.5, current R@5 = 84.6
2022-01-15 06:36:50   Start training epoch: 05
2022-01-15 06:42:55   Finished epoch 05 in 0:06:04, average epoch triplet loss = 0.0713
2022-01-15 06:43:41   Recalls on val set < BaseDataset, pitts30k - #database: 10000; #queries: 7608 >: R@1: 69.0, R@5: 86.7, R@10: 91.3, R@20: 94.8
2022-01-15 06:43:41   Improved: previous best R@5 = 84.6, current R@5 = 86.7
2022-01-15 06:43:41   Start training epoch: 06
2022-01-15 06:49:45   Finished epoch 06 in 0:06:04, average epoch triplet loss = 0.0702
2022-01-15 06:50:31   Recalls on val set < BaseDataset, pitts30k - #database: 10000; #queries: 7608 >: R@1: 71.0, R@5: 87.4, R@10: 91.9, R@20: 95.1
2022-01-15 06:50:31   Improved: previous best R@5 = 86.7, current R@5 = 87.4
2022-01-15 06:50:31   Start training epoch: 07
2022-01-15 06:56:34   Finished epoch 07 in 0:06:03, average epoch triplet loss = 0.0692
2022-01-15 06:57:20   Recalls on val set < BaseDataset, pitts30k - #database: 10000; #queries: 7608 >: R@1: 72.2, R@5: 88.1, R@10: 92.2, R@20: 95.1
2022-01-15 06:57:20   Improved: previous best R@5 = 87.4, current R@5 = 88.1
2022-01-15 06:57:20   Start training epoch: 08
2022-01-15 07:03:22   Finished epoch 08 in 0:06:01, average epoch triplet loss = 0.0680
2022-01-15 07:04:07   Recalls on val set < BaseDataset, pitts30k - #database: 10000; #queries: 7608 >: R@1: 73.1, R@5: 88.5, R@10: 92.8, R@20: 95.7
2022-01-15 07:04:07   Improved: previous best R@5 = 88.1, current R@5 = 88.5
2022-01-15 07:04:07   Start training epoch: 09
2022-01-15 07:10:10   Finished epoch 09 in 0:06:02, average epoch triplet loss = 0.0670
2022-01-15 07:10:55   Recalls on val set < BaseDataset, pitts30k - #database: 10000; #queries: 7608 >: R@1: 73.7, R@5: 88.7, R@10: 92.7, R@20: 95.5
2022-01-15 07:10:56   Improved: previous best R@5 = 88.5, current R@5 = 88.7
2022-01-15 07:10:56   Start training epoch: 10
2022-01-15 07:16:58   Finished epoch 10 in 0:06:02, average epoch triplet loss = 0.0651
2022-01-15 07:17:43   Recalls on val set < BaseDataset, pitts30k - #database: 10000; #queries: 7608 >: R@1: 74.5, R@5: 88.9, R@10: 93.0, R@20: 95.6
2022-01-15 07:17:44   Improved: previous best R@5 = 88.7, current R@5 = 88.9
2022-01-15 07:17:44   Start training epoch: 11
2022-01-15 07:23:46   Finished epoch 11 in 0:06:02, average epoch triplet loss = 0.0647
2022-01-15 07:24:31   Recalls on val set < BaseDataset, pitts30k - #database: 10000; #queries: 7608 >: R@1: 75.3, R@5: 89.2, R@10: 93.1, R@20: 95.9
2022-01-15 07:24:31   Improved: previous best R@5 = 88.9, current R@5 = 89.2
2022-01-15 07:24:31   Start training epoch: 12
2022-01-15 07:30:35   Finished epoch 12 in 0:06:03, average epoch triplet loss = 0.0644
2022-01-15 07:31:20   Recalls on val set < BaseDataset, pitts30k - #database: 10000; #queries: 7608 >: R@1: 75.4, R@5: 89.5, R@10: 93.1, R@20: 95.8
2022-01-15 07:31:20   Improved: previous best R@5 = 89.2, current R@5 = 89.5
2022-01-15 07:31:20   Start training epoch: 13
2022-01-15 07:37:23   Finished epoch 13 in 0:06:02, average epoch triplet loss = 0.0636
2022-01-15 07:38:09   Recalls on val set < BaseDataset, pitts30k - #database: 10000; #queries: 7608 >: R@1: 75.7, R@5: 89.7, R@10: 93.3, R@20: 96.0
2022-01-15 07:38:10   Improved: previous best R@5 = 89.5, current R@5 = 89.7
2022-01-15 07:38:10   Start training epoch: 14
2022-01-15 07:44:11   Finished epoch 14 in 0:06:01, average epoch triplet loss = 0.0630
2022-01-15 07:44:57   Recalls on val set < BaseDataset, pitts30k - #database: 10000; #queries: 7608 >: R@1: 76.1, R@5: 89.8, R@10: 93.3, R@20: 95.9
2022-01-15 07:44:57   Improved: previous best R@5 = 89.7, current R@5 = 89.8
2022-01-15 07:44:57   Start training epoch: 15
2022-01-15 07:50:59   Finished epoch 15 in 0:06:01, average epoch triplet loss = 0.0610
2022-01-15 07:51:45   Recalls on val set < BaseDataset, pitts30k - #database: 10000; #queries: 7608 >: R@1: 76.4, R@5: 89.9, R@10: 93.4, R@20: 96.0
2022-01-15 07:51:45   Improved: previous best R@5 = 89.8, current R@5 = 89.9
2022-01-15 07:51:45   Start training epoch: 16
2022-01-15 07:57:47   Finished epoch 16 in 0:06:02, average epoch triplet loss = 0.0609
2022-01-15 07:58:33   Recalls on val set < BaseDataset, pitts30k - #database: 10000; #queries: 7608 >: R@1: 76.5, R@5: 89.8, R@10: 93.3, R@20: 95.9
2022-01-15 07:58:33   Not improved: 1 / 3: best R@5 = 89.9, current R@5 = 89.8
2022-01-15 07:58:33   Start training epoch: 17
2022-01-15 08:04:36   Finished epoch 17 in 0:06:03, average epoch triplet loss = 0.0599
2022-01-15 08:05:22   Recalls on val set < BaseDataset, pitts30k - #database: 10000; #queries: 7608 >: R@1: 76.9, R@5: 90.1, R@10: 93.4, R@20: 96.1
2022-01-15 08:05:22   Improved: previous best R@5 = 89.9, current R@5 = 90.1
2022-01-15 08:05:22   Start training epoch: 18
2022-01-15 08:11:25   Finished epoch 18 in 0:06:02, average epoch triplet loss = 0.0585
2022-01-15 08:12:11   Recalls on val set < BaseDataset, pitts30k - #database: 10000; #queries: 7608 >: R@1: 76.9, R@5: 90.1, R@10: 93.5, R@20: 96.1
2022-01-15 08:12:11   Improved: previous best R@5 = 90.1, current R@5 = 90.1
2022-01-15 08:12:11   Start training epoch: 19
2022-01-15 08:18:13   Finished epoch 19 in 0:06:01, average epoch triplet loss = 0.0583
2022-01-15 08:18:59   Recalls on val set < BaseDataset, pitts30k - #database: 10000; #queries: 7608 >: R@1: 77.1, R@5: 90.0, R@10: 93.4, R@20: 96.0
2022-01-15 08:18:59   Not improved: 1 / 3: best R@5 = 90.1, current R@5 = 90.0
2022-01-15 08:18:59   Best R@5: 90.1
2022-01-15 08:18:59   Trained for 20 epochs, in total in 2:16:29
2022-01-15 08:19:42   Recalls on < BaseDataset, pitts30k - #database: 10000; #queries: 6816 >: R@1: 74.7, R@5: 89.0, R@10: 92.6, R@20: 95.0
