2022-01-14 14:36:50   Arguments: Namespace(backbone='resnet18', cache_refresh_rate=1000, datasets_folder='./Dataset_pitts30k', device='cuda', epochs_num=20, exp_name='default', gem_eps=1e-06, gem_p=3, infer_batch_size=16, lr=0.001, margin=0.1, momentum=0.9, neg_samples_num=1000, negs_num_per_query=10, netvlad_clusters=64, num_workers=8, output_folder='runs/default/2022-01-14_14-36-50', patience=3, queries_per_epoch=5000, recall_values=[1, 5, 10, 20], seed=0, test_dataset_name=None, test_model_path=None, train_batch_size=4, train_positives_dist_threshold=10, use_adagrad=None, use_gem=None, use_netvlad=True, use_sgd=None, val_positive_dist_threshold=25)
2022-01-14 14:36:50   The outputs are being saved in runs/default/2022-01-14_14-36-50
2022-01-14 14:36:50   Using 1 GPUs and 6 CPUs
2022-01-14 14:36:50   Loading dataset Pitts30k from folder ./Dataset_pitts30k
2022-01-14 14:36:52   There are 96 queries without any positives within the training set. They won't be considered as they're useless for training.
2022-01-14 14:36:52   Train query set: < TripletsDataset, pitts30k - #database: 10000; #queries: 7320 >
2022-01-14 14:36:52   Val set: < BaseDataset, pitts30k - #database: 10000; #queries: 7608 >
2022-01-14 14:36:53   Test set: < BaseDataset, pitts30k - #database: 10000; #queries: 6816 >
2022-01-14 14:36:54   Train only conv4 of the ResNet-18 (remove conv5), freeze the previous ones
2022-01-14 14:36:57   Output dimension of the model is 16384
2022-01-14 14:36:57   Start training epoch: 00
2022-01-14 14:36:57   Cache: 0 / 5
2022-01-14 14:45:27   Epoch[00](0/5): current batch triplet loss = 0.0274, average epoch triplet loss = 0.0196
2022-01-14 14:45:27   Cache: 1 / 5
2022-01-14 14:53:58   Epoch[00](1/5): current batch triplet loss = 0.0106, average epoch triplet loss = 0.0198
2022-01-14 14:53:58   Cache: 2 / 5
2022-01-14 15:02:28   Epoch[00](2/5): current batch triplet loss = 0.0062, average epoch triplet loss = 0.0190
2022-01-14 15:02:28   Cache: 3 / 5
2022-01-14 15:10:58   Epoch[00](3/5): current batch triplet loss = 0.0326, average epoch triplet loss = 0.0185
2022-01-14 15:10:58   Cache: 4 / 5
2022-01-14 15:19:30   Epoch[00](4/5): current batch triplet loss = 0.0363, average epoch triplet loss = 0.0181
2022-01-14 15:19:30   Finished epoch 00 in 0:42:32, average epoch triplet loss = 0.0181
2022-01-14 15:19:30   Extracting database features for evaluation/testing
2022-01-14 15:21:27   Extracting queries features for evaluation/testing
2022-01-14 15:22:57   Calculating recalls
2022-01-14 15:23:33   Recalls on val set < BaseDataset, pitts30k - #database: 10000; #queries: 7608 >: R@1: 79.5, R@5: 92.0, R@10: 94.9, R@20: 97.1
2022-01-14 15:23:34   Improved: previous best R@5 = 0.0, current R@5 = 92.0
2022-01-14 15:23:34   Start training epoch: 01
2022-01-14 15:23:34   Cache: 0 / 5
2022-01-14 15:32:05   Epoch[01](0/5): current batch triplet loss = 0.0206, average epoch triplet loss = 0.0149
2022-01-14 15:32:05   Cache: 1 / 5
2022-01-14 15:40:37   Epoch[01](1/5): current batch triplet loss = 0.0017, average epoch triplet loss = 0.0147
2022-01-14 15:40:37   Cache: 2 / 5
2022-01-14 15:49:09   Epoch[01](2/5): current batch triplet loss = 0.0362, average epoch triplet loss = 0.0142
2022-01-14 15:49:09   Cache: 3 / 5
2022-01-14 15:57:41   Epoch[01](3/5): current batch triplet loss = 0.0201, average epoch triplet loss = 0.0140
2022-01-14 15:57:41   Cache: 4 / 5
2022-01-14 16:06:12   Epoch[01](4/5): current batch triplet loss = 0.0173, average epoch triplet loss = 0.0137
2022-01-14 16:06:12   Finished epoch 01 in 0:42:37, average epoch triplet loss = 0.0137
2022-01-14 16:06:12   Extracting database features for evaluation/testing
2022-01-14 16:08:09   Extracting queries features for evaluation/testing
2022-01-14 16:09:39   Calculating recalls
2022-01-14 16:10:15   Recalls on val set < BaseDataset, pitts30k - #database: 10000; #queries: 7608 >: R@1: 82.2, R@5: 92.6, R@10: 95.5, R@20: 97.1
2022-01-14 16:10:16   Improved: previous best R@5 = 92.0, current R@5 = 92.6
2022-01-14 16:10:16   Start training epoch: 02
2022-01-14 16:10:16   Cache: 0 / 5
2022-01-14 16:18:47   Epoch[02](0/5): current batch triplet loss = 0.0014, average epoch triplet loss = 0.0110
2022-01-14 16:18:47   Cache: 1 / 5
2022-01-14 16:27:19   Epoch[02](1/5): current batch triplet loss = 0.0065, average epoch triplet loss = 0.0110
2022-01-14 16:27:19   Cache: 2 / 5
2022-01-14 16:35:51   Epoch[02](2/5): current batch triplet loss = 0.0040, average epoch triplet loss = 0.0111
2022-01-14 16:35:51   Cache: 3 / 5
2022-01-14 16:44:22   Epoch[02](3/5): current batch triplet loss = 0.0057, average epoch triplet loss = 0.0110
2022-01-14 16:44:23   Cache: 4 / 5
2022-01-14 16:52:55   Epoch[02](4/5): current batch triplet loss = 0.0044, average epoch triplet loss = 0.0109
2022-01-14 16:52:55   Finished epoch 02 in 0:42:38, average epoch triplet loss = 0.0109
2022-01-14 16:52:55   Extracting database features for evaluation/testing
2022-01-14 16:54:51   Extracting queries features for evaluation/testing
2022-01-14 16:56:21   Calculating recalls
2022-01-14 16:56:57   Recalls on val set < BaseDataset, pitts30k - #database: 10000; #queries: 7608 >: R@1: 83.1, R@5: 92.9, R@10: 95.4, R@20: 97.3
2022-01-14 16:56:58   Improved: previous best R@5 = 92.6, current R@5 = 92.9
2022-01-14 16:56:58   Start training epoch: 03
2022-01-14 16:56:59   Cache: 0 / 5
2022-01-14 17:05:29   Epoch[03](0/5): current batch triplet loss = 0.0022, average epoch triplet loss = 0.0097
2022-01-14 17:05:29   Cache: 1 / 5
2022-01-14 17:14:00   Epoch[03](1/5): current batch triplet loss = 0.0119, average epoch triplet loss = 0.0103
2022-01-14 17:14:01   Cache: 2 / 5
2022-01-14 17:22:32   Epoch[03](2/5): current batch triplet loss = 0.0036, average epoch triplet loss = 0.0104
2022-01-14 17:22:32   Cache: 3 / 5
2022-01-14 17:31:04   Epoch[03](3/5): current batch triplet loss = 0.0203, average epoch triplet loss = 0.0101
2022-01-14 17:31:04   Cache: 4 / 5
2022-01-14 17:39:36   Epoch[03](4/5): current batch triplet loss = 0.0110, average epoch triplet loss = 0.0101
2022-01-14 17:39:36   Finished epoch 03 in 0:42:37, average epoch triplet loss = 0.0101
2022-01-14 17:39:36   Extracting database features for evaluation/testing
2022-01-14 17:41:32   Extracting queries features for evaluation/testing
2022-01-14 17:43:02   Calculating recalls
2022-01-14 17:43:39   Recalls on val set < BaseDataset, pitts30k - #database: 10000; #queries: 7608 >: R@1: 81.8, R@5: 92.5, R@10: 95.4, R@20: 97.3
2022-01-14 17:43:40   Not improved: 1 / 3: best R@5 = 92.9, current R@5 = 92.5
2022-01-14 17:43:40   Start training epoch: 04
2022-01-14 17:43:40   Cache: 0 / 5
2022-01-14 17:52:10   Epoch[04](0/5): current batch triplet loss = 0.0000, average epoch triplet loss = 0.0094
2022-01-14 17:52:10   Cache: 1 / 5
2022-01-14 18:00:41   Epoch[04](1/5): current batch triplet loss = 0.0001, average epoch triplet loss = 0.0089
2022-01-14 18:00:41   Cache: 2 / 5
2022-01-14 18:09:13   Epoch[04](2/5): current batch triplet loss = 0.0180, average epoch triplet loss = 0.0089
2022-01-14 18:09:13   Cache: 3 / 5
2022-01-14 18:17:44   Epoch[04](3/5): current batch triplet loss = 0.0121, average epoch triplet loss = 0.0092
2022-01-14 18:17:44   Cache: 4 / 5
2022-01-14 18:26:14   Epoch[04](4/5): current batch triplet loss = 0.0016, average epoch triplet loss = 0.0092
2022-01-14 18:26:14   Finished epoch 04 in 0:42:34, average epoch triplet loss = 0.0092
2022-01-14 18:26:14   Extracting database features for evaluation/testing
2022-01-14 18:28:11   Extracting queries features for evaluation/testing
2022-01-14 18:29:41   Calculating recalls
2022-01-14 18:30:17   Recalls on val set < BaseDataset, pitts30k - #database: 10000; #queries: 7608 >: R@1: 81.9, R@5: 92.3, R@10: 95.2, R@20: 97.2
2022-01-14 18:30:18   Not improved: 2 / 3: best R@5 = 92.9, current R@5 = 92.3
2022-01-14 18:30:18   Start training epoch: 05
2022-01-14 18:30:18   Cache: 0 / 5
2022-01-14 18:38:47   Epoch[05](0/5): current batch triplet loss = 0.0048, average epoch triplet loss = 0.0090
2022-01-14 18:38:47   Cache: 1 / 5
2022-01-14 18:47:17   Epoch[05](1/5): current batch triplet loss = 0.0119, average epoch triplet loss = 0.0083
2022-01-14 18:47:17   Cache: 2 / 5
2022-01-14 18:55:48   Epoch[05](2/5): current batch triplet loss = 0.0008, average epoch triplet loss = 0.0086
2022-01-14 18:55:48   Cache: 3 / 5
2022-01-14 19:04:17   Epoch[05](3/5): current batch triplet loss = 0.0000, average epoch triplet loss = 0.0084
2022-01-14 19:04:17   Cache: 4 / 5
2022-01-14 19:12:47   Epoch[05](4/5): current batch triplet loss = 0.0112, average epoch triplet loss = 0.0083
2022-01-14 19:12:47   Finished epoch 05 in 0:42:29, average epoch triplet loss = 0.0083
2022-01-14 19:12:47   Extracting database features for evaluation/testing
2022-01-14 19:14:45   Extracting queries features for evaluation/testing
2022-01-14 19:16:14   Calculating recalls
2022-01-14 19:16:50   Recalls on val set < BaseDataset, pitts30k - #database: 10000; #queries: 7608 >: R@1: 81.8, R@5: 92.3, R@10: 94.9, R@20: 96.8
2022-01-14 19:16:51   Not improved: 3 / 3: best R@5 = 92.9, current R@5 = 92.3
2022-01-14 19:16:51   Performance did not improve for 3 epochs. Stop training.
2022-01-14 19:16:51   Best R@5: 92.9
2022-01-14 19:16:51   Trained for 06 epochs, in total in 4:40:00
2022-01-14 19:16:53   Extracting database features for evaluation/testing
2022-01-14 19:18:48   Extracting queries features for evaluation/testing
2022-01-14 19:20:08   Calculating recalls
2022-01-14 19:20:40   Recalls on < BaseDataset, pitts30k - #database: 10000; #queries: 6816 >: R@1: 80.4, R@5: 90.3, R@10: 93.1, R@20: 94.9
