2022-01-15 11:21:41   Arguments: Namespace(backbone='resnet18', cache_refresh_rate=1000, datasets_folder='./Dataset_pitts30k', device='cuda', epochs_num=20, exp_name='default', gem_eps=1e-06, gem_p=3, infer_batch_size=16, lr=1e-05, margin=0.1, momentum=0.9, neg_samples_num=1000, negs_num_per_query=10, netvlad_clusters=64, num_workers=8, output_folder='runs/default/2022-01-15_11-21-41', patience=3, queries_per_epoch=5000, recall_values=[1, 5, 10, 20], seed=0, test_dataset_name=None, test_model_path=None, train_batch_size=4, train_positives_dist_threshold=10, use_adagrad=None, use_gem=None, use_netvlad=True, use_sgd=True, val_positive_dist_threshold=25)
2022-01-15 11:21:41   The outputs are being saved in runs/default/2022-01-15_11-21-41
2022-01-15 11:21:41   Using 1 GPUs and 6 CPUs
2022-01-15 11:21:42   There are 96 queries without any positives within the training set. They won't be considered as they're useless for training.
2022-01-15 11:21:42   Train query set: < TripletsDataset, pitts30k - #database: 10000; #queries: 7320 >
2022-01-15 11:21:43   Val set: < BaseDataset, pitts30k - #database: 10000; #queries: 7608 >
2022-01-15 11:21:44   Test set: < BaseDataset, pitts30k - #database: 10000; #queries: 6816 >
2022-01-15 11:21:48   Output dimension of the model is 16384
2022-01-15 11:21:48   Start training epoch: 00
2022-01-15 12:04:29   Finished epoch 00 in 0:42:41, average epoch triplet loss = 0.0498
2022-01-15 12:08:34   Recalls on val set < BaseDataset, pitts30k - #database: 10000; #queries: 7608 >: R@1: 64.1, R@5: 80.8, R@10: 85.6, R@20: 89.8
2022-01-15 12:08:36   Improved: previous best R@5 = 0.0, current R@5 = 80.8
2022-01-15 12:08:36   Start training epoch: 01
2022-01-15 12:51:23   Finished epoch 01 in 0:42:47, average epoch triplet loss = 0.0532
2022-01-15 12:55:28   Recalls on val set < BaseDataset, pitts30k - #database: 10000; #queries: 7608 >: R@1: 65.1, R@5: 81.4, R@10: 86.2, R@20: 90.4
2022-01-15 12:55:29   Improved: previous best R@5 = 80.8, current R@5 = 81.4
2022-01-15 12:55:30   Start training epoch: 02
2022-01-15 13:38:22   Finished epoch 02 in 0:42:52, average epoch triplet loss = 0.0550
2022-01-15 13:42:27   Recalls on val set < BaseDataset, pitts30k - #database: 10000; #queries: 7608 >: R@1: 66.4, R@5: 82.7, R@10: 87.3, R@20: 91.1
2022-01-15 13:42:28   Improved: previous best R@5 = 81.4, current R@5 = 82.7
2022-01-15 13:42:28   Start training epoch: 03
2022-01-15 14:25:18   Finished epoch 03 in 0:42:49, average epoch triplet loss = 0.0557
2022-01-15 14:29:22   Recalls on val set < BaseDataset, pitts30k - #database: 10000; #queries: 7608 >: R@1: 68.8, R@5: 84.7, R@10: 88.9, R@20: 92.6
2022-01-15 14:29:23   Improved: previous best R@5 = 82.7, current R@5 = 84.7
2022-01-15 14:29:23   Start training epoch: 04
2022-01-15 15:12:12   Finished epoch 04 in 0:42:48, average epoch triplet loss = 0.0568
2022-01-15 15:16:17   Recalls on val set < BaseDataset, pitts30k - #database: 10000; #queries: 7608 >: R@1: 69.1, R@5: 84.6, R@10: 88.9, R@20: 92.3
2022-01-15 15:16:18   Not improved: 1 / 3: best R@5 = 84.7, current R@5 = 84.6
2022-01-15 15:16:18   Start training epoch: 05
2022-01-15 15:59:14   Finished epoch 05 in 0:42:55, average epoch triplet loss = 0.0574
2022-01-15 16:03:19   Recalls on val set < BaseDataset, pitts30k - #database: 10000; #queries: 7608 >: R@1: 69.8, R@5: 85.4, R@10: 89.6, R@20: 93.0
2022-01-15 16:03:20   Improved: previous best R@5 = 84.7, current R@5 = 85.4
2022-01-15 16:03:20   Start training epoch: 06
2022-01-15 16:46:10   Finished epoch 06 in 0:42:49, average epoch triplet loss = 0.0577
2022-01-15 16:50:14   Recalls on val set < BaseDataset, pitts30k - #database: 10000; #queries: 7608 >: R@1: 70.8, R@5: 86.1, R@10: 89.9, R@20: 93.4
2022-01-15 16:50:15   Improved: previous best R@5 = 85.4, current R@5 = 86.1
2022-01-15 16:50:15   Start training epoch: 07
2022-01-15 17:33:01   Finished epoch 07 in 0:42:45, average epoch triplet loss = 0.0576
2022-01-15 17:37:06   Recalls on val set < BaseDataset, pitts30k - #database: 10000; #queries: 7608 >: R@1: 72.2, R@5: 86.8, R@10: 90.7, R@20: 93.8
2022-01-15 17:37:08   Improved: previous best R@5 = 86.1, current R@5 = 86.8
2022-01-15 17:37:08   Start training epoch: 08
2022-01-15 18:19:53   Finished epoch 08 in 0:42:45, average epoch triplet loss = 0.0581
2022-01-15 18:23:59   Recalls on val set < BaseDataset, pitts30k - #database: 10000; #queries: 7608 >: R@1: 73.5, R@5: 87.7, R@10: 91.4, R@20: 94.5
2022-01-15 18:24:00   Improved: previous best R@5 = 86.8, current R@5 = 87.7
2022-01-15 18:24:00   Start training epoch: 09
2022-01-15 19:06:46   Finished epoch 09 in 0:42:45, average epoch triplet loss = 0.0578
2022-01-15 19:10:51   Recalls on val set < BaseDataset, pitts30k - #database: 10000; #queries: 7608 >: R@1: 73.0, R@5: 87.5, R@10: 91.0, R@20: 94.2
2022-01-15 19:10:51   Not improved: 1 / 3: best R@5 = 87.7, current R@5 = 87.5
2022-01-15 19:10:51   Start training epoch: 10
2022-01-15 19:53:35   Finished epoch 10 in 0:42:43, average epoch triplet loss = 0.0565
2022-01-15 19:57:39   Recalls on val set < BaseDataset, pitts30k - #database: 10000; #queries: 7608 >: R@1: 74.3, R@5: 88.0, R@10: 91.6, R@20: 94.6
2022-01-15 19:57:40   Improved: previous best R@5 = 87.7, current R@5 = 88.0
2022-01-15 19:57:40   Start training epoch: 11
2022-01-15 20:40:24   Finished epoch 11 in 0:42:44, average epoch triplet loss = 0.0567
2022-01-15 20:44:28   Recalls on val set < BaseDataset, pitts30k - #database: 10000; #queries: 7608 >: R@1: 74.7, R@5: 88.1, R@10: 91.9, R@20: 94.7
2022-01-15 20:44:30   Improved: previous best R@5 = 88.0, current R@5 = 88.1
2022-01-15 20:44:30   Start training epoch: 12
2022-01-15 21:27:12   Finished epoch 12 in 0:42:42, average epoch triplet loss = 0.0575
2022-01-15 21:31:16   Recalls on val set < BaseDataset, pitts30k - #database: 10000; #queries: 7608 >: R@1: 75.9, R@5: 88.9, R@10: 92.3, R@20: 95.1
2022-01-15 21:31:17   Improved: previous best R@5 = 88.1, current R@5 = 88.9
2022-01-15 21:31:17   Start training epoch: 13
2022-01-15 22:14:00   Finished epoch 13 in 0:42:43, average epoch triplet loss = 0.0572
2022-01-15 22:18:04   Recalls on val set < BaseDataset, pitts30k - #database: 10000; #queries: 7608 >: R@1: 75.6, R@5: 88.8, R@10: 92.4, R@20: 95.3
2022-01-15 22:18:05   Not improved: 1 / 3: best R@5 = 88.9, current R@5 = 88.8
2022-01-15 22:18:05   Start training epoch: 14
2022-01-15 23:00:46   Finished epoch 14 in 0:42:40, average epoch triplet loss = 0.0579
2022-01-15 23:04:50   Recalls on val set < BaseDataset, pitts30k - #database: 10000; #queries: 7608 >: R@1: 76.4, R@5: 89.5, R@10: 92.7, R@20: 95.4
2022-01-15 23:04:51   Improved: previous best R@5 = 88.9, current R@5 = 89.5
2022-01-15 23:04:51   Start training epoch: 15
2022-01-15 23:47:37   Finished epoch 15 in 0:42:45, average epoch triplet loss = 0.0565
2022-01-15 23:51:40   Recalls on val set < BaseDataset, pitts30k - #database: 10000; #queries: 7608 >: R@1: 77.4, R@5: 89.9, R@10: 93.2, R@20: 95.6
2022-01-15 23:51:41   Improved: previous best R@5 = 89.5, current R@5 = 89.9
2022-01-15 23:51:41   Start training epoch: 16
2022-01-16 00:37:50   Finished epoch 16 in 0:46:08, average epoch triplet loss = 0.0572
2022-01-16 00:42:57   Recalls on val set < BaseDataset, pitts30k - #database: 10000; #queries: 7608 >: R@1: 77.2, R@5: 89.9, R@10: 93.0, R@20: 95.8
2022-01-16 00:42:58   Not improved: 1 / 3: best R@5 = 89.9, current R@5 = 89.9
2022-01-16 00:42:58   Start training epoch: 17
2022-01-16 01:27:10   Finished epoch 17 in 0:44:12, average epoch triplet loss = 0.0571
2022-01-16 01:31:20   Recalls on val set < BaseDataset, pitts30k - #database: 10000; #queries: 7608 >: R@1: 77.5, R@5: 90.0, R@10: 93.2, R@20: 95.6
2022-01-16 01:31:21   Improved: previous best R@5 = 89.9, current R@5 = 90.0
2022-01-16 01:31:21   Start training epoch: 18
2022-01-16 02:16:31   Finished epoch 18 in 0:45:10, average epoch triplet loss = 0.0559
2022-01-16 02:20:56   Recalls on val set < BaseDataset, pitts30k - #database: 10000; #queries: 7608 >: R@1: 78.0, R@5: 90.4, R@10: 93.6, R@20: 95.8
2022-01-16 02:20:59   Improved: previous best R@5 = 90.0, current R@5 = 90.4
2022-01-16 02:20:59   Start training epoch: 19
2022-01-16 03:05:37   Finished epoch 19 in 0:44:37, average epoch triplet loss = 0.0572
2022-01-16 03:09:45   Recalls on val set < BaseDataset, pitts30k - #database: 10000; #queries: 7608 >: R@1: 78.1, R@5: 90.6, R@10: 93.4, R@20: 95.9
2022-01-16 03:09:47   Improved: previous best R@5 = 90.4, current R@5 = 90.6
2022-01-16 03:09:47   Best R@5: 90.6
2022-01-16 03:09:47   Trained for 20 epochs, in total in 15:48:05
2022-01-16 03:13:46   Recalls on < BaseDataset, pitts30k - #database: 10000; #queries: 6816 >: R@1: 79.7, R@5: 90.1, R@10: 92.9, R@20: 95.0
