2022-01-17 19:28:27   Arguments: Namespace(augment_input='None', backbone='resnet50-conv4', cache_refresh_rate=1000, datasets_folder='./Dataset_pitts30k', device='cuda', downscale_input=True, epochs_num=20, exp_name='default', gem_eps=1e-06, gem_p=3, infer_batch_size=16, lr=1e-05, margin=0.1, momentum=0.9, neg_samples_num=1000, negs_num_per_query=10, netvlad_clusters=64, num_workers=4, output_folder='runs/default/2022-01-17_19-28-27', patience=3, queries_per_epoch=5000, recall_values=[1, 5, 10, 20], seed=0, test_dataset_name=None, test_model_path=None, train_batch_size=4, train_positives_dist_threshold=10, upscale_input=False, use_adagrad=None, use_gem=None, use_netvlad=True, use_sgd=None, val_positive_dist_threshold=25)
2022-01-17 19:28:27   The outputs are being saved in runs/default/2022-01-17_19-28-27
2022-01-17 19:28:27   Using 1 GPUs and 4 CPUs
2022-01-17 19:28:27   Loading dataset Pitts30k from folder ./Dataset_pitts30k
2022-01-17 19:28:27   There are 96 queries without any positives within the training set. They won't be considered as they're useless for training.
2022-01-17 19:28:27   Train query set: < TripletsDataset, pitts30k - #database: 10000; #queries: 7320 >
2022-01-17 19:28:27   Val set: < BaseDataset, pitts30k - #database: 10000; #queries: 7608 >
2022-01-17 19:28:28   Test set: < BaseDataset, pitts30k - #database: 10000; #queries: 6816 >
2022-01-17 19:28:28   Cut conv5, Train only conv4 of the ResNet-50, freeze the previous ones
2022-01-17 19:28:31   Output dimension of the model is 65536
2022-01-17 19:28:31   Start training epoch: 00
2022-01-17 19:28:31   Cache: 0 / 5
2022-01-17 19:37:52   Epoch[00](0/5): current batch triplet loss = 0.0392, average epoch triplet loss = 0.0361
2022-01-17 19:37:52   Cache: 1 / 5
2022-01-17 19:47:11   Epoch[00](1/5): current batch triplet loss = 0.0444, average epoch triplet loss = 0.0326
2022-01-17 19:47:11   Cache: 2 / 5
2022-01-17 19:56:30   Epoch[00](2/5): current batch triplet loss = 0.0191, average epoch triplet loss = 0.0298
2022-01-17 19:56:30   Cache: 3 / 5
2022-01-17 20:05:50   Epoch[00](3/5): current batch triplet loss = 0.0279, average epoch triplet loss = 0.0283
2022-01-17 20:05:50   Cache: 4 / 5
2022-01-17 20:15:10   Epoch[00](4/5): current batch triplet loss = 0.0411, average epoch triplet loss = 0.0273
2022-01-17 20:15:10   Finished epoch 00 in 0:46:38, average epoch triplet loss = 0.0273
2022-01-17 20:15:10   Extracting database features for evaluation/testing
2022-01-17 20:16:39   Extracting queries features for evaluation/testing
2022-01-17 20:17:48   Calculating recalls
2022-01-17 20:19:49   Recalls on val set < BaseDataset, pitts30k - #database: 10000; #queries: 7608 >: R@1: 86.9, R@5: 96.0, R@10: 97.5, R@20: 98.5
2022-01-17 20:19:50   Improved: previous best R@5 = 0.0, current R@5 = 96.0
2022-01-17 20:19:50   Start training epoch: 01
2022-01-17 20:19:50   Cache: 0 / 5
2022-01-17 20:29:46   Epoch[01](0/5): current batch triplet loss = 0.0353, average epoch triplet loss = 0.0204
2022-01-17 20:29:46   Cache: 1 / 5
2022-01-17 20:39:42   Epoch[01](1/5): current batch triplet loss = 0.0169, average epoch triplet loss = 0.0201
2022-01-17 20:39:42   Cache: 2 / 5
2022-01-17 20:49:40   Epoch[01](2/5): current batch triplet loss = 0.0261, average epoch triplet loss = 0.0193
2022-01-17 20:49:40   Cache: 3 / 5
2022-01-17 20:59:34   Epoch[01](3/5): current batch triplet loss = 0.0259, average epoch triplet loss = 0.0192
2022-01-17 20:59:34   Cache: 4 / 5
2022-01-17 21:09:30   Epoch[01](4/5): current batch triplet loss = 0.0193, average epoch triplet loss = 0.0187
2022-01-17 21:09:30   Finished epoch 01 in 0:49:40, average epoch triplet loss = 0.0187
2022-01-17 21:09:30   Extracting database features for evaluation/testing
2022-01-17 21:11:09   Extracting queries features for evaluation/testing
2022-01-17 21:12:18   Calculating recalls
2022-01-17 21:14:21   Recalls on val set < BaseDataset, pitts30k - #database: 10000; #queries: 7608 >: R@1: 88.1, R@5: 96.3, R@10: 97.7, R@20: 98.7
2022-01-17 21:14:21   Improved: previous best R@5 = 96.0, current R@5 = 96.3
2022-01-17 21:14:21   Start training epoch: 02
2022-01-17 21:14:21   Cache: 0 / 5
2022-01-17 21:24:14   Epoch[02](0/5): current batch triplet loss = 0.0047, average epoch triplet loss = 0.0153
2022-01-17 21:24:14   Cache: 1 / 5
2022-01-17 21:33:58   Epoch[02](1/5): current batch triplet loss = 0.0116, average epoch triplet loss = 0.0151
2022-01-17 21:33:58   Cache: 2 / 5
2022-01-17 21:43:41   Epoch[02](2/5): current batch triplet loss = 0.0011, average epoch triplet loss = 0.0149
2022-01-17 21:43:41   Cache: 3 / 5
2022-01-17 21:53:22   Epoch[02](3/5): current batch triplet loss = 0.0097, average epoch triplet loss = 0.0145
2022-01-17 21:53:22   Cache: 4 / 5
2022-01-17 22:03:04   Epoch[02](4/5): current batch triplet loss = 0.0038, average epoch triplet loss = 0.0142
2022-01-17 22:03:04   Finished epoch 02 in 0:48:42, average epoch triplet loss = 0.0142
2022-01-17 22:03:04   Extracting database features for evaluation/testing
2022-01-17 22:04:42   Extracting queries features for evaluation/testing
2022-01-17 22:05:50   Calculating recalls
2022-01-17 22:07:52   Recalls on val set < BaseDataset, pitts30k - #database: 10000; #queries: 7608 >: R@1: 88.1, R@5: 95.5, R@10: 97.5, R@20: 98.6
2022-01-17 22:07:52   Not improved: 1 / 3: best R@5 = 96.3, current R@5 = 95.5
2022-01-17 22:07:52   Start training epoch: 03
2022-01-17 22:07:52   Cache: 0 / 5
2022-01-17 22:17:39   Epoch[03](0/5): current batch triplet loss = 0.0008, average epoch triplet loss = 0.0117
2022-01-17 22:17:39   Cache: 1 / 5
2022-01-17 22:27:20   Epoch[03](1/5): current batch triplet loss = 0.0175, average epoch triplet loss = 0.0124
2022-01-17 22:27:20   Cache: 2 / 5
2022-01-17 22:37:01   Epoch[03](2/5): current batch triplet loss = 0.0124, average epoch triplet loss = 0.0125
2022-01-17 22:37:01   Cache: 3 / 5
2022-01-17 22:46:38   Epoch[03](3/5): current batch triplet loss = 0.0501, average epoch triplet loss = 0.0123
2022-01-17 22:46:38   Cache: 4 / 5
2022-01-17 22:56:16   Epoch[03](4/5): current batch triplet loss = 0.0177, average epoch triplet loss = 0.0122
2022-01-17 22:56:16   Finished epoch 03 in 0:48:23, average epoch triplet loss = 0.0122
2022-01-17 22:56:16   Extracting database features for evaluation/testing
2022-01-17 22:57:47   Extracting queries features for evaluation/testing
2022-01-17 22:58:55   Calculating recalls
2022-01-17 23:01:00   Recalls on val set < BaseDataset, pitts30k - #database: 10000; #queries: 7608 >: R@1: 88.1, R@5: 95.8, R@10: 97.7, R@20: 98.6
2022-01-17 23:01:00   Not improved: 2 / 3: best R@5 = 96.3, current R@5 = 95.8
2022-01-17 23:01:00   Start training epoch: 04
2022-01-17 23:01:00   Cache: 0 / 5
2022-01-17 23:10:40   Epoch[04](0/5): current batch triplet loss = 0.0026, average epoch triplet loss = 0.0113
2022-01-17 23:10:40   Cache: 1 / 5
2022-01-17 23:20:19   Epoch[04](1/5): current batch triplet loss = 0.0053, average epoch triplet loss = 0.0109
2022-01-17 23:20:19   Cache: 2 / 5
2022-01-17 23:30:03   Epoch[04](2/5): current batch triplet loss = 0.0155, average epoch triplet loss = 0.0107
2022-01-17 23:30:03   Cache: 3 / 5
2022-01-17 23:39:48   Epoch[04](3/5): current batch triplet loss = 0.0207, average epoch triplet loss = 0.0108
2022-01-17 23:39:48   Cache: 4 / 5
2022-01-17 23:49:33   Epoch[04](4/5): current batch triplet loss = 0.0006, average epoch triplet loss = 0.0107
2022-01-17 23:49:33   Finished epoch 04 in 0:48:32, average epoch triplet loss = 0.0107
2022-01-17 23:49:33   Extracting database features for evaluation/testing
2022-01-17 23:51:01   Extracting queries features for evaluation/testing
2022-01-17 23:52:10   Calculating recalls
2022-01-17 23:54:17   Recalls on val set < BaseDataset, pitts30k - #database: 10000; #queries: 7608 >: R@1: 88.7, R@5: 96.2, R@10: 98.0, R@20: 98.8
2022-01-17 23:54:17   Not improved: 3 / 3: best R@5 = 96.3, current R@5 = 96.2
2022-01-17 23:54:17   Performance did not improve for 3 epochs. Stop training.
2022-01-17 23:54:17   Best R@5: 96.3
2022-01-17 23:54:17   Trained for 05 epochs, in total in 4:25:49
2022-01-17 23:54:17   Extracting database features for evaluation/testing
2022-01-17 23:55:45   Extracting queries features for evaluation/testing
2022-01-17 23:56:47   Calculating recalls
2022-01-17 23:58:40   Recalls on < BaseDataset, pitts30k - #database: 10000; #queries: 6816 >: R@1: 85.8, R@5: 92.9, R@10: 95.0, R@20: 96.4
