2022-01-19 04:59:50   Arguments: Namespace(attention_lr=0.001, augment_input='None', backbone='resnet50moco-conv5', cache_refresh_rate=1000, datasets_folder='./Dataset_pitts30k', device='cuda', downscale_input=True, epochs_num=20, exp_name='default', gem_eps=1e-06, gem_p=3, infer_batch_size=16, lr=1e-05, margin=0.1, momentum=0.9, neg_samples_num=1000, negs_num_per_query=10, netvlad_clusters=64, num_workers=4, output_folder='runs/default/2022-01-19_04-59-50', patience=3, queries_per_epoch=5000, recall_values=[1, 5, 10, 20], save_attention_mask=None, seed=0, test_dataset_name=None, test_model_path=None, train_batch_size=4, train_positives_dist_threshold=10, upscale_input=False, use_adagrad=None, use_attention=None, use_gem=None, use_netvlad=True, use_sgd=None, val_positive_dist_threshold=25)
2022-01-19 04:59:50   The outputs are being saved in runs/default/2022-01-19_04-59-50
2022-01-19 04:59:50   Using 1 GPUs and 4 CPUs
2022-01-19 04:59:50   There are 96 queries without any positives within the training set. They won't be considered as they're useless for training.
2022-01-19 04:59:50   Train query set: < TripletsDataset, pitts30k - #database: 10000; #queries: 7320 >
2022-01-19 04:59:50   Val set: < BaseDataset, pitts30k - #database: 10000; #queries: 7608 >
2022-01-19 04:59:50   Test set: < BaseDataset, pitts30k - #database: 10000; #queries: 6816 >
2022-01-19 04:59:54   Output dimension of the model is 131072
2022-01-19 04:59:54   Start training epoch: 00
2022-01-19 06:03:31   Finished epoch 00 in 1:03:36, average epoch triplet loss = 0.0286
2022-01-19 06:10:32   Recalls on val set < BaseDataset, pitts30k - #database: 10000; #queries: 7608 >: R@1: 76.5, R@5: 90.9, R@10: 94.2, R@20: 96.6
2022-01-19 06:10:33   Improved: previous best R@5 = 0.0, current R@5 = 90.9
2022-01-19 06:10:33   Start training epoch: 01
2022-01-19 07:13:29   Finished epoch 01 in 1:02:55, average epoch triplet loss = 0.0126
2022-01-19 07:20:07   Recalls on val set < BaseDataset, pitts30k - #database: 10000; #queries: 7608 >: R@1: 80.4, R@5: 92.0, R@10: 94.9, R@20: 97.0
2022-01-19 07:20:08   Improved: previous best R@5 = 90.9, current R@5 = 92.0
2022-01-19 07:20:08   Start training epoch: 02
2022-01-19 08:25:50   Finished epoch 02 in 1:05:41, average epoch triplet loss = 0.0079
2022-01-19 08:32:40   Recalls on val set < BaseDataset, pitts30k - #database: 10000; #queries: 7608 >: R@1: 79.3, R@5: 91.2, R@10: 94.3, R@20: 96.5
2022-01-19 08:32:40   Not improved: 1 / 3: best R@5 = 92.0, current R@5 = 91.2
2022-01-19 08:32:40   Start training epoch: 03
2022-01-19 09:38:06   Finished epoch 03 in 1:05:25, average epoch triplet loss = 0.0066
2022-01-19 09:44:56   Recalls on val set < BaseDataset, pitts30k - #database: 10000; #queries: 7608 >: R@1: 79.7, R@5: 91.8, R@10: 94.7, R@20: 96.8
2022-01-19 09:44:56   Not improved: 2 / 3: best R@5 = 92.0, current R@5 = 91.8
2022-01-19 09:44:56   Start training epoch: 04
2022-01-19 10:50:49   Finished epoch 04 in 1:05:53, average epoch triplet loss = 0.0059
2022-01-19 10:57:37   Recalls on val set < BaseDataset, pitts30k - #database: 10000; #queries: 7608 >: R@1: 79.7, R@5: 92.0, R@10: 95.1, R@20: 97.3
2022-01-19 10:57:38   Improved: previous best R@5 = 92.0, current R@5 = 92.0
2022-01-19 10:57:38   Start training epoch: 05
2022-01-19 12:02:08   Finished epoch 05 in 1:04:29, average epoch triplet loss = 0.0055
2022-01-19 12:08:57   Recalls on val set < BaseDataset, pitts30k - #database: 10000; #queries: 7608 >: R@1: 79.2, R@5: 91.6, R@10: 94.6, R@20: 97.1
2022-01-19 12:08:58   Not improved: 1 / 3: best R@5 = 92.0, current R@5 = 91.6
2022-01-19 12:08:58   Start training epoch: 06
2022-01-19 13:12:41   Finished epoch 06 in 1:03:43, average epoch triplet loss = 0.0050
2022-01-19 13:19:31   Recalls on val set < BaseDataset, pitts30k - #database: 10000; #queries: 7608 >: R@1: 79.0, R@5: 91.4, R@10: 94.3, R@20: 96.6
2022-01-19 13:19:31   Not improved: 2 / 3: best R@5 = 92.0, current R@5 = 91.4
2022-01-19 13:19:31   Start training epoch: 07
2022-01-19 13:12:41   Finished epoch 07 in 1:03:26, average epoch triplet loss = 0.0048
2022-01-19 13:19:31   Recalls on val set < BaseDataset, pitts30k - #database: 10000; #queries: 7608 >: R@1: 79.2, R@5: 91.5, R@10: 94.4, R@20: 96.8
2022-01-19 13:19:31   Not improved: 3 / 3: best R@5 = 92.0, current R@5 = 91.5
2022-01-17 16:46:05   Performance did not improve for 3 epochs. Stop training.
2022-01-17 16:46:05   Best R@5: 92.0
2022-01-17 16:46:05   Trained for 08 epochs, in total in 8:35:08
2022-01-17 16:54:46   Recalls on < BaseDataset, pitts30k - #database: 10000; #queries: 6816 >: R@1: 78.1, R@5: 89.1, R@10: 92.0, R@20: 94.5
