2022-01-17 10:29:36   Arguments: Namespace(augment_input='None', backbone='resnet18', cache_refresh_rate=1000, datasets_folder='./Dataset_pitts30k', device='cuda', downscale_input=False, epochs_num=20, exp_name='default', gem_eps=1e-06, gem_p=3, infer_batch_size=16, lr=1e-06, margin=0.1, momentum=0.9, neg_samples_num=1000, negs_num_per_query=10, netvlad_clusters=64, num_workers=8, output_folder='runs/default/2022-01-17_10-29-36', patience=3, queries_per_epoch=5000, recall_values=[1, 5, 10, 20], seed=0, test_dataset_name=None, test_model_path=None, train_batch_size=4, train_positives_dist_threshold=10, upscale_input=False, use_adagrad=True, use_gem=True, use_netvlad=None, use_sgd=None, val_positive_dist_threshold=25)
2022-01-17 10:29:36   The outputs are being saved in runs/default/2022-01-17_10-29-36
2022-01-17 10:29:36   Using 1 GPUs and 6 CPUs
2022-01-17 10:29:36   Loading dataset Pitts30k from folder ./Dataset_pitts30k
2022-01-17 10:29:38   There are 96 queries without any positives within the training set. They won't be considered as they're useless for training.
2022-01-17 10:29:38   Train query set: < TripletsDataset, pitts30k - #database: 10000; #queries: 7320 >
2022-01-17 10:29:40   Val set: < BaseDataset, pitts30k - #database: 10000; #queries: 7608 >
2022-01-17 10:29:41   Test set: < BaseDataset, pitts30k - #database: 10000; #queries: 6816 >
2022-01-17 10:29:44   Train only conv4 of the ResNet-18 (remove conv5), freeze the previous ones
2022-01-17 10:30:15   Output dimension of the model is 256
2022-01-17 10:30:15   Start training epoch: 00
2022-01-17 10:30:15   Cache: 0 / 5
2022-01-17 10:34:51   Epoch[00](0/5): current batch triplet loss = 0.0860, average epoch triplet loss = 0.0814
2022-01-17 10:34:51   Cache: 1 / 5
2022-01-17 10:41:20   Epoch[00](1/5): current batch triplet loss = 0.1029, average epoch triplet loss = 0.0830
2022-01-17 10:41:20   Cache: 2 / 5
2022-01-17 10:50:32   Epoch[00](2/5): current batch triplet loss = 0.0979, average epoch triplet loss = 0.0835
2022-01-17 10:50:32   Cache: 3 / 5
2022-01-17 10:56:26   Epoch[00](3/5): current batch triplet loss = 0.0981, average epoch triplet loss = 0.0842
2022-01-17 10:56:26   Cache: 4 / 5
2022-01-17 11:02:28   Epoch[00](4/5): current batch triplet loss = 0.0995, average epoch triplet loss = 0.0847
2022-01-17 11:02:28   Finished epoch 00 in 0:32:12, average epoch triplet loss = 0.0847
2022-01-17 11:02:28   Extracting database features for evaluation/testing
2022-01-17 11:06:13   Extracting queries features for evaluation/testing
2022-01-17 11:08:14   Calculating recalls
2022-01-17 11:08:16   Recalls on val set < BaseDataset, pitts30k - #database: 10000; #queries: 7608 >: R@1: 31.2, R@5: 49.5, R@10: 58.1, R@20: 68.1
2022-01-17 11:08:17   Improved: previous best R@5 = 0.0, current R@5 = 49.5
2022-01-17 11:08:17   Start training epoch: 01
2022-01-17 11:08:17   Cache: 0 / 5
2022-01-17 11:13:14   Epoch[01](0/5): current batch triplet loss = 0.0877, average epoch triplet loss = 0.0860
2022-01-17 11:13:14   Cache: 1 / 5
2022-01-17 11:17:59   Epoch[01](1/5): current batch triplet loss = 0.0939, average epoch triplet loss = 0.0864
2022-01-17 11:17:59   Cache: 2 / 5
2022-01-17 11:23:09   Epoch[01](2/5): current batch triplet loss = 0.1046, average epoch triplet loss = 0.0869
2022-01-17 11:23:09   Cache: 3 / 5
2022-01-17 11:28:15   Epoch[01](3/5): current batch triplet loss = 0.0856, average epoch triplet loss = 0.0874
2022-01-17 11:28:15   Cache: 4 / 5
2022-01-17 11:33:19   Epoch[01](4/5): current batch triplet loss = 0.0976, average epoch triplet loss = 0.0878
2022-01-17 11:33:19   Finished epoch 01 in 0:25:02, average epoch triplet loss = 0.0878
2022-01-17 11:33:19   Extracting database features for evaluation/testing
2022-01-17 11:35:46   Extracting queries features for evaluation/testing
2022-01-17 11:36:57   Calculating recalls
2022-01-17 11:36:58   Recalls on val set < BaseDataset, pitts30k - #database: 10000; #queries: 7608 >: R@1: 31.3, R@5: 49.8, R@10: 58.1, R@20: 68.0
2022-01-17 11:37:00   Improved: previous best R@5 = 49.5, current R@5 = 49.8
2022-01-17 11:37:00   Start training epoch: 02
2022-01-17 11:37:00   Cache: 0 / 5
2022-01-17 11:41:58   Epoch[02](0/5): current batch triplet loss = 0.0966, average epoch triplet loss = 0.0883
2022-01-17 11:41:58   Cache: 1 / 5
2022-01-17 11:46:17   Epoch[02](1/5): current batch triplet loss = 0.0860, average epoch triplet loss = 0.0895
2022-01-17 11:46:17   Cache: 2 / 5
2022-01-17 11:50:41   Epoch[02](2/5): current batch triplet loss = 0.0593, average epoch triplet loss = 0.0895
2022-01-17 11:50:41   Cache: 3 / 5
2022-01-17 11:55:02   Epoch[02](3/5): current batch triplet loss = 0.0759, average epoch triplet loss = 0.0893
2022-01-17 11:55:02   Cache: 4 / 5
2022-01-17 11:59:26   Epoch[02](4/5): current batch triplet loss = 0.0961, average epoch triplet loss = 0.0897
2022-01-17 11:59:26   Finished epoch 02 in 0:22:25, average epoch triplet loss = 0.0897
2022-01-17 11:59:26   Extracting database features for evaluation/testing
2022-01-17 12:00:57   Extracting queries features for evaluation/testing
2022-01-17 12:02:20   Calculating recalls
2022-01-17 12:02:22   Recalls on val set < BaseDataset, pitts30k - #database: 10000; #queries: 7608 >: R@1: 31.5, R@5: 50.1, R@10: 58.7, R@20: 68.5
2022-01-17 12:02:24   Improved: previous best R@5 = 49.8, current R@5 = 50.1
2022-01-17 12:02:24   Start training epoch: 03
2022-01-17 12:02:24   Cache: 0 / 5
2022-01-17 12:06:50   Epoch[03](0/5): current batch triplet loss = 0.1143, average epoch triplet loss = 0.0894
2022-01-17 12:06:50   Cache: 1 / 5
2022-01-17 12:11:10   Epoch[03](1/5): current batch triplet loss = 0.0774, average epoch triplet loss = 0.0906
2022-01-17 12:11:10   Cache: 2 / 5
2022-01-17 12:15:35   Epoch[03](2/5): current batch triplet loss = 0.0735, average epoch triplet loss = 0.0911
2022-01-17 12:15:35   Cache: 3 / 5
2022-01-17 12:20:02   Epoch[03](3/5): current batch triplet loss = 0.1018, average epoch triplet loss = 0.0913
2022-01-17 12:20:02   Cache: 4 / 5
2022-01-17 12:24:45   Epoch[03](4/5): current batch triplet loss = 0.1123, average epoch triplet loss = 0.0917
2022-01-17 12:24:45   Finished epoch 03 in 0:22:21, average epoch triplet loss = 0.0917
2022-01-17 12:24:45   Extracting database features for evaluation/testing
2022-01-17 12:26:22   Extracting queries features for evaluation/testing
2022-01-17 12:27:36   Calculating recalls
2022-01-17 12:27:38   Recalls on val set < BaseDataset, pitts30k - #database: 10000; #queries: 7608 >: R@1: 31.9, R@5: 50.4, R@10: 58.9, R@20: 68.9
2022-01-17 12:27:39   Improved: previous best R@5 = 50.1, current R@5 = 50.4
2022-01-17 12:27:39   Start training epoch: 04
2022-01-17 12:27:39   Cache: 0 / 5
2022-01-17 12:32:00   Epoch[04](0/5): current batch triplet loss = 0.0839, average epoch triplet loss = 0.0934
2022-01-17 12:32:00   Cache: 1 / 5
2022-01-17 12:36:20   Epoch[04](1/5): current batch triplet loss = 0.1058, average epoch triplet loss = 0.0922
2022-01-17 12:36:20   Cache: 2 / 5
2022-01-17 12:40:46   Epoch[04](2/5): current batch triplet loss = 0.0975, average epoch triplet loss = 0.0926
2022-01-17 12:40:46   Cache: 3 / 5
2022-01-17 12:45:07   Epoch[04](3/5): current batch triplet loss = 0.0925, average epoch triplet loss = 0.0925
2022-01-17 12:45:07   Cache: 4 / 5
2022-01-17 12:49:38   Epoch[04](4/5): current batch triplet loss = 0.1105, average epoch triplet loss = 0.0927
2022-01-17 12:49:38   Finished epoch 04 in 0:21:59, average epoch triplet loss = 0.0927
2022-01-17 12:49:38   Extracting database features for evaluation/testing
2022-01-17 12:51:07   Extracting queries features for evaluation/testing
2022-01-17 12:52:15   Calculating recalls
2022-01-17 12:52:16   Recalls on val set < BaseDataset, pitts30k - #database: 10000; #queries: 7608 >: R@1: 31.8, R@5: 50.6, R@10: 59.2, R@20: 69.2
2022-01-17 12:52:18   Improved: previous best R@5 = 50.4, current R@5 = 50.6
2022-01-17 12:52:18   Start training epoch: 05
2022-01-17 12:52:18   Cache: 0 / 5
2022-01-17 12:56:41   Epoch[05](0/5): current batch triplet loss = 0.0867, average epoch triplet loss = 0.0932
2022-01-17 12:56:41   Cache: 1 / 5
2022-01-17 13:01:07   Epoch[05](1/5): current batch triplet loss = 0.0808, average epoch triplet loss = 0.0931
2022-01-17 13:01:07   Cache: 2 / 5
2022-01-17 13:05:38   Epoch[05](2/5): current batch triplet loss = 0.0917, average epoch triplet loss = 0.0934
2022-01-17 13:05:38   Cache: 3 / 5
2022-01-17 13:10:01   Epoch[05](3/5): current batch triplet loss = 0.0347, average epoch triplet loss = 0.0934
2022-01-17 13:10:01   Cache: 4 / 5
2022-01-17 13:14:32   Epoch[05](4/5): current batch triplet loss = 0.1104, average epoch triplet loss = 0.0935
2022-01-17 13:14:32   Finished epoch 05 in 0:22:13, average epoch triplet loss = 0.0935
2022-01-17 13:14:32   Extracting database features for evaluation/testing
2022-01-17 13:16:22   Extracting queries features for evaluation/testing
2022-01-17 13:17:30   Calculating recalls
2022-01-17 13:17:32   Recalls on val set < BaseDataset, pitts30k - #database: 10000; #queries: 7608 >: R@1: 32.5, R@5: 51.4, R@10: 60.4, R@20: 69.6
2022-01-17 13:17:33   Improved: previous best R@5 = 50.6, current R@5 = 51.4
2022-01-17 13:17:33   Start training epoch: 06
2022-01-17 13:17:33   Cache: 0 / 5
2022-01-17 13:21:54   Epoch[06](0/5): current batch triplet loss = 0.1128, average epoch triplet loss = 0.0937
2022-01-17 13:21:54   Cache: 1 / 5
2022-01-17 13:26:19   Epoch[06](1/5): current batch triplet loss = 0.0850, average epoch triplet loss = 0.0936
2022-01-17 13:26:19   Cache: 2 / 5
2022-01-17 13:30:50   Epoch[06](2/5): current batch triplet loss = 0.0487, average epoch triplet loss = 0.0931
2022-01-17 13:30:50   Cache: 3 / 5
2022-01-17 13:35:22   Epoch[06](3/5): current batch triplet loss = 0.0846, average epoch triplet loss = 0.0934
2022-01-17 13:35:22   Cache: 4 / 5
2022-01-17 13:39:52   Epoch[06](4/5): current batch triplet loss = 0.0915, average epoch triplet loss = 0.0937
2022-01-17 13:39:52   Finished epoch 06 in 0:22:18, average epoch triplet loss = 0.0937
2022-01-17 13:39:52   Extracting database features for evaluation/testing
2022-01-17 13:41:28   Extracting queries features for evaluation/testing
2022-01-17 13:42:46   Calculating recalls
2022-01-17 13:42:48   Recalls on val set < BaseDataset, pitts30k - #database: 10000; #queries: 7608 >: R@1: 32.8, R@5: 52.0, R@10: 60.9, R@20: 70.3
2022-01-17 13:42:49   Improved: previous best R@5 = 51.4, current R@5 = 52.0
2022-01-17 13:42:49   Start training epoch: 07
2022-01-17 13:42:49   Cache: 0 / 5
2022-01-17 13:47:35   Epoch[07](0/5): current batch triplet loss = 0.0931, average epoch triplet loss = 0.0966
2022-01-17 13:47:35   Cache: 1 / 5
2022-01-17 13:52:17   Epoch[07](1/5): current batch triplet loss = 0.0656, average epoch triplet loss = 0.0941
2022-01-17 13:52:17   Cache: 2 / 5
2022-01-17 13:56:47   Epoch[07](2/5): current batch triplet loss = 0.1134, average epoch triplet loss = 0.0942
2022-01-17 13:56:47   Cache: 3 / 5
2022-01-17 14:01:12   Epoch[07](3/5): current batch triplet loss = 0.0922, average epoch triplet loss = 0.0947
2022-01-17 14:01:12   Cache: 4 / 5
2022-01-17 14:05:44   Epoch[07](4/5): current batch triplet loss = 0.0668, average epoch triplet loss = 0.0949
2022-01-17 14:05:44   Finished epoch 07 in 0:22:54, average epoch triplet loss = 0.0949
2022-01-17 14:05:44   Extracting database features for evaluation/testing
2022-01-17 14:07:16   Extracting queries features for evaluation/testing
2022-01-17 14:08:27   Calculating recalls
2022-01-17 14:08:29   Recalls on val set < BaseDataset, pitts30k - #database: 10000; #queries: 7608 >: R@1: 32.7, R@5: 51.7, R@10: 60.6, R@20: 70.1
2022-01-17 14:08:30   Not improved: 1 / 3: best R@5 = 52.0, current R@5 = 51.7
2022-01-17 14:08:30   Start training epoch: 08
2022-01-17 14:08:30   Cache: 0 / 5
2022-01-17 14:12:54   Epoch[08](0/5): current batch triplet loss = 0.1150, average epoch triplet loss = 0.0968
2022-01-17 14:12:54   Cache: 1 / 5
2022-01-17 14:17:34   Epoch[08](1/5): current batch triplet loss = 0.1065, average epoch triplet loss = 0.0959
2022-01-17 14:17:34   Cache: 2 / 5
2022-01-17 14:22:18   Epoch[08](2/5): current batch triplet loss = 0.0953, average epoch triplet loss = 0.0961
2022-01-17 14:22:18   Cache: 3 / 5
2022-01-17 14:26:49   Epoch[08](3/5): current batch triplet loss = 0.0984, average epoch triplet loss = 0.0954
2022-01-17 14:26:49   Cache: 4 / 5
2022-01-17 14:32:06   Epoch[08](4/5): current batch triplet loss = 0.0935, average epoch triplet loss = 0.0951
2022-01-17 14:32:06   Finished epoch 08 in 0:23:35, average epoch triplet loss = 0.0951
2022-01-17 14:32:06   Extracting database features for evaluation/testing
2022-01-17 14:33:45   Extracting queries features for evaluation/testing
2022-01-17 14:34:57   Calculating recalls
2022-01-17 14:34:59   Recalls on val set < BaseDataset, pitts30k - #database: 10000; #queries: 7608 >: R@1: 32.6, R@5: 51.1, R@10: 60.2, R@20: 70.2
2022-01-17 14:35:00   Not improved: 2 / 3: best R@5 = 52.0, current R@5 = 51.1
2022-01-17 14:35:00   Start training epoch: 09
2022-01-17 14:35:00   Cache: 0 / 5
2022-01-17 14:39:26   Epoch[09](0/5): current batch triplet loss = 0.0889, average epoch triplet loss = 0.0960
2022-01-17 14:39:26   Cache: 1 / 5
2022-01-17 14:43:51   Epoch[09](1/5): current batch triplet loss = 0.0905, average epoch triplet loss = 0.0952
2022-01-17 14:43:51   Cache: 2 / 5
2022-01-17 14:48:16   Epoch[09](2/5): current batch triplet loss = 0.1001, average epoch triplet loss = 0.0959
2022-01-17 14:48:16   Cache: 3 / 5
2022-01-17 14:52:46   Epoch[09](3/5): current batch triplet loss = 0.0989, average epoch triplet loss = 0.0955
2022-01-17 14:52:46   Cache: 4 / 5
2022-01-17 14:57:08   Epoch[09](4/5): current batch triplet loss = 0.0951, average epoch triplet loss = 0.0956
2022-01-17 14:57:08   Finished epoch 09 in 0:22:07, average epoch triplet loss = 0.0956
2022-01-17 14:57:08   Extracting database features for evaluation/testing
2022-01-17 14:58:54   Extracting queries features for evaluation/testing
2022-01-17 15:00:05   Calculating recalls
2022-01-17 15:00:07   Recalls on val set < BaseDataset, pitts30k - #database: 10000; #queries: 7608 >: R@1: 31.7, R@5: 50.4, R@10: 59.2, R@20: 69.2
2022-01-17 15:00:07   Not improved: 3 / 3: best R@5 = 52.0, current R@5 = 50.4
2022-01-17 15:00:07   Performance did not improve for 3 epochs. Stop training.
2022-01-17 15:00:07   Best R@5: 52.0
2022-01-17 15:00:07   Trained for 10 epochs, in total in 4:30:31
2022-01-17 15:00:09   Extracting database features for evaluation/testing
2022-01-17 15:01:38   Extracting queries features for evaluation/testing
2022-01-17 15:02:50   Calculating recalls
2022-01-17 15:02:52   Recalls on < BaseDataset, pitts30k - #database: 10000; #queries: 6816 >: R@1: 40.9, R@5: 60.1, R@10: 69.0, R@20: 78.5
