2022-01-17 10:29:36   Arguments: Namespace(augment_input='None', backbone='resnet18', cache_refresh_rate=1000, datasets_folder='./Dataset_pitts30k', device='cuda', downscale_input=False, epochs_num=20, exp_name='default', gem_eps=1e-06, gem_p=3, infer_batch_size=16, lr=1e-06, margin=0.1, momentum=0.9, neg_samples_num=1000, negs_num_per_query=10, netvlad_clusters=64, num_workers=8, output_folder='runs/default/2022-01-17_10-29-36', patience=3, queries_per_epoch=5000, recall_values=[1, 5, 10, 20], seed=0, test_dataset_name=None, test_model_path=None, train_batch_size=4, train_positives_dist_threshold=10, upscale_input=False, use_adagrad=True, use_gem=True, use_netvlad=None, use_sgd=None, val_positive_dist_threshold=25)
2022-01-17 10:29:36   The outputs are being saved in runs/default/2022-01-17_10-29-36
2022-01-17 10:29:36   Using 1 GPUs and 6 CPUs
2022-01-17 10:29:38   There are 96 queries without any positives within the training set. They won't be considered as they're useless for training.
2022-01-17 10:29:38   Train query set: < TripletsDataset, pitts30k - #database: 10000; #queries: 7320 >
2022-01-17 10:29:40   Val set: < BaseDataset, pitts30k - #database: 10000; #queries: 7608 >
2022-01-17 10:29:41   Test set: < BaseDataset, pitts30k - #database: 10000; #queries: 6816 >
2022-01-17 10:30:15   Output dimension of the model is 256
2022-01-17 10:30:15   Start training epoch: 00
2022-01-17 11:02:28   Finished epoch 00 in 0:32:12, average epoch triplet loss = 0.0847
2022-01-17 11:08:16   Recalls on val set < BaseDataset, pitts30k - #database: 10000; #queries: 7608 >: R@1: 31.2, R@5: 49.5, R@10: 58.1, R@20: 68.1
2022-01-17 11:08:17   Improved: previous best R@5 = 0.0, current R@5 = 49.5
2022-01-17 11:08:17   Start training epoch: 01
2022-01-17 11:33:19   Finished epoch 01 in 0:25:02, average epoch triplet loss = 0.0878
2022-01-17 11:36:58   Recalls on val set < BaseDataset, pitts30k - #database: 10000; #queries: 7608 >: R@1: 31.3, R@5: 49.8, R@10: 58.1, R@20: 68.0
2022-01-17 11:37:00   Improved: previous best R@5 = 49.5, current R@5 = 49.8
2022-01-17 11:37:00   Start training epoch: 02
2022-01-17 11:59:26   Finished epoch 02 in 0:22:25, average epoch triplet loss = 0.0897
2022-01-17 12:02:22   Recalls on val set < BaseDataset, pitts30k - #database: 10000; #queries: 7608 >: R@1: 31.5, R@5: 50.1, R@10: 58.7, R@20: 68.5
2022-01-17 12:02:24   Improved: previous best R@5 = 49.8, current R@5 = 50.1
2022-01-17 12:02:24   Start training epoch: 03
2022-01-17 12:24:45   Finished epoch 03 in 0:22:21, average epoch triplet loss = 0.0917
2022-01-17 12:27:38   Recalls on val set < BaseDataset, pitts30k - #database: 10000; #queries: 7608 >: R@1: 31.9, R@5: 50.4, R@10: 58.9, R@20: 68.9
2022-01-17 12:27:39   Improved: previous best R@5 = 50.1, current R@5 = 50.4
2022-01-17 12:27:39   Start training epoch: 04
2022-01-17 12:49:38   Finished epoch 04 in 0:21:59, average epoch triplet loss = 0.0927
2022-01-17 12:52:16   Recalls on val set < BaseDataset, pitts30k - #database: 10000; #queries: 7608 >: R@1: 31.8, R@5: 50.6, R@10: 59.2, R@20: 69.2
2022-01-17 12:52:18   Improved: previous best R@5 = 50.4, current R@5 = 50.6
2022-01-17 12:52:18   Start training epoch: 05
2022-01-17 13:14:32   Finished epoch 05 in 0:22:13, average epoch triplet loss = 0.0935
2022-01-17 13:17:32   Recalls on val set < BaseDataset, pitts30k - #database: 10000; #queries: 7608 >: R@1: 32.5, R@5: 51.4, R@10: 60.4, R@20: 69.6
2022-01-17 13:17:33   Improved: previous best R@5 = 50.6, current R@5 = 51.4
2022-01-17 13:17:33   Start training epoch: 06
2022-01-17 13:39:52   Finished epoch 06 in 0:22:18, average epoch triplet loss = 0.0937
2022-01-17 13:42:48   Recalls on val set < BaseDataset, pitts30k - #database: 10000; #queries: 7608 >: R@1: 32.8, R@5: 52.0, R@10: 60.9, R@20: 70.3
2022-01-17 13:42:49   Improved: previous best R@5 = 51.4, current R@5 = 52.0
2022-01-17 13:42:49   Start training epoch: 07
2022-01-17 14:05:44   Finished epoch 07 in 0:22:54, average epoch triplet loss = 0.0949
2022-01-17 14:08:29   Recalls on val set < BaseDataset, pitts30k - #database: 10000; #queries: 7608 >: R@1: 32.7, R@5: 51.7, R@10: 60.6, R@20: 70.1
2022-01-17 14:08:30   Not improved: 1 / 3: best R@5 = 52.0, current R@5 = 51.7
2022-01-17 14:08:30   Start training epoch: 08
2022-01-17 14:32:06   Finished epoch 08 in 0:23:35, average epoch triplet loss = 0.0951
2022-01-17 14:34:59   Recalls on val set < BaseDataset, pitts30k - #database: 10000; #queries: 7608 >: R@1: 32.6, R@5: 51.1, R@10: 60.2, R@20: 70.2
2022-01-17 14:35:00   Not improved: 2 / 3: best R@5 = 52.0, current R@5 = 51.1
2022-01-17 14:35:00   Start training epoch: 09
2022-01-17 14:57:08   Finished epoch 09 in 0:22:07, average epoch triplet loss = 0.0956
2022-01-17 15:00:07   Recalls on val set < BaseDataset, pitts30k - #database: 10000; #queries: 7608 >: R@1: 31.7, R@5: 50.4, R@10: 59.2, R@20: 69.2
2022-01-17 15:00:07   Not improved: 3 / 3: best R@5 = 52.0, current R@5 = 50.4
2022-01-17 15:00:07   Performance did not improve for 3 epochs. Stop training.
2022-01-17 15:00:07   Best R@5: 52.0
2022-01-17 15:00:07   Trained for 10 epochs, in total in 4:30:31
2022-01-17 15:02:52   Recalls on < BaseDataset, pitts30k - #database: 10000; #queries: 6816 >: R@1: 40.9, R@5: 60.1, R@10: 69.0, R@20: 78.5
