2022-01-05 20:29:08   Arguments: Namespace(use_netvlad=None, train_batch_size=4, infer_batch_size=16, margin=0.1, epochs_num=50, patience=3, lr=1e-05, cache_refresh_rate=1000, queries_per_epoch=5000, negs_num_per_query=10, neg_samples_num=1000, seed=0, device='cuda', num_workers=8, val_positive_dist_threshold=25, train_positives_dist_threshold=10, recall_values=[1, 5, 10, 20], datasets_folder='Data/', exp_name='default', output_folder='runs/default/2022-01-05_20-29-08')
2022-01-05 20:29:08   The outputs are being saved in runs/default/2022-01-05_20-29-08
2022-01-05 20:29:08   Using 1 GPUs and 12 CPUs
2022-01-05 20:29:08   There are 96 queries without any positives within the training set. They won't be considered as they're useless for training.
2022-01-05 20:29:08   Train query set: < TripletsDataset, pitts30k - #database: 10000; #queries: 7320 >
2022-01-05 20:29:08   Val set: < BaseDataset, pitts30k - #database: 10000; #queries: 7608 >
2022-01-05 20:29:08   Test set: < BaseDataset, pitts30k - #database: 10000; #queries: 6816 >
2022-01-05 20:29:11   Output dimension of the model is 256
2022-01-05 20:29:11   Start training epoch: 00
2022-01-05 20:36:35   Finished epoch 00 in 0:07:24, average epoch triplet loss = 0.0712
2022-01-05 20:37:30   Recalls on val set < BaseDataset, pitts30k - #database: 10000; #queries: 7608 >: R@1: 57.0, R@5: 77.4, R@10: 84.6, R@20: 90.0
2022-01-05 20:37:30   Improved: previous best R@5 = 0.0, current R@5 = 77.4
2022-01-05 20:37:30   Start training epoch: 01
2022-01-05 19:44:43   Finished epoch 01 in -1 day, 23:07:13, average epoch triplet loss = 0.0609
2022-01-05 19:45:37   Recalls on val set < BaseDataset, pitts30k - #database: 10000; #queries: 7608 >: R@1: 59.6, R@5: 78.9, R@10: 85.1, R@20: 90.4
2022-01-05 19:45:37   Improved: previous best R@5 = 77.4, current R@5 = 78.9
2022-01-05 19:45:37   Start training epoch: 02
2022-01-05 19:52:49   Finished epoch 02 in 0:07:12, average epoch triplet loss = 0.0549
2022-01-05 19:53:46   Recalls on val set < BaseDataset, pitts30k - #database: 10000; #queries: 7608 >: R@1: 60.5, R@5: 80.1, R@10: 86.1, R@20: 91.0
2022-01-05 19:53:46   Improved: previous best R@5 = 78.9, current R@5 = 80.1
2022-01-05 19:53:46   Start training epoch: 03
2022-01-05 20:01:19   Finished epoch 03 in 0:07:33, average epoch triplet loss = 0.0513
2022-01-05 20:02:16   Recalls on val set < BaseDataset, pitts30k - #database: 10000; #queries: 7608 >: R@1: 61.8, R@5: 80.9, R@10: 86.6, R@20: 91.8
2022-01-05 20:02:16   Improved: previous best R@5 = 80.1, current R@5 = 80.9
2022-01-05 20:02:16   Start training epoch: 04
2022-01-05 20:09:44   Finished epoch 04 in 0:07:28, average epoch triplet loss = 0.0487
2022-01-05 20:10:41   Recalls on val set < BaseDataset, pitts30k - #database: 10000; #queries: 7608 >: R@1: 61.8, R@5: 81.0, R@10: 87.1, R@20: 91.9
2022-01-05 20:10:41   Improved: previous best R@5 = 80.9, current R@5 = 81.0
2022-01-05 20:10:41   Start training epoch: 05
2022-01-05 20:11:33   
Traceback (most recent call last):
  File "/home/franzhd/Aml_project/project_vg/train.py", line 104, in <module>
    batch_loss = loss_triplet.item()
KeyboardInterrupt

