2022-01-16 11:58:19   Arguments: Namespace(upscale_input=False, downscale_input=True, augment_input='None', backbone='resnet18', use_netvlad=True, netvlad_clusters=64, use_gem=None, gem_p=3, gem_eps=1e-06, use_sgd=None, use_adagrad=None, momentum=0.9, train_batch_size=4, infer_batch_size=16, margin=0.1, epochs_num=20, patience=3, lr=1e-05, cache_refresh_rate=1000, queries_per_epoch=5000, negs_num_per_query=10, neg_samples_num=1000, seed=0, device='cuda', num_workers=8, val_positive_dist_threshold=25, train_positives_dist_threshold=10, recall_values=[1, 5, 10, 20], datasets_folder='./Dataset_pitts30k', exp_name='default', test_dataset_name=None, test_model_path=None, output_folder='runs/default/2022-01-16_11-58-19')
2022-01-16 11:58:19   The outputs are being saved in runs/default/2022-01-16_11-58-19
2022-01-16 11:58:19   Using 1 GPUs and 12 CPUs
2022-01-16 11:58:19   There are 96 queries without any positives within the training set. They won't be considered as they're useless for training.
2022-01-16 11:58:19   Train query set: < TripletsDataset, pitts30k - #database: 10000; #queries: 7320 >
2022-01-16 11:58:20   Val set: < BaseDataset, pitts30k - #database: 10000; #queries: 7608 >
2022-01-16 11:58:20   Test set: < BaseDataset, pitts30k - #database: 10000; #queries: 6816 >
2022-01-16 11:58:26   Output dimension of the model is 16384
2022-01-16 11:58:26   Start training epoch: 00
2022-01-16 12:09:03   Finished epoch 00 in 0:10:37, average epoch triplet loss = 0.0279
2022-01-16 12:10:14   Recalls on val set < BaseDataset, pitts30k - #database: 10000; #queries: 7608 >: R@1: 86.6, R@5: 95.2, R@10: 97.1, R@20: 98.3
2022-01-16 12:10:14   Improved: previous best R@5 = 0.0, current R@5 = 95.2
2022-01-16 12:10:14   Start training epoch: 01
2022-01-16 12:21:36   Finished epoch 01 in 0:11:22, average epoch triplet loss = 0.0235
2022-01-16 12:22:42   Recalls on val set < BaseDataset, pitts30k - #database: 10000; #queries: 7608 >: R@1: 88.3, R@5: 96.0, R@10: 97.6, R@20: 98.6
2022-01-16 12:22:42   Improved: previous best R@5 = 95.2, current R@5 = 96.0
2022-01-16 12:22:42   Start training epoch: 02
2022-01-16 12:32:37   Finished epoch 02 in 0:09:55, average epoch triplet loss = 0.0205
2022-01-16 12:33:39   Recalls on val set < BaseDataset, pitts30k - #database: 10000; #queries: 7608 >: R@1: 88.6, R@5: 96.2, R@10: 97.7, R@20: 98.6
2022-01-16 12:33:40   Improved: previous best R@5 = 96.0, current R@5 = 96.2
2022-01-16 12:33:40   Start training epoch: 03
2022-01-16 12:43:34   Finished epoch 03 in 0:09:54, average epoch triplet loss = 0.0195
2022-01-16 12:44:37   Recalls on val set < BaseDataset, pitts30k - #database: 10000; #queries: 7608 >: R@1: 88.5, R@5: 96.3, R@10: 97.7, R@20: 98.7
2022-01-16 12:44:37   Improved: previous best R@5 = 96.2, current R@5 = 96.3
2022-01-16 12:44:37   Start training epoch: 04
2022-01-16 12:55:05   Finished epoch 04 in 0:10:28, average epoch triplet loss = 0.0183
2022-01-16 12:56:11   Recalls on val set < BaseDataset, pitts30k - #database: 10000; #queries: 7608 >: R@1: 88.9, R@5: 96.3, R@10: 97.8, R@20: 98.5
2022-01-16 12:56:11   Not improved: 1 / 3: best R@5 = 96.3, current R@5 = 96.3
2022-01-16 12:56:11   Start training epoch: 05
2022-01-16 13:07:18   Finished epoch 05 in 0:11:07, average epoch triplet loss = 0.0170
2022-01-16 13:08:22   Recalls on val set < BaseDataset, pitts30k - #database: 10000; #queries: 7608 >: R@1: 89.1, R@5: 96.3, R@10: 97.7, R@20: 98.7
2022-01-16 13:08:22   Improved: previous best R@5 = 96.3, current R@5 = 96.3
2022-01-16 13:08:22   Start training epoch: 06
2022-01-16 13:19:10   Finished epoch 06 in 0:10:47, average epoch triplet loss = 0.0170
2022-01-16 13:20:16   Recalls on val set < BaseDataset, pitts30k - #database: 10000; #queries: 7608 >: R@1: 89.1, R@5: 96.4, R@10: 97.8, R@20: 98.7
2022-01-16 13:20:16   Improved: previous best R@5 = 96.3, current R@5 = 96.4
2022-01-16 13:20:16   Start training epoch: 07
2022-01-16 13:30:20   Finished epoch 07 in 0:10:03, average epoch triplet loss = 0.0154
2022-01-16 13:31:23   Recalls on val set < BaseDataset, pitts30k - #database: 10000; #queries: 7608 >: R@1: 89.1, R@5: 96.3, R@10: 97.8, R@20: 98.7
2022-01-16 13:31:23   Not improved: 1 / 3: best R@5 = 96.4, current R@5 = 96.3
2022-01-16 13:31:23   Start training epoch: 08
2022-01-16 13:41:21   Finished epoch 08 in 0:09:57, average epoch triplet loss = 0.0155
2022-01-16 13:42:23   Recalls on val set < BaseDataset, pitts30k - #database: 10000; #queries: 7608 >: R@1: 89.2, R@5: 96.1, R@10: 97.7, R@20: 98.6
2022-01-16 13:42:23   Not improved: 2 / 3: best R@5 = 96.4, current R@5 = 96.1
2022-01-16 13:42:23   Start training epoch: 09
2022-01-16 13:52:18   Finished epoch 09 in 0:09:54, average epoch triplet loss = 0.0146
2022-01-16 13:53:17   Recalls on val set < BaseDataset, pitts30k - #database: 10000; #queries: 7608 >: R@1: 89.1, R@5: 96.0, R@10: 97.7, R@20: 98.5
2022-01-16 13:53:18   Not improved: 3 / 3: best R@5 = 96.4, current R@5 = 96.0
2022-01-16 13:53:18   Performance did not improve for 3 epochs. Stop training.
2022-01-16 13:53:18   Best R@5: 96.4
2022-01-16 13:53:18   Trained for 10 epochs, in total in 1:54:58
2022-01-16 13:54:14   Recalls on < BaseDataset, pitts30k - #database: 10000; #queries: 6816 >: R@1: 86.5, R@5: 93.0, R@10: 95.1, R@20: 96.6
