2022-01-14 18:57:09   Arguments: Namespace(backbone='resnet18', cache_refresh_rate=1000, datasets_folder='./Dataset_pitts30k', device='cuda', epochs_num=20, exp_name='default', gem_eps=1e-06, gem_p=3, infer_batch_size=16, lr=1e-05, margin=0.1, momentum=0.9, neg_samples_num=1000, negs_num_per_query=10, netvlad_clusters=64, num_workers=8, output_folder='runs/default/2022-01-14_18-57-09', patience=3, queries_per_epoch=5000, recall_values=[1, 5, 10, 20], seed=0, test_dataset_name=None, test_model_path=None, train_batch_size=4, train_positives_dist_threshold=10, use_adagrad=None, use_gem=True, use_netvlad=None, use_sgd=None, val_positive_dist_threshold=25)
2022-01-14 18:57:09   The outputs are being saved in runs/default/2022-01-14_18-57-09
2022-01-14 18:57:09   Using 1 GPUs and 2 CPUs
2022-01-14 18:57:10   There are 96 queries without any positives within the training set. They won't be considered as they're useless for training.
2022-01-14 18:57:10   Train query set: < TripletsDataset, pitts30k - #database: 10000; #queries: 7320 >
2022-01-14 18:57:10   Val set: < BaseDataset, pitts30k - #database: 10000; #queries: 7608 >
2022-01-14 18:57:10   Test set: < BaseDataset, pitts30k - #database: 10000; #queries: 6816 >
2022-01-14 18:57:13   Output dimension of the model is 256
2022-01-14 18:57:13   Start training epoch: 00
2022-01-14 19:20:44   Finished epoch 00 in 0:23:30, average epoch triplet loss = 0.0636
2022-01-14 19:24:00   Recalls on val set < BaseDataset, pitts30k - #database: 10000; #queries: 7608 >: R@1: 72.5, R@5: 88.2, R@10: 92.2, R@20: 95.3
2022-01-14 19:24:00   Improved: previous best R@5 = 0.0, current R@5 = 88.2
2022-01-14 19:24:00   Start training epoch: 01
2022-01-14 19:47:51   Finished epoch 01 in 0:23:50, average epoch triplet loss = 0.0462
2022-01-14 19:51:09   Recalls on val set < BaseDataset, pitts30k - #database: 10000; #queries: 7608 >: R@1: 75.5, R@5: 88.7, R@10: 92.5, R@20: 95.3
2022-01-14 19:51:09   Improved: previous best R@5 = 88.2, current R@5 = 88.7
2022-01-14 19:51:09   Start training epoch: 02
2022-01-14 20:16:06   Finished epoch 02 in 0:24:56, average epoch triplet loss = 0.0369
2022-01-14 20:19:34   Recalls on val set < BaseDataset, pitts30k - #database: 10000; #queries: 7608 >: R@1: 76.1, R@5: 89.3, R@10: 92.7, R@20: 95.5
2022-01-14 20:19:34   Improved: previous best R@5 = 88.7, current R@5 = 89.3
2022-01-14 20:19:34   Start training epoch: 03
2022-01-14 20:43:57   Finished epoch 03 in 0:24:23, average epoch triplet loss = 0.0315
2022-01-14 20:47:18   Recalls on val set < BaseDataset, pitts30k - #database: 10000; #queries: 7608 >: R@1: 76.7, R@5: 89.6, R@10: 93.0, R@20: 95.7
2022-01-14 20:47:18   Improved: previous best R@5 = 89.3, current R@5 = 89.6
2022-01-14 20:47:18   Start training epoch: 04
2022-01-14 21:11:01   Finished epoch 04 in 0:23:43, average epoch triplet loss = 0.0283
2022-01-14 21:14:14   Recalls on val set < BaseDataset, pitts30k - #database: 10000; #queries: 7608 >: R@1: 76.8, R@5: 89.9, R@10: 93.2, R@20: 95.9
2022-01-14 21:14:14   Improved: previous best R@5 = 89.6, current R@5 = 89.9
2022-01-14 21:14:14   Start training epoch: 05
2022-01-14 21:37:44   Finished epoch 05 in 0:23:30, average epoch triplet loss = 0.0248
2022-01-14 21:41:00   Recalls on val set < BaseDataset, pitts30k - #database: 10000; #queries: 7608 >: R@1: 77.1, R@5: 89.8, R@10: 93.2, R@20: 95.7
2022-01-14 21:41:00   Not improved: 1 / 3: best R@5 = 89.9, current R@5 = 89.8
2022-01-14 21:41:00   Start training epoch: 06
2022-01-14 22:04:53   Finished epoch 06 in 0:23:52, average epoch triplet loss = 0.0238
2022-01-14 22:08:11   Recalls on val set < BaseDataset, pitts30k - #database: 10000; #queries: 7608 >: R@1: 77.1, R@5: 89.6, R@10: 93.1, R@20: 95.8
2022-01-14 22:08:11   Not improved: 2 / 3: best R@5 = 89.9, current R@5 = 89.6
2022-01-14 22:08:11   Start training epoch: 07
2022-01-14 22:32:08   Finished epoch 07 in 0:23:56, average epoch triplet loss = 0.0212
2022-01-14 22:35:28   Recalls on val set < BaseDataset, pitts30k - #database: 10000; #queries: 7608 >: R@1: 77.2, R@5: 89.7, R@10: 93.0, R@20: 95.9
2022-01-14 22:35:28   Not improved: 3 / 3: best R@5 = 89.9, current R@5 = 89.7
2022-01-14 22:35:28   Performance did not improve for 3 epochs. Stop training.
2022-01-14 22:35:28   Best R@5: 89.9
2022-01-14 22:35:28   Trained for 08 epochs, in total in 3:38:18
2022-01-14 22:38:35   Recalls on < BaseDataset, pitts30k - #database: 10000; #queries: 6816 >: R@1: 75.6, R@5: 88.6, R@10: 92.3, R@20: 94.7