2022-01-16 06:49:32   Arguments: Namespace(augment_input='color_jitter', backbone='resnet18', cache_refresh_rate=1000, datasets_folder='./Dataset_pitts30k', device='cuda', downscale_input=False, epochs_num=20, exp_name='default', gem_eps=1e-06, gem_p=3, infer_batch_size=16, lr=1e-05, margin=0.1, momentum=0.9, neg_samples_num=1000, negs_num_per_query=10, netvlad_clusters=64, num_workers=8, output_folder='runs/default/2022-01-16_06-49-32', patience=3, queries_per_epoch=5000, recall_values=[1, 5, 10, 20], seed=0, test_dataset_name=None, test_model_path=None, train_batch_size=4, train_positives_dist_threshold=10, upscale_input=False, use_adagrad=None, use_gem=None, use_netvlad=True, use_sgd=None, val_positive_dist_threshold=25)
2022-01-16 06:49:32   The outputs are being saved in runs/default/2022-01-16_06-49-32
2022-01-16 06:49:32   Using 1 GPUs and 6 CPUs
2022-01-16 06:49:33   There are 96 queries without any positives within the training set. They won't be considered as they're useless for training.
2022-01-16 06:49:33   Train query set: < TripletsDataset, pitts30k - #database: 10000; #queries: 7320 >
2022-01-16 06:49:35   Val set: < BaseDataset, pitts30k - #database: 10000; #queries: 7608 >
2022-01-16 06:49:37   Test set: < BaseDataset, pitts30k - #database: 10000; #queries: 6816 >
2022-01-16 06:49:41   Output dimension of the model is 16384
2022-01-16 06:49:41   Start training epoch: 00
2022-01-16 07:32:38   Finished epoch 00 in 0:42:56, average epoch triplet loss = 0.0323
2022-01-16 07:36:46   Recalls on val set < BaseDataset, pitts30k - #database: 10000; #queries: 7608 >: R@1: 83.4, R@5: 94.1, R@10: 96.4, R@20: 97.9
2022-01-16 07:36:48   Improved: previous best R@5 = 0.0, current R@5 = 94.1
2022-01-16 07:36:48   Start training epoch: 01
2022-01-16 08:19:52   Finished epoch 01 in 0:43:03, average epoch triplet loss = 0.0270
2022-01-16 08:24:01   Recalls on val set < BaseDataset, pitts30k - #database: 10000; #queries: 7608 >: R@1: 85.7, R@5: 95.0, R@10: 97.1, R@20: 98.4
2022-01-16 08:24:02   Improved: previous best R@5 = 94.1, current R@5 = 95.0
2022-01-16 08:24:02   Start training epoch: 02
2022-01-16 09:07:06   Finished epoch 02 in 0:43:04, average epoch triplet loss = 0.0243
2022-01-16 09:11:14   Recalls on val set < BaseDataset, pitts30k - #database: 10000; #queries: 7608 >: R@1: 87.0, R@5: 95.7, R@10: 97.4, R@20: 98.5
2022-01-16 09:11:15   Improved: previous best R@5 = 95.0, current R@5 = 95.7
2022-01-16 09:11:15   Start training epoch: 03
2022-01-16 09:54:14   Finished epoch 03 in 0:42:59, average epoch triplet loss = 0.0228
2022-01-16 09:58:20   Recalls on val set < BaseDataset, pitts30k - #database: 10000; #queries: 7608 >: R@1: 87.8, R@5: 96.0, R@10: 97.6, R@20: 98.4
2022-01-16 09:58:21   Improved: previous best R@5 = 95.7, current R@5 = 96.0
2022-01-16 09:58:21   Start training epoch: 04
2022-01-16 10:41:23   Finished epoch 04 in 0:43:01, average epoch triplet loss = 0.0219
2022-01-16 10:45:29   Recalls on val set < BaseDataset, pitts30k - #database: 10000; #queries: 7608 >: R@1: 87.5, R@5: 95.9, R@10: 97.4, R@20: 98.5
2022-01-16 10:45:30   Not improved: 1 / 3: best R@5 = 96.0, current R@5 = 95.9
2022-01-16 10:45:30   Start training epoch: 05
2022-01-16 11:28:31   Finished epoch 05 in 0:43:01, average epoch triplet loss = 0.0206
2022-01-16 11:32:37   Recalls on val set < BaseDataset, pitts30k - #database: 10000; #queries: 7608 >: R@1: 87.8, R@5: 96.0, R@10: 97.6, R@20: 98.5
2022-01-16 11:32:38   Improved: previous best R@5 = 96.0, current R@5 = 96.0
2022-01-16 11:32:38   Start training epoch: 06
2022-01-16 12:15:35   Finished epoch 06 in 0:42:57, average epoch triplet loss = 0.0208
2022-01-16 12:19:43   Recalls on val set < BaseDataset, pitts30k - #database: 10000; #queries: 7608 >: R@1: 88.2, R@5: 96.0, R@10: 97.6, R@20: 98.5
2022-01-16 12:19:43   Not improved: 1 / 3: best R@5 = 96.0, current R@5 = 96.0
2022-01-16 12:19:43   Start training epoch: 07
2022-01-16 13:02:39   Finished epoch 07 in 0:42:55, average epoch triplet loss = 0.0196
2022-01-16 13:06:44   Recalls on val set < BaseDataset, pitts30k - #database: 10000; #queries: 7608 >: R@1: 88.4, R@5: 96.2, R@10: 97.8, R@20: 98.6
2022-01-16 13:06:45   Improved: previous best R@5 = 96.0, current R@5 = 96.2
2022-01-16 13:06:45   Start training epoch: 08
2022-01-16 13:49:41   Finished epoch 08 in 0:42:55, average epoch triplet loss = 0.0196
2022-01-16 13:53:49   Recalls on val set < BaseDataset, pitts30k - #database: 10000; #queries: 7608 >: R@1: 88.7, R@5: 96.0, R@10: 97.7, R@20: 98.6
2022-01-16 13:53:50   Not improved: 1 / 3: best R@5 = 96.2, current R@5 = 96.0
2022-01-16 13:53:50   Start training epoch: 09
2022-01-16 14:36:59   Finished epoch 09 in 0:43:09, average epoch triplet loss = 0.0184
2022-01-16 14:41:07   Recalls on val set < BaseDataset, pitts30k - #database: 10000; #queries: 7608 >: R@1: 88.8, R@5: 96.0, R@10: 97.7, R@20: 98.6
2022-01-16 14:41:07   Not improved: 2 / 3: best R@5 = 96.2, current R@5 = 96.0
2022-01-16 14:41:07   Start training epoch: 10
2022-01-16 15:24:13   Finished epoch 10 in 0:43:06, average epoch triplet loss = 0.0172
2022-01-16 15:28:22   Recalls on val set < BaseDataset, pitts30k - #database: 10000; #queries: 7608 >: R@1: 88.7, R@5: 96.1, R@10: 97.5, R@20: 98.5
2022-01-16 15:28:22   Not improved: 3 / 3: best R@5 = 96.2, current R@5 = 96.1
2022-01-16 15:28:22   Performance did not improve for 3 epochs. Stop training.
2022-01-16 15:28:22   Best R@5: 96.2
2022-01-16 15:28:22   Trained for 11 epochs, in total in 8:38:50
2022-01-16 15:32:24   Recalls on < BaseDataset, pitts30k - #database: 10000; #queries: 6816 >: R@1: 86.0, R@5: 92.9, R@10: 94.7, R@20: 96.2
