2022-01-16 07:28:21   Arguments: Namespace(augment_input='sharpness_adjust', backbone='resnet18', cache_refresh_rate=1000, datasets_folder='./Dataset_pitts30k', device='cuda', downscale_input=False, epochs_num=20, exp_name='default', gem_eps=1e-06, gem_p=3, infer_batch_size=16, lr=1e-05, margin=0.1, momentum=0.9, neg_samples_num=1000, negs_num_per_query=10, netvlad_clusters=64, num_workers=8, output_folder='runs/default/2022-01-16_07-28-21', patience=3, queries_per_epoch=5000, recall_values=[1, 5, 10, 20], seed=0, test_dataset_name=None, test_model_path=None, train_batch_size=4, train_positives_dist_threshold=10, upscale_input=False, use_adagrad=None, use_gem=None, use_netvlad=True, use_sgd=None, val_positive_dist_threshold=25)
2022-01-16 07:28:21   The outputs are being saved in runs/default/2022-01-16_07-28-21
2022-01-16 07:28:21   Using 1 GPUs and 2 CPUs
2022-01-16 07:28:21   There are 96 queries without any positives within the training set. They won't be considered as they're useless for training.
2022-01-16 07:28:21   Train query set: < TripletsDataset, pitts30k - #database: 10000; #queries: 7320 >
2022-01-16 07:28:22   Val set: < BaseDataset, pitts30k - #database: 10000; #queries: 7608 >
2022-01-16 07:28:22   Test set: < BaseDataset, pitts30k - #database: 10000; #queries: 6816 >
2022-01-16 07:28:26   Output dimension of the model is 16384
2022-01-16 07:28:26   Start training epoch: 00
2022-01-16 08:07:35   Finished epoch 00 in 0:39:09, average epoch triplet loss = 0.0296
2022-01-16 08:14:12   Recalls on val set < BaseDataset, pitts30k - #database: 10000; #queries: 7608 >: R@1: 86.0, R@5: 94.8, R@10: 96.7, R@20: 98.2
2022-01-16 08:14:12   Improved: previous best R@5 = 0.0, current R@5 = 94.8
2022-01-16 08:14:12   Start training epoch: 01
2022-01-16 08:53:03   Finished epoch 01 in 0:38:51, average epoch triplet loss = 0.0240
2022-01-16 08:58:27   Recalls on val set < BaseDataset, pitts30k - #database: 10000; #queries: 7608 >: R@1: 87.4, R@5: 95.5, R@10: 97.3, R@20: 98.4
2022-01-16 08:58:27   Improved: previous best R@5 = 94.8, current R@5 = 95.5
2022-01-16 08:58:27   Start training epoch: 02
2022-01-16 09:37:35   Finished epoch 02 in 0:39:07, average epoch triplet loss = 0.0211
2022-01-16 09:43:01   Recalls on val set < BaseDataset, pitts30k - #database: 10000; #queries: 7608 >: R@1: 88.3, R@5: 95.8, R@10: 97.5, R@20: 98.5
2022-01-16 09:43:01   Improved: previous best R@5 = 95.5, current R@5 = 95.8
2022-01-16 09:43:01   Start training epoch: 03
2022-01-16 10:21:56   Finished epoch 03 in 0:38:54, average epoch triplet loss = 0.0198
2022-01-16 10:27:27   Recalls on val set < BaseDataset, pitts30k - #database: 10000; #queries: 7608 >: R@1: 88.3, R@5: 95.7, R@10: 97.7, R@20: 98.5
2022-01-16 10:27:28   Not improved: 1 / 3: best R@5 = 95.8, current R@5 = 95.7
2022-01-16 10:27:28   Start training epoch: 04
2022-01-16 11:06:10   Finished epoch 04 in 0:38:42, average epoch triplet loss = 0.0187
2022-01-16 11:11:39   Recalls on val set < BaseDataset, pitts30k - #database: 10000; #queries: 7608 >: R@1: 88.7, R@5: 95.9, R@10: 97.6, R@20: 98.5
2022-01-16 11:11:39   Improved: previous best R@5 = 95.8, current R@5 = 95.9
2022-01-16 11:11:39   Start training epoch: 05
2022-01-16 11:50:45   Finished epoch 05 in 0:39:06, average epoch triplet loss = 0.0174
2022-01-16 11:56:16   Recalls on val set < BaseDataset, pitts30k - #database: 10000; #queries: 7608 >: R@1: 88.6, R@5: 95.8, R@10: 97.5, R@20: 98.5
2022-01-16 11:56:16   Not improved: 1 / 3: best R@5 = 95.9, current R@5 = 95.8
2022-01-16 11:56:16   Start training epoch: 06
2022-01-16 12:35:34   Finished epoch 06 in 0:39:17, average epoch triplet loss = 0.0177
2022-01-16 12:41:02   Recalls on val set < BaseDataset, pitts30k - #database: 10000; #queries: 7608 >: R@1: 88.6, R@5: 95.8, R@10: 97.5, R@20: 98.4
2022-01-16 12:41:02   Not improved: 2 / 3: best R@5 = 95.9, current R@5 = 95.8
2022-01-16 12:41:02   Start training epoch: 07
2022-01-16 13:20:07   Finished epoch 07 in 0:39:05, average epoch triplet loss = 0.0164
2022-01-16 13:25:36   Recalls on val set < BaseDataset, pitts30k - #database: 10000; #queries: 7608 >: R@1: 88.9, R@5: 95.8, R@10: 97.3, R@20: 98.5
2022-01-16 13:25:36   Not improved: 3 / 3: best R@5 = 95.9, current R@5 = 95.8
2022-01-16 13:25:36   Performance did not improve for 3 epochs. Stop training.
2022-01-16 13:25:36   Best R@5: 95.9
2022-01-16 13:25:36   Trained for 08 epochs, in total in 5:57:15
2022-01-16 13:30:45   Recalls on < BaseDataset, pitts30k - #database: 10000; #queries: 6816 >: R@1: 85.9, R@5: 93.1, R@10: 95.1, R@20: 96.5