2022-01-11 07:45:56   Arguments: Namespace(use_netvlad=None, netvlad_clusters=64, use_gem=True, gem_p=3, gem_eps=1e-06, use_sgd=None, use_adagrad=None, momentum=0.9, train_batch_size=4, infer_batch_size=16, margin=0.1, epochs_num=10, patience=3, lr=1e-06, cache_refresh_rate=1000, queries_per_epoch=5000, negs_num_per_query=10, neg_samples_num=1000, seed=0, device='cuda', num_workers=8, val_positive_dist_threshold=25, train_positives_dist_threshold=10, recall_values=[1, 5, 10, 20], datasets_folder='./Data', exp_name='default', output_folder='runs/default/2022-01-11_07-45-56')
2022-01-11 07:45:56   The outputs are being saved in runs/default/2022-01-11_07-45-56
2022-01-11 07:45:56   Using 1 GPUs and 12 CPUs
2022-01-11 07:45:56   There are 96 queries without any positives within the training set. They won't be considered as they're useless for training.
2022-01-11 07:45:56   Train query set: < TripletsDataset, pitts30k - #database: 10000; #queries: 7320 >
2022-01-11 07:45:56   Val set: < BaseDataset, pitts30k - #database: 10000; #queries: 7608 >
2022-01-11 07:45:56   Test set: < BaseDataset, pitts30k - #database: 10000; #queries: 6816 >
2022-01-11 07:46:00   Output dimension of the model is 256
2022-01-11 07:46:00   Start training epoch: 00
2022-01-11 07:52:01   Finished epoch 00 in 0:06:01, average epoch triplet loss = 0.0847
2022-01-11 07:52:47   Recalls on val set < BaseDataset, pitts30k - #database: 10000; #queries: 7608 >: R@1: 33.3, R@5: 53.6, R@10: 62.5, R@20: 72.5
2022-01-11 07:52:47   Improved: previous best R@5 = 0.0, current R@5 = 53.6
2022-01-11 07:52:47   Start training epoch: 01
2022-01-11 07:58:48   Finished epoch 01 in 0:06:01, average epoch triplet loss = 0.0817
2022-01-11 07:59:33   Recalls on val set < BaseDataset, pitts30k - #database: 10000; #queries: 7608 >: R@1: 41.2, R@5: 62.8, R@10: 71.8, R@20: 80.2
2022-01-11 07:59:34   Improved: previous best R@5 = 53.6, current R@5 = 62.8
2022-01-11 07:59:34   Start training epoch: 02
2022-01-11 08:05:34   Finished epoch 02 in 0:06:00, average epoch triplet loss = 0.0805
2022-01-11 08:06:20   Recalls on val set < BaseDataset, pitts30k - #database: 10000; #queries: 7608 >: R@1: 46.4, R@5: 68.5, R@10: 77.2, R@20: 84.7
2022-01-11 08:06:21   Improved: previous best R@5 = 62.8, current R@5 = 68.5
2022-01-11 08:06:21   Start training epoch: 03
2022-01-11 08:12:21   Finished epoch 03 in 0:06:00, average epoch triplet loss = 0.0799
2022-01-11 08:13:08   Recalls on val set < BaseDataset, pitts30k - #database: 10000; #queries: 7608 >: R@1: 50.0, R@5: 72.2, R@10: 80.4, R@20: 87.2
2022-01-11 08:13:08   Improved: previous best R@5 = 68.5, current R@5 = 72.2
2022-01-11 08:13:08   Start training epoch: 04
2022-01-11 08:19:09   Finished epoch 04 in 0:06:01, average epoch triplet loss = 0.0797
2022-01-11 08:19:55   Recalls on val set < BaseDataset, pitts30k - #database: 10000; #queries: 7608 >: R@1: 53.0, R@5: 74.6, R@10: 82.1, R@20: 88.3
2022-01-11 08:19:56   Improved: previous best R@5 = 72.2, current R@5 = 74.6
2022-01-11 08:19:56   Start training epoch: 05
2022-01-11 08:25:57   Finished epoch 05 in 0:06:01, average epoch triplet loss = 0.0790
2022-01-11 08:26:43   Recalls on val set < BaseDataset, pitts30k - #database: 10000; #queries: 7608 >: R@1: 54.5, R@5: 76.1, R@10: 83.3, R@20: 89.2
2022-01-11 08:26:43   Improved: previous best R@5 = 74.6, current R@5 = 76.1
2022-01-11 08:26:43   Start training epoch: 06
2022-01-11 08:32:44   Finished epoch 06 in 0:06:00, average epoch triplet loss = 0.0783
2022-01-11 08:33:29   Recalls on val set < BaseDataset, pitts30k - #database: 10000; #queries: 7608 >: R@1: 56.2, R@5: 77.7, R@10: 84.5, R@20: 89.8
2022-01-11 08:33:29   Improved: previous best R@5 = 76.1, current R@5 = 77.7
2022-01-11 08:33:29   Start training epoch: 07
2022-01-11 08:39:30   Finished epoch 07 in 0:06:00, average epoch triplet loss = 0.0778
2022-01-11 08:40:15   Recalls on val set < BaseDataset, pitts30k - #database: 10000; #queries: 7608 >: R@1: 57.2, R@5: 78.6, R@10: 85.0, R@20: 90.5
2022-01-11 08:40:16   Improved: previous best R@5 = 77.7, current R@5 = 78.6
2022-01-11 08:40:16   Start training epoch: 08
2022-01-11 08:46:17   Finished epoch 08 in 0:06:01, average epoch triplet loss = 0.0771
2022-01-11 08:47:03   Recalls on val set < BaseDataset, pitts30k - #database: 10000; #queries: 7608 >: R@1: 58.2, R@5: 78.9, R@10: 85.4, R@20: 90.9
2022-01-11 08:47:03   Improved: previous best R@5 = 78.6, current R@5 = 78.9
2022-01-11 08:47:03   Start training epoch: 09
2022-01-11 08:53:04   Finished epoch 09 in 0:06:00, average epoch triplet loss = 0.0769
2022-01-11 08:53:49   Recalls on val set < BaseDataset, pitts30k - #database: 10000; #queries: 7608 >: R@1: 58.8, R@5: 79.6, R@10: 86.0, R@20: 91.1
2022-01-11 08:53:50   Improved: previous best R@5 = 78.9, current R@5 = 79.6
2022-01-11 08:53:50   Best R@5: 79.6
2022-01-11 08:53:50   Trained for 10 epochs, in total in 1:07:54
2022-01-11 08:54:33   Recalls on < BaseDataset, pitts30k - #database: 10000; #queries: 6816 >: R@1: 57.5, R@5: 77.9, R@10: 84.9, R@20: 89.7
