2022-01-06 14:57:00   Arguments: Namespace(use_netvlad=None, netvlad_clusters=64, train_batch_size=4, infer_batch_size=16, margin=0.1, epochs_num=10, patience=3, lr=0.0001, cache_refresh_rate=1000, queries_per_epoch=5000, negs_num_per_query=10, neg_samples_num=1000, seed=0, device='cuda', num_workers=8, val_positive_dist_threshold=25, train_positives_dist_threshold=10, recall_values=[1, 5, 10, 20], datasets_folder='./Data', exp_name='default', output_folder='runs/default/2022-01-06_14-57-00')
2022-01-06 14:57:00   The outputs are being saved in runs/default/2022-01-06_14-57-00
2022-01-06 14:57:00   Using 1 GPUs and 12 CPUs
2022-01-06 14:57:01   There are 96 queries without any positives within the training set. They won't be considered as they're useless for training.
2022-01-06 14:57:01   Train query set: < TripletsDataset, pitts30k - #database: 10000; #queries: 7320 >
2022-01-06 14:57:01   Val set: < BaseDataset, pitts30k - #database: 10000; #queries: 7608 >
2022-01-06 14:57:01   Test set: < BaseDataset, pitts30k - #database: 10000; #queries: 6816 >
2022-01-06 14:57:05   Output dimension of the model is 256
2022-01-06 14:57:05   Start training epoch: 00
2022-01-06 15:03:13   Finished epoch 00 in 0:06:07, average epoch triplet loss = 0.0421
2022-01-06 15:03:59   Recalls on val set < BaseDataset, pitts30k - #database: 10000; #queries: 7608 >: R@1: 57.5, R@5: 77.9, R@10: 85.1, R@20: 90.6
2022-01-06 15:03:59   Improved: previous best R@5 = 0.0, current R@5 = 77.9
2022-01-06 15:03:59   Start training epoch: 01
2022-01-06 15:10:06   Finished epoch 01 in 0:06:07, average epoch triplet loss = 0.0264
2022-01-06 15:10:52   Recalls on val set < BaseDataset, pitts30k - #database: 10000; #queries: 7608 >: R@1: 57.8, R@5: 79.4, R@10: 86.3, R@20: 91.8
2022-01-06 15:10:52   Improved: previous best R@5 = 77.9, current R@5 = 79.4
2022-01-06 15:10:52   Start training epoch: 02
2022-01-06 15:16:56   Finished epoch 02 in 0:06:03, average epoch triplet loss = 0.0193
2022-01-06 15:17:41   Recalls on val set < BaseDataset, pitts30k - #database: 10000; #queries: 7608 >: R@1: 57.7, R@5: 79.6, R@10: 85.9, R@20: 91.1
2022-01-06 15:17:41   Improved: previous best R@5 = 79.4, current R@5 = 79.6
2022-01-06 15:17:41   Start training epoch: 03
2022-01-06 15:23:45   Finished epoch 03 in 0:06:04, average epoch triplet loss = 0.0165
2022-01-06 15:24:30   Recalls on val set < BaseDataset, pitts30k - #database: 10000; #queries: 7608 >: R@1: 57.8, R@5: 78.2, R@10: 84.9, R@20: 90.2
2022-01-06 15:24:30   Not improved: 1 / 3: best R@5 = 79.6, current R@5 = 78.2
2022-01-06 15:24:30   Start training epoch: 04
2022-01-06 15:30:35   Finished epoch 04 in 0:06:04, average epoch triplet loss = 0.0149
2022-01-06 15:31:20   Recalls on val set < BaseDataset, pitts30k - #database: 10000; #queries: 7608 >: R@1: 55.3, R@5: 77.4, R@10: 84.0, R@20: 89.4
2022-01-06 15:31:20   Not improved: 2 / 3: best R@5 = 79.6, current R@5 = 77.4
2022-01-06 15:31:20   Start training epoch: 05
2022-01-06 15:37:24   Finished epoch 05 in 0:06:03, average epoch triplet loss = 0.0131
2022-01-06 15:38:09   Recalls on val set < BaseDataset, pitts30k - #database: 10000; #queries: 7608 >: R@1: 54.2, R@5: 75.8, R@10: 82.8, R@20: 89.0
2022-01-06 15:38:09   Not improved: 3 / 3: best R@5 = 79.6, current R@5 = 75.8
2022-01-06 15:38:09   Performance did not improve for 3 epochs. Stop training.
2022-01-06 15:38:09   Best R@5: 79.6
2022-01-06 15:38:09   Trained for 06 epochs, in total in 0:41:08
2022-01-06 15:38:52   Recalls on < BaseDataset, pitts30k - #database: 10000; #queries: 6816 >: R@1: 56.7, R@5: 78.3, R@10: 85.2, R@20: 90.6
