2022-01-06 22:10:20   Arguments: Namespace(cache_refresh_rate=1000, datasets_folder='./', device='cuda', epochs_num=10, exp_name='default', infer_batch_size=16, lr=0.01, margin=0.1, neg_samples_num=1000, negs_num_per_query=10, netvlad_clusters=64, num_workers=8, output_folder='runs/default/2022-01-06_22-10-20', patience=3, queries_per_epoch=5000, recall_values=[1, 5, 10, 20], seed=0, train_batch_size=4, train_positives_dist_threshold=10, use_netvlad=None, val_positive_dist_threshold=25)
2022-01-06 22:10:20   The outputs are being saved in runs/default/2022-01-06_22-10-20
2022-01-06 22:10:21   Using 1 GPUs and 6 CPUs
2022-01-06 22:10:23   There are 96 queries without any positives within the training set. They won't be considered as they're useless for training.
2022-01-06 22:10:23   Train query set: < TripletsDataset, pitts30k - #database: 10000; #queries: 7320 >
2022-01-06 22:10:25   Val set: < BaseDataset, pitts30k - #database: 10000; #queries: 7608 >
2022-01-06 22:10:26   Test set: < BaseDataset, pitts30k - #database: 10000; #queries: 6816 >
2022-01-06 22:10:51   Output dimension of the model is 256
2022-01-06 22:10:51   Start training epoch: 00
2022-01-06 22:50:27   Finished epoch 00 in 0:39:36, average epoch triplet loss = 0.0522
2022-01-06 22:55:23   Recalls on val set < BaseDataset, pitts30k - #database: 10000; #queries: 7608 >: R@1: 36.3, R@5: 60.7, R@10: 71.1, R@20: 80.6
2022-01-06 22:55:25   Improved: previous best R@5 = 0.0, current R@5 = 60.7
2022-01-06 22:55:25   Start training epoch: 01
2022-01-06 23:35:08   Finished epoch 01 in 0:39:43, average epoch triplet loss = 0.0430
2022-01-06 23:40:03   Recalls on val set < BaseDataset, pitts30k - #database: 10000; #queries: 7608 >: R@1: 36.7, R@5: 59.3, R@10: 70.7, R@20: 80.6
2022-01-06 23:40:03   Not improved: 1 / 3: best R@5 = 60.7, current R@5 = 59.3
2022-01-06 23:40:03   Start training epoch: 02
2022-01-07 00:19:38   Finished epoch 02 in 0:39:35, average epoch triplet loss = 0.0365
2022-01-07 00:24:33   Recalls on val set < BaseDataset, pitts30k - #database: 10000; #queries: 7608 >: R@1: 39.6, R@5: 64.2, R@10: 74.3, R@20: 83.4
2022-01-07 00:24:35   Improved: previous best R@5 = 60.7, current R@5 = 64.2
2022-01-07 00:24:35   Start training epoch: 03
2022-01-07 01:04:07   Finished epoch 03 in 0:39:32, average epoch triplet loss = 0.0315
2022-01-07 01:09:02   Recalls on val set < BaseDataset, pitts30k - #database: 10000; #queries: 7608 >: R@1: 45.8, R@5: 71.6, R@10: 80.8, R@20: 88.0
2022-01-07 01:09:04   Improved: previous best R@5 = 64.2, current R@5 = 71.6
2022-01-07 01:09:04   Start training epoch: 04
2022-01-07 01:48:35   Finished epoch 04 in 0:39:30, average epoch triplet loss = 0.0294
2022-01-07 01:53:29   Recalls on val set < BaseDataset, pitts30k - #database: 10000; #queries: 7608 >: R@1: 46.6, R@5: 70.5, R@10: 79.1, R@20: 86.3
2022-01-07 01:53:30   Not improved: 1 / 3: best R@5 = 71.6, current R@5 = 70.5
2022-01-07 01:53:30   Start training epoch: 05
2022-01-07 02:33:00   Finished epoch 05 in 0:39:30, average epoch triplet loss = 0.0268
2022-01-07 02:37:55   Recalls on val set < BaseDataset, pitts30k - #database: 10000; #queries: 7608 >: R@1: 44.9, R@5: 68.3, R@10: 77.9, R@20: 85.9
2022-01-07 02:37:56   Not improved: 2 / 3: best R@5 = 71.6, current R@5 = 68.3
2022-01-07 02:37:56   Start training epoch: 06
2022-01-07 03:17:24   Finished epoch 06 in 0:39:28, average epoch triplet loss = 0.0241
2022-01-07 03:22:19   Recalls on val set < BaseDataset, pitts30k - #database: 10000; #queries: 7608 >: R@1: 44.3, R@5: 70.0, R@10: 80.2, R@20: 88.2
2022-01-07 03:22:20   Not improved: 3 / 3: best R@5 = 71.6, current R@5 = 70.0
2022-01-07 03:22:20   Performance did not improve for 3 epochs. Stop training.
2022-01-07 03:22:20   Best R@5: 71.6
2022-01-07 03:22:20   Trained for 07 epochs, in total in 5:12:00
2022-01-07 03:27:03   Recalls on < BaseDataset, pitts30k - #database: 10000; #queries: 6816 >: R@1: 45.4, R@5: 72.3, R@10: 81.3, R@20: 88.4
